#
# There is insufficient memory for the Java Runtime Environment to continue.
# Native memory allocation (malloc) failed to allocate 1442736 bytes for Chunk::new
# Possible reasons:
#   The system is out of physical RAM or swap space
#   The process is running with CompressedOops enabled, and the Java Heap may be blocking the growth of the native heap
# Possible solutions:
#   Reduce memory load on the system
#   Increase physical memory or swap space
#   Check if swap backing store is full
#   Decrease Java heap size (-Xmx/-Xms)
#   Decrease number of Java threads
#   Decrease Java thread stack sizes (-Xss)
#   Set larger code cache with -XX:ReservedCodeCacheSize=
#   JVM is running with Unscaled Compressed Oops mode in which the Java heap is
#     placed in the first 4GB address space. The Java Heap base address is the
#     maximum limit for the native heap growth. Please use -XX:HeapBaseMinAddress
#     to set the Java Heap base and to place the Java Heap above 4GB virtual address.
# This output file may be truncated or incomplete.
#
#  Out of Memory Error (arena.cpp:191), pid=13288, tid=27348
#
# JRE version: OpenJDK Runtime Environment JBR-17.0.9+8-1166.2-nomod (17.0.9+8) (build 17.0.9+8-b1166.2)
# Java VM: OpenJDK 64-Bit Server VM JBR-17.0.9+8-1166.2-nomod (17.0.9+8-b1166.2, mixed mode, tiered, compressed oops, compressed class ptrs, g1 gc, windows-amd64)
# No core dump will be written. Minidumps are not enabled by default on client versions of Windows
#

---------------  S U M M A R Y ------------

Command Line: -Dmaven.multiModuleProjectDirectory=C:\Users\WIKI\Desktop\Workshop-JDBC-JavaFX-masterValidation - Integ CSP -Djansi.passthrough=true -Dmaven.home=C:\Program Files\JetBrains\IntelliJ IDEA 2023.2.1\plugins\maven\lib\maven3 -Dclassworlds.conf=C:\Program Files\JetBrains\IntelliJ IDEA 2023.2.1\plugins\maven\lib\maven3\bin\m2.conf -Dmaven.ext.class.path=C:\Program Files\JetBrains\IntelliJ IDEA 2023.2.1\plugins\maven\lib\maven-event-listener.jar -javaagent:C:\Program Files\JetBrains\IntelliJ IDEA 2023.2.1\lib\idea_rt.jar=57047:C:\Program Files\JetBrains\IntelliJ IDEA 2023.2.1\bin -Dfile.encoding=UTF-8 org.codehaus.classworlds.Launcher -Didea.version=2023.2.1 javafx:run

Host: 11th Gen Intel(R) Core(TM) i5-11400H @ 2.70GHz, 12 cores, 7G,  Windows 10 , 64 bit Build 19041 (10.0.19041.3636)
Time: Sun Mar  3 14:04:27 2024 Afr. centrale Ouest elapsed time: 0.944371 seconds (0d 0h 0m 0s)

---------------  T H R E A D  ---------------

Current thread (0x000001c85a420490):  JavaThread "C2 CompilerThread1" daemon [_thread_in_native, id=27348, stack(0x0000004c1c400000,0x0000004c1c500000)]


Current CompileTask:
C2:    944 1810   !   4       java.net.URL::<init> (543 bytes)

Stack: [0x0000004c1c400000,0x0000004c1c500000]
Native frames: (J=compiled Java code, j=interpreted, Vv=VM code, C=native code)
V  [jvm.dll+0x688349]


---------------  P R O C E S S  ---------------

Threads class SMR info:
_java_thread_list=0x000001c85a3d2000, length=14, elements={
0x000001c839a217c0, 0x000001c855cda290, 0x000001c855cdac50, 0x000001c85a078f30,
0x000001c85a0798f0, 0x000001c85a07a2b0, 0x000001c85a08f5c0, 0x000001c85a090ab0,
0x000001c85a0910c0, 0x000001c85a0a2430, 0x000001c85a146430, 0x000001c85a385af0,
0x000001c85a38c1b0, 0x000001c85a420490
}

Java Threads: ( => current thread )
  0x000001c839a217c0 JavaThread "main" [_thread_in_Java, id=1364, stack(0x0000004c1b000000,0x0000004c1b100000)]
  0x000001c855cda290 JavaThread "Reference Handler" daemon [_thread_blocked, id=24620, stack(0x0000004c1b700000,0x0000004c1b800000)]
  0x000001c855cdac50 JavaThread "Finalizer" daemon [_thread_blocked, id=14992, stack(0x0000004c1b800000,0x0000004c1b900000)]
  0x000001c85a078f30 JavaThread "Signal Dispatcher" daemon [_thread_blocked, id=23152, stack(0x0000004c1b900000,0x0000004c1ba00000)]
  0x000001c85a0798f0 JavaThread "Attach Listener" daemon [_thread_blocked, id=27568, stack(0x0000004c1ba00000,0x0000004c1bb00000)]
  0x000001c85a07a2b0 JavaThread "Service Thread" daemon [_thread_blocked, id=2240, stack(0x0000004c1bb00000,0x0000004c1bc00000)]
  0x000001c85a08f5c0 JavaThread "Monitor Deflation Thread" daemon [_thread_blocked, id=12980, stack(0x0000004c1bc00000,0x0000004c1bd00000)]
  0x000001c85a090ab0 JavaThread "C2 CompilerThread0" daemon [_thread_in_native, id=24796, stack(0x0000004c1bd00000,0x0000004c1be00000)]
  0x000001c85a0910c0 JavaThread "C1 CompilerThread0" daemon [_thread_in_native, id=24200, stack(0x0000004c1be00000,0x0000004c1bf00000)]
  0x000001c85a0a2430 JavaThread "Sweeper thread" daemon [_thread_blocked, id=16348, stack(0x0000004c1bf00000,0x0000004c1c000000)]
  0x000001c85a146430 JavaThread "Common-Cleaner" daemon [_thread_blocked, id=13492, stack(0x0000004c1c000000,0x0000004c1c100000)]
  0x000001c85a385af0 JavaThread "Monitor Ctrl-Break" daemon [_thread_in_native, id=22488, stack(0x0000004c1c100000,0x0000004c1c200000)]
  0x000001c85a38c1b0 JavaThread "Notification Thread" daemon [_thread_blocked, id=19528, stack(0x0000004c1c200000,0x0000004c1c300000)]
=>0x000001c85a420490 JavaThread "C2 CompilerThread1" daemon [_thread_in_native, id=27348, stack(0x0000004c1c400000,0x0000004c1c500000)]

Other Threads:
  0x000001c855c90d60 VMThread "VM Thread" [stack: 0x0000004c1b600000,0x0000004c1b700000] [id=8448]
  0x000001c85a38c690 WatcherThread [stack: 0x0000004c1c300000,0x0000004c1c400000] [id=5588]
  0x000001c839a7c380 GCTaskThread "GC Thread#0" [stack: 0x0000004c1b100000,0x0000004c1b200000] [id=20924]
  0x000001c85af0e900 GCTaskThread "GC Thread#1" [stack: 0x0000004c1c500000,0x0000004c1c600000] [id=8120]
  0x000001c85ae98070 GCTaskThread "GC Thread#2" [stack: 0x0000004c1c600000,0x0000004c1c700000] [id=24492]
  0x000001c85afddf50 GCTaskThread "GC Thread#3" [stack: 0x0000004c1c700000,0x0000004c1c800000] [id=20588]
  0x000001c85b1d7960 GCTaskThread "GC Thread#4" [stack: 0x0000004c1c800000,0x0000004c1c900000] [id=2596]
  0x000001c85b1d7c20 GCTaskThread "GC Thread#5" [stack: 0x0000004c1c900000,0x0000004c1ca00000] [id=24276]
  0x000001c85afc09c0 GCTaskThread "GC Thread#6" [stack: 0x0000004c1ca00000,0x0000004c1cb00000] [id=23008]
  0x000001c85afc0c80 GCTaskThread "GC Thread#7" [stack: 0x0000004c1cb00000,0x0000004c1cc00000] [id=12232]
  0x000001c85af3e8d0 GCTaskThread "GC Thread#8" [stack: 0x0000004c1cc00000,0x0000004c1cd00000] [id=27956]
  0x000001c85b15d530 GCTaskThread "GC Thread#9" [stack: 0x0000004c1cd00000,0x0000004c1ce00000] [id=23872]
  0x000001c839a8c990 ConcurrentGCThread "G1 Main Marker" [stack: 0x0000004c1b200000,0x0000004c1b300000] [id=23800]
  0x000001c839a8d3b0 ConcurrentGCThread "G1 Conc#0" [stack: 0x0000004c1b300000,0x0000004c1b400000] [id=15508]
  0x000001c839addb10 ConcurrentGCThread "G1 Refine#0" [stack: 0x0000004c1b400000,0x0000004c1b500000] [id=23120]
  0x000001c839ade540 ConcurrentGCThread "G1 Service" [stack: 0x0000004c1b500000,0x0000004c1b600000] [id=17236]

Threads with active compile tasks:
C2 CompilerThread0      983 2036       4       java.lang.reflect.Method::copy (84 bytes)
C1 CompilerThread0      983 2064       3       com.google.common.collect.ImmutableList$Builder::addAll (70 bytes)
C2 CompilerThread1      983 1810   !   4       java.net.URL::<init> (543 bytes)

VM state: not at safepoint (normal execution)

VM Mutex/Monitor currently owned by a thread:  ([mutex/lock_event])
[0x000001c839a1aba0] CodeCache_lock - owner thread: 0x000001c85a0910c0
[0x000001c839a1cf00] Compile_lock - owner thread: 0x0000000000000000

Heap address: 0x0000000084a00000, size: 1974 MB, Compressed Oops mode: 32-bit

CDS archive(s) not mapped
Compressed class space mapped at: 0x0000000100000000-0x0000000140000000, reserved size: 1073741824
Narrow klass base: 0x0000000000000000, Narrow klass shift: 3, Narrow klass range: 0x140000000

GC Precious Log:
 CPUs: 12 total, 12 available
 Memory: 7893M
 Large Page Support: Disabled
 NUMA Support: Disabled
 Compressed Oops: Enabled (32-bit)
 Heap Region Size: 1M
 Heap Min Capacity: 8M
 Heap Initial Capacity: 124M
 Heap Max Capacity: 1974M
 Pre-touch: Disabled
 Parallel Workers: 10
 Concurrent Workers: 3
 Concurrent Refinement Workers: 10
 Periodic GC: Disabled

Heap:
 garbage-first heap   total 126976K, used 13786K [0x0000000084a00000, 0x0000000100000000)
  region size 1024K, 11 young (11264K), 2 survivors (2048K)
 Metaspace       used 20528K, committed 20672K, reserved 1114112K
  class space    used 2295K, committed 2368K, reserved 1048576K

Heap Regions: E=young(eden), S=young(survivor), O=old, HS=humongous(starts), HC=humongous(continues), CS=collection set, F=free, OA=open archive, CA=closed archive, TAMS=top-at-mark-start (previous, next)
|   0|0x0000000084a00000, 0x0000000084b00000, 0x0000000084b00000|100%| O|  |TAMS 0x0000000084a00000, 0x0000000084a00000| Untracked 
|   1|0x0000000084b00000, 0x0000000084c00000, 0x0000000084c00000|100%| O|  |TAMS 0x0000000084b00000, 0x0000000084b00000| Untracked 
|   2|0x0000000084c00000, 0x0000000084d00000, 0x0000000084d00000|100%| O|  |TAMS 0x0000000084c00000, 0x0000000084c00000| Untracked 
|   3|0x0000000084d00000, 0x0000000084daec00, 0x0000000084e00000| 68%| O|  |TAMS 0x0000000084d00000, 0x0000000084d00000| Untracked 
|   4|0x0000000084e00000, 0x0000000084e00000, 0x0000000084f00000|  0%| F|  |TAMS 0x0000000084e00000, 0x0000000084e00000| Untracked 
|   5|0x0000000084f00000, 0x0000000084f00000, 0x0000000085000000|  0%| F|  |TAMS 0x0000000084f00000, 0x0000000084f00000| Untracked 
|   6|0x0000000085000000, 0x0000000085000000, 0x0000000085100000|  0%| F|  |TAMS 0x0000000085000000, 0x0000000085000000| Untracked 
|   7|0x0000000085100000, 0x0000000085100000, 0x0000000085200000|  0%| F|  |TAMS 0x0000000085100000, 0x0000000085100000| Untracked 
|   8|0x0000000085200000, 0x0000000085200000, 0x0000000085300000|  0%| F|  |TAMS 0x0000000085200000, 0x0000000085200000| Untracked 
|   9|0x0000000085300000, 0x0000000085300000, 0x0000000085400000|  0%| F|  |TAMS 0x0000000085300000, 0x0000000085300000| Untracked 
|  10|0x0000000085400000, 0x0000000085400000, 0x0000000085500000|  0%| F|  |TAMS 0x0000000085400000, 0x0000000085400000| Untracked 
|  11|0x0000000085500000, 0x0000000085500000, 0x0000000085600000|  0%| F|  |TAMS 0x0000000085500000, 0x0000000085500000| Untracked 
|  12|0x0000000085600000, 0x0000000085600000, 0x0000000085700000|  0%| F|  |TAMS 0x0000000085600000, 0x0000000085600000| Untracked 
|  13|0x0000000085700000, 0x0000000085700000, 0x0000000085800000|  0%| F|  |TAMS 0x0000000085700000, 0x0000000085700000| Untracked 
|  14|0x0000000085800000, 0x0000000085800000, 0x0000000085900000|  0%| F|  |TAMS 0x0000000085800000, 0x0000000085800000| Untracked 
|  15|0x0000000085900000, 0x0000000085900000, 0x0000000085a00000|  0%| F|  |TAMS 0x0000000085900000, 0x0000000085900000| Untracked 
|  16|0x0000000085a00000, 0x0000000085a00000, 0x0000000085b00000|  0%| F|  |TAMS 0x0000000085a00000, 0x0000000085a00000| Untracked 
|  17|0x0000000085b00000, 0x0000000085b00000, 0x0000000085c00000|  0%| F|  |TAMS 0x0000000085b00000, 0x0000000085b00000| Untracked 
|  18|0x0000000085c00000, 0x0000000085c00000, 0x0000000085d00000|  0%| F|  |TAMS 0x0000000085c00000, 0x0000000085c00000| Untracked 
|  19|0x0000000085d00000, 0x0000000085d00000, 0x0000000085e00000|  0%| F|  |TAMS 0x0000000085d00000, 0x0000000085d00000| Untracked 
|  20|0x0000000085e00000, 0x0000000085e00000, 0x0000000085f00000|  0%| F|  |TAMS 0x0000000085e00000, 0x0000000085e00000| Untracked 
|  21|0x0000000085f00000, 0x0000000085f00000, 0x0000000086000000|  0%| F|  |TAMS 0x0000000085f00000, 0x0000000085f00000| Untracked 
|  22|0x0000000086000000, 0x0000000086000000, 0x0000000086100000|  0%| F|  |TAMS 0x0000000086000000, 0x0000000086000000| Untracked 
|  23|0x0000000086100000, 0x0000000086100000, 0x0000000086200000|  0%| F|  |TAMS 0x0000000086100000, 0x0000000086100000| Untracked 
|  24|0x0000000086200000, 0x0000000086200000, 0x0000000086300000|  0%| F|  |TAMS 0x0000000086200000, 0x0000000086200000| Untracked 
|  25|0x0000000086300000, 0x0000000086300000, 0x0000000086400000|  0%| F|  |TAMS 0x0000000086300000, 0x0000000086300000| Untracked 
|  26|0x0000000086400000, 0x0000000086400000, 0x0000000086500000|  0%| F|  |TAMS 0x0000000086400000, 0x0000000086400000| Untracked 
|  27|0x0000000086500000, 0x0000000086500000, 0x0000000086600000|  0%| F|  |TAMS 0x0000000086500000, 0x0000000086500000| Untracked 
|  28|0x0000000086600000, 0x0000000086600000, 0x0000000086700000|  0%| F|  |TAMS 0x0000000086600000, 0x0000000086600000| Untracked 
|  29|0x0000000086700000, 0x0000000086700000, 0x0000000086800000|  0%| F|  |TAMS 0x0000000086700000, 0x0000000086700000| Untracked 
|  30|0x0000000086800000, 0x0000000086800000, 0x0000000086900000|  0%| F|  |TAMS 0x0000000086800000, 0x0000000086800000| Untracked 
|  31|0x0000000086900000, 0x0000000086900000, 0x0000000086a00000|  0%| F|  |TAMS 0x0000000086900000, 0x0000000086900000| Untracked 
|  32|0x0000000086a00000, 0x0000000086a00000, 0x0000000086b00000|  0%| F|  |TAMS 0x0000000086a00000, 0x0000000086a00000| Untracked 
|  33|0x0000000086b00000, 0x0000000086b00000, 0x0000000086c00000|  0%| F|  |TAMS 0x0000000086b00000, 0x0000000086b00000| Untracked 
|  34|0x0000000086c00000, 0x0000000086c00000, 0x0000000086d00000|  0%| F|  |TAMS 0x0000000086c00000, 0x0000000086c00000| Untracked 
|  35|0x0000000086d00000, 0x0000000086d00000, 0x0000000086e00000|  0%| F|  |TAMS 0x0000000086d00000, 0x0000000086d00000| Untracked 
|  36|0x0000000086e00000, 0x0000000086e00000, 0x0000000086f00000|  0%| F|  |TAMS 0x0000000086e00000, 0x0000000086e00000| Untracked 
|  37|0x0000000086f00000, 0x0000000086f00000, 0x0000000087000000|  0%| F|  |TAMS 0x0000000086f00000, 0x0000000086f00000| Untracked 
|  38|0x0000000087000000, 0x0000000087000000, 0x0000000087100000|  0%| F|  |TAMS 0x0000000087000000, 0x0000000087000000| Untracked 
|  39|0x0000000087100000, 0x0000000087100000, 0x0000000087200000|  0%| F|  |TAMS 0x0000000087100000, 0x0000000087100000| Untracked 
|  40|0x0000000087200000, 0x0000000087200000, 0x0000000087300000|  0%| F|  |TAMS 0x0000000087200000, 0x0000000087200000| Untracked 
|  41|0x0000000087300000, 0x0000000087300000, 0x0000000087400000|  0%| F|  |TAMS 0x0000000087300000, 0x0000000087300000| Untracked 
|  42|0x0000000087400000, 0x0000000087400000, 0x0000000087500000|  0%| F|  |TAMS 0x0000000087400000, 0x0000000087400000| Untracked 
|  43|0x0000000087500000, 0x0000000087500000, 0x0000000087600000|  0%| F|  |TAMS 0x0000000087500000, 0x0000000087500000| Untracked 
|  44|0x0000000087600000, 0x0000000087600000, 0x0000000087700000|  0%| F|  |TAMS 0x0000000087600000, 0x0000000087600000| Untracked 
|  45|0x0000000087700000, 0x0000000087700000, 0x0000000087800000|  0%| F|  |TAMS 0x0000000087700000, 0x0000000087700000| Untracked 
|  46|0x0000000087800000, 0x0000000087800000, 0x0000000087900000|  0%| F|  |TAMS 0x0000000087800000, 0x0000000087800000| Untracked 
|  47|0x0000000087900000, 0x0000000087900000, 0x0000000087a00000|  0%| F|  |TAMS 0x0000000087900000, 0x0000000087900000| Untracked 
|  48|0x0000000087a00000, 0x0000000087a00000, 0x0000000087b00000|  0%| F|  |TAMS 0x0000000087a00000, 0x0000000087a00000| Untracked 
|  49|0x0000000087b00000, 0x0000000087b00000, 0x0000000087c00000|  0%| F|  |TAMS 0x0000000087b00000, 0x0000000087b00000| Untracked 
|  50|0x0000000087c00000, 0x0000000087c00000, 0x0000000087d00000|  0%| F|  |TAMS 0x0000000087c00000, 0x0000000087c00000| Untracked 
|  51|0x0000000087d00000, 0x0000000087d00000, 0x0000000087e00000|  0%| F|  |TAMS 0x0000000087d00000, 0x0000000087d00000| Untracked 
|  52|0x0000000087e00000, 0x0000000087e00000, 0x0000000087f00000|  0%| F|  |TAMS 0x0000000087e00000, 0x0000000087e00000| Untracked 
|  53|0x0000000087f00000, 0x0000000087f00000, 0x0000000088000000|  0%| F|  |TAMS 0x0000000087f00000, 0x0000000087f00000| Untracked 
|  54|0x0000000088000000, 0x0000000088000000, 0x0000000088100000|  0%| F|  |TAMS 0x0000000088000000, 0x0000000088000000| Untracked 
|  55|0x0000000088100000, 0x0000000088100000, 0x0000000088200000|  0%| F|  |TAMS 0x0000000088100000, 0x0000000088100000| Untracked 
|  56|0x0000000088200000, 0x0000000088200000, 0x0000000088300000|  0%| F|  |TAMS 0x0000000088200000, 0x0000000088200000| Untracked 
|  57|0x0000000088300000, 0x0000000088300000, 0x0000000088400000|  0%| F|  |TAMS 0x0000000088300000, 0x0000000088300000| Untracked 
|  58|0x0000000088400000, 0x0000000088400000, 0x0000000088500000|  0%| F|  |TAMS 0x0000000088400000, 0x0000000088400000| Untracked 
|  59|0x0000000088500000, 0x0000000088500000, 0x0000000088600000|  0%| F|  |TAMS 0x0000000088500000, 0x0000000088500000| Untracked 
|  60|0x0000000088600000, 0x0000000088600000, 0x0000000088700000|  0%| F|  |TAMS 0x0000000088600000, 0x0000000088600000| Untracked 
|  61|0x0000000088700000, 0x0000000088700000, 0x0000000088800000|  0%| F|  |TAMS 0x0000000088700000, 0x0000000088700000| Untracked 
|  62|0x0000000088800000, 0x0000000088800000, 0x0000000088900000|  0%| F|  |TAMS 0x0000000088800000, 0x0000000088800000| Untracked 
|  63|0x0000000088900000, 0x0000000088900000, 0x0000000088a00000|  0%| F|  |TAMS 0x0000000088900000, 0x0000000088900000| Untracked 
|  64|0x0000000088a00000, 0x0000000088a00000, 0x0000000088b00000|  0%| F|  |TAMS 0x0000000088a00000, 0x0000000088a00000| Untracked 
|  65|0x0000000088b00000, 0x0000000088b00000, 0x0000000088c00000|  0%| F|  |TAMS 0x0000000088b00000, 0x0000000088b00000| Untracked 
|  66|0x0000000088c00000, 0x0000000088c00000, 0x0000000088d00000|  0%| F|  |TAMS 0x0000000088c00000, 0x0000000088c00000| Untracked 
|  67|0x0000000088d00000, 0x0000000088d00000, 0x0000000088e00000|  0%| F|  |TAMS 0x0000000088d00000, 0x0000000088d00000| Untracked 
|  68|0x0000000088e00000, 0x0000000088e00000, 0x0000000088f00000|  0%| F|  |TAMS 0x0000000088e00000, 0x0000000088e00000| Untracked 
|  69|0x0000000088f00000, 0x0000000088f00000, 0x0000000089000000|  0%| F|  |TAMS 0x0000000088f00000, 0x0000000088f00000| Untracked 
|  70|0x0000000089000000, 0x0000000089000000, 0x0000000089100000|  0%| F|  |TAMS 0x0000000089000000, 0x0000000089000000| Untracked 
|  71|0x0000000089100000, 0x0000000089100000, 0x0000000089200000|  0%| F|  |TAMS 0x0000000089100000, 0x0000000089100000| Untracked 
|  72|0x0000000089200000, 0x0000000089200000, 0x0000000089300000|  0%| F|  |TAMS 0x0000000089200000, 0x0000000089200000| Untracked 
|  73|0x0000000089300000, 0x0000000089300000, 0x0000000089400000|  0%| F|  |TAMS 0x0000000089300000, 0x0000000089300000| Untracked 
|  74|0x0000000089400000, 0x0000000089400000, 0x0000000089500000|  0%| F|  |TAMS 0x0000000089400000, 0x0000000089400000| Untracked 
|  75|0x0000000089500000, 0x0000000089500000, 0x0000000089600000|  0%| F|  |TAMS 0x0000000089500000, 0x0000000089500000| Untracked 
|  76|0x0000000089600000, 0x0000000089600000, 0x0000000089700000|  0%| F|  |TAMS 0x0000000089600000, 0x0000000089600000| Untracked 
|  77|0x0000000089700000, 0x0000000089700000, 0x0000000089800000|  0%| F|  |TAMS 0x0000000089700000, 0x0000000089700000| Untracked 
|  78|0x0000000089800000, 0x0000000089800000, 0x0000000089900000|  0%| F|  |TAMS 0x0000000089800000, 0x0000000089800000| Untracked 
|  79|0x0000000089900000, 0x0000000089900000, 0x0000000089a00000|  0%| F|  |TAMS 0x0000000089900000, 0x0000000089900000| Untracked 
|  80|0x0000000089a00000, 0x0000000089a00000, 0x0000000089b00000|  0%| F|  |TAMS 0x0000000089a00000, 0x0000000089a00000| Untracked 
|  81|0x0000000089b00000, 0x0000000089b00000, 0x0000000089c00000|  0%| F|  |TAMS 0x0000000089b00000, 0x0000000089b00000| Untracked 
|  82|0x0000000089c00000, 0x0000000089c00000, 0x0000000089d00000|  0%| F|  |TAMS 0x0000000089c00000, 0x0000000089c00000| Untracked 
|  83|0x0000000089d00000, 0x0000000089d00000, 0x0000000089e00000|  0%| F|  |TAMS 0x0000000089d00000, 0x0000000089d00000| Untracked 
|  84|0x0000000089e00000, 0x0000000089e00000, 0x0000000089f00000|  0%| F|  |TAMS 0x0000000089e00000, 0x0000000089e00000| Untracked 
|  85|0x0000000089f00000, 0x0000000089f00000, 0x000000008a000000|  0%| F|  |TAMS 0x0000000089f00000, 0x0000000089f00000| Untracked 
|  86|0x000000008a000000, 0x000000008a000000, 0x000000008a100000|  0%| F|  |TAMS 0x000000008a000000, 0x000000008a000000| Untracked 
|  87|0x000000008a100000, 0x000000008a100000, 0x000000008a200000|  0%| F|  |TAMS 0x000000008a100000, 0x000000008a100000| Untracked 
|  88|0x000000008a200000, 0x000000008a2c7f68, 0x000000008a300000| 78%| S|CS|TAMS 0x000000008a200000, 0x000000008a200000| Complete 
|  89|0x000000008a300000, 0x000000008a400000, 0x000000008a400000|100%| S|CS|TAMS 0x000000008a300000, 0x000000008a300000| Complete 
|  90|0x000000008a400000, 0x000000008a400000, 0x000000008a500000|  0%| F|  |TAMS 0x000000008a400000, 0x000000008a400000| Untracked 
|  91|0x000000008a500000, 0x000000008a500000, 0x000000008a600000|  0%| F|  |TAMS 0x000000008a500000, 0x000000008a500000| Untracked 
|  92|0x000000008a600000, 0x000000008a600000, 0x000000008a700000|  0%| F|  |TAMS 0x000000008a600000, 0x000000008a600000| Untracked 
|  93|0x000000008a700000, 0x000000008a700000, 0x000000008a800000|  0%| F|  |TAMS 0x000000008a700000, 0x000000008a700000| Untracked 
|  94|0x000000008a800000, 0x000000008a800000, 0x000000008a900000|  0%| F|  |TAMS 0x000000008a800000, 0x000000008a800000| Untracked 
|  95|0x000000008a900000, 0x000000008a900000, 0x000000008aa00000|  0%| F|  |TAMS 0x000000008a900000, 0x000000008a900000| Untracked 
|  96|0x000000008aa00000, 0x000000008aa00000, 0x000000008ab00000|  0%| F|  |TAMS 0x000000008aa00000, 0x000000008aa00000| Untracked 
|  97|0x000000008ab00000, 0x000000008ab00000, 0x000000008ac00000|  0%| F|  |TAMS 0x000000008ab00000, 0x000000008ab00000| Untracked 
|  98|0x000000008ac00000, 0x000000008ac00000, 0x000000008ad00000|  0%| F|  |TAMS 0x000000008ac00000, 0x000000008ac00000| Untracked 
|  99|0x000000008ad00000, 0x000000008ad00000, 0x000000008ae00000|  0%| F|  |TAMS 0x000000008ad00000, 0x000000008ad00000| Untracked 
| 100|0x000000008ae00000, 0x000000008ae00000, 0x000000008af00000|  0%| F|  |TAMS 0x000000008ae00000, 0x000000008ae00000| Untracked 
| 101|0x000000008af00000, 0x000000008af00000, 0x000000008b000000|  0%| F|  |TAMS 0x000000008af00000, 0x000000008af00000| Untracked 
| 102|0x000000008b000000, 0x000000008b000000, 0x000000008b100000|  0%| F|  |TAMS 0x000000008b000000, 0x000000008b000000| Untracked 
| 103|0x000000008b100000, 0x000000008b100000, 0x000000008b200000|  0%| F|  |TAMS 0x000000008b100000, 0x000000008b100000| Untracked 
| 104|0x000000008b200000, 0x000000008b200000, 0x000000008b300000|  0%| F|  |TAMS 0x000000008b200000, 0x000000008b200000| Untracked 
| 105|0x000000008b300000, 0x000000008b300000, 0x000000008b400000|  0%| F|  |TAMS 0x000000008b300000, 0x000000008b300000| Untracked 
| 106|0x000000008b400000, 0x000000008b400000, 0x000000008b500000|  0%| F|  |TAMS 0x000000008b400000, 0x000000008b400000| Untracked 
| 107|0x000000008b500000, 0x000000008b500000, 0x000000008b600000|  0%| F|  |TAMS 0x000000008b500000, 0x000000008b500000| Untracked 
| 108|0x000000008b600000, 0x000000008b600000, 0x000000008b700000|  0%| F|  |TAMS 0x000000008b600000, 0x000000008b600000| Untracked 
| 109|0x000000008b700000, 0x000000008b700000, 0x000000008b800000|  0%| F|  |TAMS 0x000000008b700000, 0x000000008b700000| Untracked 
| 110|0x000000008b800000, 0x000000008b800000, 0x000000008b900000|  0%| F|  |TAMS 0x000000008b800000, 0x000000008b800000| Untracked 
| 111|0x000000008b900000, 0x000000008b900000, 0x000000008ba00000|  0%| F|  |TAMS 0x000000008b900000, 0x000000008b900000| Untracked 
| 112|0x000000008ba00000, 0x000000008ba00000, 0x000000008bb00000|  0%| F|  |TAMS 0x000000008ba00000, 0x000000008ba00000| Untracked 
| 113|0x000000008bb00000, 0x000000008bb00000, 0x000000008bc00000|  0%| F|  |TAMS 0x000000008bb00000, 0x000000008bb00000| Untracked 
| 114|0x000000008bc00000, 0x000000008bc00000, 0x000000008bd00000|  0%| F|  |TAMS 0x000000008bc00000, 0x000000008bc00000| Untracked 
| 115|0x000000008bd00000, 0x000000008bd80800, 0x000000008be00000| 50%| E|  |TAMS 0x000000008bd00000, 0x000000008bd00000| Complete 
| 116|0x000000008be00000, 0x000000008bf00000, 0x000000008bf00000|100%| E|CS|TAMS 0x000000008be00000, 0x000000008be00000| Complete 
| 117|0x000000008bf00000, 0x000000008c000000, 0x000000008c000000|100%| E|CS|TAMS 0x000000008bf00000, 0x000000008bf00000| Complete 
| 118|0x000000008c000000, 0x000000008c100000, 0x000000008c100000|100%| E|CS|TAMS 0x000000008c000000, 0x000000008c000000| Complete 
| 119|0x000000008c100000, 0x000000008c200000, 0x000000008c200000|100%| E|CS|TAMS 0x000000008c100000, 0x000000008c100000| Complete 
| 120|0x000000008c200000, 0x000000008c300000, 0x000000008c300000|100%| E|CS|TAMS 0x000000008c200000, 0x000000008c200000| Complete 
| 121|0x000000008c300000, 0x000000008c400000, 0x000000008c400000|100%| E|CS|TAMS 0x000000008c300000, 0x000000008c300000| Complete 
| 122|0x000000008c400000, 0x000000008c500000, 0x000000008c500000|100%| E|CS|TAMS 0x000000008c400000, 0x000000008c400000| Complete 
| 123|0x000000008c500000, 0x000000008c600000, 0x000000008c600000|100%| E|CS|TAMS 0x000000008c500000, 0x000000008c500000| Complete 

Card table byte_map: [0x000001c84ea50000,0x000001c84ee30000] _byte_map_base: 0x000001c84e62b000

Marking Bits (Prev, Next): (CMBitMap*) 0x000001c839a7c9a0, (CMBitMap*) 0x000001c839a7c9e0
 Prev Bits: [0x000001c84f210000, 0x000001c8510e8000)
 Next Bits: [0x000001c8510f0000, 0x000001c852fc8000)

Polling page: 0x000001c8397d0000

Metaspace:

Usage:
  Non-class:     17.82 MB used.
      Class:      2.24 MB used.
       Both:     20.06 MB used.

Virtual space:
  Non-class space:       64.00 MB reserved,      17.94 MB ( 28%) committed,  1 nodes.
      Class space:        1.00 GB reserved,       2.31 MB ( <1%) committed,  1 nodes.
             Both:        1.06 GB reserved,      20.25 MB (  2%) committed. 

Chunk freelists:
   Non-Class:  13.79 MB
       Class:  13.66 MB
        Both:  27.45 MB

MaxMetaspaceSize: unlimited
CompressedClassSpaceSize: 1.00 GB
Initial GC threshold: 21.00 MB
Current GC threshold: 21.00 MB
CDS: off
MetaspaceReclaimPolicy: balanced
 - commit_granule_bytes: 65536.
 - commit_granule_words: 8192.
 - virtual_space_node_default_size: 8388608.
 - enlarge_chunks_in_place: 1.
 - new_chunks_are_fully_committed: 0.
 - uncommit_free_chunks: 1.
 - use_allocation_guard: 0.
 - handle_deallocations: 1.


Internal statistics:

num_allocs_failed_limit: 0.
num_arena_births: 64.
num_arena_deaths: 0.
num_vsnodes_births: 2.
num_vsnodes_deaths: 0.
num_space_committed: 324.
num_space_uncommitted: 0.
num_chunks_returned_to_freelist: 0.
num_chunks_taken_from_freelist: 504.
num_chunk_merges: 0.
num_chunk_splits: 333.
num_chunks_enlarged: 258.
num_inconsistent_stats: 0.

CodeHeap 'non-profiled nmethods': size=120000Kb used=793Kb max_used=793Kb free=119206Kb
 bounds [0x000001c8464b0000, 0x000001c846720000, 0x000001c84d9e0000]
CodeHeap 'profiled nmethods': size=120000Kb used=3999Kb max_used=3999Kb free=116000Kb
 bounds [0x000001c83e9e0000, 0x000001c83edd0000, 0x000001c845f10000]
CodeHeap 'non-nmethods': size=5760Kb used=1179Kb max_used=1208Kb free=4580Kb
 bounds [0x000001c845f10000, 0x000001c846180000, 0x000001c8464b0000]
 total_blobs=2531 nmethods=2075 adapters=368
 compilation: enabled
              stopped_count=0, restarted_count=0
 full_count=0

Compilation events (20 events):
Event: 0.942 Thread 0x000001c85a0910c0 nmethod 1893 0x000001c83ed7de10 code [0x000001c83ed7e000, 0x000001c83ed7e648]
Event: 0.942 Thread 0x000001c85a0910c0 1895       1       java.lang.invoke.LambdaForm$Name::index (5 bytes)
Event: 0.942 Thread 0x000001c85a0910c0 nmethod 1895 0x000001c846569b90 code [0x000001c846569d20, 0x000001c846569df8]
Event: 0.942 Thread 0x000001c85a0910c0 1896       3       java.lang.invoke.MethodHandleNatives::findMethodHandleType (7 bytes)
Event: 0.942 Thread 0x000001c85a0910c0 nmethod 1896 0x000001c83ed7e890 code [0x000001c83ed7ea20, 0x000001c83ed7eb48]
Event: 0.942 Thread 0x000001c85a0910c0 1898       3       com.google.inject.spi.DefaultElementVisitor::visit (6 bytes)
Event: 0.942 Thread 0x000001c85a0910c0 nmethod 1898 0x000001c83ed7ec10 code [0x000001c83ed7edc0, 0x000001c83ed7ef88]
Event: 0.942 Thread 0x000001c85a0910c0 1899       3       java.lang.Boolean::valueOf (14 bytes)
Event: 0.942 Thread 0x000001c85a0910c0 nmethod 1899 0x000001c83ed7f010 code [0x000001c83ed7f1a0, 0x000001c83ed7f318]
Event: 0.942 Thread 0x000001c85a0910c0 1902       3       com.google.inject.internal.Errors::withSource (29 bytes)
Event: 0.942 Thread 0x000001c85a0910c0 nmethod 1902 0x000001c83ed7f390 code [0x000001c83ed7f540, 0x000001c83ed7f918]
Event: 0.942 Thread 0x000001c85a0910c0 1903       3       com.google.inject.internal.Errors::<init> (23 bytes)
Event: 0.942 Thread 0x000001c85a0910c0 nmethod 1903 0x000001c83ed7fa10 code [0x000001c83ed7fbc0, 0x000001c83ed7fe58]
Event: 0.942 Thread 0x000001c85a0910c0 1904       3       com.google.inject.internal.AbstractProcessor::visitOther (6 bytes)
Event: 0.942 Thread 0x000001c85a0910c0 nmethod 1904 0x000001c83ed7ff90 code [0x000001c83ed80140, 0x000001c83ed80398]
Event: 0.942 Thread 0x000001c85a0910c0 1900       3       com.google.inject.internal.AbstractProcessor$$Lambda$103/0x0000000100243a60::test (16 bytes)
Event: 0.942 Thread 0x000001c85a0910c0 nmethod 1900 0x000001c83ed80490 code [0x000001c83ed806a0, 0x000001c83ed80f78]
Event: 0.942 Thread 0x000001c85a0910c0 1901       3       com.google.inject.internal.AbstractProcessor::lambda$process$0 (28 bytes)
Event: 0.943 Thread 0x000001c85a0910c0 nmethod 1901 0x000001c83ed81210 code [0x000001c83ed81400, 0x000001c83ed81b38]
Event: 0.943 Thread 0x000001c85a0910c0 1905       3       java.util.WeakHashMap::remove (131 bytes)

GC Heap History (4 events):
Event: 0.537 GC heap before
{Heap before GC invocations=0 (full 0):
 garbage-first heap   total 126976K, used 23552K [0x0000000084a00000, 0x0000000100000000)
  region size 1024K, 23 young (23552K), 0 survivors (0K)
 Metaspace       used 14563K, committed 14784K, reserved 1114112K
  class space    used 1508K, committed 1600K, reserved 1048576K
}
Event: 0.544 GC heap after
{Heap after GC invocations=1 (full 0):
 garbage-first heap   total 126976K, used 3800K [0x0000000084a00000, 0x0000000100000000)
  region size 1024K, 3 young (3072K), 3 survivors (3072K)
 Metaspace       used 14563K, committed 14784K, reserved 1114112K
  class space    used 1508K, committed 1600K, reserved 1048576K
}
Event: 0.866 GC heap before
{Heap before GC invocations=1 (full 0):
 garbage-first heap   total 126976K, used 35544K [0x0000000084a00000, 0x0000000100000000)
  region size 1024K, 34 young (34816K), 3 survivors (3072K)
 Metaspace       used 18961K, committed 19136K, reserved 1114112K
  class space    used 2084K, committed 2176K, reserved 1048576K
}
Event: 0.872 GC heap after
{Heap after GC invocations=2 (full 0):
 garbage-first heap   total 126976K, used 5594K [0x0000000084a00000, 0x0000000100000000)
  region size 1024K, 2 young (2048K), 2 survivors (2048K)
 Metaspace       used 18961K, committed 19136K, reserved 1114112K
  class space    used 2084K, committed 2176K, reserved 1048576K
}

Dll operation events (4 events):
Event: 0.004 Loaded shared library C:\Users\WIKI\.jdks\jbr-17.0.9\bin\java.dll
Event: 0.029 Loaded shared library C:\Users\WIKI\.jdks\jbr-17.0.9\bin\jsvml.dll
Event: 0.090 Loaded shared library C:\Users\WIKI\.jdks\jbr-17.0.9\bin\zip.dll
Event: 0.200 Loaded shared library C:\Users\WIKI\.jdks\jbr-17.0.9\bin\verify.dll

Deoptimization events (20 events):
Event: 0.883 Thread 0x000001c839a217c0 Uncommon trap: trap_request=0xffffffd6 fr.pc=0x000001c8465633e8 relative=0x0000000000000148
Event: 0.883 Thread 0x000001c839a217c0 Uncommon trap: reason=array_check action=maybe_recompile pc=0x000001c8465633e8 method=java.util.stream.Nodes$FixedNodeBuilder.accept(Ljava/lang/Object;)V @ 28 c2
Event: 0.883 Thread 0x000001c839a217c0 DEOPT PACKING pc=0x000001c8465633e8 sp=0x0000004c1b0fd700
Event: 0.883 Thread 0x000001c839a217c0 DEOPT UNPACKING pc=0x000001c845f6a1a3 sp=0x0000004c1b0fd6b0 mode 2
Event: 0.883 Thread 0x000001c839a217c0 Uncommon trap: trap_request=0xffffffd6 fr.pc=0x000001c8465633e8 relative=0x0000000000000148
Event: 0.883 Thread 0x000001c839a217c0 Uncommon trap: reason=array_check action=maybe_recompile pc=0x000001c8465633e8 method=java.util.stream.Nodes$FixedNodeBuilder.accept(Ljava/lang/Object;)V @ 28 c2
Event: 0.883 Thread 0x000001c839a217c0 DEOPT PACKING pc=0x000001c8465633e8 sp=0x0000004c1b0fd6e0
Event: 0.883 Thread 0x000001c839a217c0 DEOPT UNPACKING pc=0x000001c845f6a1a3 sp=0x0000004c1b0fd690 mode 2
Event: 0.916 Thread 0x000001c839a217c0 Uncommon trap: trap_request=0xffffff45 fr.pc=0x000001c8464f7c80 relative=0x0000000000000260
Event: 0.916 Thread 0x000001c839a217c0 Uncommon trap: reason=unstable_if action=reinterpret pc=0x000001c8464f7c80 method=java.util.concurrent.ConcurrentHashMap.get(Ljava/lang/Object;)Ljava/lang/Object; @ 76 c2
Event: 0.916 Thread 0x000001c839a217c0 DEOPT PACKING pc=0x000001c8464f7c80 sp=0x0000004c1b0fab50
Event: 0.916 Thread 0x000001c839a217c0 DEOPT UNPACKING pc=0x000001c845f6a1a3 sp=0x0000004c1b0faac8 mode 2
Event: 0.934 Thread 0x000001c839a217c0 Uncommon trap: trap_request=0xffffff45 fr.pc=0x000001c84652bf9c relative=0x000000000000017c
Event: 0.934 Thread 0x000001c839a217c0 Uncommon trap: reason=unstable_if action=reinterpret pc=0x000001c84652bf9c method=java.lang.ClassLoader.checkName(Ljava/lang/String;)Z @ 1 c2
Event: 0.934 Thread 0x000001c839a217c0 DEOPT PACKING pc=0x000001c84652bf9c sp=0x0000004c1b0fd310
Event: 0.934 Thread 0x000001c839a217c0 DEOPT UNPACKING pc=0x000001c845f6a1a3 sp=0x0000004c1b0fd2a8 mode 2
Event: 0.939 Thread 0x000001c839a217c0 Uncommon trap: trap_request=0xffffff45 fr.pc=0x000001c84655ef60 relative=0x00000000000002c0
Event: 0.939 Thread 0x000001c839a217c0 Uncommon trap: reason=unstable_if action=reinterpret pc=0x000001c84655ef60 method=jdk.internal.org.objectweb.asm.SymbolTable.put(Ljdk/internal/org/objectweb/asm/SymbolTable$Entry;)Ljdk/internal/org/objectweb/asm/SymbolTable$Entry; @ 13 c2
Event: 0.939 Thread 0x000001c839a217c0 DEOPT PACKING pc=0x000001c84655ef60 sp=0x0000004c1b0fce70
Event: 0.939 Thread 0x000001c839a217c0 DEOPT UNPACKING pc=0x000001c845f6a1a3 sp=0x0000004c1b0fcdf0 mode 2

Classes unloaded (0 events):
No events

Classes redefined (0 events):
No events

Internal exceptions (20 events):
Event: 0.199 Thread 0x000001c839a217c0 Exception <a 'sun/nio/fs/WindowsException'{0x000000008c0b86a0}> (0x000000008c0b86a0) 
thrown [s\src\hotspot\share\prims\jni.cpp, line 517]
Event: 0.199 Thread 0x000001c839a217c0 Exception <a 'sun/nio/fs/WindowsException'{0x000000008c0b8d48}> (0x000000008c0b8d48) 
thrown [s\src\hotspot\share\prims\jni.cpp, line 517]
Event: 0.199 Thread 0x000001c839a217c0 Exception <a 'sun/nio/fs/WindowsException'{0x000000008c0b92a8}> (0x000000008c0b92a8) 
thrown [s\src\hotspot\share\prims\jni.cpp, line 517]
Event: 0.199 Thread 0x000001c839a217c0 Exception <a 'sun/nio/fs/WindowsException'{0x000000008c0b97b8}> (0x000000008c0b97b8) 
thrown [s\src\hotspot\share\prims\jni.cpp, line 517]
Event: 0.199 Thread 0x000001c839a217c0 Exception <a 'sun/nio/fs/WindowsException'{0x000000008c0b9c80}> (0x000000008c0b9c80) 
thrown [s\src\hotspot\share\prims\jni.cpp, line 517]
Event: 0.209 Thread 0x000001c839a217c0 Exception <a 'java/lang/NoSuchMethodError'{0x000000008bf38f78}: 'void java.lang.invoke.DirectMethodHandle$Holder.invokeStatic(java.lang.Object, java.lang.Object, java.lang.Object)'> (0x000000008bf38f78) 
thrown [s\src\hotspot\share\interpreter\linkResolver.cpp, line 771]
Event: 0.215 Thread 0x000001c839a217c0 Exception <a 'java/lang/NoSuchMethodError'{0x000000008bf96978}: 'int java.lang.invoke.DirectMethodHandle$Holder.invokeStatic(java.lang.Object, java.lang.Object, int)'> (0x000000008bf96978) 
thrown [s\src\hotspot\share\interpreter\linkResolver.cpp, line 771]
Event: 0.245 Thread 0x000001c839a217c0 Exception <a 'java/lang/NoSuchMethodError'{0x000000008bd10c38}: 'java.lang.Object java.lang.invoke.DirectMethodHandle$Holder.invokeSpecialIFC(java.lang.Object, java.lang.Object, java.lang.Object, java.lang.Object)'> (0x000000008bd10c38) 
thrown [s\src\hotspot\share\interpreter\linkResolver.cpp, line 771]
Event: 0.401 Thread 0x000001c839a217c0 Exception <a 'java/lang/NoSuchMethodError'{0x000000008b8f5e60}: 'void java.lang.invoke.DirectMethodHandle$Holder.invokeSpecial(java.lang.Object, java.lang.Object, java.lang.Object)'> (0x000000008b8f5e60) 
thrown [s\src\hotspot\share\interpreter\linkResolver.cpp, line 771]
Event: 0.426 Thread 0x000001c839a217c0 Exception <a 'java/lang/NoSuchMethodError'{0x000000008b6546d8}: 'java.lang.Object java.lang.invoke.DirectMethodHandle$Holder.invokeInterface(java.lang.Object, java.lang.Object)'> (0x000000008b6546d8) 
thrown [s\src\hotspot\share\interpreter\linkResolver.cpp, line 771]
Event: 0.440 Thread 0x000001c839a217c0 Exception <a 'java/lang/NoSuchMethodError'{0x000000008b6ff118}: 'java.lang.Object java.lang.invoke.Invokers$Holder.invokeExact_MT(java.lang.Object, java.lang.Object, java.lang.Object, java.lang.Object, java.lang.Object, java.lang.Object)'> (0x000000008b6ff118) 
thrown [s\src\hotspot\share\interpreter\linkResolver.cpp, line 771]
Event: 0.441 Thread 0x000001c839a217c0 Exception <a 'java/lang/NoSuchMethodError'{0x000000008b510a40}: 'int java.lang.invoke.DirectMethodHandle$Holder.invokeSpecialIFC(java.lang.Object, java.lang.Object, java.lang.Object, java.lang.Object, java.lang.Object)'> (0x000000008b510a40) 
thrown [s\src\hotspot\share\interpreter\linkResolver.cpp, line 771]
Event: 0.476 Thread 0x000001c839a217c0 Exception <a 'java/lang/NoSuchMethodError'{0x000000008b4c02d0}: 'java.lang.Object java.lang.invoke.DirectMethodHandle$Holder.newInvokeSpecial(java.lang.Object, java.lang.Object, java.lang.Object, java.lang.Object, java.lang.Object)'> (0x000000008b4c02d0) 
thrown [s\src\hotspot\share\interpreter\linkResolver.cpp, line 771]
Event: 0.497 Thread 0x000001c839a217c0 Exception <a 'java/lang/NoSuchMethodError'{0x000000008b3c7e90}: 'int java.lang.invoke.DirectMethodHandle$Holder.invokeStaticInit(java.lang.Object, java.lang.Object)'> (0x000000008b3c7e90) 
thrown [s\src\hotspot\share\interpreter\linkResolver.cpp, line 771]
Event: 0.503 Thread 0x000001c839a217c0 Exception <a 'java/lang/NoClassDefFoundError'{0x000000008b201ff0}: javax/enterprise/inject/Typed> (0x000000008b201ff0) 
thrown [s\src\hotspot\share\classfile\systemDictionary.cpp, line 245]
Event: 0.910 Thread 0x000001c839a217c0 Exception <a 'java/lang/NoSuchMethodError'{0x000000008c28d3d8}: 'void java.lang.invoke.DirectMethodHandle$Holder.invokeStaticInit(java.lang.Object, java.lang.Object, java.lang.Object)'> (0x000000008c28d3d8) 
thrown [s\src\hotspot\share\interpreter\linkResolver.cpp, line 771]
Event: 0.914 Thread 0x000001c839a217c0 Exception <a 'java/lang/ExceptionInInitializerError'{0x000000008c2bf538}> (0x000000008c2bf538) 
thrown [s\src\hotspot\share\oops\instanceKlass.cpp, line 1233]
Event: 0.934 Thread 0x000001c839a217c0 Implicit null exception at 0x000001c84652be2f to 0x000001c84652bf8c
Event: 0.936 Thread 0x000001c839a217c0 Exception <a 'java/lang/NoSuchMethodError'{0x000000008c1d28e8}: 'java.lang.Object java.lang.invoke.Invokers$Holder.invokeExact_MT(java.lang.Object, int, java.lang.Object)'> (0x000000008c1d28e8) 
thrown [s\src\hotspot\share\interpreter\linkResolver.cpp, line 771]
Event: 0.941 Thread 0x000001c839a217c0 Exception <a 'java/lang/NoSuchMethodError'{0x000000008c03af80}: 'int java.lang.invoke.DirectMethodHandle$Holder.invokeSpecial(java.lang.Object, java.lang.Object, java.lang.Object, java.lang.Object)'> (0x000000008c03af80) 
thrown [s\src\hotspot\share\interpreter\linkResolver.cpp, line 771]

VM Operations (20 events):
Event: 0.115 Executing VM operation: HandshakeAllThreads
Event: 0.115 Executing VM operation: HandshakeAllThreads done
Event: 0.164 Executing VM operation: HandshakeAllThreads
Event: 0.164 Executing VM operation: HandshakeAllThreads done
Event: 0.170 Executing VM operation: HandshakeAllThreads
Event: 0.170 Executing VM operation: HandshakeAllThreads done
Event: 0.499 Executing VM operation: ICBufferFull
Event: 0.500 Executing VM operation: ICBufferFull done
Event: 0.536 Executing VM operation: G1CollectForAllocation
Event: 0.544 Executing VM operation: G1CollectForAllocation done
Event: 0.752 Executing VM operation: HandshakeAllThreads
Event: 0.752 Executing VM operation: HandshakeAllThreads done
Event: 0.800 Executing VM operation: HandshakeAllThreads
Event: 0.800 Executing VM operation: HandshakeAllThreads done
Event: 0.812 Executing VM operation: ICBufferFull
Event: 0.812 Executing VM operation: ICBufferFull done
Event: 0.866 Executing VM operation: G1CollectForAllocation
Event: 0.872 Executing VM operation: G1CollectForAllocation done
Event: 0.919 Executing VM operation: HandshakeAllThreads
Event: 0.919 Executing VM operation: HandshakeAllThreads done

Events (20 events):
Event: 0.864 loading class sun/reflect/generics/repository/FieldRepository
Event: 0.864 loading class sun/reflect/generics/repository/FieldRepository done
Event: 0.875 loading class java/io/UncheckedIOException
Event: 0.875 loading class java/io/UncheckedIOException done
Event: 0.879 loading class java/util/concurrent/atomic/AtomicBoolean
Event: 0.879 loading class java/util/concurrent/atomic/AtomicBoolean done
Event: 0.892 loading class java/nio/file/AccessDeniedException
Event: 0.892 loading class java/nio/file/AccessDeniedException done
Event: 0.913 loading class java/lang/ExceptionInInitializerError
Event: 0.913 loading class java/lang/ExceptionInInitializerError done
Event: 0.915 loading class jdk/internal/vm/annotation/ForceInline
Event: 0.915 loading class jdk/internal/vm/annotation/ForceInline done
Event: 0.918 loading class java/lang/ClassValue$ClassValueMap
Event: 0.919 loading class java/lang/ClassValue$ClassValueMap done
Event: 0.920 loading class java/util/TreeMap$Values
Event: 0.920 loading class java/util/TreeMap$Values done
Event: 0.931 loading class java/util/TreeMap$ValueIterator
Event: 0.931 loading class java/util/TreeMap$ValueIterator done
Event: 0.934 loading class java/util/function/ToIntFunction
Event: 0.934 loading class java/util/function/ToIntFunction done


Dynamic libraries:
0x00007ff6fa5e0000 - 0x00007ff6fa5ea000 	C:\Users\WIKI\.jdks\jbr-17.0.9\bin\java.exe
0x00007ffb14890000 - 0x00007ffb14a88000 	C:\Windows\SYSTEM32\ntdll.dll
0x00007ffb134d0000 - 0x00007ffb1358d000 	C:\Windows\System32\KERNEL32.DLL
0x00007ffb12260000 - 0x00007ffb12556000 	C:\Windows\System32\KERNELBASE.dll
0x00007ffb12560000 - 0x00007ffb12660000 	C:\Windows\System32\ucrtbase.dll
0x00007ffb08350000 - 0x00007ffb08367000 	C:\Users\WIKI\.jdks\jbr-17.0.9\bin\jli.dll
0x00007ffb08330000 - 0x00007ffb0834b000 	C:\Users\WIKI\.jdks\jbr-17.0.9\bin\VCRUNTIME140.dll
0x00007ffb14220000 - 0x00007ffb143be000 	C:\Windows\System32\USER32.dll
0x00007ffb12690000 - 0x00007ffb126b2000 	C:\Windows\System32\win32u.dll
0x00007ffb12b50000 - 0x00007ffb12b7b000 	C:\Windows\System32\GDI32.dll
0x00007ffae3aa0000 - 0x00007ffae3d3a000 	C:\Windows\WinSxS\amd64_microsoft.windows.common-controls_6595b64144ccf1df_6.0.19041.3636_none_60b6a03d71f818d5\COMCTL32.dll
0x00007ffb12140000 - 0x00007ffb12257000 	C:\Windows\System32\gdi32full.dll
0x00007ffb140a0000 - 0x00007ffb1413e000 	C:\Windows\System32\msvcrt.dll
0x00007ffb12830000 - 0x00007ffb128cd000 	C:\Windows\System32\msvcp_win.dll
0x00007ffb13640000 - 0x00007ffb13672000 	C:\Windows\System32\IMM32.DLL
0x00007ffb08e40000 - 0x00007ffb08e4c000 	C:\Users\WIKI\.jdks\jbr-17.0.9\bin\vcruntime140_1.dll
0x00007ffad3780000 - 0x00007ffad380d000 	C:\Users\WIKI\.jdks\jbr-17.0.9\bin\msvcp140.dll
0x00007ffa914e0000 - 0x00007ffa92162000 	C:\Users\WIKI\.jdks\jbr-17.0.9\bin\server\jvm.dll
0x00007ffb144b0000 - 0x00007ffb14563000 	C:\Windows\System32\ADVAPI32.dll
0x00007ffb12b80000 - 0x00007ffb12c1f000 	C:\Windows\System32\sechost.dll
0x00007ffb12a00000 - 0x00007ffb12b26000 	C:\Windows\System32\RPCRT4.dll
0x00007ffb12660000 - 0x00007ffb12687000 	C:\Windows\System32\bcrypt.dll
0x00007ffb114f0000 - 0x00007ffb1153b000 	C:\Windows\SYSTEM32\POWRPROF.dll
0x00007ffb02680000 - 0x00007ffb026a7000 	C:\Windows\SYSTEM32\WINMM.dll
0x00007ffafcea0000 - 0x00007ffafcea9000 	C:\Windows\SYSTEM32\WSOCK32.dll
0x00007ffb08a60000 - 0x00007ffb08a6a000 	C:\Windows\SYSTEM32\VERSION.dll
0x00007ffb12c20000 - 0x00007ffb12c8b000 	C:\Windows\System32\WS2_32.dll
0x00007ffb11360000 - 0x00007ffb11372000 	C:\Windows\SYSTEM32\UMPDC.dll
0x00007ffb107c0000 - 0x00007ffb107d2000 	C:\Windows\SYSTEM32\kernel.appcore.dll
0x00007ffb08320000 - 0x00007ffb0832a000 	C:\Users\WIKI\.jdks\jbr-17.0.9\bin\jimage.dll
0x00007ffb0fbc0000 - 0x00007ffb0fda4000 	C:\Windows\SYSTEM32\DBGHELP.DLL
0x00007ffb04c90000 - 0x00007ffb04cc4000 	C:\Windows\SYSTEM32\dbgcore.DLL
0x00007ffb120b0000 - 0x00007ffb12132000 	C:\Windows\System32\bcryptPrimitives.dll
0x00007ffb08310000 - 0x00007ffb0831e000 	C:\Users\WIKI\.jdks\jbr-17.0.9\bin\instrument.dll
0x00007ffaddcd0000 - 0x00007ffaddcf5000 	C:\Users\WIKI\.jdks\jbr-17.0.9\bin\java.dll
0x00007ffaddcb0000 - 0x00007ffaddcc8000 	C:\Users\WIKI\.jdks\jbr-17.0.9\bin\zip.dll
0x00007ffac0450000 - 0x00007ffac0527000 	C:\Users\WIKI\.jdks\jbr-17.0.9\bin\jsvml.dll
0x00007ffb13860000 - 0x00007ffb13fa5000 	C:\Windows\System32\SHELL32.dll
0x00007ffb0ffe0000 - 0x00007ffb1077c000 	C:\Windows\SYSTEM32\windows.storage.dll
0x00007ffb13170000 - 0x00007ffb134c4000 	C:\Windows\System32\combase.dll
0x00007ffb11980000 - 0x00007ffb119ae000 	C:\Windows\SYSTEM32\Wldp.dll
0x00007ffb12930000 - 0x00007ffb129fd000 	C:\Windows\System32\OLEAUT32.dll
0x00007ffb13680000 - 0x00007ffb1372d000 	C:\Windows\System32\SHCORE.dll
0x00007ffb141c0000 - 0x00007ffb14215000 	C:\Windows\System32\shlwapi.dll
0x00007ffb11e80000 - 0x00007ffb11ea5000 	C:\Windows\SYSTEM32\profapi.dll
0x00007ffadcf50000 - 0x00007ffadcf69000 	C:\Users\WIKI\.jdks\jbr-17.0.9\bin\net.dll
0x00007ffb06610000 - 0x00007ffb0671a000 	C:\Windows\SYSTEM32\WINHTTP.dll
0x00007ffb116e0000 - 0x00007ffb1174a000 	C:\Windows\system32\mswsock.dll
0x00007ffadcb60000 - 0x00007ffadcb76000 	C:\Users\WIKI\.jdks\jbr-17.0.9\bin\nio.dll
0x00007ffb08df0000 - 0x00007ffb08e0a000 	C:\Program Files\JetBrains\IntelliJ IDEA 2023.2.1\bin\breakgen64.dll
0x0000000069ac0000 - 0x0000000069ae4000 	C:\Users\WIKI\AppData\Local\Temp\jansi-2.4.0-85c92551f6066bb0-jansi.dll
0x00007ffafb790000 - 0x00007ffafb7a0000 	C:\Users\WIKI\.jdks\jbr-17.0.9\bin\verify.dll

dbghelp: loaded successfully - version: 4.0.5 - missing functions: none
symbol engine: initialized successfully - sym options: 0x614 - pdb path: .;C:\Users\WIKI\.jdks\jbr-17.0.9\bin;C:\Windows\SYSTEM32;C:\Windows\WinSxS\amd64_microsoft.windows.common-controls_6595b64144ccf1df_6.0.19041.3636_none_60b6a03d71f818d5;C:\Users\WIKI\.jdks\jbr-17.0.9\bin\server;C:\Program Files\JetBrains\IntelliJ IDEA 2023.2.1\bin;C:\Users\WIKI\AppData\Local\Temp

VM Arguments:
jvm_args: -Dmaven.multiModuleProjectDirectory=C:\Users\WIKI\Desktop\Workshop-JDBC-JavaFX-masterValidation - Integ CSP -Djansi.passthrough=true -Dmaven.home=C:\Program Files\JetBrains\IntelliJ IDEA 2023.2.1\plugins\maven\lib\maven3 -Dclassworlds.conf=C:\Program Files\JetBrains\IntelliJ IDEA 2023.2.1\plugins\maven\lib\maven3\bin\m2.conf -Dmaven.ext.class.path=C:\Program Files\JetBrains\IntelliJ IDEA 2023.2.1\plugins\maven\lib\maven-event-listener.jar -javaagent:C:\Program Files\JetBrains\IntelliJ IDEA 2023.2.1\lib\idea_rt.jar=57047:C:\Program Files\JetBrains\IntelliJ IDEA 2023.2.1\bin -Dfile.encoding=UTF-8 
java_command: org.codehaus.classworlds.Launcher -Didea.version=2023.2.1 javafx:run
java_class_path (initial): C:\Program Files\JetBrains\IntelliJ IDEA 2023.2.1\plugins\maven\lib\maven3\boot\plexus-classworlds-2.7.0.jar;C:\Program Files\JetBrains\IntelliJ IDEA 2023.2.1\plugins\maven\lib\maven3\boot\plexus-classworlds.license
Launcher Type: SUN_STANDARD

[Global flags]
     intx CICompilerCount                          = 4                                         {product} {ergonomic}
     uint ConcGCThreads                            = 3                                         {product} {ergonomic}
     uint G1ConcRefinementThreads                  = 10                                        {product} {ergonomic}
   size_t G1HeapRegionSize                         = 1048576                                   {product} {ergonomic}
    uintx GCDrainStackTargetSize                   = 64                                        {product} {ergonomic}
   size_t InitialHeapSize                          = 130023424                                 {product} {ergonomic}
   size_t MarkStackSize                            = 4194304                                   {product} {ergonomic}
   size_t MaxHeapSize                              = 2069889024                                {product} {ergonomic}
   size_t MaxNewSize                               = 1241513984                                {product} {ergonomic}
   size_t MinHeapDeltaBytes                        = 1048576                                   {product} {ergonomic}
   size_t MinHeapSize                              = 8388608                                   {product} {ergonomic}
    uintx NonNMethodCodeHeapSize                   = 5839372                                {pd product} {ergonomic}
    uintx NonProfiledCodeHeapSize                  = 122909434                              {pd product} {ergonomic}
    uintx ProfiledCodeHeapSize                     = 122909434                              {pd product} {ergonomic}
    uintx ReservedCodeCacheSize                    = 251658240                              {pd product} {ergonomic}
     bool SegmentedCodeCache                       = true                                      {product} {ergonomic}
   size_t SoftMaxHeapSize                          = 2069889024                             {manageable} {ergonomic}
     bool UseCompressedClassPointers               = true                           {product lp64_product} {ergonomic}
     bool UseCompressedOops                        = true                           {product lp64_product} {ergonomic}
     bool UseG1GC                                  = true                                      {product} {ergonomic}
     bool UseLargePagesIndividualAllocation        = false                                  {pd product} {ergonomic}

Logging:
Log output configuration:
 #0: stdout all=warning uptime,level,tags
 #1: stderr all=off uptime,level,tags

Environment Variables:
JAVA_HOME=C:\Program Files\Java\jdk-17
PATH=C:\oraclexe\app\oracle\product\11.2.0\server\bin;;C:\Program Files\Common Files\Oracle\Java\javapath;C:\Windows\system32;C:\Windows;C:\Windows\System32\Wbem;C:\Windows\System32\WindowsPowerShell\v1.0\;C:\Windows\System32\OpenSSH\;C:\Program Files (x86)\NVIDIA Corporation\PhysX\Common;C:\Program Files\NVIDIA Corporation\NVIDIA NvDLISR;C:\Program Files\Java\jdk-17\bin;C:\Program Files\Git\cmd;C:\xampp\php;C:\ProgramData\ComposerSetup\bin;C:\Users\WIKI\scoop\shims;C:\Users\WIKI\AppData\Local\Programs\Python\Python310\Scripts\;C:\Users\WIKI\AppData\Local\Programs\Python\Python310\;C:\Users\WIKI\AppData\Local\Microsoft\WindowsApps;C:\Program Files\JetBrains\PyCharm Community Edition 2022.3.2\bin;;C:\Users\WIKI\AppData\Local\Programs\Microsoft VS Code\bin;C:\Users\WIKI\AppData\Roaming\Composer\vendor\bin;C:\xampp\php;C:\Users\WIKI\AppData\Local\GitHubDesktop\bin
USERNAME=WIKI
OS=Windows_NT
PROCESSOR_IDENTIFIER=Intel64 Family 6 Model 141 Stepping 1, GenuineIntel
TMP=C:\Users\WIKI\AppData\Local\Temp
TEMP=C:\Users\WIKI\AppData\Local\Temp



Periodic native trim disabled

JNI global refs:
JNI global refs: 15, weak refs: 3

JNI global refs memory usage: 843, weak refs: 841

OOME stack traces (most recent first):
Classloader memory used:
Loader bootstrap                                                                       : 1480K
Loader org.codehaus.plexus.classworlds.realm.ClassRealm                                : 1072K
Loader jdk.internal.loader.ClassLoaders$AppClassLoader                                 : 13812B
Loader org.eclipse.sisu.space.CloningClassSpace$CloningClassLoader                     : 3008B
Loader jdk.internal.reflect.DelegatingClassLoader                                      : 2562B
Loader jdk.internal.loader.ClassLoaders$PlatformClassLoader                            : 335B


---------------  S Y S T E M  ---------------

OS:
 Windows 10 , 64 bit Build 19041 (10.0.19041.3636)
OS uptime: 16 days 2:30 hours

CPU: total 12 (initial active 12) (6 cores per cpu, 2 threads per core) family 6 model 141 stepping 1 microcode 0x26, cx8, cmov, fxsr, ht, mmx, 3dnowpref, sse, sse2, sse3, ssse3, sse4.1, sse4.2, popcnt, lzcnt, tsc, tscinvbit, avx, avx2, aes, erms, clmul, bmi1, bmi2, adx, avx512f, avx512dq, avx512cd, avx512bw, avx512vl, sha, fma, vzeroupper, avx512_vpopcntdq, avx512_vpclmulqdq, avx512_vaes, avx512_vnni, clflush, clflushopt, clwb, avx512_vbmi2, avx512_vbmi
Processor Information for all 12 processors :
  Max Mhz: 2688, Current Mhz: 2688, Mhz Limit: 2688

Memory: 4k page, system-wide physical 7893M (425M free)
TotalPageFile size 27932M (AvailPageFile size 6M)
current process WorkingSet (physical memory assigned to process): 116M, peak: 116M
current process commit charge ("private bytes"): 245M, peak: 246M

vm_info: OpenJDK 64-Bit Server VM (17.0.9+8-b1166.2) for windows-amd64 JRE (17.0.9+8-b1166.2), built on 2024-01-13 by "builduser" with MS VC++ 16.10 / 16.11 (VS2019)

END.
