#
# There is insufficient memory for the Java Runtime Environment to continue.
# Native memory allocation (mmap) failed to map 271581184 bytes for G1 virtual space
# Possible reasons:
#   The system is out of physical RAM or swap space
#   The process is running with CompressedOops enabled, and the Java Heap may be blocking the growth of the native heap
# Possible solutions:
#   Reduce memory load on the system
#   Increase physical memory or swap space
#   Check if swap backing store is full
#   Decrease Java heap size (-Xmx/-Xms)
#   Decrease number of Java threads
#   Decrease Java thread stack sizes (-Xss)
#   Set larger code cache with -XX:ReservedCodeCacheSize=
#   JVM is running with Unscaled Compressed Oops mode in which the Java heap is
#     placed in the first 4GB address space. The Java Heap base address is the
#     maximum limit for the native heap growth. Please use -XX:HeapBaseMinAddress
#     to set the Java Heap base and to place the Java Heap above 4GB virtual address.
# This output file may be truncated or incomplete.
#
#  Out of Memory Error (os_windows.cpp:3550), pid=11228, tid=14288
#
# JRE version: Java(TM) SE Runtime Environment (17.0.6+9) (build 17.0.6+9-LTS-190)
# Java VM: Java HotSpot(TM) 64-Bit Server VM (17.0.6+9-LTS-190, mixed mode, sharing, tiered, compressed oops, compressed class ptrs, g1 gc, windows-amd64)
# No core dump will be written. Minidumps are not enabled by default on client versions of Windows
#

---------------  S U M M A R Y ------------

Command Line: --module-path=C:\Users\WIKI\.m2\repository\org\openjfx\javafx-base\21.0.2\javafx-base-21.0.2-win.jar;C:\Users\WIKI\.m2\repository\org\openjfx\javafx-base\21.0.2\javafx-base-21.0.2.jar;C:\Users\WIKI\.m2\repository\org\openjfx\javafx-controls\20.0.2\javafx-controls-20.0.2-win.jar;C:\Users\WIKI\.m2\repository\org\openjfx\javafx-controls\20.0.2\javafx-controls-20.0.2.jar;C:\Users\WIKI\.m2\repository\org\openjfx\javafx-fxml\20.0.2\javafx-fxml-20.0.2-win.jar;C:\Users\WIKI\.m2\repository\org\openjfx\javafx-fxml\20.0.2\javafx-fxml-20.0.2.jar;C:\Users\WIKI\.m2\repository\org\openjfx\javafx-graphics\21.0.2\javafx-graphics-21.0.2-win.jar;C:\Users\WIKI\.m2\repository\org\openjfx\javafx-graphics\21.0.2\javafx-graphics-21.0.2.jar;C:\Users\WIKI\.m2\repository\org\openjfx\javafx-media\20.0.2\javafx-media-20.0.2-win.jar;C:\Users\WIKI\.m2\repository\org\openjfx\javafx-media\20.0.2\javafx-media-20.0.2.jar;C:\Users\WIKI\.m2\repository\org\openjfx\javafx-swing\21.0.2\javafx-swing-21.0.2-win.jar;C:\Users\WIKI\.m2\repository\org\openjfx\javafx-swing\21.0.2\javafx-swing-21.0.2.jar;C:\Users\WIKI\.m2\repository\org\openjfx\javafx-web\20.0.2\javafx-web-20.0.2-win.jar;C:\Users\WIKI\.m2\repository\org\openjfx\javafx-web\20.0.2\javafx-web-20.0.2.jar --add-modules=javafx.base,javafx.controls,javafx.fxml,javafx.graphics,javafx.media,javafx.swing,javafx.web test.MainFX

Host: 11th Gen Intel(R) Core(TM) i5-11400H @ 2.70GHz, 12 cores, 7G,  Windows 10 , 64 bit Build 19041 (10.0.19041.3636)
Time: Sun Mar  3 14:09:57 2024 Afr. centrale Ouest elapsed time: 2.303526 seconds (0d 0h 0m 2s)

---------------  T H R E A D  ---------------

Current thread (0x00000189f1034760):  VMThread "VM Thread" [stack: 0x000000535fc00000,0x000000535fd00000] [id=14288]

Stack: [0x000000535fc00000,0x000000535fd00000]
Native frames: (J=compiled Java code, j=interpreted, Vv=VM code, C=native code)
V  [jvm.dll+0x6734ea]
V  [jvm.dll+0x7d18f4]
V  [jvm.dll+0x7d309e]
V  [jvm.dll+0x7d3703]
V  [jvm.dll+0x2433c5]
V  [jvm.dll+0x6703f9]
V  [jvm.dll+0x664d32]
V  [jvm.dll+0x300086]
V  [jvm.dll+0x307606]
V  [jvm.dll+0x356c1e]
V  [jvm.dll+0x356e4f]
V  [jvm.dll+0x2d72e8]
V  [jvm.dll+0x2d57e5]
V  [jvm.dll+0x2d4dec]
V  [jvm.dll+0x3186a1]
V  [jvm.dll+0x7d7f0b]
V  [jvm.dll+0x7d8c44]
V  [jvm.dll+0x7d915d]
V  [jvm.dll+0x7d9534]
V  [jvm.dll+0x7d9600]
V  [jvm.dll+0x781a7a]
V  [jvm.dll+0x672375]
C  [ucrtbase.dll+0x21bb2]
C  [KERNEL32.DLL+0x17344]
C  [ntdll.dll+0x526b1]

VM_Operation (0x0000005360cfc8f8): G1TryInitiateConcMark, mode: safepoint, requested by thread 0x00000189f2503040


---------------  P R O C E S S  ---------------

Threads class SMR info:
_java_thread_list=0x00000189f7fdce00, length=21, elements={
0x00000189d2ccacb0, 0x00000189f103e120, 0x00000189f103e6e0, 0x00000189f1054bf0,
0x00000189f10551b0, 0x00000189f1057780, 0x00000189f1057d40, 0x00000189f105c6f0,
0x00000189f105cda0, 0x00000189f10688b0, 0x00000189f1c6f680, 0x00000189f1ffe360,
0x00000189f2287e30, 0x00000189f2509b60, 0x00000189f2503040, 0x00000189f27eef50,
0x00000189f27fba80, 0x00000189f7ac4150, 0x00000189f7c5c240, 0x00000189f7aca2a0,
0x00000189f7fcbcc0
}

Java Threads: ( => current thread )
  0x00000189d2ccacb0 JavaThread "main" [_thread_blocked, id=13356, stack(0x000000535f600000,0x000000535f700000)]
  0x00000189f103e120 JavaThread "Reference Handler" daemon [_thread_blocked, id=16696, stack(0x000000535fd00000,0x000000535fe00000)]
  0x00000189f103e6e0 JavaThread "Finalizer" daemon [_thread_blocked, id=28608, stack(0x000000535fe00000,0x000000535ff00000)]
  0x00000189f1054bf0 JavaThread "Signal Dispatcher" daemon [_thread_blocked, id=23332, stack(0x000000535ff00000,0x0000005360000000)]
  0x00000189f10551b0 JavaThread "Attach Listener" daemon [_thread_blocked, id=17844, stack(0x0000005360000000,0x0000005360100000)]
  0x00000189f1057780 JavaThread "Service Thread" daemon [_thread_blocked, id=18752, stack(0x0000005360100000,0x0000005360200000)]
  0x00000189f1057d40 JavaThread "Monitor Deflation Thread" daemon [_thread_blocked, id=15456, stack(0x0000005360200000,0x0000005360300000)]
  0x00000189f105c6f0 JavaThread "C2 CompilerThread0" daemon [_thread_blocked, id=4572, stack(0x0000005360300000,0x0000005360400000)]
  0x00000189f105cda0 JavaThread "C1 CompilerThread0" daemon [_thread_blocked, id=12148, stack(0x0000005360400000,0x0000005360500000)]
  0x00000189f10688b0 JavaThread "Sweeper thread" daemon [_thread_blocked, id=25136, stack(0x0000005360500000,0x0000005360600000)]
  0x00000189f1c6f680 JavaThread "Common-Cleaner" daemon [_thread_blocked, id=26960, stack(0x0000005360600000,0x0000005360700000)]
  0x00000189f1ffe360 JavaThread "Notification Thread" daemon [_thread_blocked, id=9104, stack(0x0000005360800000,0x0000005360900000)]
  0x00000189f2287e30 JavaThread "QuantumRenderer-0" daemon [_thread_blocked, id=1480, stack(0x0000005360a00000,0x0000005360b00000)]
  0x00000189f2509b60 JavaThread "InvokeLaterDispatcher" daemon [_thread_blocked, id=10648, stack(0x0000005360b00000,0x0000005360c00000)]
  0x00000189f2503040 JavaThread "JavaFX Application Thread" [_thread_blocked, id=24000, stack(0x0000005360c00000,0x0000005360d00000)]
  0x00000189f27eef50 JavaThread "JavaFX-Launcher" [_thread_blocked, id=26416, stack(0x0000005361000000,0x0000005361100000)]
  0x00000189f27fba80 JavaThread "Thread-2" daemon [_thread_blocked, id=18372, stack(0x0000005360700000,0x0000005360800000)]
  0x00000189f7ac4150 JavaThread "mysql-cj-abandoned-connection-cleanup" daemon [_thread_blocked, id=21268, stack(0x0000005361600000,0x0000005361700000)]
  0x00000189f7c5c240 JavaThread "Prism Font Disposer" daemon [_thread_blocked, id=9440, stack(0x0000005361700000,0x0000005361800000)]
  0x00000189f7aca2a0 JavaThread "C2 CompilerThread1" daemon [_thread_blocked, id=13964, stack(0x0000005361e00000,0x0000005361f00000)]
  0x00000189f7fcbcc0 JavaThread "Disposer" daemon [_thread_blocked, id=28344, stack(0x0000005362000000,0x0000005362100000)]

Other Threads:
=>0x00000189f1034760 VMThread "VM Thread" [stack: 0x000000535fc00000,0x000000535fd00000] [id=14288]
  0x00000189d2d4bc50 WatcherThread [stack: 0x0000005360900000,0x0000005360a00000] [id=5176]
  0x00000189d2d24140 GCTaskThread "GC Thread#0" [stack: 0x000000535f700000,0x000000535f800000] [id=26636]
  0x00000189f27efc40 GCTaskThread "GC Thread#1" [stack: 0x0000005361100000,0x0000005361200000] [id=784]
  0x00000189f27f9f60 GCTaskThread "GC Thread#2" [stack: 0x0000005361200000,0x0000005361300000] [id=27908]
  0x00000189f7827ce0 GCTaskThread "GC Thread#3" [stack: 0x0000005361300000,0x0000005361400000] [id=16988]
  0x00000189f27fe070 GCTaskThread "GC Thread#4" [stack: 0x0000005361400000,0x0000005361500000] [id=15328]
  0x00000189f7945b80 GCTaskThread "GC Thread#5" [stack: 0x0000005361500000,0x0000005361600000] [id=22632]
  0x00000189f7caff70 GCTaskThread "GC Thread#6" [stack: 0x0000005361800000,0x0000005361900000] [id=26912]
  0x00000189f7cb0a30 GCTaskThread "GC Thread#7" [stack: 0x0000005361900000,0x0000005361a00000] [id=22752]
  0x00000189f7cb0ce0 GCTaskThread "GC Thread#8" [stack: 0x0000005361a00000,0x0000005361b00000] [id=21188]
  0x00000189f7cb0f90 GCTaskThread "GC Thread#9" [stack: 0x0000005361b00000,0x0000005361c00000] [id=9876]
  0x00000189d2d34740 ConcurrentGCThread "G1 Main Marker" [stack: 0x000000535f800000,0x000000535f900000] [id=18212]
  0x00000189d2d36160 ConcurrentGCThread "G1 Conc#0" [stack: 0x000000535f900000,0x000000535fa00000] [id=25260]
  0x00000189f7d11bc0 ConcurrentGCThread "G1 Conc#1" [stack: 0x0000005361c00000,0x0000005361d00000] [id=15232]
  0x00000189f7c95370 ConcurrentGCThread "G1 Conc#2" [stack: 0x0000005361d00000,0x0000005361e00000] [id=19436]
  0x00000189f0ee24b0 ConcurrentGCThread "G1 Refine#0" [stack: 0x000000535fa00000,0x000000535fb00000] [id=23328]
  0x00000189f0ee28f0 ConcurrentGCThread "G1 Service" [stack: 0x000000535fb00000,0x000000535fc00000] [id=22244]

Threads with active compile tasks:
C1 CompilerThread0     2322 2206       3       javafx.scene.Node::<init> (247 bytes)

VM state: at safepoint (normal execution)

VM Mutex/Monitor currently owned by a thread:  ([mutex/lock_event])
[0x00000189d2cc4e80] Threads_lock - owner thread: 0x00000189f1034760
[0x00000189d2cc55d0] Heap_lock - owner thread: 0x00000189f2503040

Heap address: 0x0000000084a00000, size: 1974 MB, Compressed Oops mode: 32-bit

CDS archive(s) mapped at: [0x0000000800000000-0x0000000800bd0000-0x0000000800bd0000), size 12386304, SharedBaseAddress: 0x0000000800000000, ArchiveRelocationMode: 0.
Compressed class space mapped at: 0x0000000800c00000-0x0000000840c00000, reserved size: 1073741824
Narrow klass base: 0x0000000800000000, Narrow klass shift: 0, Narrow klass range: 0x100000000

GC Precious Log:
 CPUs: 12 total, 12 available
 Memory: 7893M
 Large Page Support: Disabled
 NUMA Support: Disabled
 Compressed Oops: Enabled (32-bit)
 Heap Region Size: 1M
 Heap Min Capacity: 8M
 Heap Initial Capacity: 124M
 Heap Max Capacity: 1974M
 Pre-touch: Disabled
 Parallel Workers: 10
 Concurrent Workers: 3
 Concurrent Refinement Workers: 10
 Periodic GC: Disabled

Heap:
 garbage-first heap   total 265216K, used 156034K [0x0000000084a00000, 0x0000000100000000)
  region size 1024K, 1 young (1024K), 1 survivors (1024K)
 Metaspace       used 15541K, committed 15808K, reserved 1064960K
  class space    used 2012K, committed 2176K, reserved 1048576K

Heap Regions: E=young(eden), S=young(survivor), O=old, HS=humongous(starts), HC=humongous(continues), CS=collection set, F=free, OA=open archive, CA=closed archive, TAMS=top-at-mark-start (previous, next)
|   0|0x0000000084a00000, 0x0000000084b00000, 0x0000000084b00000|100%| O|  |TAMS 0x0000000084b00000, 0x0000000084b00000| Untracked 
|   1|0x0000000084b00000, 0x0000000084c00000, 0x0000000084c00000|100%|HS|  |TAMS 0x0000000084c00000, 0x0000000084c00000| Complete 
|   2|0x0000000084c00000, 0x0000000084d00000, 0x0000000084d00000|100%|HC|  |TAMS 0x0000000084d00000, 0x0000000084d00000| Complete 
|   3|0x0000000084d00000, 0x0000000084e00000, 0x0000000084e00000|100%|HC|  |TAMS 0x0000000084e00000, 0x0000000084e00000| Complete 
|   4|0x0000000084e00000, 0x0000000084f00000, 0x0000000084f00000|100%|HC|  |TAMS 0x0000000084f00000, 0x0000000084f00000| Complete 
|   5|0x0000000084f00000, 0x0000000085000000, 0x0000000085000000|100%|HC|  |TAMS 0x0000000085000000, 0x0000000085000000| Complete 
|   6|0x0000000085000000, 0x0000000085100000, 0x0000000085100000|100%|HC|  |TAMS 0x0000000085100000, 0x0000000085100000| Complete 
|   7|0x0000000085100000, 0x0000000085200000, 0x0000000085200000|100%|HC|  |TAMS 0x0000000085200000, 0x0000000085200000| Complete 
|   8|0x0000000085200000, 0x0000000085300000, 0x0000000085300000|100%|HC|  |TAMS 0x0000000085300000, 0x0000000085300000| Complete 
|   9|0x0000000085300000, 0x0000000085400000, 0x0000000085400000|100%|HC|  |TAMS 0x0000000085400000, 0x0000000085400000| Complete 
|  10|0x0000000085400000, 0x0000000085500000, 0x0000000085500000|100%|HS|  |TAMS 0x0000000085500000, 0x0000000085500000| Complete 
|  11|0x0000000085500000, 0x0000000085600000, 0x0000000085600000|100%|HC|  |TAMS 0x0000000085600000, 0x0000000085600000| Complete 
|  12|0x0000000085600000, 0x0000000085700000, 0x0000000085700000|100%|HS|  |TAMS 0x0000000085700000, 0x0000000085700000| Complete 
|  13|0x0000000085700000, 0x0000000085800000, 0x0000000085800000|100%|HC|  |TAMS 0x0000000085800000, 0x0000000085800000| Complete 
|  14|0x0000000085800000, 0x0000000085900000, 0x0000000085900000|100%|HC|  |TAMS 0x0000000085900000, 0x0000000085900000| Complete 
|  15|0x0000000085900000, 0x0000000085a00000, 0x0000000085a00000|100%|HC|  |TAMS 0x0000000085a00000, 0x0000000085a00000| Complete 
|  16|0x0000000085a00000, 0x0000000085b00000, 0x0000000085b00000|100%|HC|  |TAMS 0x0000000085b00000, 0x0000000085b00000| Complete 
|  17|0x0000000085b00000, 0x0000000085c00000, 0x0000000085c00000|100%|HC|  |TAMS 0x0000000085c00000, 0x0000000085c00000| Complete 
|  18|0x0000000085c00000, 0x0000000085d00000, 0x0000000085d00000|100%|HC|  |TAMS 0x0000000085d00000, 0x0000000085d00000| Complete 
|  19|0x0000000085d00000, 0x0000000085e00000, 0x0000000085e00000|100%|HC|  |TAMS 0x0000000085e00000, 0x0000000085e00000| Complete 
|  20|0x0000000085e00000, 0x0000000085f00000, 0x0000000085f00000|100%|HC|  |TAMS 0x0000000085f00000, 0x0000000085f00000| Complete 
|  21|0x0000000085f00000, 0x0000000086000000, 0x0000000086000000|100%|HS|  |TAMS 0x0000000086000000, 0x0000000086000000| Complete 
|  22|0x0000000086000000, 0x0000000086100000, 0x0000000086100000|100%|HC|  |TAMS 0x0000000086100000, 0x0000000086100000| Complete 
|  23|0x0000000086100000, 0x0000000086200000, 0x0000000086200000|100%|HC|  |TAMS 0x0000000086200000, 0x0000000086200000| Complete 
|  24|0x0000000086200000, 0x0000000086300000, 0x0000000086300000|100%|HC|  |TAMS 0x0000000086300000, 0x0000000086300000| Complete 
|  25|0x0000000086300000, 0x0000000086400000, 0x0000000086400000|100%|HC|  |TAMS 0x0000000086400000, 0x0000000086400000| Complete 
|  26|0x0000000086400000, 0x0000000086500000, 0x0000000086500000|100%|HC|  |TAMS 0x0000000086500000, 0x0000000086500000| Complete 
|  27|0x0000000086500000, 0x0000000086600000, 0x0000000086600000|100%|HC|  |TAMS 0x0000000086600000, 0x0000000086600000| Complete 
|  28|0x0000000086600000, 0x0000000086700000, 0x0000000086700000|100%|HC|  |TAMS 0x0000000086700000, 0x0000000086700000| Complete 
|  29|0x0000000086700000, 0x0000000086800000, 0x0000000086800000|100%|HC|  |TAMS 0x0000000086800000, 0x0000000086800000| Complete 
|  30|0x0000000086800000, 0x0000000086900000, 0x0000000086900000|100%|HS|  |TAMS 0x0000000086900000, 0x0000000086900000| Complete 
|  31|0x0000000086900000, 0x0000000086a00000, 0x0000000086a00000|100%|HC|  |TAMS 0x0000000086a00000, 0x0000000086a00000| Complete 
|  32|0x0000000086a00000, 0x0000000086b00000, 0x0000000086b00000|100%|HS|  |TAMS 0x0000000086b00000, 0x0000000086b00000| Complete 
|  33|0x0000000086b00000, 0x0000000086c00000, 0x0000000086c00000|100%|HC|  |TAMS 0x0000000086c00000, 0x0000000086c00000| Complete 
|  34|0x0000000086c00000, 0x0000000086d00000, 0x0000000086d00000|100%|HS|  |TAMS 0x0000000086d00000, 0x0000000086d00000| Complete 
|  35|0x0000000086d00000, 0x0000000086e00000, 0x0000000086e00000|100%|HC|  |TAMS 0x0000000086e00000, 0x0000000086e00000| Complete 
|  36|0x0000000086e00000, 0x0000000086f00000, 0x0000000086f00000|100%|HS|  |TAMS 0x0000000086f00000, 0x0000000086f00000| Complete 
|  37|0x0000000086f00000, 0x0000000087000000, 0x0000000087000000|100%|HC|  |TAMS 0x0000000087000000, 0x0000000087000000| Complete 
|  38|0x0000000087000000, 0x0000000087100000, 0x0000000087100000|100%|HS|  |TAMS 0x0000000087100000, 0x0000000087100000| Complete 
|  39|0x0000000087100000, 0x0000000087200000, 0x0000000087200000|100%|HC|  |TAMS 0x0000000087200000, 0x0000000087200000| Complete 
|  40|0x0000000087200000, 0x0000000087300000, 0x0000000087300000|100%|HS|  |TAMS 0x0000000087300000, 0x0000000087300000| Complete 
|  41|0x0000000087300000, 0x0000000087400000, 0x0000000087400000|100%|HC|  |TAMS 0x0000000087400000, 0x0000000087400000| Complete 
|  42|0x0000000087400000, 0x0000000087500000, 0x0000000087500000|100%|HS|  |TAMS 0x0000000087500000, 0x0000000087500000| Complete 
|  43|0x0000000087500000, 0x0000000087600000, 0x0000000087600000|100%|HC|  |TAMS 0x0000000087600000, 0x0000000087600000| Complete 
|  44|0x0000000087600000, 0x0000000087700000, 0x0000000087700000|100%|HS|  |TAMS 0x0000000087700000, 0x0000000087700000| Complete 
|  45|0x0000000087700000, 0x0000000087800000, 0x0000000087800000|100%|HC|  |TAMS 0x0000000087800000, 0x0000000087800000| Complete 
|  46|0x0000000087800000, 0x0000000087900000, 0x0000000087900000|100%|HS|  |TAMS 0x0000000087900000, 0x0000000087900000| Complete 
|  47|0x0000000087900000, 0x0000000087a00000, 0x0000000087a00000|100%|HC|  |TAMS 0x0000000087a00000, 0x0000000087a00000| Complete 
|  48|0x0000000087a00000, 0x0000000087b00000, 0x0000000087b00000|100%| O|  |TAMS 0x0000000087b00000, 0x0000000087b00000| Untracked 
|  49|0x0000000087b00000, 0x0000000087c00000, 0x0000000087c00000|100%| O|  |TAMS 0x0000000087c00000, 0x0000000087c00000| Untracked 
|  50|0x0000000087c00000, 0x0000000087d00000, 0x0000000087d00000|100%| O|  |TAMS 0x0000000087d00000, 0x0000000087d00000| Untracked 
|  51|0x0000000087d00000, 0x0000000087e00000, 0x0000000087e00000|100%|HS|  |TAMS 0x0000000087e00000, 0x0000000087e00000| Complete 
|  52|0x0000000087e00000, 0x0000000087f00000, 0x0000000087f00000|100%|HC|  |TAMS 0x0000000087f00000, 0x0000000087f00000| Complete 
|  53|0x0000000087f00000, 0x0000000088000000, 0x0000000088000000|100%|HS|  |TAMS 0x0000000088000000, 0x0000000088000000| Complete 
|  54|0x0000000088000000, 0x0000000088100000, 0x0000000088100000|100%|HC|  |TAMS 0x0000000088100000, 0x0000000088100000| Complete 
|  55|0x0000000088100000, 0x0000000088200000, 0x0000000088200000|100%| O|  |TAMS 0x0000000088200000, 0x0000000088200000| Untracked 
|  56|0x0000000088200000, 0x0000000088300000, 0x0000000088300000|100%| O|  |TAMS 0x0000000088300000, 0x0000000088300000| Untracked 
|  57|0x0000000088300000, 0x0000000088400000, 0x0000000088400000|100%| O|  |TAMS 0x0000000088400000, 0x0000000088400000| Untracked 
|  58|0x0000000088400000, 0x0000000088500000, 0x0000000088500000|100%| O|  |TAMS 0x0000000088500000, 0x0000000088500000| Untracked 
|  59|0x0000000088500000, 0x0000000088600000, 0x0000000088600000|100%| O|  |TAMS 0x0000000088600000, 0x0000000088600000| Untracked 
|  60|0x0000000088600000, 0x0000000088700000, 0x0000000088700000|100%| O|  |TAMS 0x0000000088700000, 0x0000000088700000| Untracked 
|  61|0x0000000088700000, 0x0000000088800000, 0x0000000088800000|100%|HS|  |TAMS 0x0000000088800000, 0x0000000088800000| Complete 
|  62|0x0000000088800000, 0x0000000088900000, 0x0000000088900000|100%|HC|  |TAMS 0x0000000088900000, 0x0000000088900000| Complete 
|  63|0x0000000088900000, 0x0000000088a00000, 0x0000000088a00000|100%|HS|  |TAMS 0x0000000088a00000, 0x0000000088a00000| Complete 
|  64|0x0000000088a00000, 0x0000000088b00000, 0x0000000088b00000|100%|HC|  |TAMS 0x0000000088b00000, 0x0000000088b00000| Complete 
|  65|0x0000000088b00000, 0x0000000088c00000, 0x0000000088c00000|100%|HS|  |TAMS 0x0000000088c00000, 0x0000000088c00000| Complete 
|  66|0x0000000088c00000, 0x0000000088d00000, 0x0000000088d00000|100%|HC|  |TAMS 0x0000000088d00000, 0x0000000088d00000| Complete 
|  67|0x0000000088d00000, 0x0000000088e00000, 0x0000000088e00000|100%|HS|  |TAMS 0x0000000088e00000, 0x0000000088e00000| Complete 
|  68|0x0000000088e00000, 0x0000000088f00000, 0x0000000088f00000|100%|HC|  |TAMS 0x0000000088f00000, 0x0000000088f00000| Complete 
|  69|0x0000000088f00000, 0x0000000089000000, 0x0000000089000000|100%|HS|  |TAMS 0x0000000089000000, 0x0000000089000000| Complete 
|  70|0x0000000089000000, 0x0000000089100000, 0x0000000089100000|100%|HC|  |TAMS 0x0000000089100000, 0x0000000089100000| Complete 
|  71|0x0000000089100000, 0x0000000089200000, 0x0000000089200000|100%|HS|  |TAMS 0x0000000089200000, 0x0000000089200000| Complete 
|  72|0x0000000089200000, 0x0000000089300000, 0x0000000089300000|100%|HC|  |TAMS 0x0000000089300000, 0x0000000089300000| Complete 
|  73|0x0000000089300000, 0x0000000089400000, 0x0000000089400000|100%|HS|  |TAMS 0x0000000089400000, 0x0000000089400000| Complete 
|  74|0x0000000089400000, 0x0000000089500000, 0x0000000089500000|100%|HC|  |TAMS 0x0000000089500000, 0x0000000089500000| Complete 
|  75|0x0000000089500000, 0x0000000089600000, 0x0000000089600000|100%|HS|  |TAMS 0x0000000089600000, 0x0000000089600000| Complete 
|  76|0x0000000089600000, 0x0000000089700000, 0x0000000089700000|100%|HC|  |TAMS 0x0000000089700000, 0x0000000089700000| Complete 
|  77|0x0000000089700000, 0x0000000089800000, 0x0000000089800000|100%|HS|  |TAMS 0x0000000089800000, 0x0000000089800000| Complete 
|  78|0x0000000089800000, 0x0000000089900000, 0x0000000089900000|100%|HC|  |TAMS 0x0000000089900000, 0x0000000089900000| Complete 
|  79|0x0000000089900000, 0x0000000089a00000, 0x0000000089a00000|100%|HS|  |TAMS 0x0000000089a00000, 0x0000000089a00000| Complete 
|  80|0x0000000089a00000, 0x0000000089b00000, 0x0000000089b00000|100%|HC|  |TAMS 0x0000000089b00000, 0x0000000089b00000| Complete 
|  81|0x0000000089b00000, 0x0000000089c00000, 0x0000000089c00000|100%|HS|  |TAMS 0x0000000089c00000, 0x0000000089c00000| Complete 
|  82|0x0000000089c00000, 0x0000000089d00000, 0x0000000089d00000|100%|HC|  |TAMS 0x0000000089d00000, 0x0000000089d00000| Complete 
|  83|0x0000000089d00000, 0x0000000089e00000, 0x0000000089e00000|100%|HS|  |TAMS 0x0000000089e00000, 0x0000000089e00000| Complete 
|  84|0x0000000089e00000, 0x0000000089f00000, 0x0000000089f00000|100%|HC|  |TAMS 0x0000000089f00000, 0x0000000089f00000| Complete 
|  85|0x0000000089f00000, 0x000000008a000000, 0x000000008a000000|100%|HS|  |TAMS 0x000000008a000000, 0x000000008a000000| Complete 
|  86|0x000000008a000000, 0x000000008a100000, 0x000000008a100000|100%|HC|  |TAMS 0x000000008a100000, 0x000000008a100000| Complete 
|  87|0x000000008a100000, 0x000000008a200000, 0x000000008a200000|100%|HS|  |TAMS 0x000000008a200000, 0x000000008a200000| Complete 
|  88|0x000000008a200000, 0x000000008a300000, 0x000000008a300000|100%|HC|  |TAMS 0x000000008a300000, 0x000000008a300000| Complete 
|  89|0x000000008a300000, 0x000000008a400000, 0x000000008a400000|100%|HS|  |TAMS 0x000000008a400000, 0x000000008a400000| Complete 
|  90|0x000000008a400000, 0x000000008a500000, 0x000000008a500000|100%|HC|  |TAMS 0x000000008a500000, 0x000000008a500000| Complete 
|  91|0x000000008a500000, 0x000000008a600000, 0x000000008a600000|100%|HS|  |TAMS 0x000000008a600000, 0x000000008a600000| Complete 
|  92|0x000000008a600000, 0x000000008a700000, 0x000000008a700000|100%|HC|  |TAMS 0x000000008a700000, 0x000000008a700000| Complete 
|  93|0x000000008a700000, 0x000000008a800000, 0x000000008a800000|100%|HS|  |TAMS 0x000000008a800000, 0x000000008a800000| Complete 
|  94|0x000000008a800000, 0x000000008a900000, 0x000000008a900000|100%|HC|  |TAMS 0x000000008a900000, 0x000000008a900000| Complete 
|  95|0x000000008a900000, 0x000000008aa00000, 0x000000008aa00000|100%|HS|  |TAMS 0x000000008aa00000, 0x000000008aa00000| Complete 
|  96|0x000000008aa00000, 0x000000008ab00000, 0x000000008ab00000|100%|HC|  |TAMS 0x000000008ab00000, 0x000000008ab00000| Complete 
|  97|0x000000008ab00000, 0x000000008ac00000, 0x000000008ac00000|100%|HS|  |TAMS 0x000000008ac00000, 0x000000008ac00000| Complete 
|  98|0x000000008ac00000, 0x000000008ad00000, 0x000000008ad00000|100%|HC|  |TAMS 0x000000008ad00000, 0x000000008ad00000| Complete 
|  99|0x000000008ad00000, 0x000000008ae00000, 0x000000008ae00000|100%|HS|  |TAMS 0x000000008ae00000, 0x000000008ae00000| Complete 
| 100|0x000000008ae00000, 0x000000008af00000, 0x000000008af00000|100%|HC|  |TAMS 0x000000008af00000, 0x000000008af00000| Complete 
| 101|0x000000008af00000, 0x000000008b000000, 0x000000008b000000|100%|HS|  |TAMS 0x000000008b000000, 0x000000008b000000| Complete 
| 102|0x000000008b000000, 0x000000008b100000, 0x000000008b100000|100%|HC|  |TAMS 0x000000008b100000, 0x000000008b100000| Complete 
| 103|0x000000008b100000, 0x000000008b200000, 0x000000008b200000|100%|HS|  |TAMS 0x000000008b200000, 0x000000008b200000| Complete 
| 104|0x000000008b200000, 0x000000008b300000, 0x000000008b300000|100%|HC|  |TAMS 0x000000008b300000, 0x000000008b300000| Complete 
| 105|0x000000008b300000, 0x000000008b400000, 0x000000008b400000|100%|HS|  |TAMS 0x000000008b400000, 0x000000008b400000| Complete 
| 106|0x000000008b400000, 0x000000008b500000, 0x000000008b500000|100%|HC|  |TAMS 0x000000008b500000, 0x000000008b500000| Complete 
| 107|0x000000008b500000, 0x000000008b600000, 0x000000008b600000|100%|HS|  |TAMS 0x000000008b600000, 0x000000008b600000| Complete 
| 108|0x000000008b600000, 0x000000008b700000, 0x000000008b700000|100%|HC|  |TAMS 0x000000008b700000, 0x000000008b700000| Complete 
| 109|0x000000008b700000, 0x000000008b800000, 0x000000008b800000|100%|HS|  |TAMS 0x000000008b800000, 0x000000008b800000| Complete 
| 110|0x000000008b800000, 0x000000008b900000, 0x000000008b900000|100%|HC|  |TAMS 0x000000008b900000, 0x000000008b900000| Complete 
| 111|0x000000008b900000, 0x000000008ba00000, 0x000000008ba00000|100%|HS|  |TAMS 0x000000008ba00000, 0x000000008ba00000| Complete 
| 112|0x000000008ba00000, 0x000000008bb00000, 0x000000008bb00000|100%|HC|  |TAMS 0x000000008bb00000, 0x000000008bb00000| Complete 
| 113|0x000000008bb00000, 0x000000008bc00000, 0x000000008bc00000|100%|HS|  |TAMS 0x000000008bc00000, 0x000000008bc00000| Complete 
| 114|0x000000008bc00000, 0x000000008bd00000, 0x000000008bd00000|100%|HC|  |TAMS 0x000000008bd00000, 0x000000008bd00000| Complete 
| 115|0x000000008bd00000, 0x000000008be00000, 0x000000008be00000|100%|HS|  |TAMS 0x000000008be00000, 0x000000008be00000| Complete 
| 116|0x000000008be00000, 0x000000008bf00000, 0x000000008bf00000|100%|HC|  |TAMS 0x000000008bf00000, 0x000000008bf00000| Complete 
| 117|0x000000008bf00000, 0x000000008c000000, 0x000000008c000000|100%|HS|  |TAMS 0x000000008c000000, 0x000000008c000000| Complete 
| 118|0x000000008c000000, 0x000000008c100000, 0x000000008c100000|100%|HC|  |TAMS 0x000000008c100000, 0x000000008c100000| Complete 
| 119|0x000000008c100000, 0x000000008c200000, 0x000000008c200000|100%|HS|  |TAMS 0x000000008c200000, 0x000000008c200000| Complete 
| 120|0x000000008c200000, 0x000000008c300000, 0x000000008c300000|100%|HC|  |TAMS 0x000000008c300000, 0x000000008c300000| Complete 
| 121|0x000000008c300000, 0x000000008c400000, 0x000000008c400000|100%|HS|  |TAMS 0x000000008c400000, 0x000000008c400000| Complete 
| 122|0x000000008c400000, 0x000000008c500000, 0x000000008c500000|100%|HC|  |TAMS 0x000000008c500000, 0x000000008c500000| Complete 
| 123|0x000000008c500000, 0x000000008c600000, 0x000000008c600000|100%|HS|  |TAMS 0x000000008c600000, 0x000000008c600000| Complete 
| 124|0x000000008c600000, 0x000000008c700000, 0x000000008c700000|100%|HC|  |TAMS 0x000000008c700000, 0x000000008c700000| Complete 
| 125|0x000000008c700000, 0x000000008c800000, 0x000000008c800000|100%|HS|  |TAMS 0x000000008c800000, 0x000000008c800000| Complete 
| 126|0x000000008c800000, 0x000000008c900000, 0x000000008c900000|100%|HC|  |TAMS 0x000000008c900000, 0x000000008c900000| Complete 
| 127|0x000000008c900000, 0x000000008ca00000, 0x000000008ca00000|100%|HS|  |TAMS 0x000000008ca00000, 0x000000008ca00000| Complete 
| 128|0x000000008ca00000, 0x000000008cb00000, 0x000000008cb00000|100%|HC|  |TAMS 0x000000008cb00000, 0x000000008cb00000| Complete 
| 129|0x000000008cb00000, 0x000000008cc00000, 0x000000008cc00000|100%| O|  |TAMS 0x000000008cbfb400, 0x000000008cc00000| Untracked 
| 130|0x000000008cc00000, 0x000000008cd00000, 0x000000008cd00000|100%|HS|  |TAMS 0x000000008cd00000, 0x000000008cd00000| Complete 
| 131|0x000000008cd00000, 0x000000008ce00000, 0x000000008ce00000|100%|HC|  |TAMS 0x000000008ce00000, 0x000000008ce00000| Complete 
| 132|0x000000008ce00000, 0x000000008cf00000, 0x000000008cf00000|100%|HS|  |TAMS 0x000000008cf00000, 0x000000008cf00000| Complete 
| 133|0x000000008cf00000, 0x000000008d000000, 0x000000008d000000|100%|HC|  |TAMS 0x000000008d000000, 0x000000008d000000| Complete 
| 134|0x000000008d000000, 0x000000008d100000, 0x000000008d100000|100%|HS|  |TAMS 0x000000008d100000, 0x000000008d100000| Complete 
| 135|0x000000008d100000, 0x000000008d200000, 0x000000008d200000|100%|HC|  |TAMS 0x000000008d200000, 0x000000008d200000| Complete 
| 136|0x000000008d200000, 0x000000008d300000, 0x000000008d300000|100%|HS|  |TAMS 0x000000008d300000, 0x000000008d300000| Complete 
| 137|0x000000008d300000, 0x000000008d400000, 0x000000008d400000|100%|HC|  |TAMS 0x000000008d400000, 0x000000008d400000| Complete 
| 138|0x000000008d400000, 0x000000008d500000, 0x000000008d500000|100%|HS|  |TAMS 0x000000008d500000, 0x000000008d500000| Complete 
| 139|0x000000008d500000, 0x000000008d600000, 0x000000008d600000|100%|HC|  |TAMS 0x000000008d600000, 0x000000008d600000| Complete 
| 140|0x000000008d600000, 0x000000008d700000, 0x000000008d700000|100%|HS|  |TAMS 0x000000008d700000, 0x000000008d700000| Complete 
| 141|0x000000008d700000, 0x000000008d800000, 0x000000008d800000|100%|HC|  |TAMS 0x000000008d800000, 0x000000008d800000| Complete 
| 142|0x000000008d800000, 0x000000008d900000, 0x000000008d900000|100%|HS|  |TAMS 0x000000008d900000, 0x000000008d900000| Complete 
| 143|0x000000008d900000, 0x000000008da00000, 0x000000008da00000|100%|HC|  |TAMS 0x000000008da00000, 0x000000008da00000| Complete 
| 144|0x000000008da00000, 0x000000008db00000, 0x000000008db00000|100%|HS|  |TAMS 0x000000008db00000, 0x000000008db00000| Complete 
| 145|0x000000008db00000, 0x000000008dc00000, 0x000000008dc00000|100%|HC|  |TAMS 0x000000008dc00000, 0x000000008dc00000| Complete 
| 146|0x000000008dc00000, 0x000000008dd00000, 0x000000008dd00000|100%|HS|  |TAMS 0x000000008dd00000, 0x000000008dd00000| Complete 
| 147|0x000000008dd00000, 0x000000008de00000, 0x000000008de00000|100%|HC|  |TAMS 0x000000008de00000, 0x000000008de00000| Complete 
| 148|0x000000008de00000, 0x000000008de09000, 0x000000008df00000|  3%| O|  |TAMS 0x000000008de00000, 0x000000008de06000| Untracked 
| 149|0x000000008df00000, 0x000000008e000000, 0x000000008e000000|100%|HS|  |TAMS 0x000000008df00000, 0x000000008e000000| Complete 
| 150|0x000000008e000000, 0x000000008e100000, 0x000000008e100000|100%|HC|  |TAMS 0x000000008e000000, 0x000000008e100000| Complete 
| 151|0x000000008e100000, 0x000000008e200000, 0x000000008e200000|100%|HS|  |TAMS 0x000000008e100000, 0x000000008e200000| Complete 
| 152|0x000000008e200000, 0x000000008e300000, 0x000000008e300000|100%|HC|  |TAMS 0x000000008e200000, 0x000000008e300000| Complete 
| 153|0x000000008e300000, 0x000000008e300000, 0x000000008e400000|  0%| F|  |TAMS 0x000000008e300000, 0x000000008e300000| Untracked 
| 154|0x000000008e400000, 0x000000008e400000, 0x000000008e500000|  0%| F|  |TAMS 0x000000008e400000, 0x000000008e400000| Untracked 
| 155|0x000000008e500000, 0x000000008e500000, 0x000000008e600000|  0%| F|  |TAMS 0x000000008e500000, 0x000000008e500000| Untracked 
| 156|0x000000008e600000, 0x000000008e600000, 0x000000008e700000|  0%| F|  |TAMS 0x000000008e600000, 0x000000008e600000| Untracked 
| 157|0x000000008e700000, 0x000000008e700000, 0x000000008e800000|  0%| F|  |TAMS 0x000000008e700000, 0x000000008e700000| Untracked 
| 158|0x000000008e800000, 0x000000008e800000, 0x000000008e900000|  0%| F|  |TAMS 0x000000008e800000, 0x000000008e800000| Untracked 
| 159|0x000000008e900000, 0x000000008e900000, 0x000000008ea00000|  0%| F|  |TAMS 0x000000008e900000, 0x000000008e900000| Untracked 
| 160|0x000000008ea00000, 0x000000008ea00000, 0x000000008eb00000|  0%| F|  |TAMS 0x000000008ea00000, 0x000000008ea00000| Untracked 
| 161|0x000000008eb00000, 0x000000008eb00000, 0x000000008ec00000|  0%| F|  |TAMS 0x000000008eb00000, 0x000000008eb00000| Untracked 
| 162|0x000000008ec00000, 0x000000008ec00000, 0x000000008ed00000|  0%| F|  |TAMS 0x000000008ec00000, 0x000000008ec00000| Untracked 
| 163|0x000000008ed00000, 0x000000008ed00000, 0x000000008ee00000|  0%| F|  |TAMS 0x000000008ed00000, 0x000000008ed00000| Untracked 
| 164|0x000000008ee00000, 0x000000008ee00000, 0x000000008ef00000|  0%| F|  |TAMS 0x000000008ee00000, 0x000000008ee00000| Untracked 
| 165|0x000000008ef00000, 0x000000008ef00000, 0x000000008f000000|  0%| F|  |TAMS 0x000000008ef00000, 0x000000008ef00000| Untracked 
| 166|0x000000008f000000, 0x000000008f000000, 0x000000008f100000|  0%| F|  |TAMS 0x000000008f000000, 0x000000008f000000| Untracked 
| 167|0x000000008f100000, 0x000000008f100000, 0x000000008f200000|  0%| F|  |TAMS 0x000000008f100000, 0x000000008f100000| Untracked 
| 168|0x000000008f200000, 0x000000008f200000, 0x000000008f300000|  0%| F|  |TAMS 0x000000008f200000, 0x000000008f200000| Untracked 
| 169|0x000000008f300000, 0x000000008f300000, 0x000000008f400000|  0%| F|  |TAMS 0x000000008f300000, 0x000000008f300000| Untracked 
| 170|0x000000008f400000, 0x000000008f400000, 0x000000008f500000|  0%| F|  |TAMS 0x000000008f400000, 0x000000008f400000| Untracked 
| 171|0x000000008f500000, 0x000000008f500000, 0x000000008f600000|  0%| F|  |TAMS 0x000000008f500000, 0x000000008f500000| Untracked 
| 172|0x000000008f600000, 0x000000008f600000, 0x000000008f700000|  0%| F|  |TAMS 0x000000008f600000, 0x000000008f600000| Untracked 
| 173|0x000000008f700000, 0x000000008f700000, 0x000000008f800000|  0%| F|  |TAMS 0x000000008f700000, 0x000000008f700000| Untracked 
| 174|0x000000008f800000, 0x000000008f800000, 0x000000008f900000|  0%| F|  |TAMS 0x000000008f800000, 0x000000008f800000| Untracked 
| 175|0x000000008f900000, 0x000000008f900000, 0x000000008fa00000|  0%| F|  |TAMS 0x000000008f900000, 0x000000008f900000| Untracked 
| 176|0x000000008fa00000, 0x000000008fa00000, 0x000000008fb00000|  0%| F|  |TAMS 0x000000008fa00000, 0x000000008fa00000| Untracked 
| 177|0x000000008fb00000, 0x000000008fb00000, 0x000000008fc00000|  0%| F|  |TAMS 0x000000008fb00000, 0x000000008fb00000| Untracked 
| 178|0x000000008fc00000, 0x000000008fc00000, 0x000000008fd00000|  0%| F|  |TAMS 0x000000008fc00000, 0x000000008fc00000| Untracked 
| 179|0x000000008fd00000, 0x000000008fd00000, 0x000000008fe00000|  0%| F|  |TAMS 0x000000008fd00000, 0x000000008fd00000| Untracked 
| 180|0x000000008fe00000, 0x000000008fe00000, 0x000000008ff00000|  0%| F|  |TAMS 0x000000008fe00000, 0x000000008fe00000| Untracked 
| 181|0x000000008ff00000, 0x000000008ff00000, 0x0000000090000000|  0%| F|  |TAMS 0x000000008ff00000, 0x000000008ff00000| Untracked 
| 182|0x0000000090000000, 0x0000000090000000, 0x0000000090100000|  0%| F|  |TAMS 0x0000000090000000, 0x0000000090000000| Untracked 
| 183|0x0000000090100000, 0x0000000090100000, 0x0000000090200000|  0%| F|  |TAMS 0x0000000090100000, 0x0000000090100000| Untracked 
| 184|0x0000000090200000, 0x0000000090200000, 0x0000000090300000|  0%| F|  |TAMS 0x0000000090200000, 0x0000000090200000| Untracked 
| 185|0x0000000090300000, 0x0000000090300000, 0x0000000090400000|  0%| F|  |TAMS 0x0000000090300000, 0x0000000090300000| Untracked 
| 186|0x0000000090400000, 0x0000000090400000, 0x0000000090500000|  0%| F|  |TAMS 0x0000000090400000, 0x0000000090400000| Untracked 
| 187|0x0000000090500000, 0x0000000090500000, 0x0000000090600000|  0%| F|  |TAMS 0x0000000090500000, 0x0000000090500000| Untracked 
| 188|0x0000000090600000, 0x0000000090600000, 0x0000000090700000|  0%| F|  |TAMS 0x0000000090600000, 0x0000000090600000| Untracked 
| 189|0x0000000090700000, 0x0000000090700000, 0x0000000090800000|  0%| F|  |TAMS 0x0000000090700000, 0x0000000090700000| Untracked 
| 190|0x0000000090800000, 0x0000000090800000, 0x0000000090900000|  0%| F|  |TAMS 0x0000000090800000, 0x0000000090800000| Untracked 
| 191|0x0000000090900000, 0x0000000090900000, 0x0000000090a00000|  0%| F|  |TAMS 0x0000000090900000, 0x0000000090900000| Untracked 
| 192|0x0000000090a00000, 0x0000000090a00000, 0x0000000090b00000|  0%| F|  |TAMS 0x0000000090a00000, 0x0000000090a00000| Untracked 
| 193|0x0000000090b00000, 0x0000000090b00000, 0x0000000090c00000|  0%| F|  |TAMS 0x0000000090b00000, 0x0000000090b00000| Untracked 
| 194|0x0000000090c00000, 0x0000000090c00000, 0x0000000090d00000|  0%| F|  |TAMS 0x0000000090c00000, 0x0000000090c00000| Untracked 
| 195|0x0000000090d00000, 0x0000000090d00000, 0x0000000090e00000|  0%| F|  |TAMS 0x0000000090d00000, 0x0000000090d00000| Untracked 
| 196|0x0000000090e00000, 0x0000000090e00000, 0x0000000090f00000|  0%| F|  |TAMS 0x0000000090e00000, 0x0000000090e00000| Untracked 
| 197|0x0000000090f00000, 0x0000000090f00000, 0x0000000091000000|  0%| F|  |TAMS 0x0000000090f00000, 0x0000000090f00000| Untracked 
| 198|0x0000000091000000, 0x0000000091000000, 0x0000000091100000|  0%| F|  |TAMS 0x0000000091000000, 0x0000000091000000| Untracked 
| 199|0x0000000091100000, 0x0000000091100000, 0x0000000091200000|  0%| F|  |TAMS 0x0000000091100000, 0x0000000091100000| Untracked 
| 200|0x0000000091200000, 0x0000000091200000, 0x0000000091300000|  0%| F|  |TAMS 0x0000000091200000, 0x0000000091200000| Untracked 
| 201|0x0000000091300000, 0x0000000091300000, 0x0000000091400000|  0%| F|  |TAMS 0x0000000091300000, 0x0000000091300000| Untracked 
| 202|0x0000000091400000, 0x0000000091400000, 0x0000000091500000|  0%| F|  |TAMS 0x0000000091400000, 0x0000000091400000| Untracked 
| 203|0x0000000091500000, 0x0000000091500000, 0x0000000091600000|  0%| F|  |TAMS 0x0000000091500000, 0x0000000091500000| Untracked 
| 204|0x0000000091600000, 0x0000000091600000, 0x0000000091700000|  0%| F|  |TAMS 0x0000000091600000, 0x0000000091600000| Untracked 
| 205|0x0000000091700000, 0x0000000091700000, 0x0000000091800000|  0%| F|  |TAMS 0x0000000091700000, 0x0000000091700000| Untracked 
| 206|0x0000000091800000, 0x0000000091800000, 0x0000000091900000|  0%| F|  |TAMS 0x0000000091800000, 0x0000000091800000| Untracked 
| 207|0x0000000091900000, 0x0000000091900000, 0x0000000091a00000|  0%| F|  |TAMS 0x0000000091900000, 0x0000000091900000| Untracked 
| 208|0x0000000091a00000, 0x0000000091a00000, 0x0000000091b00000|  0%| F|  |TAMS 0x0000000091a00000, 0x0000000091a00000| Untracked 
| 209|0x0000000091b00000, 0x0000000091b00000, 0x0000000091c00000|  0%| F|  |TAMS 0x0000000091b00000, 0x0000000091b00000| Untracked 
| 210|0x0000000091c00000, 0x0000000091c00000, 0x0000000091d00000|  0%| F|  |TAMS 0x0000000091c00000, 0x0000000091c00000| Untracked 
| 211|0x0000000091d00000, 0x0000000091d00000, 0x0000000091e00000|  0%| F|  |TAMS 0x0000000091d00000, 0x0000000091d00000| Untracked 
| 212|0x0000000091e00000, 0x0000000091e00000, 0x0000000091f00000|  0%| F|  |TAMS 0x0000000091e00000, 0x0000000091e00000| Untracked 
| 213|0x0000000091f00000, 0x0000000091f00000, 0x0000000092000000|  0%| F|  |TAMS 0x0000000091f00000, 0x0000000091f00000| Untracked 
| 214|0x0000000092000000, 0x0000000092000000, 0x0000000092100000|  0%| F|  |TAMS 0x0000000092000000, 0x0000000092000000| Untracked 
| 215|0x0000000092100000, 0x0000000092100000, 0x0000000092200000|  0%| F|  |TAMS 0x0000000092100000, 0x0000000092100000| Untracked 
| 216|0x0000000092200000, 0x0000000092200000, 0x0000000092300000|  0%| F|  |TAMS 0x0000000092200000, 0x0000000092200000| Untracked 
| 217|0x0000000092300000, 0x0000000092300000, 0x0000000092400000|  0%| F|  |TAMS 0x0000000092300000, 0x0000000092300000| Untracked 
| 218|0x0000000092400000, 0x0000000092400000, 0x0000000092500000|  0%| F|  |TAMS 0x0000000092400000, 0x0000000092400000| Untracked 
| 219|0x0000000092500000, 0x0000000092500000, 0x0000000092600000|  0%| F|  |TAMS 0x0000000092500000, 0x0000000092500000| Untracked 
| 220|0x0000000092600000, 0x0000000092600000, 0x0000000092700000|  0%| F|  |TAMS 0x0000000092600000, 0x0000000092600000| Untracked 
| 221|0x0000000092700000, 0x0000000092700000, 0x0000000092800000|  0%| F|  |TAMS 0x0000000092700000, 0x0000000092700000| Untracked 
| 222|0x0000000092800000, 0x0000000092800000, 0x0000000092900000|  0%| F|  |TAMS 0x0000000092800000, 0x0000000092800000| Untracked 
| 223|0x0000000092900000, 0x0000000092900000, 0x0000000092a00000|  0%| F|  |TAMS 0x0000000092900000, 0x0000000092900000| Untracked 
| 224|0x0000000092a00000, 0x0000000092a00000, 0x0000000092b00000|  0%| F|  |TAMS 0x0000000092a00000, 0x0000000092a00000| Untracked 
| 225|0x0000000092b00000, 0x0000000092b00000, 0x0000000092c00000|  0%| F|  |TAMS 0x0000000092b00000, 0x0000000092b00000| Untracked 
| 226|0x0000000092c00000, 0x0000000092c00000, 0x0000000092d00000|  0%| F|  |TAMS 0x0000000092c00000, 0x0000000092c00000| Untracked 
| 227|0x0000000092d00000, 0x0000000092d00000, 0x0000000092e00000|  0%| F|  |TAMS 0x0000000092d00000, 0x0000000092d00000| Untracked 
| 228|0x0000000092e00000, 0x0000000092e00000, 0x0000000092f00000|  0%| F|  |TAMS 0x0000000092e00000, 0x0000000092e00000| Untracked 
| 229|0x0000000092f00000, 0x0000000092f00000, 0x0000000093000000|  0%| F|  |TAMS 0x0000000092f00000, 0x0000000092f00000| Untracked 
| 230|0x0000000093000000, 0x0000000093000000, 0x0000000093100000|  0%| F|  |TAMS 0x0000000093000000, 0x0000000093000000| Untracked 
| 231|0x0000000093100000, 0x0000000093100000, 0x0000000093200000|  0%| F|  |TAMS 0x0000000093100000, 0x0000000093100000| Untracked 
| 232|0x0000000093200000, 0x0000000093200000, 0x0000000093300000|  0%| F|  |TAMS 0x0000000093200000, 0x0000000093200000| Untracked 
| 233|0x0000000093300000, 0x0000000093300000, 0x0000000093400000|  0%| F|  |TAMS 0x0000000093300000, 0x0000000093300000| Untracked 
| 234|0x0000000093400000, 0x0000000093400000, 0x0000000093500000|  0%| F|  |TAMS 0x0000000093400000, 0x0000000093400000| Untracked 
| 235|0x0000000093500000, 0x0000000093500000, 0x0000000093600000|  0%| F|  |TAMS 0x0000000093500000, 0x0000000093500000| Untracked 
| 236|0x0000000093600000, 0x0000000093600000, 0x0000000093700000|  0%| F|  |TAMS 0x0000000093600000, 0x0000000093600000| Untracked 
| 237|0x0000000093700000, 0x0000000093700000, 0x0000000093800000|  0%| F|  |TAMS 0x0000000093700000, 0x0000000093700000| Untracked 
| 238|0x0000000093800000, 0x0000000093800000, 0x0000000093900000|  0%| F|  |TAMS 0x0000000093800000, 0x0000000093800000| Untracked 
| 239|0x0000000093900000, 0x0000000093900000, 0x0000000093a00000|  0%| F|  |TAMS 0x0000000093900000, 0x0000000093900000| Untracked 
| 240|0x0000000093a00000, 0x0000000093a00000, 0x0000000093b00000|  0%| F|  |TAMS 0x0000000093a00000, 0x0000000093a00000| Untracked 
| 241|0x0000000093b00000, 0x0000000093b00000, 0x0000000093c00000|  0%| F|  |TAMS 0x0000000093b00000, 0x0000000093b00000| Untracked 
| 242|0x0000000093c00000, 0x0000000093c00000, 0x0000000093d00000|  0%| F|  |TAMS 0x0000000093c00000, 0x0000000093c00000| Untracked 
| 243|0x0000000093d00000, 0x0000000093d00000, 0x0000000093e00000|  0%| F|  |TAMS 0x0000000093d00000, 0x0000000093d00000| Untracked 
| 244|0x0000000093e00000, 0x0000000093e00000, 0x0000000093f00000|  0%| F|  |TAMS 0x0000000093e00000, 0x0000000093e00000| Untracked 
| 245|0x0000000093f00000, 0x0000000093f00000, 0x0000000094000000|  0%| F|  |TAMS 0x0000000093f00000, 0x0000000093f00000| Untracked 
| 246|0x0000000094000000, 0x0000000094000000, 0x0000000094100000|  0%| F|  |TAMS 0x0000000094000000, 0x0000000094000000| Untracked 
| 247|0x0000000094100000, 0x0000000094100000, 0x0000000094200000|  0%| F|  |TAMS 0x0000000094100000, 0x0000000094100000| Untracked 
| 248|0x0000000094200000, 0x0000000094200000, 0x0000000094300000|  0%| F|  |TAMS 0x0000000094200000, 0x0000000094200000| Untracked 
| 249|0x0000000094300000, 0x0000000094300000, 0x0000000094400000|  0%| F|  |TAMS 0x0000000094300000, 0x0000000094300000| Untracked 
| 250|0x0000000094400000, 0x0000000094400000, 0x0000000094500000|  0%| F|  |TAMS 0x0000000094400000, 0x0000000094400000| Untracked 
| 251|0x0000000094500000, 0x0000000094500000, 0x0000000094600000|  0%| F|  |TAMS 0x0000000094500000, 0x0000000094500000| Untracked 
| 252|0x0000000094600000, 0x0000000094600000, 0x0000000094700000|  0%| F|  |TAMS 0x0000000094600000, 0x0000000094600000| Untracked 
| 253|0x0000000094700000, 0x0000000094700000, 0x0000000094800000|  0%| F|  |TAMS 0x0000000094700000, 0x0000000094700000| Untracked 
| 254|0x0000000094800000, 0x0000000094800000, 0x0000000094900000|  0%| F|  |TAMS 0x0000000094800000, 0x0000000094800000| Untracked 
| 255|0x0000000094900000, 0x0000000094900000, 0x0000000094a00000|  0%| F|  |TAMS 0x0000000094900000, 0x0000000094900000| Untracked 
| 256|0x0000000094a00000, 0x0000000094a00000, 0x0000000094b00000|  0%| F|  |TAMS 0x0000000094a00000, 0x0000000094a00000| Untracked 
| 257|0x0000000094b00000, 0x0000000094b00000, 0x0000000094c00000|  0%| F|  |TAMS 0x0000000094b00000, 0x0000000094b00000| Untracked 
| 258|0x0000000094c00000, 0x0000000094c57890, 0x0000000094d00000| 34%| S|CS|TAMS 0x0000000094c00000, 0x0000000094c00000| Complete 

Card table byte_map: [0x00000189e9e90000,0x00000189ea270000] _byte_map_base: 0x00000189e9a6b000

Marking Bits (Prev, Next): (CMBitMap*) 0x00000189d2d24750, (CMBitMap*) 0x00000189d2d24790
 Prev Bits: [0x00000189ea650000, 0x00000189ec528000)
 Next Bits: [0x00000189ec530000, 0x00000189ee408000)

Polling page: 0x00000189d0c60000

Metaspace:

Usage:
  Non-class:     13.21 MB used.
      Class:      1.97 MB used.
       Both:     15.18 MB used.

Virtual space:
  Non-class space:       16.00 MB reserved,      13.31 MB ( 83%) committed,  2 nodes.
      Class space:        1.00 GB reserved,       2.12 MB ( <1%) committed,  1 nodes.
             Both:        1.02 GB reserved,      15.44 MB (  1%) committed. 

Chunk freelists:
   Non-Class:  2.56 MB
       Class:  1.86 MB
        Both:  4.42 MB

MaxMetaspaceSize: unlimited
CompressedClassSpaceSize: 1.00 GB
Initial GC threshold: 21.00 MB
Current GC threshold: 25.62 MB
CDS: on
MetaspaceReclaimPolicy: balanced
 - commit_granule_bytes: 65536.
 - commit_granule_words: 8192.
 - virtual_space_node_default_size: 1048576.
 - enlarge_chunks_in_place: 1.
 - new_chunks_are_fully_committed: 0.
 - uncommit_free_chunks: 1.
 - use_allocation_guard: 0.
 - handle_deallocations: 1.


Internal statistics:

num_allocs_failed_limit: 0.
num_arena_births: 238.
num_arena_deaths: 0.
num_vsnodes_births: 3.
num_vsnodes_deaths: 0.
num_space_committed: 247.
num_space_uncommitted: 0.
num_chunks_returned_to_freelist: 0.
num_chunks_taken_from_freelist: 727.
num_chunk_merges: 0.
num_chunk_splits: 517.
num_chunks_enlarged: 396.
num_purges: 0.
num_inconsistent_stats: 0.

CodeHeap 'non-profiled nmethods': size=120000Kb used=859Kb max_used=859Kb free=119140Kb
 bounds [0x00000189e2020000, 0x00000189e2290000, 0x00000189e9550000]
CodeHeap 'profiled nmethods': size=120000Kb used=4062Kb max_used=4062Kb free=115937Kb
 bounds [0x00000189da550000, 0x00000189da950000, 0x00000189e1a80000]
CodeHeap 'non-nmethods': size=5760Kb used=1370Kb max_used=1407Kb free=4389Kb
 bounds [0x00000189e1a80000, 0x00000189e1cf0000, 0x00000189e2020000]
 total_blobs=2912 nmethods=2205 adapters=619
 compilation: enabled
              stopped_count=0, restarted_count=0
 full_count=0

Compilation events (20 events):
Event: 2.289 Thread 0x00000189f105cda0 nmethod 2196 0x00000189da93fd90 code [0x00000189da93ff60, 0x00000189da9404d8]
Event: 2.289 Thread 0x00000189f105cda0 2197       1       java.util.Collections$SingletonList::size (2 bytes)
Event: 2.289 Thread 0x00000189f105cda0 nmethod 2197 0x00000189e20f6690 code [0x00000189e20f6820, 0x00000189e20f68f8]
Event: 2.289 Thread 0x00000189f105cda0 2198       3       java.util.regex.Matcher::reset (128 bytes)
Event: 2.290 Thread 0x00000189f105cda0 nmethod 2198 0x00000189da940690 code [0x00000189da940880, 0x00000189da940e88]
Event: 2.290 Thread 0x00000189f105cda0 2199       3       java.util.regex.Pattern$Branch::match (66 bytes)
Event: 2.290 Thread 0x00000189f105cda0 nmethod 2199 0x00000189da941110 code [0x00000189da9412e0, 0x00000189da9417b8]
Event: 2.290 Thread 0x00000189f105cda0 2200  s!   3       com.sun.javafx.tk.Toolkit::getToolkit (244 bytes)
Event: 2.292 Thread 0x00000189f105cda0 nmethod 2200 0x00000189da941990 code [0x00000189da941fa0, 0x00000189da945158]
Event: 2.292 Thread 0x00000189f105cda0 2201       3       sun.nio.fs.NativeBuffers::getNativeBufferFromCache (51 bytes)
Event: 2.292 Thread 0x00000189f105cda0 nmethod 2201 0x00000189da946490 code [0x00000189da946680, 0x00000189da946cc8]
Event: 2.292 Thread 0x00000189f105cda0 2202       3       sun.nio.fs.NativeBuffer::release (5 bytes)
Event: 2.292 Thread 0x00000189f105cda0 nmethod 2202 0x00000189da946e90 code [0x00000189da947020, 0x00000189da947148]
Event: 2.292 Thread 0x00000189f105cda0 2203       1       javafx.scene.control.TextArea$TextAreaContent::length (5 bytes)
Event: 2.292 Thread 0x00000189f105cda0 nmethod 2203 0x00000189e20f6990 code [0x00000189e20f6b20, 0x00000189e20f6bf8]
Event: 2.295 Thread 0x00000189f105cda0 2204       3       java.util.EnumSet::allOf (11 bytes)
Event: 2.296 Thread 0x00000189f105cda0 nmethod 2204 0x00000189da947210 code [0x00000189da9473c0, 0x00000189da9475b8]
Event: 2.296 Thread 0x00000189f105cda0 2205       3       java.util.RegularEnumSet::addAll (23 bytes)
Event: 2.296 Thread 0x00000189f105cda0 nmethod 2205 0x00000189da947690 code [0x00000189da947820, 0x00000189da947978]
Event: 2.300 Thread 0x00000189f105cda0 2206       3       javafx.scene.Node::<init> (247 bytes)

GC Heap History (20 events):
Event: 2.211 GC heap after
{Heap after GC invocations=35 (full 0):
 garbage-first heap   total 249856K, used 121178K [0x0000000084a00000, 0x0000000100000000)
  region size 1024K, 3 young (3072K), 3 survivors (3072K)
 Metaspace       used 15491K, committed 15808K, reserved 1064960K
  class space    used 2012K, committed 2176K, reserved 1048576K
}
Event: 2.224 GC heap before
{Heap before GC invocations=36 (full 0):
 garbage-first heap   total 249856K, used 127322K [0x0000000084a00000, 0x0000000100000000)
  region size 1024K, 4 young (4096K), 3 survivors (3072K)
 Metaspace       used 15500K, committed 15808K, reserved 1064960K
  class space    used 2012K, committed 2176K, reserved 1048576K
}
Event: 2.226 GC heap after
{Heap after GC invocations=37 (full 0):
 garbage-first heap   total 249856K, used 127503K [0x0000000084a00000, 0x0000000100000000)
  region size 1024K, 3 young (3072K), 3 survivors (3072K)
 Metaspace       used 15500K, committed 15808K, reserved 1064960K
  class space    used 2012K, committed 2176K, reserved 1048576K
}
Event: 2.232 GC heap before
{Heap before GC invocations=38 (full 0):
 garbage-first heap   total 249856K, used 131599K [0x0000000084a00000, 0x0000000100000000)
  region size 1024K, 4 young (4096K), 3 survivors (3072K)
 Metaspace       used 15501K, committed 15808K, reserved 1064960K
  class space    used 2012K, committed 2176K, reserved 1048576K
}
Event: 2.233 GC heap after
{Heap after GC invocations=39 (full 0):
 garbage-first heap   total 249856K, used 131198K [0x0000000084a00000, 0x0000000100000000)
  region size 1024K, 2 young (2048K), 2 survivors (2048K)
 Metaspace       used 15501K, committed 15808K, reserved 1064960K
  class space    used 2012K, committed 2176K, reserved 1048576K
}
Event: 2.241 GC heap before
{Heap before GC invocations=40 (full 0):
 garbage-first heap   total 249856K, used 133246K [0x0000000084a00000, 0x0000000100000000)
  region size 1024K, 3 young (3072K), 2 survivors (2048K)
 Metaspace       used 15501K, committed 15808K, reserved 1064960K
  class space    used 2012K, committed 2176K, reserved 1048576K
}
Event: 2.243 GC heap after
{Heap after GC invocations=41 (full 0):
 garbage-first heap   total 249856K, used 133667K [0x0000000084a00000, 0x0000000100000000)
  region size 1024K, 1 young (1024K), 1 survivors (1024K)
 Metaspace       used 15501K, committed 15808K, reserved 1064960K
  class space    used 2012K, committed 2176K, reserved 1048576K
}
Event: 2.251 GC heap before
{Heap before GC invocations=42 (full 0):
 garbage-first heap   total 249856K, used 137763K [0x0000000084a00000, 0x0000000100000000)
  region size 1024K, 2 young (2048K), 1 survivors (1024K)
 Metaspace       used 15509K, committed 15808K, reserved 1064960K
  class space    used 2012K, committed 2176K, reserved 1048576K
}
Event: 2.251 GC heap after
{Heap after GC invocations=43 (full 0):
 garbage-first heap   total 249856K, used 137449K [0x0000000084a00000, 0x0000000100000000)
  region size 1024K, 1 young (1024K), 1 survivors (1024K)
 Metaspace       used 15509K, committed 15808K, reserved 1064960K
  class space    used 2012K, committed 2176K, reserved 1048576K
}
Event: 2.259 GC heap before
{Heap before GC invocations=44 (full 0):
 garbage-first heap   total 249856K, used 139497K [0x0000000084a00000, 0x0000000100000000)
  region size 1024K, 2 young (2048K), 1 survivors (1024K)
 Metaspace       used 15518K, committed 15808K, reserved 1064960K
  class space    used 2012K, committed 2176K, reserved 1048576K
}
Event: 2.259 GC heap after
{Heap after GC invocations=45 (full 0):
 garbage-first heap   total 249856K, used 139810K [0x0000000084a00000, 0x0000000100000000)
  region size 1024K, 1 young (1024K), 1 survivors (1024K)
 Metaspace       used 15518K, committed 15808K, reserved 1064960K
  class space    used 2012K, committed 2176K, reserved 1048576K
}
Event: 2.266 GC heap before
{Heap before GC invocations=46 (full 0):
 garbage-first heap   total 249856K, used 143906K [0x0000000084a00000, 0x0000000100000000)
  region size 1024K, 2 young (2048K), 1 survivors (1024K)
 Metaspace       used 15519K, committed 15808K, reserved 1064960K
  class space    used 2012K, committed 2176K, reserved 1048576K
}
Event: 2.266 GC heap after
{Heap after GC invocations=47 (full 0):
 garbage-first heap   total 249856K, used 143646K [0x0000000084a00000, 0x0000000100000000)
  region size 1024K, 1 young (1024K), 1 survivors (1024K)
 Metaspace       used 15519K, committed 15808K, reserved 1064960K
  class space    used 2012K, committed 2176K, reserved 1048576K
}
Event: 2.274 GC heap before
{Heap before GC invocations=48 (full 0):
 garbage-first heap   total 249856K, used 145694K [0x0000000084a00000, 0x0000000100000000)
  region size 1024K, 2 young (2048K), 1 survivors (1024K)
 Metaspace       used 15522K, committed 15808K, reserved 1064960K
  class space    used 2012K, committed 2176K, reserved 1048576K
}
Event: 2.275 GC heap after
{Heap after GC invocations=49 (full 0):
 garbage-first heap   total 249856K, used 145999K [0x0000000084a00000, 0x0000000100000000)
  region size 1024K, 1 young (1024K), 1 survivors (1024K)
 Metaspace       used 15522K, committed 15808K, reserved 1064960K
  class space    used 2012K, committed 2176K, reserved 1048576K
}
Event: 2.282 GC heap before
{Heap before GC invocations=50 (full 0):
 garbage-first heap   total 252928K, used 150095K [0x0000000084a00000, 0x0000000100000000)
  region size 1024K, 2 young (2048K), 1 survivors (1024K)
 Metaspace       used 15522K, committed 15808K, reserved 1064960K
  class space    used 2012K, committed 2176K, reserved 1048576K
}
Event: 2.283 GC heap after
{Heap after GC invocations=51 (full 0):
 garbage-first heap   total 252928K, used 149847K [0x0000000084a00000, 0x0000000100000000)
  region size 1024K, 1 young (1024K), 1 survivors (1024K)
 Metaspace       used 15522K, committed 15808K, reserved 1064960K
  class space    used 2012K, committed 2176K, reserved 1048576K
}
Event: 2.293 GC heap before
{Heap before GC invocations=52 (full 0):
 garbage-first heap   total 256000K, used 151895K [0x0000000084a00000, 0x0000000100000000)
  region size 1024K, 2 young (2048K), 1 survivors (1024K)
 Metaspace       used 15536K, committed 15808K, reserved 1064960K
  class space    used 2012K, committed 2176K, reserved 1048576K
}
Event: 2.293 GC heap after
{Heap after GC invocations=53 (full 0):
 garbage-first heap   total 256000K, used 152183K [0x0000000084a00000, 0x0000000100000000)
  region size 1024K, 1 young (1024K), 1 survivors (1024K)
 Metaspace       used 15536K, committed 15808K, reserved 1064960K
  class space    used 2012K, committed 2176K, reserved 1048576K
}
Event: 2.301 GC heap before
{Heap before GC invocations=54 (full 0):
 garbage-first heap   total 265216K, used 156279K [0x0000000084a00000, 0x0000000100000000)
  region size 1024K, 2 young (2048K), 1 survivors (1024K)
 Metaspace       used 15541K, committed 15808K, reserved 1064960K
  class space    used 2012K, committed 2176K, reserved 1048576K
}

Deoptimization events (20 events):
Event: 2.053 Thread 0x00000189f2503040 Uncommon trap: trap_request=0xffffff45 fr.pc=0x00000189e209c280 relative=0x00000000000001c0
Event: 2.053 Thread 0x00000189f2503040 Uncommon trap: reason=unstable_if action=reinterpret pc=0x00000189e209c280 method=java.io.WinNTFileSystem.normalize(Ljava/lang/String;)Ljava/lang/String; @ 128 c2
Event: 2.053 Thread 0x00000189f2503040 DEOPT PACKING pc=0x00000189e209c280 sp=0x0000005360cfd630
Event: 2.053 Thread 0x00000189f2503040 DEOPT UNPACKING pc=0x00000189e1ad5ba3 sp=0x0000005360cfd5b8 mode 2
Event: 2.075 Thread 0x00000189f2503040 Uncommon trap: trap_request=0xffffffde fr.pc=0x00000189e20c1b08 relative=0x0000000000000b88
Event: 2.075 Thread 0x00000189f2503040 Uncommon trap: reason=class_check action=maybe_recompile pc=0x00000189e20c1b08 method=java.util.HashMap.putVal(ILjava/lang/Object;Ljava/lang/Object;ZZ)Ljava/lang/Object; @ 91 c2
Event: 2.075 Thread 0x00000189f2503040 DEOPT PACKING pc=0x00000189e20c1b08 sp=0x0000005360cf9ff0
Event: 2.075 Thread 0x00000189f2503040 DEOPT UNPACKING pc=0x00000189e1ad5ba3 sp=0x0000005360cf9f90 mode 2
Event: 2.102 Thread 0x00000189f2503040 Uncommon trap: trap_request=0xffffffde fr.pc=0x00000189e20c1b08 relative=0x0000000000000b88
Event: 2.102 Thread 0x00000189f2503040 Uncommon trap: reason=class_check action=maybe_recompile pc=0x00000189e20c1b08 method=java.util.HashMap.putVal(ILjava/lang/Object;Ljava/lang/Object;ZZ)Ljava/lang/Object; @ 91 c2
Event: 2.102 Thread 0x00000189f2503040 DEOPT PACKING pc=0x00000189e20c1b08 sp=0x0000005360cf9ff0
Event: 2.102 Thread 0x00000189f2503040 DEOPT UNPACKING pc=0x00000189e1ad5ba3 sp=0x0000005360cf9f90 mode 2
Event: 2.121 Thread 0x00000189f2503040 Uncommon trap: trap_request=0xffffffde fr.pc=0x00000189e20c1b08 relative=0x0000000000000b88
Event: 2.121 Thread 0x00000189f2503040 Uncommon trap: reason=class_check action=maybe_recompile pc=0x00000189e20c1b08 method=java.util.HashMap.putVal(ILjava/lang/Object;Ljava/lang/Object;ZZ)Ljava/lang/Object; @ 91 c2
Event: 2.121 Thread 0x00000189f2503040 DEOPT PACKING pc=0x00000189e20c1b08 sp=0x0000005360cf9ff0
Event: 2.121 Thread 0x00000189f2503040 DEOPT UNPACKING pc=0x00000189e1ad5ba3 sp=0x0000005360cf9f90 mode 2
Event: 2.135 Thread 0x00000189f2503040 Uncommon trap: trap_request=0xffffffde fr.pc=0x00000189e20c1b08 relative=0x0000000000000b88
Event: 2.135 Thread 0x00000189f2503040 Uncommon trap: reason=class_check action=maybe_recompile pc=0x00000189e20c1b08 method=java.util.HashMap.putVal(ILjava/lang/Object;Ljava/lang/Object;ZZ)Ljava/lang/Object; @ 91 c2
Event: 2.135 Thread 0x00000189f2503040 DEOPT PACKING pc=0x00000189e20c1b08 sp=0x0000005360cf9ff0
Event: 2.135 Thread 0x00000189f2503040 DEOPT UNPACKING pc=0x00000189e1ad5ba3 sp=0x0000005360cf9f90 mode 2

Classes unloaded (0 events):
No events

Classes redefined (0 events):
No events

Internal exceptions (20 events):
Event: 2.134 Thread 0x00000189f2503040 Exception <a 'sun/nio/fs/WindowsException'{0x000000008e417678}> (0x000000008e417678) 
thrown [s\open\src\hotspot\share\prims\jni.cpp, line 516]
Event: 2.135 Thread 0x00000189f2503040 Exception <a 'sun/nio/fs/WindowsException'{0x000000008e418830}> (0x000000008e418830) 
thrown [s\open\src\hotspot\share\prims\jni.cpp, line 516]
Event: 2.150 Thread 0x00000189f2503040 Exception <a 'sun/nio/fs/WindowsException'{0x0000000091417668}> (0x0000000091417668) 
thrown [s\open\src\hotspot\share\prims\jni.cpp, line 516]
Event: 2.150 Thread 0x00000189f2503040 Exception <a 'sun/nio/fs/WindowsException'{0x0000000091418820}> (0x0000000091418820) 
thrown [s\open\src\hotspot\share\prims\jni.cpp, line 516]
Event: 2.171 Thread 0x00000189f2503040 Exception <a 'sun/nio/fs/WindowsException'{0x000000009140a6d8}> (0x000000009140a6d8) 
thrown [s\open\src\hotspot\share\prims\jni.cpp, line 516]
Event: 2.171 Thread 0x00000189f2503040 Exception <a 'sun/nio/fs/WindowsException'{0x000000009140b890}> (0x000000009140b890) 
thrown [s\open\src\hotspot\share\prims\jni.cpp, line 516]
Event: 2.188 Thread 0x00000189f2503040 Exception <a 'sun/nio/fs/WindowsException'{0x000000009140a720}> (0x000000009140a720) 
thrown [s\open\src\hotspot\share\prims\jni.cpp, line 516]
Event: 2.188 Thread 0x00000189f2503040 Exception <a 'sun/nio/fs/WindowsException'{0x000000009140b8d8}> (0x000000009140b8d8) 
thrown [s\open\src\hotspot\share\prims\jni.cpp, line 516]
Event: 2.207 Thread 0x00000189f2503040 Exception <a 'sun/nio/fs/WindowsException'{0x0000000093d0a720}> (0x0000000093d0a720) 
thrown [s\open\src\hotspot\share\prims\jni.cpp, line 516]
Event: 2.208 Thread 0x00000189f2503040 Exception <a 'sun/nio/fs/WindowsException'{0x0000000093d0b8d8}> (0x0000000093d0b8d8) 
thrown [s\open\src\hotspot\share\prims\jni.cpp, line 516]
Event: 2.222 Thread 0x00000189f2503040 Exception <a 'sun/nio/fs/WindowsException'{0x0000000093d176e0}> (0x0000000093d176e0) 
thrown [s\open\src\hotspot\share\prims\jni.cpp, line 516]
Event: 2.223 Thread 0x00000189f2503040 Exception <a 'sun/nio/fs/WindowsException'{0x0000000093d18898}> (0x0000000093d18898) 
thrown [s\open\src\hotspot\share\prims\jni.cpp, line 516]
Event: 2.238 Thread 0x00000189f2503040 Exception <a 'sun/nio/fs/WindowsException'{0x0000000093d0a6e8}> (0x0000000093d0a6e8) 
thrown [s\open\src\hotspot\share\prims\jni.cpp, line 516]
Event: 2.239 Thread 0x00000189f2503040 Exception <a 'sun/nio/fs/WindowsException'{0x0000000093d0b8a0}> (0x0000000093d0b8a0) 
thrown [s\open\src\hotspot\share\prims\jni.cpp, line 516]
Event: 2.256 Thread 0x00000189f2503040 Exception <a 'sun/nio/fs/WindowsException'{0x0000000093d0a6f8}> (0x0000000093d0a6f8) 
thrown [s\open\src\hotspot\share\prims\jni.cpp, line 516]
Event: 2.257 Thread 0x00000189f2503040 Exception <a 'sun/nio/fs/WindowsException'{0x0000000093d0b8b0}> (0x0000000093d0b8b0) 
thrown [s\open\src\hotspot\share\prims\jni.cpp, line 516]
Event: 2.272 Thread 0x00000189f2503040 Exception <a 'sun/nio/fs/WindowsException'{0x0000000093d0a908}> (0x0000000093d0a908) 
thrown [s\open\src\hotspot\share\prims\jni.cpp, line 516]
Event: 2.272 Thread 0x00000189f2503040 Exception <a 'sun/nio/fs/WindowsException'{0x0000000093d0bac0}> (0x0000000093d0bac0) 
thrown [s\open\src\hotspot\share\prims\jni.cpp, line 516]
Event: 2.290 Thread 0x00000189f2503040 Exception <a 'sun/nio/fs/WindowsException'{0x0000000093f0a7c8}> (0x0000000093f0a7c8) 
thrown [s\open\src\hotspot\share\prims\jni.cpp, line 516]
Event: 2.291 Thread 0x00000189f2503040 Exception <a 'sun/nio/fs/WindowsException'{0x0000000093f0b980}> (0x0000000093f0b980) 
thrown [s\open\src\hotspot\share\prims\jni.cpp, line 516]

VM Operations (20 events):
Event: 2.273 Executing VM operation: G1Concurrent done
Event: 2.274 Executing VM operation: G1TryInitiateConcMark
Event: 2.275 Executing VM operation: G1TryInitiateConcMark done
Event: 2.279 Executing VM operation: G1Concurrent
Event: 2.280 Executing VM operation: G1Concurrent done
Event: 2.281 Executing VM operation: G1Concurrent
Event: 2.281 Executing VM operation: G1Concurrent done
Event: 2.282 Executing VM operation: G1TryInitiateConcMark
Event: 2.283 Executing VM operation: G1TryInitiateConcMark done
Event: 2.287 Executing VM operation: G1Concurrent
Event: 2.288 Executing VM operation: G1Concurrent done
Event: 2.290 Executing VM operation: G1Concurrent
Event: 2.290 Executing VM operation: G1Concurrent done
Event: 2.293 Executing VM operation: G1TryInitiateConcMark
Event: 2.293 Executing VM operation: G1TryInitiateConcMark done
Event: 2.297 Executing VM operation: G1Concurrent
Event: 2.298 Executing VM operation: G1Concurrent done
Event: 2.300 Executing VM operation: G1Concurrent
Event: 2.300 Executing VM operation: G1Concurrent done
Event: 2.301 Executing VM operation: G1TryInitiateConcMark

Events (20 events):
Event: 2.068 loading class java/nio/channels/InterruptibleChannel done
Event: 2.068 loading class java/nio/channels/spi/AbstractInterruptibleChannel done
Event: 2.068 loading class java/nio/channels/FileChannel done
Event: 2.068 loading class sun/nio/ch/FileChannelImpl done
Event: 2.068 loading class sun/nio/ch/NativeThreadSet
Event: 2.068 loading class sun/nio/ch/NativeThreadSet done
Event: 2.068 loading class sun/nio/ch/FileDispatcherImpl
Event: 2.068 loading class sun/nio/ch/FileDispatcher
Event: 2.068 loading class sun/nio/ch/FileDispatcher done
Event: 2.068 loading class sun/nio/ch/FileDispatcherImpl done
Event: 2.068 loading class sun/nio/ch/FileLockImpl
Event: 2.069 loading class java/nio/channels/FileLock
Event: 2.069 loading class java/nio/channels/FileLock done
Event: 2.069 loading class sun/nio/ch/FileLockImpl done
Event: 2.069 loading class sun/nio/ch/FileLockTable
Event: 2.069 loading class sun/nio/ch/FileLockTable done
Event: 2.069 loading class sun/nio/ch/FileKey
Event: 2.069 loading class sun/nio/ch/FileKey done
Event: 2.069 loading class sun/nio/ch/FileLockTable$FileLockReference
Event: 2.069 loading class sun/nio/ch/FileLockTable$FileLockReference done


Dynamic libraries:
0x00007ff628130000 - 0x00007ff628140000 	C:\Program Files\Java\jdk-17\bin\java.exe
0x00007ffb14890000 - 0x00007ffb14a88000 	C:\Windows\SYSTEM32\ntdll.dll
0x00007ffb134d0000 - 0x00007ffb1358d000 	C:\Windows\System32\KERNEL32.DLL
0x00007ffb12260000 - 0x00007ffb12556000 	C:\Windows\System32\KERNELBASE.dll
0x00007ffb12560000 - 0x00007ffb12660000 	C:\Windows\System32\ucrtbase.dll
0x00007ffafea60000 - 0x00007ffafea78000 	C:\Program Files\Java\jdk-17\bin\jli.dll
0x00007ffb07090000 - 0x00007ffb070ab000 	C:\Program Files\Java\jdk-17\bin\VCRUNTIME140.dll
0x00007ffb144b0000 - 0x00007ffb14563000 	C:\Windows\System32\ADVAPI32.dll
0x00007ffb140a0000 - 0x00007ffb1413e000 	C:\Windows\System32\msvcrt.dll
0x00007ffb12b80000 - 0x00007ffb12c1f000 	C:\Windows\System32\sechost.dll
0x00007ffb12a00000 - 0x00007ffb12b26000 	C:\Windows\System32\RPCRT4.dll
0x00007ffb12660000 - 0x00007ffb12687000 	C:\Windows\System32\bcrypt.dll
0x00007ffb14220000 - 0x00007ffb143be000 	C:\Windows\System32\USER32.dll
0x00007ffb12690000 - 0x00007ffb126b2000 	C:\Windows\System32\win32u.dll
0x00007ffae3aa0000 - 0x00007ffae3d3a000 	C:\Windows\WinSxS\amd64_microsoft.windows.common-controls_6595b64144ccf1df_6.0.19041.3636_none_60b6a03d71f818d5\COMCTL32.dll
0x00007ffb12b50000 - 0x00007ffb12b7b000 	C:\Windows\System32\GDI32.dll
0x00007ffb12140000 - 0x00007ffb12257000 	C:\Windows\System32\gdi32full.dll
0x00007ffb12830000 - 0x00007ffb128cd000 	C:\Windows\System32\msvcp_win.dll
0x00007ffb08a60000 - 0x00007ffb08a6a000 	C:\Windows\SYSTEM32\VERSION.dll
0x00007ffb13640000 - 0x00007ffb13672000 	C:\Windows\System32\IMM32.DLL
0x00007ffb0cca0000 - 0x00007ffb0ccac000 	C:\Program Files\Java\jdk-17\bin\vcruntime140_1.dll
0x00007ffad62a0000 - 0x00007ffad632e000 	C:\Program Files\Java\jdk-17\bin\msvcp140.dll
0x00007ffab5b90000 - 0x00007ffab6767000 	C:\Program Files\Java\jdk-17\bin\server\jvm.dll
0x00007ffb14570000 - 0x00007ffb14578000 	C:\Windows\System32\PSAPI.DLL
0x00007ffb02680000 - 0x00007ffb026a7000 	C:\Windows\SYSTEM32\WINMM.dll
0x00007ffafcea0000 - 0x00007ffafcea9000 	C:\Windows\SYSTEM32\WSOCK32.dll
0x00007ffb12c20000 - 0x00007ffb12c8b000 	C:\Windows\System32\WS2_32.dll
0x00007ffb107c0000 - 0x00007ffb107d2000 	C:\Windows\SYSTEM32\kernel.appcore.dll
0x00007ffb0aed0000 - 0x00007ffb0aeda000 	C:\Program Files\Java\jdk-17\bin\jimage.dll
0x00007ffb0fbc0000 - 0x00007ffb0fda4000 	C:\Windows\SYSTEM32\DBGHELP.DLL
0x00007ffb04c90000 - 0x00007ffb04cc4000 	C:\Windows\SYSTEM32\dbgcore.DLL
0x00007ffb120b0000 - 0x00007ffb12132000 	C:\Windows\System32\bcryptPrimitives.dll
0x00007ffafe9c0000 - 0x00007ffafe9e5000 	C:\Program Files\Java\jdk-17\bin\java.dll
0x00007ffac43e0000 - 0x00007ffac44b7000 	C:\Program Files\Java\jdk-17\bin\jsvml.dll
0x00007ffb13860000 - 0x00007ffb13fa5000 	C:\Windows\System32\SHELL32.dll
0x00007ffb0ffe0000 - 0x00007ffb1077c000 	C:\Windows\SYSTEM32\windows.storage.dll
0x00007ffb13170000 - 0x00007ffb134c4000 	C:\Windows\System32\combase.dll
0x00007ffb11980000 - 0x00007ffb119ae000 	C:\Windows\SYSTEM32\Wldp.dll
0x00007ffb12930000 - 0x00007ffb129fd000 	C:\Windows\System32\OLEAUT32.dll
0x00007ffb13680000 - 0x00007ffb1372d000 	C:\Windows\System32\SHCORE.dll
0x00007ffb141c0000 - 0x00007ffb14215000 	C:\Windows\System32\shlwapi.dll
0x00007ffb11e80000 - 0x00007ffb11ea5000 	C:\Windows\SYSTEM32\profapi.dll
0x00007ffafaf70000 - 0x00007ffafaf89000 	C:\Program Files\Java\jdk-17\bin\net.dll
0x00007ffb06610000 - 0x00007ffb0671a000 	C:\Windows\SYSTEM32\WINHTTP.dll
0x00007ffb116e0000 - 0x00007ffb1174a000 	C:\Windows\system32\mswsock.dll
0x00007ffadec10000 - 0x00007ffadec26000 	C:\Program Files\Java\jdk-17\bin\nio.dll
0x00007ffadebf0000 - 0x00007ffadec08000 	C:\Program Files\Java\jdk-17\bin\zip.dll
0x00000189d2c70000 - 0x00000189d2c73000 	C:\Users\WIKI\.openjfx\cache\21.0.2+5\amd64\api-ms-win-core-console-l1-1-0.dll
0x00000189d2c80000 - 0x00000189d2c83000 	C:\Users\WIKI\.openjfx\cache\21.0.2+5\amd64\api-ms-win-core-console-l1-2-0.dll
0x00000189d2c90000 - 0x00000189d2c93000 	C:\Users\WIKI\.openjfx\cache\21.0.2+5\amd64\api-ms-win-core-datetime-l1-1-0.dll
0x00000189f11f0000 - 0x00000189f11f3000 	C:\Users\WIKI\.openjfx\cache\21.0.2+5\amd64\api-ms-win-core-debug-l1-1-0.dll
0x00000189f1200000 - 0x00000189f1203000 	C:\Users\WIKI\.openjfx\cache\21.0.2+5\amd64\api-ms-win-core-errorhandling-l1-1-0.dll
0x00000189f1210000 - 0x00000189f1214000 	C:\Users\WIKI\.openjfx\cache\21.0.2+5\amd64\api-ms-win-core-file-l1-1-0.dll
0x00000189f1220000 - 0x00000189f1223000 	C:\Users\WIKI\.openjfx\cache\21.0.2+5\amd64\api-ms-win-core-file-l1-2-0.dll
0x00000189f1230000 - 0x00000189f1233000 	C:\Users\WIKI\.openjfx\cache\21.0.2+5\amd64\api-ms-win-core-file-l2-1-0.dll
0x00000189f1240000 - 0x00000189f1243000 	C:\Users\WIKI\.openjfx\cache\21.0.2+5\amd64\api-ms-win-core-handle-l1-1-0.dll
0x00000189f1250000 - 0x00000189f1253000 	C:\Users\WIKI\.openjfx\cache\21.0.2+5\amd64\api-ms-win-core-heap-l1-1-0.dll
0x00000189f1260000 - 0x00000189f1263000 	C:\Users\WIKI\.openjfx\cache\21.0.2+5\amd64\api-ms-win-core-interlocked-l1-1-0.dll
0x00000189f1270000 - 0x00000189f1273000 	C:\Users\WIKI\.openjfx\cache\21.0.2+5\amd64\api-ms-win-core-libraryloader-l1-1-0.dll
0x00000189f1280000 - 0x00000189f1283000 	C:\Users\WIKI\.openjfx\cache\21.0.2+5\amd64\api-ms-win-core-localization-l1-2-0.dll
0x00000189f1290000 - 0x00000189f1293000 	C:\Users\WIKI\.openjfx\cache\21.0.2+5\amd64\api-ms-win-core-memory-l1-1-0.dll
0x00000189f12a0000 - 0x00000189f12a3000 	C:\Users\WIKI\.openjfx\cache\21.0.2+5\amd64\api-ms-win-core-namedpipe-l1-1-0.dll
0x00000189f12b0000 - 0x00000189f12b3000 	C:\Users\WIKI\.openjfx\cache\21.0.2+5\amd64\api-ms-win-core-processenvironment-l1-1-0.dll
0x00000189f12c0000 - 0x00000189f12c3000 	C:\Users\WIKI\.openjfx\cache\21.0.2+5\amd64\api-ms-win-core-processthreads-l1-1-0.dll
0x00000189f12d0000 - 0x00000189f12d3000 	C:\Users\WIKI\.openjfx\cache\21.0.2+5\amd64\api-ms-win-core-processthreads-l1-1-1.dll
0x00000189f12e0000 - 0x00000189f12e3000 	C:\Users\WIKI\.openjfx\cache\21.0.2+5\amd64\api-ms-win-core-profile-l1-1-0.dll
0x00000189f12f0000 - 0x00000189f12f3000 	C:\Users\WIKI\.openjfx\cache\21.0.2+5\amd64\api-ms-win-core-rtlsupport-l1-1-0.dll
0x00000189f1300000 - 0x00000189f1303000 	C:\Users\WIKI\.openjfx\cache\21.0.2+5\amd64\api-ms-win-core-string-l1-1-0.dll
0x00000189f1310000 - 0x00000189f1313000 	C:\Users\WIKI\.openjfx\cache\21.0.2+5\amd64\api-ms-win-core-synch-l1-1-0.dll
0x00000189f1320000 - 0x00000189f1323000 	C:\Users\WIKI\.openjfx\cache\21.0.2+5\amd64\api-ms-win-core-synch-l1-2-0.dll
0x00000189f1330000 - 0x00000189f1333000 	C:\Users\WIKI\.openjfx\cache\21.0.2+5\amd64\api-ms-win-core-sysinfo-l1-1-0.dll
0x00000189f1340000 - 0x00000189f1343000 	C:\Users\WIKI\.openjfx\cache\21.0.2+5\amd64\api-ms-win-core-timezone-l1-1-0.dll
0x00000189f1350000 - 0x00000189f1353000 	C:\Users\WIKI\.openjfx\cache\21.0.2+5\amd64\api-ms-win-core-util-l1-1-0.dll
0x00000189f1360000 - 0x00000189f1363000 	C:\Users\WIKI\.openjfx\cache\21.0.2+5\amd64\api-ms-win-crt-conio-l1-1-0.dll
0x00000189f1370000 - 0x00000189f1374000 	C:\Users\WIKI\.openjfx\cache\21.0.2+5\amd64\api-ms-win-crt-convert-l1-1-0.dll
0x00000189f1380000 - 0x00000189f1383000 	C:\Users\WIKI\.openjfx\cache\21.0.2+5\amd64\api-ms-win-crt-environment-l1-1-0.dll
0x00000189f1390000 - 0x00000189f1393000 	C:\Users\WIKI\.openjfx\cache\21.0.2+5\amd64\api-ms-win-crt-filesystem-l1-1-0.dll
0x00000189f13a0000 - 0x00000189f13a3000 	C:\Users\WIKI\.openjfx\cache\21.0.2+5\amd64\api-ms-win-crt-heap-l1-1-0.dll
0x00000189f13b0000 - 0x00000189f13b3000 	C:\Users\WIKI\.openjfx\cache\21.0.2+5\amd64\api-ms-win-crt-locale-l1-1-0.dll
0x00000189f13c0000 - 0x00000189f13c5000 	C:\Users\WIKI\.openjfx\cache\21.0.2+5\amd64\api-ms-win-crt-math-l1-1-0.dll
0x00000189f13d0000 - 0x00000189f13d5000 	C:\Users\WIKI\.openjfx\cache\21.0.2+5\amd64\api-ms-win-crt-multibyte-l1-1-0.dll
0x00000189f13e0000 - 0x00000189f13f0000 	C:\Users\WIKI\.openjfx\cache\21.0.2+5\amd64\api-ms-win-crt-private-l1-1-0.dll
0x00000189f13f0000 - 0x00000189f13f3000 	C:\Users\WIKI\.openjfx\cache\21.0.2+5\amd64\api-ms-win-crt-process-l1-1-0.dll
0x00000189f2800000 - 0x00000189f2804000 	C:\Users\WIKI\.openjfx\cache\21.0.2+5\amd64\api-ms-win-crt-runtime-l1-1-0.dll
0x00000189f2810000 - 0x00000189f2814000 	C:\Users\WIKI\.openjfx\cache\21.0.2+5\amd64\api-ms-win-crt-stdio-l1-1-0.dll
0x00000189f2820000 - 0x00000189f2824000 	C:\Users\WIKI\.openjfx\cache\21.0.2+5\amd64\api-ms-win-crt-string-l1-1-0.dll
0x00000189f2830000 - 0x00000189f2833000 	C:\Users\WIKI\.openjfx\cache\21.0.2+5\amd64\api-ms-win-crt-time-l1-1-0.dll
0x00000189f2840000 - 0x00000189f2843000 	C:\Users\WIKI\.openjfx\cache\21.0.2+5\amd64\api-ms-win-crt-utility-l1-1-0.dll
0x00007ffac02e0000 - 0x00007ffac03dc000 	C:\Users\WIKI\.openjfx\cache\21.0.2+5\amd64\ucrtbase.dll
0x00007ffadea70000 - 0x00007ffadea8b000 	C:\Users\WIKI\.openjfx\cache\21.0.2+5\amd64\vcruntime140.dll
0x00007ffaffff0000 - 0x00007ffaffffc000 	C:\Users\WIKI\.openjfx\cache\21.0.2+5\amd64\vcruntime140_1.dll
0x00007ffac0250000 - 0x00007ffac02de000 	C:\Users\WIKI\.openjfx\cache\21.0.2+5\amd64\msvcp140.dll
0x00007ffafb790000 - 0x00007ffafb799000 	C:\Users\WIKI\.openjfx\cache\21.0.2+5\amd64\msvcp140_1.dll
0x00007ffaddcb0000 - 0x00007ffaddcf1000 	C:\Users\WIKI\.openjfx\cache\21.0.2+5\amd64\msvcp140_2.dll
0x00007ffadea40000 - 0x00007ffadea70000 	C:\Users\WIKI\.openjfx\cache\21.0.2+5\amd64\prism_d3d.dll
0x00007ffae45f0000 - 0x00007ffae47bd000 	C:\Windows\system32\d3d9.dll
0x00007ffb0f6a0000 - 0x00007ffb0f6cf000 	C:\Windows\SYSTEM32\dwmapi.dll
0x00007ffb0f390000 - 0x00007ffb0f42e000 	C:\Windows\system32\uxtheme.dll
0x00007ffac7df0000 - 0x00007ffac804c000 	C:\Windows\System32\DriverStore\FileRepository\iigd_dch.inf_amd64_e913f9cc84fc282c\igdumdim64.dll
0x00007ffb13730000 - 0x00007ffb1385b000 	C:\Windows\System32\ole32.dll
0x00007ffac6a80000 - 0x00007ffac7de1000 	C:\Windows\System32\DriverStore\FileRepository\iigd_dch.inf_amd64_e913f9cc84fc282c\igd9dxva64.dll
0x00007ffb12d00000 - 0x00007ffb1316e000 	C:\Windows\System32\SETUPAPI.dll
0x00007ffb126c0000 - 0x00007ffb1270e000 	C:\Windows\System32\cfgmgr32.dll
0x00007ffac4d50000 - 0x00007ffac6a79000 	C:\Windows\System32\DriverStore\FileRepository\iigd_dch.inf_amd64_e913f9cc84fc282c\media_bin_64.dll
0x00007ffb00420000 - 0x00007ffb0085c000 	C:\Windows\System32\DriverStore\FileRepository\iigd_dch.inf_amd64_e913f9cc84fc282c\igdgmm64.dll
0x00007ffad3730000 - 0x00007ffad3772000 	C:\Users\WIKI\.openjfx\cache\21.0.2+5\amd64\glass.dll
0x00007ffb13fb0000 - 0x00007ffb1408a000 	C:\Windows\System32\COMDLG32.dll
0x00007ffb14580000 - 0x00007ffb14694000 	C:\Windows\System32\MSCTF.dll
0x00007ffac4b10000 - 0x00007ffac4b37000 	C:\Windows\System32\DriverStore\FileRepository\iigd_dch.inf_amd64_e913f9cc84fc282c\igdinfo64.dll
0x00007ffaf4490000 - 0x00007ffaf84f6000 	C:\Windows\System32\DriverStore\FileRepository\iigd_dch.inf_amd64_e913f9cc84fc282c\igc64.dll
0x00007ffb05de0000 - 0x00007ffb05e1b000 	C:\Windows\SYSTEM32\dxcore.dll
0x00007ffb113d0000 - 0x00007ffb1149b000 	C:\Windows\SYSTEM32\DNSAPI.dll
0x00007ffb11380000 - 0x00007ffb113bb000 	C:\Windows\SYSTEM32\IPHLPAPI.DLL
0x00007ffb12cf0000 - 0x00007ffb12cf8000 	C:\Windows\System32\NSI.dll
0x00007ffb07b00000 - 0x00007ffb07b0a000 	C:\Windows\System32\rasadhlp.dll
0x00007ffb020c0000 - 0x00007ffb02140000 	C:\Windows\System32\fwpuclnt.dll
0x00007ffadcf50000 - 0x00007ffadcf64000 	C:\Users\WIKI\.openjfx\cache\21.0.2+5\amd64\javafx_font.dll
0x00007ffae51b0000 - 0x00007ffae542f000 	C:\Windows\SYSTEM32\dwrite.dll
0x00007ffa628d0000 - 0x00007ffa66db6000 	C:\Users\WIKI\.openjfx\cache\21.0.2+5\amd64\jfxwebkit.dll
0x00007ffb118e0000 - 0x00007ffb118f8000 	C:\Windows\SYSTEM32\CRYPTSP.dll
0x00007ffb10fa0000 - 0x00007ffb10fd4000 	C:\Windows\system32\rsaenh.dll
0x00007ffb118d0000 - 0x00007ffb118dc000 	C:\Windows\SYSTEM32\CRYPTBASE.dll

dbghelp: loaded successfully - version: 4.0.5 - missing functions: none
symbol engine: initialized successfully - sym options: 0x614 - pdb path: .;C:\Program Files\Java\jdk-17\bin;C:\Windows\SYSTEM32;C:\Windows\WinSxS\amd64_microsoft.windows.common-controls_6595b64144ccf1df_6.0.19041.3636_none_60b6a03d71f818d5;C:\Program Files\Java\jdk-17\bin\server;C:\Users\WIKI\.openjfx\cache\21.0.2+5\amd64;C:\Windows\System32\DriverStore\FileRepository\iigd_dch.inf_amd64_e913f9cc84fc282c

VM Arguments:
jvm_args: --module-path=C:\Users\WIKI\.m2\repository\org\openjfx\javafx-base\21.0.2\javafx-base-21.0.2-win.jar;C:\Users\WIKI\.m2\repository\org\openjfx\javafx-base\21.0.2\javafx-base-21.0.2.jar;C:\Users\WIKI\.m2\repository\org\openjfx\javafx-controls\20.0.2\javafx-controls-20.0.2-win.jar;C:\Users\WIKI\.m2\repository\org\openjfx\javafx-controls\20.0.2\javafx-controls-20.0.2.jar;C:\Users\WIKI\.m2\repository\org\openjfx\javafx-fxml\20.0.2\javafx-fxml-20.0.2-win.jar;C:\Users\WIKI\.m2\repository\org\openjfx\javafx-fxml\20.0.2\javafx-fxml-20.0.2.jar;C:\Users\WIKI\.m2\repository\org\openjfx\javafx-graphics\21.0.2\javafx-graphics-21.0.2-win.jar;C:\Users\WIKI\.m2\repository\org\openjfx\javafx-graphics\21.0.2\javafx-graphics-21.0.2.jar;C:\Users\WIKI\.m2\repository\org\openjfx\javafx-media\20.0.2\javafx-media-20.0.2-win.jar;C:\Users\WIKI\.m2\repository\org\openjfx\javafx-media\20.0.2\javafx-media-20.0.2.jar;C:\Users\WIKI\.m2\repository\org\openjfx\javafx-swing\21.0.2\javafx-swing-21.0.2-win.jar;C:\Users\WIKI\.m2\repository\org\openjfx\javafx-swing\21.0.2\javafx-swing-21.0.2.jar;C:\Users\WIKI\.m2\repository\org\openjfx\javafx-web\20.0.2\javafx-web-20.0.2-win.jar;C:\Users\WIKI\.m2\repository\org\openjfx\javafx-web\20.0.2\javafx-web-20.0.2.jar --add-modules=javafx.base,javafx.controls,javafx.fxml,javafx.graphics,javafx.media,javafx.swing,javafx.web 
java_command: test.MainFX
java_class_path (initial): C:\Users\WIKI\Desktop\Workshop-JDBC-JavaFX-masterValidation - Integ CSP\target\classes;C:\Users\WIKI\.m2\repository\com\beust\jcommander\1.78\jcommander-1.78.jar;C:\Users\WIKI\.m2\repository\com\fasterxml\jackson\core\jackson-annotations\2.12.5\jackson-annotations-2.12.5.jar;C:\Users\WIKI\.m2\repository\com\fasterxml\jackson\core\jackson-core\2.12.5\jackson-core-2.12.5.jar;C:\Users\WIKI\.m2\repository\com\fasterxml\jackson\core\jackson-databind\2.12.5\jackson-databind-2.12.5.jar;C:\Users\WIKI\.m2\repository\com\fasterxml\jackson\dataformat\jackson-dataformat-xml\2.12.5\jackson-dataformat-xml-2.12.5.jar;C:\Users\WIKI\.m2\repository\com\fasterxml\jackson\datatype\jackson-datatype-jsr310\2.12.5\jackson-datatype-jsr310-2.12.5.jar;C:\Users\WIKI\.m2\repository\com\fasterxml\jackson\module\jackson-module-jaxb-annotations\2.12.5\jackson-module-jaxb-annotations-2.12.5.jar;C:\Users\WIKI\.m2\repository\com\fasterxml\woodstox\woodstox-core\6.2.4\woodstox-core-6.2.4.jar;C:\Users\WIKI\.m2\repository\com\github\jai-imageio\jai-imageio-core\1.4.0\jai-imageio-core-1.4.0.jar;C:\Users\WIKI\.m2\repository\com\gluonhq\maps\2.0.0-ea+6\maps-2.0.0-ea+6.jar;C:\Users\WIKI\.m2\repository\com\gluonhq\attach\storage\4.0.11\storage-4.0.11.jar;C:\Users\WIKI\.m2\repository\com\gluonhq\attach\util\4.0.11\util-4.0.11.jar;C:\Users\WIKI\.m2\repository\com\google\protobuf\protobuf-java\3.21.9\protobuf-java-3.21.9.jar;C:\Users\WIKI\.m2\repository\com\google\zxing\core\3.4.1\core-3.4.1.jar;C:\Users\WIKI\.m2\repository\com\google\zxing\javase\3.4.1\javase-3.4.1.jar;C:\Users\WIKI\.m2\repository\com\jfoenix\jfoenix\9.0.10\jfoenix-9.0.10.jar;C:\Users\WIKI\.m2\repository\com\mysql\mysql-connector-j\8.0.33\mysql-connector-j-8.0.33.jar;C:\Users\WIKI\.m2\repository\com\sun\mail\javax.mail\1.6.2\javax.mail-1.6.2.jar;C:\Users\WIKI\.m2\repository\com\twilio\sdk\twilio\8.23.0\twilio-8.23.0.jar;C:\Users\WIKI\.m2\repository\commons-codec\commons-codec\1.15\commons-codec-1.15.jar;C:\Users\W
Launcher Type: SUN_STANDARD

[Global flags]
     intx CICompilerCount                          = 4                                         {product} {ergonomic}
     uint ConcGCThreads                            = 3                                         {product} {ergonomic}
     uint G1ConcRefinementThreads                  = 10                                        {product} {ergonomic}
   size_t G1HeapRegionSize                         = 1048576                                   {product} {ergonomic}
    uintx GCDrainStackTargetSize                   = 64                                        {product} {ergonomic}
   size_t InitialHeapSize                          = 130023424                                 {product} {ergonomic}
   size_t MarkStackSize                            = 4194304                                   {product} {ergonomic}
   size_t MaxHeapSize                              = 2069889024                                {product} {ergonomic}
   size_t MaxNewSize                               = 1241513984                                {product} {ergonomic}
   size_t MinHeapDeltaBytes                        = 1048576                                   {product} {ergonomic}
   size_t MinHeapSize                              = 8388608                                   {product} {ergonomic}
    uintx NonNMethodCodeHeapSize                   = 5839372                                {pd product} {ergonomic}
    uintx NonProfiledCodeHeapSize                  = 122909434                              {pd product} {ergonomic}
    uintx ProfiledCodeHeapSize                     = 122909434                              {pd product} {ergonomic}
    uintx ReservedCodeCacheSize                    = 251658240                              {pd product} {ergonomic}
     bool SegmentedCodeCache                       = true                                      {product} {ergonomic}
   size_t SoftMaxHeapSize                          = 2069889024                             {manageable} {ergonomic}
     bool UseCompressedClassPointers               = true                           {product lp64_product} {ergonomic}
     bool UseCompressedOops                        = true                           {product lp64_product} {ergonomic}
     bool UseG1GC                                  = true                                      {product} {ergonomic}
     bool UseLargePagesIndividualAllocation        = false                                  {pd product} {ergonomic}

Logging:
Log output configuration:
 #0: stdout all=warning uptime,level,tags
 #1: stderr all=off uptime,level,tags

Environment Variables:
JAVA_HOME=C:\Program Files\Java\jdk-17
PATH=C:\oraclexe\app\oracle\product\11.2.0\server\bin;;C:\Program Files\Common Files\Oracle\Java\javapath;C:\Windows\system32;C:\Windows;C:\Windows\System32\Wbem;C:\Windows\System32\WindowsPowerShell\v1.0\;C:\Windows\System32\OpenSSH\;C:\Program Files (x86)\NVIDIA Corporation\PhysX\Common;C:\Program Files\NVIDIA Corporation\NVIDIA NvDLISR;C:\Program Files\Java\jdk-17\bin;C:\Program Files\Git\cmd;C:\xampp\php;C:\ProgramData\ComposerSetup\bin;C:\Users\WIKI\scoop\shims;C:\Users\WIKI\AppData\Local\Programs\Python\Python310\Scripts\;C:\Users\WIKI\AppData\Local\Programs\Python\Python310\;C:\Users\WIKI\AppData\Local\Microsoft\WindowsApps;C:\Program Files\JetBrains\PyCharm Community Edition 2022.3.2\bin;;C:\Users\WIKI\AppData\Local\Programs\Microsoft VS Code\bin;C:\Users\WIKI\AppData\Roaming\Composer\vendor\bin;C:\xampp\php;C:\Users\WIKI\AppData\Local\GitHubDesktop\bin
USERNAME=WIKI
OS=Windows_NT
PROCESSOR_IDENTIFIER=Intel64 Family 6 Model 141 Stepping 1, GenuineIntel



---------------  S Y S T E M  ---------------

OS:
 Windows 10 , 64 bit Build 19041 (10.0.19041.3636)
OS uptime: 16 days 2:36 hours

CPU: total 12 (initial active 12) (6 cores per cpu, 2 threads per core) family 6 model 141 stepping 1 microcode 0x26, cx8, cmov, fxsr, ht, mmx, 3dnowpref, sse, sse2, sse3, ssse3, sse4.1, sse4.2, popcnt, lzcnt, tsc, tscinvbit, avx, avx2, aes, erms, clmul, bmi1, bmi2, adx, avx512f, avx512dq, avx512cd, avx512bw, avx512vl, sha, fma, vzeroupper, avx512_vpopcntdq, avx512_vpclmulqdq, avx512_vaes, avx512_vnni, clflush, clflushopt, clwb, avx512_vbmi2, avx512_vbmi

Memory: 4k page, system-wide physical 7893M (394M free)
TotalPageFile size 27932M (AvailPageFile size 252M)
current process WorkingSet (physical memory assigned to process): 269M, peak: 269M
current process commit charge ("private bytes"): 437M, peak: 696M

vm_info: Java HotSpot(TM) 64-Bit Server VM (17.0.6+9-LTS-190) for windows-amd64 JRE (17.0.6+9-LTS-190), built on Dec  6 2022 15:53:54 by "mach5one" with MS VC++ 17.1 (VS2022)

END.
