#
# There is insufficient memory for the Java Runtime Environment to continue.
# Native memory allocation (mmap) failed to map 130023424 bytes for G1 virtual space
# Possible reasons:
#   The system is out of physical RAM or swap space
#   The process is running with CompressedOops enabled, and the Java Heap may be blocking the growth of the native heap
# Possible solutions:
#   Reduce memory load on the system
#   Increase physical memory or swap space
#   Check if swap backing store is full
#   Decrease Java heap size (-Xmx/-Xms)
#   Decrease number of Java threads
#   Decrease Java thread stack sizes (-Xss)
#   Set larger code cache with -XX:ReservedCodeCacheSize=
#   JVM is running with Unscaled Compressed Oops mode in which the Java heap is
#     placed in the first 4GB address space. The Java Heap base address is the
#     maximum limit for the native heap growth. Please use -XX:HeapBaseMinAddress
#     to set the Java Heap base and to place the Java Heap above 4GB virtual address.
# This output file may be truncated or incomplete.
#
#  Out of Memory Error (os_windows.cpp:3550), pid=2176, tid=25612
#
# JRE version:  (17.0.6+9) (build )
# Java VM: Java HotSpot(TM) 64-Bit Server VM (17.0.6+9-LTS-190, mixed mode, sharing, tiered, compressed oops, compressed class ptrs, g1 gc, windows-amd64)
# No core dump will be written. Minidumps are not enabled by default on client versions of Windows
#

---------------  S U M M A R Y ------------

Command Line: --module-path=C:\Users\WIKI\.m2\repository\org\openjfx\javafx-base\17.0.6\javafx-base-17.0.6-win.jar;C:\Users\WIKI\.m2\repository\org\openjfx\javafx-base\17.0.6\javafx-base-17.0.6.jar;C:\Users\WIKI\.m2\repository\org\openjfx\javafx-controls\17.0.6\javafx-controls-17.0.6-win.jar;C:\Users\WIKI\.m2\repository\org\openjfx\javafx-controls\17.0.6\javafx-controls-17.0.6.jar;C:\Users\WIKI\.m2\repository\org\openjfx\javafx-fxml\21.0.2\javafx-fxml-21.0.2-win.jar;C:\Users\WIKI\.m2\repository\org\openjfx\javafx-fxml\21.0.2\javafx-fxml-21.0.2.jar;C:\Users\WIKI\.m2\repository\org\openjfx\javafx-graphics\17.0.6\javafx-graphics-17.0.6-win.jar;C:\Users\WIKI\.m2\repository\org\openjfx\javafx-graphics\17.0.6\javafx-graphics-17.0.6.jar --add-modules=javafx.base,javafx.controls,javafx.fxml,javafx.graphics tn.esprit.test.MainFx

Host: 11th Gen Intel(R) Core(TM) i5-11400H @ 2.70GHz, 12 cores, 7G,  Windows 10 , 64 bit Build 19041 (10.0.19041.3636)
Time: Fri Mar  1 22:57:35 2024 Afr. centrale Ouest elapsed time: 0.015563 seconds (0d 0h 0m 0s)

---------------  T H R E A D  ---------------

Current thread (0x000001d75bb961f0):  JavaThread "Unknown thread" [_thread_in_vm, id=25612, stack(0x0000000b5de00000,0x0000000b5df00000)]

Stack: [0x0000000b5de00000,0x0000000b5df00000]
Native frames: (J=compiled Java code, j=interpreted, Vv=VM code, C=native code)
V  [jvm.dll+0x6734ea]
V  [jvm.dll+0x7d18f4]
V  [jvm.dll+0x7d309e]
V  [jvm.dll+0x7d3703]
V  [jvm.dll+0x2433c5]
V  [jvm.dll+0x6703f9]
V  [jvm.dll+0x664d32]
V  [jvm.dll+0x300086]
V  [jvm.dll+0x307606]
V  [jvm.dll+0x356c1e]
V  [jvm.dll+0x356e4f]
V  [jvm.dll+0x2d72e8]
V  [jvm.dll+0x2d8254]
V  [jvm.dll+0x7a33b1]
V  [jvm.dll+0x3647f1]
V  [jvm.dll+0x782839]
V  [jvm.dll+0x3e757f]
V  [jvm.dll+0x3e9001]
C  [jli.dll+0x5297]
C  [ucrtbase.dll+0x21bb2]
C  [KERNEL32.DLL+0x17344]
C  [ntdll.dll+0x526b1]


---------------  P R O C E S S  ---------------

Threads class SMR info:
_java_thread_list=0x00007ffab663e958, length=0, elements={
}

Java Threads: ( => current thread )

Other Threads:
  0x000001d75bbef560 GCTaskThread "GC Thread#0" [stack: 0x0000000b5df00000,0x0000000b5e000000] [id=13884]
  0x000001d75bc01a90 ConcurrentGCThread "G1 Main Marker" [stack: 0x0000000b5e000000,0x0000000b5e100000] [id=18412]
  0x000001d75bc023b0 ConcurrentGCThread "G1 Conc#0" [stack: 0x0000000b5e100000,0x0000000b5e200000] [id=17104]

[error occurred during error reporting (printing all threads), id 0xc0000005, EXCEPTION_ACCESS_VIOLATION (0xc0000005) at pc=0x00007ffab5e77f07]

VM state: not at safepoint (not fully initialized)

VM Mutex/Monitor currently owned by a thread:  ([mutex/lock_event])
[0x000001d75bb92430] Heap_lock - owner thread: 0x000001d75bb961f0

Heap address: 0x0000000084a00000, size: 1974 MB, Compressed Oops mode: 32-bit

CDS archive(s) mapped at: [0x0000000000000000-0x0000000000000000-0x0000000000000000), size 0, SharedBaseAddress: 0x0000000800000000, ArchiveRelocationMode: 0.
Narrow klass base: 0x0000000000000000, Narrow klass shift: 0, Narrow klass range: 0x0

GC Precious Log:
<Empty>

Heap:
 garbage-first heap   total 0K, used 0K [0x0000000084a00000, 0x0000000100000000)
  region size 1024K, 0 young (0K), 0 survivors (0K)

[error occurred during error reporting (printing heap information), id 0xc0000005, EXCEPTION_ACCESS_VIOLATION (0xc0000005) at pc=0x00007ffab625c759]

GC Heap History (0 events):
No events

Deoptimization events (0 events):
No events

Classes unloaded (0 events):
No events

Classes redefined (0 events):
No events

Internal exceptions (0 events):
No events

VM Operations (0 events):
No events

Events (1 events):
Event: 0.006 Loaded shared library C:\Program Files\Java\jdk-17\bin\java.dll


Dynamic libraries:
0x00007ff628130000 - 0x00007ff628140000 	C:\Program Files\Java\jdk-17\bin\java.exe
0x00007ffb14890000 - 0x00007ffb14a88000 	C:\Windows\SYSTEM32\ntdll.dll
0x00007ffb134d0000 - 0x00007ffb1358d000 	C:\Windows\System32\KERNEL32.DLL
0x00007ffb12260000 - 0x00007ffb12556000 	C:\Windows\System32\KERNELBASE.dll
0x00007ffb12560000 - 0x00007ffb12660000 	C:\Windows\System32\ucrtbase.dll
0x00007ffafea60000 - 0x00007ffafea78000 	C:\Program Files\Java\jdk-17\bin\jli.dll
0x00007ffb144b0000 - 0x00007ffb14563000 	C:\Windows\System32\ADVAPI32.dll
0x00007ffb140a0000 - 0x00007ffb1413e000 	C:\Windows\System32\msvcrt.dll
0x00007ffb07090000 - 0x00007ffb070ab000 	C:\Program Files\Java\jdk-17\bin\VCRUNTIME140.dll
0x00007ffb12b80000 - 0x00007ffb12c1f000 	C:\Windows\System32\sechost.dll
0x00007ffb12a00000 - 0x00007ffb12b26000 	C:\Windows\System32\RPCRT4.dll
0x00007ffb12660000 - 0x00007ffb12687000 	C:\Windows\System32\bcrypt.dll
0x00007ffb14220000 - 0x00007ffb143be000 	C:\Windows\System32\USER32.dll
0x00007ffb12690000 - 0x00007ffb126b2000 	C:\Windows\System32\win32u.dll
0x00007ffb12b50000 - 0x00007ffb12b7b000 	C:\Windows\System32\GDI32.dll
0x00007ffae3aa0000 - 0x00007ffae3d3a000 	C:\Windows\WinSxS\amd64_microsoft.windows.common-controls_6595b64144ccf1df_6.0.19041.3636_none_60b6a03d71f818d5\COMCTL32.dll
0x00007ffb12140000 - 0x00007ffb12257000 	C:\Windows\System32\gdi32full.dll
0x00007ffb12830000 - 0x00007ffb128cd000 	C:\Windows\System32\msvcp_win.dll
0x00007ffb08a60000 - 0x00007ffb08a6a000 	C:\Windows\SYSTEM32\VERSION.dll
0x00007ffb13640000 - 0x00007ffb13672000 	C:\Windows\System32\IMM32.DLL
0x00007ffb0cca0000 - 0x00007ffb0ccac000 	C:\Program Files\Java\jdk-17\bin\vcruntime140_1.dll
0x00007ffad62a0000 - 0x00007ffad632e000 	C:\Program Files\Java\jdk-17\bin\msvcp140.dll
0x00007ffab5b90000 - 0x00007ffab6767000 	C:\Program Files\Java\jdk-17\bin\server\jvm.dll
0x00007ffb14570000 - 0x00007ffb14578000 	C:\Windows\System32\PSAPI.DLL
0x00007ffafcea0000 - 0x00007ffafcea9000 	C:\Windows\SYSTEM32\WSOCK32.dll
0x00007ffb02680000 - 0x00007ffb026a7000 	C:\Windows\SYSTEM32\WINMM.dll
0x00007ffb12c20000 - 0x00007ffb12c8b000 	C:\Windows\System32\WS2_32.dll
0x00007ffb107c0000 - 0x00007ffb107d2000 	C:\Windows\SYSTEM32\kernel.appcore.dll
0x00007ffb0aed0000 - 0x00007ffb0aeda000 	C:\Program Files\Java\jdk-17\bin\jimage.dll
0x00007ffb0fbc0000 - 0x00007ffb0fda4000 	C:\Windows\SYSTEM32\DBGHELP.DLL
0x00007ffb04c90000 - 0x00007ffb04cc4000 	C:\Windows\SYSTEM32\dbgcore.DLL
0x00007ffb120b0000 - 0x00007ffb12132000 	C:\Windows\System32\bcryptPrimitives.dll
0x00007ffafe9c0000 - 0x00007ffafe9e5000 	C:\Program Files\Java\jdk-17\bin\java.dll

dbghelp: loaded successfully - version: 4.0.5 - missing functions: none
symbol engine: initialized successfully - sym options: 0x614 - pdb path: .;C:\Program Files\Java\jdk-17\bin;C:\Windows\SYSTEM32;C:\Windows\WinSxS\amd64_microsoft.windows.common-controls_6595b64144ccf1df_6.0.19041.3636_none_60b6a03d71f818d5;C:\Program Files\Java\jdk-17\bin\server

VM Arguments:
jvm_args: --module-path=C:\Users\WIKI\.m2\repository\org\openjfx\javafx-base\17.0.6\javafx-base-17.0.6-win.jar;C:\Users\WIKI\.m2\repository\org\openjfx\javafx-base\17.0.6\javafx-base-17.0.6.jar;C:\Users\WIKI\.m2\repository\org\openjfx\javafx-controls\17.0.6\javafx-controls-17.0.6-win.jar;C:\Users\WIKI\.m2\repository\org\openjfx\javafx-controls\17.0.6\javafx-controls-17.0.6.jar;C:\Users\WIKI\.m2\repository\org\openjfx\javafx-fxml\21.0.2\javafx-fxml-21.0.2-win.jar;C:\Users\WIKI\.m2\repository\org\openjfx\javafx-fxml\21.0.2\javafx-fxml-21.0.2.jar;C:\Users\WIKI\.m2\repository\org\openjfx\javafx-graphics\17.0.6\javafx-graphics-17.0.6-win.jar;C:\Users\WIKI\.m2\repository\org\openjfx\javafx-graphics\17.0.6\javafx-graphics-17.0.6.jar --add-modules=javafx.base,javafx.controls,javafx.fxml,javafx.graphics 
java_command: tn.esprit.test.MainFx
java_class_path (initial): C:\Users\WIKI\IdeaProjects\PidevProject\target\classes;C:\Users\WIKI\.m2\repository\com\google\protobuf\protobuf-java\3.21.9\protobuf-java-3.21.9.jar;C:\Users\WIKI\.m2\repository\com\mysql\mysql-connector-j\8.0.33\mysql-connector-j-8.0.33.jar;C:\Users\WIKI\.m2\repository\com\sun\mail\javax.mail\1.6.2\javax.mail-1.6.2.jar;C:\Users\WIKI\.m2\repository\io\github\mkpaz\atlantafx-base\2.0.1\atlantafx-base-2.0.1.jar;C:\Users\WIKI\.m2\repository\javax\activation\activation\1.1\activation-1.1.jar
Launcher Type: SUN_STANDARD

[Global flags]
     intx CICompilerCount                          = 4                                         {product} {ergonomic}
     uint ConcGCThreads                            = 3                                         {product} {ergonomic}
     uint G1ConcRefinementThreads                  = 10                                        {product} {ergonomic}
   size_t G1HeapRegionSize                         = 1048576                                   {product} {ergonomic}
    uintx GCDrainStackTargetSize                   = 64                                        {product} {ergonomic}
   size_t InitialHeapSize                          = 130023424                                 {product} {ergonomic}
   size_t MarkStackSize                            = 4194304                                   {product} {ergonomic}
   size_t MaxHeapSize                              = 2069889024                                {product} {ergonomic}
   size_t MinHeapDeltaBytes                        = 1048576                                   {product} {ergonomic}
   size_t MinHeapSize                              = 8388608                                   {product} {ergonomic}
    uintx NonNMethodCodeHeapSize                   = 5839372                                {pd product} {ergonomic}
    uintx NonProfiledCodeHeapSize                  = 122909434                              {pd product} {ergonomic}
    uintx ProfiledCodeHeapSize                     = 122909434                              {pd product} {ergonomic}
    uintx ReservedCodeCacheSize                    = 251658240                              {pd product} {ergonomic}
     bool SegmentedCodeCache                       = true                                      {product} {ergonomic}
   size_t SoftMaxHeapSize                          = 2069889024                             {manageable} {ergonomic}
     bool UseCompressedClassPointers               = true                           {product lp64_product} {ergonomic}
     bool UseCompressedOops                        = true                           {product lp64_product} {ergonomic}
     bool UseG1GC                                  = true                                      {product} {ergonomic}
     bool UseLargePagesIndividualAllocation        = false                                  {pd product} {ergonomic}

Logging:
Log output configuration:
 #0: stdout all=warning uptime,level,tags
 #1: stderr all=off uptime,level,tags

Environment Variables:
JAVA_HOME=C:\Program Files\Java\jdk-17
PATH=C:\oraclexe\app\oracle\product\11.2.0\server\bin;;C:\Program Files\Common Files\Oracle\Java\javapath;C:\Windows\system32;C:\Windows;C:\Windows\System32\Wbem;C:\Windows\System32\WindowsPowerShell\v1.0\;C:\Windows\System32\OpenSSH\;C:\Program Files (x86)\NVIDIA Corporation\PhysX\Common;C:\Program Files\NVIDIA Corporation\NVIDIA NvDLISR;C:\Program Files\Java\jdk-17\bin;C:\Program Files\Git\cmd;C:\xampp\php;C:\ProgramData\ComposerSetup\bin;C:\Users\WIKI\scoop\shims;C:\Users\WIKI\AppData\Local\Programs\Python\Python310\Scripts\;C:\Users\WIKI\AppData\Local\Programs\Python\Python310\;C:\Users\WIKI\AppData\Local\Microsoft\WindowsApps;C:\Program Files\JetBrains\PyCharm Community Edition 2022.3.2\bin;;C:\Users\WIKI\AppData\Local\Programs\Microsoft VS Code\bin;C:\Users\WIKI\AppData\Roaming\Composer\vendor\bin;C:\xampp\php;
USERNAME=WIKI
OS=Windows_NT
PROCESSOR_IDENTIFIER=Intel64 Family 6 Model 141 Stepping 1, GenuineIntel



---------------  S Y S T E M  ---------------

OS:
 Windows 10 , 64 bit Build 19041 (10.0.19041.3636)
OS uptime: 14 days 11:23 hours

CPU: total 12 (initial active 12) (6 cores per cpu, 2 threads per core) family 6 model 141 stepping 1 microcode 0x26, cx8, cmov, fxsr, ht, mmx, 3dnowpref, sse, sse2, sse3, ssse3, sse4.1, sse4.2, popcnt, lzcnt, tsc, tscinvbit, avx, avx2, aes, erms, clmul, bmi1, bmi2, adx, avx512f, avx512dq, avx512cd, avx512bw, avx512vl, sha, fma, vzeroupper, avx512_vpopcntdq, avx512_vpclmulqdq, avx512_vaes, avx512_vnni, clflush, clflushopt, clwb, avx512_vbmi2, avx512_vbmi

Memory: 4k page, system-wide physical 7893M (258M free)
TotalPageFile size 27932M (AvailPageFile size 11M)
current process WorkingSet (physical memory assigned to process): 10M, peak: 10M
current process commit charge ("private bytes"): 64M, peak: 188M

vm_info: Java HotSpot(TM) 64-Bit Server VM (17.0.6+9-LTS-190) for windows-amd64 JRE (17.0.6+9-LTS-190), built on Dec  6 2022 15:53:54 by "mach5one" with MS VC++ 17.1 (VS2022)

END.
