#
# There is insufficient memory for the Java Runtime Environment to continue.
# Native memory allocation (mmap) failed to map 3932160 bytes for G1 virtual space
# Possible reasons:
#   The system is out of physical RAM or swap space
#   The process is running with CompressedOops enabled, and the Java Heap may be blocking the growth of the native heap
# Possible solutions:
#   Reduce memory load on the system
#   Increase physical memory or swap space
#   Check if swap backing store is full
#   Decrease Java heap size (-Xmx/-Xms)
#   Decrease number of Java threads
#   Decrease Java thread stack sizes (-Xss)
#   Set larger code cache with -XX:ReservedCodeCacheSize=
#   JVM is running with Unscaled Compressed Oops mode in which the Java heap is
#     placed in the first 4GB address space. The Java Heap base address is the
#     maximum limit for the native heap growth. Please use -XX:HeapBaseMinAddress
#     to set the Java Heap base and to place the Java Heap above 4GB virtual address.
# This output file may be truncated or incomplete.
#
#  Out of Memory Error (os_windows.cpp:3550), pid=27480, tid=18956
#
# JRE version: Java(TM) SE Runtime Environment (17.0.6+9) (build 17.0.6+9-LTS-190)
# Java VM: Java HotSpot(TM) 64-Bit Server VM (17.0.6+9-LTS-190, mixed mode, sharing, tiered, compressed oops, compressed class ptrs, g1 gc, windows-amd64)
# No core dump will be written. Minidumps are not enabled by default on client versions of Windows
#

---------------  S U M M A R Y ------------

Command Line: --module-path=C:\Users\WIKI\.m2\repository\org\openjfx\javafx-base\21.0.2\javafx-base-21.0.2-win.jar;C:\Users\WIKI\.m2\repository\org\openjfx\javafx-base\21.0.2\javafx-base-21.0.2.jar;C:\Users\WIKI\.m2\repository\org\openjfx\javafx-controls\20.0.2\javafx-controls-20.0.2-win.jar;C:\Users\WIKI\.m2\repository\org\openjfx\javafx-controls\20.0.2\javafx-controls-20.0.2.jar;C:\Users\WIKI\.m2\repository\org\openjfx\javafx-fxml\20.0.2\javafx-fxml-20.0.2-win.jar;C:\Users\WIKI\.m2\repository\org\openjfx\javafx-fxml\20.0.2\javafx-fxml-20.0.2.jar;C:\Users\WIKI\.m2\repository\org\openjfx\javafx-graphics\21.0.2\javafx-graphics-21.0.2-win.jar;C:\Users\WIKI\.m2\repository\org\openjfx\javafx-graphics\21.0.2\javafx-graphics-21.0.2.jar;C:\Users\WIKI\.m2\repository\org\openjfx\javafx-media\20.0.2\javafx-media-20.0.2-win.jar;C:\Users\WIKI\.m2\repository\org\openjfx\javafx-media\20.0.2\javafx-media-20.0.2.jar;C:\Users\WIKI\.m2\repository\org\openjfx\javafx-swing\21.0.2\javafx-swing-21.0.2-win.jar;C:\Users\WIKI\.m2\repository\org\openjfx\javafx-swing\21.0.2\javafx-swing-21.0.2.jar;C:\Users\WIKI\.m2\repository\org\openjfx\javafx-web\20.0.2\javafx-web-20.0.2-win.jar;C:\Users\WIKI\.m2\repository\org\openjfx\javafx-web\20.0.2\javafx-web-20.0.2.jar --add-modules=javafx.base,javafx.controls,javafx.fxml,javafx.graphics,javafx.media,javafx.swing,javafx.web test.MainFX

Host: 11th Gen Intel(R) Core(TM) i5-11400H @ 2.70GHz, 12 cores, 7G,  Windows 10 , 64 bit Build 19041 (10.0.19041.3636)
Time: Sun Mar  3 14:04:49 2024 Afr. centrale Ouest elapsed time: 2.211887 seconds (0d 0h 0m 2s)

---------------  T H R E A D  ---------------

Current thread (0x000001f302cc0f40):  VMThread "VM Thread" [stack: 0x0000001044600000,0x0000001044700000] [id=18956]

Stack: [0x0000001044600000,0x0000001044700000]
Native frames: (J=compiled Java code, j=interpreted, Vv=VM code, C=native code)
V  [jvm.dll+0x6734ea]
V  [jvm.dll+0x7d18f4]
V  [jvm.dll+0x7d309e]
V  [jvm.dll+0x7d3703]
V  [jvm.dll+0x2433c5]
V  [jvm.dll+0x6703f9]
V  [jvm.dll+0x664d32]
V  [jvm.dll+0x300086]
V  [jvm.dll+0x307606]
V  [jvm.dll+0x356c33]
V  [jvm.dll+0x356e4f]
V  [jvm.dll+0x2d72e8]
V  [jvm.dll+0x2d57e5]
V  [jvm.dll+0x2d4dec]
V  [jvm.dll+0x3186a1]
V  [jvm.dll+0x7d7f0b]
V  [jvm.dll+0x7d8c44]
V  [jvm.dll+0x7d915d]
V  [jvm.dll+0x7d9534]
V  [jvm.dll+0x7d9600]
V  [jvm.dll+0x781a7a]
V  [jvm.dll+0x672375]
C  [ucrtbase.dll+0x21bb2]
C  [KERNEL32.DLL+0x17344]
C  [ntdll.dll+0x526b1]

VM_Operation (0x00000010456fcc28): G1TryInitiateConcMark, mode: safepoint, requested by thread 0x000001f3040f5770


---------------  P R O C E S S  ---------------

Threads class SMR info:
_java_thread_list=0x000001f309d00f60, length=20, elements={
0x000001f3629badb0, 0x000001f302cc9e10, 0x000001f302ccb7d0, 0x000001f302ce2740,
0x000001f302ce30f0, 0x000001f302ce5ab0, 0x000001f302ce6460, 0x000001f302ce7750,
0x000001f302cf0200, 0x000001f302cf4c00, 0x000001f3038a0090, 0x000001f303c64680,
0x000001f303a29240, 0x000001f3040f3f60, 0x000001f3040f5770, 0x000001f304381390,
0x000001f304306a50, 0x000001f3096bbfa0, 0x000001f3098cd840, 0x000001f309d21b60
}

Java Threads: ( => current thread )
  0x000001f3629badb0 JavaThread "main" [_thread_blocked, id=8236, stack(0x0000001044000000,0x0000001044100000)]
  0x000001f302cc9e10 JavaThread "Reference Handler" daemon [_thread_blocked, id=7196, stack(0x0000001044700000,0x0000001044800000)]
  0x000001f302ccb7d0 JavaThread "Finalizer" daemon [_thread_blocked, id=780, stack(0x0000001044800000,0x0000001044900000)]
  0x000001f302ce2740 JavaThread "Signal Dispatcher" daemon [_thread_blocked, id=25068, stack(0x0000001044900000,0x0000001044a00000)]
  0x000001f302ce30f0 JavaThread "Attach Listener" daemon [_thread_blocked, id=22012, stack(0x0000001044a00000,0x0000001044b00000)]
  0x000001f302ce5ab0 JavaThread "Service Thread" daemon [_thread_blocked, id=20684, stack(0x0000001044b00000,0x0000001044c00000)]
  0x000001f302ce6460 JavaThread "Monitor Deflation Thread" daemon [_thread_blocked, id=11156, stack(0x0000001044c00000,0x0000001044d00000)]
  0x000001f302ce7750 JavaThread "C2 CompilerThread0" daemon [_thread_blocked, id=26200, stack(0x0000001044d00000,0x0000001044e00000)]
  0x000001f302cf0200 JavaThread "C1 CompilerThread0" daemon [_thread_blocked, id=25808, stack(0x0000001044e00000,0x0000001044f00000)]
  0x000001f302cf4c00 JavaThread "Sweeper thread" daemon [_thread_blocked, id=16096, stack(0x0000001044f00000,0x0000001045000000)]
  0x000001f3038a0090 JavaThread "Common-Cleaner" daemon [_thread_blocked, id=16564, stack(0x0000001045000000,0x0000001045100000)]
  0x000001f303c64680 JavaThread "Notification Thread" daemon [_thread_blocked, id=14472, stack(0x0000001045200000,0x0000001045300000)]
  0x000001f303a29240 JavaThread "QuantumRenderer-0" daemon [_thread_blocked, id=21128, stack(0x0000001045400000,0x0000001045500000)]
  0x000001f3040f3f60 JavaThread "InvokeLaterDispatcher" daemon [_thread_blocked, id=23716, stack(0x0000001045500000,0x0000001045600000)]
  0x000001f3040f5770 JavaThread "JavaFX Application Thread" [_thread_blocked, id=1856, stack(0x0000001045600000,0x0000001045700000)]
  0x000001f304381390 JavaThread "JavaFX-Launcher" [_thread_blocked, id=14104, stack(0x0000001045a00000,0x0000001045b00000)]
  0x000001f304306a50 JavaThread "Thread-2" daemon [_thread_blocked, id=16176, stack(0x0000001045100000,0x0000001045200000)]
  0x000001f3096bbfa0 JavaThread "mysql-cj-abandoned-connection-cleanup" daemon [_thread_blocked, id=27436, stack(0x0000001046000000,0x0000001046100000)]
  0x000001f3098cd840 JavaThread "Prism Font Disposer" daemon [_thread_blocked, id=28588, stack(0x0000001046100000,0x0000001046200000)]
  0x000001f309d21b60 JavaThread "Disposer" daemon [_thread_blocked, id=17456, stack(0x0000001046900000,0x0000001046a00000)]

Other Threads:
=>0x000001f302cc0f40 VMThread "VM Thread" [stack: 0x0000001044600000,0x0000001044700000] [id=18956]
  0x000001f362a36d00 WatcherThread [stack: 0x0000001045300000,0x0000001045400000] [id=27492]
  0x000001f362a14240 GCTaskThread "GC Thread#0" [stack: 0x0000001044100000,0x0000001044200000] [id=13940]
  0x000001f3043584d0 GCTaskThread "GC Thread#1" [stack: 0x0000001045b00000,0x0000001045c00000] [id=2784]
  0x000001f30430ceb0 GCTaskThread "GC Thread#2" [stack: 0x0000001045c00000,0x0000001045d00000] [id=9504]
  0x000001f309417140 GCTaskThread "GC Thread#3" [stack: 0x0000001045d00000,0x0000001045e00000] [id=9640]
  0x000001f3043fe060 GCTaskThread "GC Thread#4" [stack: 0x0000001045e00000,0x0000001045f00000] [id=27084]
  0x000001f30438c2f0 GCTaskThread "GC Thread#5" [stack: 0x0000001045f00000,0x0000001046000000] [id=10332]
  0x000001f309ba3c10 GCTaskThread "GC Thread#6" [stack: 0x0000001046300000,0x0000001046400000] [id=20216]
  0x000001f309c69460 GCTaskThread "GC Thread#7" [stack: 0x0000001046400000,0x0000001046500000] [id=7316]
  0x000001f309c69710 GCTaskThread "GC Thread#8" [stack: 0x0000001046500000,0x0000001046600000] [id=25048]
  0x000001f309abfdb0 GCTaskThread "GC Thread#9" [stack: 0x0000001046600000,0x0000001046700000] [id=15480]
  0x000001f362a24840 ConcurrentGCThread "G1 Main Marker" [stack: 0x0000001044200000,0x0000001044300000] [id=8696]
  0x000001f362a26260 ConcurrentGCThread "G1 Conc#0" [stack: 0x0000001044300000,0x0000001044400000] [id=6480]
  0x000001f309ac0060 ConcurrentGCThread "G1 Conc#1" [stack: 0x0000001046700000,0x0000001046800000] [id=21832]
  0x000001f309ac15e0 ConcurrentGCThread "G1 Conc#2" [stack: 0x0000001046800000,0x0000001046900000] [id=14948]
  0x000001f302b6e1e0 ConcurrentGCThread "G1 Refine#0" [stack: 0x0000001044400000,0x0000001044500000] [id=26320]
  0x000001f302b6ec00 ConcurrentGCThread "G1 Service" [stack: 0x0000001044500000,0x0000001044600000] [id=9628]

Threads with active compile tasks:

VM state: at safepoint (normal execution)

VM Mutex/Monitor currently owned by a thread:  ([mutex/lock_event])
[0x000001f3629b5eb0] Threads_lock - owner thread: 0x000001f302cc0f40
[0x000001f3629b6600] Heap_lock - owner thread: 0x000001f3040f5770

Heap address: 0x0000000084a00000, size: 1974 MB, Compressed Oops mode: 32-bit

CDS archive(s) mapped at: [0x0000000800000000-0x0000000800bd0000-0x0000000800bd0000), size 12386304, SharedBaseAddress: 0x0000000800000000, ArchiveRelocationMode: 0.
Compressed class space mapped at: 0x0000000800c00000-0x0000000840c00000, reserved size: 1073741824
Narrow klass base: 0x0000000800000000, Narrow klass shift: 0, Narrow klass range: 0x100000000

GC Precious Log:
 CPUs: 12 total, 12 available
 Memory: 7893M
 Large Page Support: Disabled
 NUMA Support: Disabled
 Compressed Oops: Enabled (32-bit)
 Heap Region Size: 1M
 Heap Min Capacity: 8M
 Heap Initial Capacity: 124M
 Heap Max Capacity: 1974M
 Pre-touch: Disabled
 Parallel Workers: 10
 Concurrent Workers: 3
 Concurrent Refinement Workers: 10
 Periodic GC: Disabled

Heap:
 garbage-first heap   total 245760K, used 145775K [0x0000000084a00000, 0x0000000100000000)
  region size 1024K, 1 young (1024K), 1 survivors (1024K)
 Metaspace       used 15624K, committed 15872K, reserved 1064960K
  class space    used 2023K, committed 2176K, reserved 1048576K

Heap Regions: E=young(eden), S=young(survivor), O=old, HS=humongous(starts), HC=humongous(continues), CS=collection set, F=free, OA=open archive, CA=closed archive, TAMS=top-at-mark-start (previous, next)
|   0|0x0000000084a00000, 0x0000000084b00000, 0x0000000084b00000|100%| O|  |TAMS 0x0000000084b00000, 0x0000000084b00000| Untracked 
|   1|0x0000000084b00000, 0x0000000084c00000, 0x0000000084c00000|100%|HS|  |TAMS 0x0000000084c00000, 0x0000000084c00000| Complete 
|   2|0x0000000084c00000, 0x0000000084d00000, 0x0000000084d00000|100%|HC|  |TAMS 0x0000000084d00000, 0x0000000084d00000| Complete 
|   3|0x0000000084d00000, 0x0000000084e00000, 0x0000000084e00000|100%|HC|  |TAMS 0x0000000084e00000, 0x0000000084e00000| Complete 
|   4|0x0000000084e00000, 0x0000000084f00000, 0x0000000084f00000|100%|HC|  |TAMS 0x0000000084f00000, 0x0000000084f00000| Complete 
|   5|0x0000000084f00000, 0x0000000085000000, 0x0000000085000000|100%|HC|  |TAMS 0x0000000085000000, 0x0000000085000000| Complete 
|   6|0x0000000085000000, 0x0000000085100000, 0x0000000085100000|100%|HC|  |TAMS 0x0000000085100000, 0x0000000085100000| Complete 
|   7|0x0000000085100000, 0x0000000085200000, 0x0000000085200000|100%|HC|  |TAMS 0x0000000085200000, 0x0000000085200000| Complete 
|   8|0x0000000085200000, 0x0000000085300000, 0x0000000085300000|100%|HC|  |TAMS 0x0000000085300000, 0x0000000085300000| Complete 
|   9|0x0000000085300000, 0x0000000085400000, 0x0000000085400000|100%|HC|  |TAMS 0x0000000085400000, 0x0000000085400000| Complete 
|  10|0x0000000085400000, 0x0000000085500000, 0x0000000085500000|100%|HS|  |TAMS 0x0000000085500000, 0x0000000085500000| Complete 
|  11|0x0000000085500000, 0x0000000085600000, 0x0000000085600000|100%|HC|  |TAMS 0x0000000085600000, 0x0000000085600000| Complete 
|  12|0x0000000085600000, 0x0000000085700000, 0x0000000085700000|100%|HS|  |TAMS 0x0000000085700000, 0x0000000085700000| Complete 
|  13|0x0000000085700000, 0x0000000085800000, 0x0000000085800000|100%|HC|  |TAMS 0x0000000085800000, 0x0000000085800000| Complete 
|  14|0x0000000085800000, 0x0000000085900000, 0x0000000085900000|100%|HC|  |TAMS 0x0000000085900000, 0x0000000085900000| Complete 
|  15|0x0000000085900000, 0x0000000085a00000, 0x0000000085a00000|100%|HC|  |TAMS 0x0000000085a00000, 0x0000000085a00000| Complete 
|  16|0x0000000085a00000, 0x0000000085b00000, 0x0000000085b00000|100%|HC|  |TAMS 0x0000000085b00000, 0x0000000085b00000| Complete 
|  17|0x0000000085b00000, 0x0000000085c00000, 0x0000000085c00000|100%|HC|  |TAMS 0x0000000085c00000, 0x0000000085c00000| Complete 
|  18|0x0000000085c00000, 0x0000000085d00000, 0x0000000085d00000|100%|HC|  |TAMS 0x0000000085d00000, 0x0000000085d00000| Complete 
|  19|0x0000000085d00000, 0x0000000085e00000, 0x0000000085e00000|100%|HC|  |TAMS 0x0000000085e00000, 0x0000000085e00000| Complete 
|  20|0x0000000085e00000, 0x0000000085f00000, 0x0000000085f00000|100%|HC|  |TAMS 0x0000000085f00000, 0x0000000085f00000| Complete 
|  21|0x0000000085f00000, 0x0000000086000000, 0x0000000086000000|100%|HS|  |TAMS 0x0000000086000000, 0x0000000086000000| Complete 
|  22|0x0000000086000000, 0x0000000086100000, 0x0000000086100000|100%|HC|  |TAMS 0x0000000086100000, 0x0000000086100000| Complete 
|  23|0x0000000086100000, 0x0000000086200000, 0x0000000086200000|100%|HC|  |TAMS 0x0000000086200000, 0x0000000086200000| Complete 
|  24|0x0000000086200000, 0x0000000086300000, 0x0000000086300000|100%|HC|  |TAMS 0x0000000086300000, 0x0000000086300000| Complete 
|  25|0x0000000086300000, 0x0000000086400000, 0x0000000086400000|100%|HC|  |TAMS 0x0000000086400000, 0x0000000086400000| Complete 
|  26|0x0000000086400000, 0x0000000086500000, 0x0000000086500000|100%|HC|  |TAMS 0x0000000086500000, 0x0000000086500000| Complete 
|  27|0x0000000086500000, 0x0000000086600000, 0x0000000086600000|100%|HC|  |TAMS 0x0000000086600000, 0x0000000086600000| Complete 
|  28|0x0000000086600000, 0x0000000086700000, 0x0000000086700000|100%|HC|  |TAMS 0x0000000086700000, 0x0000000086700000| Complete 
|  29|0x0000000086700000, 0x0000000086800000, 0x0000000086800000|100%|HC|  |TAMS 0x0000000086800000, 0x0000000086800000| Complete 
|  30|0x0000000086800000, 0x0000000086900000, 0x0000000086900000|100%|HS|  |TAMS 0x0000000086900000, 0x0000000086900000| Complete 
|  31|0x0000000086900000, 0x0000000086a00000, 0x0000000086a00000|100%|HC|  |TAMS 0x0000000086a00000, 0x0000000086a00000| Complete 
|  32|0x0000000086a00000, 0x0000000086b00000, 0x0000000086b00000|100%|HS|  |TAMS 0x0000000086b00000, 0x0000000086b00000| Complete 
|  33|0x0000000086b00000, 0x0000000086c00000, 0x0000000086c00000|100%|HC|  |TAMS 0x0000000086c00000, 0x0000000086c00000| Complete 
|  34|0x0000000086c00000, 0x0000000086d00000, 0x0000000086d00000|100%|HS|  |TAMS 0x0000000086d00000, 0x0000000086d00000| Complete 
|  35|0x0000000086d00000, 0x0000000086e00000, 0x0000000086e00000|100%|HC|  |TAMS 0x0000000086e00000, 0x0000000086e00000| Complete 
|  36|0x0000000086e00000, 0x0000000086f00000, 0x0000000086f00000|100%| O|  |TAMS 0x0000000086f00000, 0x0000000086f00000| Untracked 
|  37|0x0000000086f00000, 0x0000000086f00000, 0x0000000087000000|  0%| F|  |TAMS 0x0000000086f00000, 0x0000000086f00000| Untracked 
|  38|0x0000000087000000, 0x0000000087100000, 0x0000000087100000|100%| O|  |TAMS 0x0000000087100000, 0x0000000087100000| Untracked 
|  39|0x0000000087100000, 0x0000000087200000, 0x0000000087200000|100%| O|  |TAMS 0x0000000087200000, 0x0000000087200000| Untracked 
|  40|0x0000000087200000, 0x0000000087300000, 0x0000000087300000|100%|HS|  |TAMS 0x0000000087300000, 0x0000000087300000| Complete 
|  41|0x0000000087300000, 0x0000000087400000, 0x0000000087400000|100%|HC|  |TAMS 0x0000000087400000, 0x0000000087400000| Complete 
|  42|0x0000000087400000, 0x0000000087500000, 0x0000000087500000|100%|HS|  |TAMS 0x0000000087500000, 0x0000000087500000| Complete 
|  43|0x0000000087500000, 0x0000000087600000, 0x0000000087600000|100%|HC|  |TAMS 0x0000000087600000, 0x0000000087600000| Complete 
|  44|0x0000000087600000, 0x0000000087700000, 0x0000000087700000|100%|HS|  |TAMS 0x0000000087700000, 0x0000000087700000| Complete 
|  45|0x0000000087700000, 0x0000000087800000, 0x0000000087800000|100%|HC|  |TAMS 0x0000000087800000, 0x0000000087800000| Complete 
|  46|0x0000000087800000, 0x0000000087900000, 0x0000000087900000|100%|HS|  |TAMS 0x0000000087900000, 0x0000000087900000| Complete 
|  47|0x0000000087900000, 0x0000000087a00000, 0x0000000087a00000|100%|HC|  |TAMS 0x0000000087a00000, 0x0000000087a00000| Complete 
|  48|0x0000000087a00000, 0x0000000087b00000, 0x0000000087b00000|100%|HS|  |TAMS 0x0000000087b00000, 0x0000000087b00000| Complete 
|  49|0x0000000087b00000, 0x0000000087c00000, 0x0000000087c00000|100%|HC|  |TAMS 0x0000000087c00000, 0x0000000087c00000| Complete 
|  50|0x0000000087c00000, 0x0000000087d00000, 0x0000000087d00000|100%|HS|  |TAMS 0x0000000087d00000, 0x0000000087d00000| Complete 
|  51|0x0000000087d00000, 0x0000000087e00000, 0x0000000087e00000|100%|HC|  |TAMS 0x0000000087e00000, 0x0000000087e00000| Complete 
|  52|0x0000000087e00000, 0x0000000087f00000, 0x0000000087f00000|100%|HS|  |TAMS 0x0000000087f00000, 0x0000000087f00000| Complete 
|  53|0x0000000087f00000, 0x0000000088000000, 0x0000000088000000|100%|HC|  |TAMS 0x0000000088000000, 0x0000000088000000| Complete 
|  54|0x0000000088000000, 0x0000000088100000, 0x0000000088100000|100%|HS|  |TAMS 0x0000000088100000, 0x0000000088100000| Complete 
|  55|0x0000000088100000, 0x0000000088200000, 0x0000000088200000|100%|HC|  |TAMS 0x0000000088200000, 0x0000000088200000| Complete 
|  56|0x0000000088200000, 0x0000000088300000, 0x0000000088300000|100%| O|  |TAMS 0x0000000088300000, 0x0000000088300000| Untracked 
|  57|0x0000000088300000, 0x0000000088400000, 0x0000000088400000|100%| O|  |TAMS 0x0000000088400000, 0x0000000088400000| Untracked 
|  58|0x0000000088400000, 0x0000000088500000, 0x0000000088500000|100%| O|  |TAMS 0x0000000088500000, 0x0000000088500000| Untracked 
|  59|0x0000000088500000, 0x0000000088600000, 0x0000000088600000|100%| O|  |TAMS 0x0000000088600000, 0x0000000088600000| Untracked 
|  60|0x0000000088600000, 0x0000000088700000, 0x0000000088700000|100%| O|  |TAMS 0x0000000088700000, 0x0000000088700000| Untracked 
|  61|0x0000000088700000, 0x0000000088800000, 0x0000000088800000|100%|HS|  |TAMS 0x0000000088800000, 0x0000000088800000| Complete 
|  62|0x0000000088800000, 0x0000000088900000, 0x0000000088900000|100%|HC|  |TAMS 0x0000000088900000, 0x0000000088900000| Complete 
|  63|0x0000000088900000, 0x0000000088a00000, 0x0000000088a00000|100%|HS|  |TAMS 0x0000000088a00000, 0x0000000088a00000| Complete 
|  64|0x0000000088a00000, 0x0000000088b00000, 0x0000000088b00000|100%|HC|  |TAMS 0x0000000088b00000, 0x0000000088b00000| Complete 
|  65|0x0000000088b00000, 0x0000000088c00000, 0x0000000088c00000|100%|HS|  |TAMS 0x0000000088c00000, 0x0000000088c00000| Complete 
|  66|0x0000000088c00000, 0x0000000088d00000, 0x0000000088d00000|100%|HC|  |TAMS 0x0000000088d00000, 0x0000000088d00000| Complete 
|  67|0x0000000088d00000, 0x0000000088e00000, 0x0000000088e00000|100%|HS|  |TAMS 0x0000000088e00000, 0x0000000088e00000| Complete 
|  68|0x0000000088e00000, 0x0000000088f00000, 0x0000000088f00000|100%|HC|  |TAMS 0x0000000088f00000, 0x0000000088f00000| Complete 
|  69|0x0000000088f00000, 0x0000000089000000, 0x0000000089000000|100%|HS|  |TAMS 0x0000000089000000, 0x0000000089000000| Complete 
|  70|0x0000000089000000, 0x0000000089100000, 0x0000000089100000|100%|HC|  |TAMS 0x0000000089100000, 0x0000000089100000| Complete 
|  71|0x0000000089100000, 0x0000000089200000, 0x0000000089200000|100%|HS|  |TAMS 0x0000000089200000, 0x0000000089200000| Complete 
|  72|0x0000000089200000, 0x0000000089300000, 0x0000000089300000|100%|HC|  |TAMS 0x0000000089300000, 0x0000000089300000| Complete 
|  73|0x0000000089300000, 0x0000000089400000, 0x0000000089400000|100%|HS|  |TAMS 0x0000000089400000, 0x0000000089400000| Complete 
|  74|0x0000000089400000, 0x0000000089500000, 0x0000000089500000|100%|HC|  |TAMS 0x0000000089500000, 0x0000000089500000| Complete 
|  75|0x0000000089500000, 0x0000000089600000, 0x0000000089600000|100%|HS|  |TAMS 0x0000000089600000, 0x0000000089600000| Complete 
|  76|0x0000000089600000, 0x0000000089700000, 0x0000000089700000|100%|HC|  |TAMS 0x0000000089700000, 0x0000000089700000| Complete 
|  77|0x0000000089700000, 0x0000000089800000, 0x0000000089800000|100%|HS|  |TAMS 0x0000000089800000, 0x0000000089800000| Complete 
|  78|0x0000000089800000, 0x0000000089900000, 0x0000000089900000|100%|HC|  |TAMS 0x0000000089900000, 0x0000000089900000| Complete 
|  79|0x0000000089900000, 0x0000000089a00000, 0x0000000089a00000|100%|HS|  |TAMS 0x0000000089a00000, 0x0000000089a00000| Complete 
|  80|0x0000000089a00000, 0x0000000089b00000, 0x0000000089b00000|100%|HC|  |TAMS 0x0000000089b00000, 0x0000000089b00000| Complete 
|  81|0x0000000089b00000, 0x0000000089c00000, 0x0000000089c00000|100%|HS|  |TAMS 0x0000000089c00000, 0x0000000089c00000| Complete 
|  82|0x0000000089c00000, 0x0000000089d00000, 0x0000000089d00000|100%|HC|  |TAMS 0x0000000089d00000, 0x0000000089d00000| Complete 
|  83|0x0000000089d00000, 0x0000000089e00000, 0x0000000089e00000|100%|HS|  |TAMS 0x0000000089e00000, 0x0000000089e00000| Complete 
|  84|0x0000000089e00000, 0x0000000089f00000, 0x0000000089f00000|100%|HC|  |TAMS 0x0000000089f00000, 0x0000000089f00000| Complete 
|  85|0x0000000089f00000, 0x000000008a000000, 0x000000008a000000|100%|HS|  |TAMS 0x000000008a000000, 0x000000008a000000| Complete 
|  86|0x000000008a000000, 0x000000008a100000, 0x000000008a100000|100%|HC|  |TAMS 0x000000008a100000, 0x000000008a100000| Complete 
|  87|0x000000008a100000, 0x000000008a200000, 0x000000008a200000|100%|HS|  |TAMS 0x000000008a200000, 0x000000008a200000| Complete 
|  88|0x000000008a200000, 0x000000008a300000, 0x000000008a300000|100%|HC|  |TAMS 0x000000008a300000, 0x000000008a300000| Complete 
|  89|0x000000008a300000, 0x000000008a400000, 0x000000008a400000|100%|HS|  |TAMS 0x000000008a400000, 0x000000008a400000| Complete 
|  90|0x000000008a400000, 0x000000008a500000, 0x000000008a500000|100%|HC|  |TAMS 0x000000008a500000, 0x000000008a500000| Complete 
|  91|0x000000008a500000, 0x000000008a600000, 0x000000008a600000|100%|HS|  |TAMS 0x000000008a600000, 0x000000008a600000| Complete 
|  92|0x000000008a600000, 0x000000008a700000, 0x000000008a700000|100%|HC|  |TAMS 0x000000008a700000, 0x000000008a700000| Complete 
|  93|0x000000008a700000, 0x000000008a800000, 0x000000008a800000|100%|HS|  |TAMS 0x000000008a800000, 0x000000008a800000| Complete 
|  94|0x000000008a800000, 0x000000008a900000, 0x000000008a900000|100%|HC|  |TAMS 0x000000008a900000, 0x000000008a900000| Complete 
|  95|0x000000008a900000, 0x000000008aa00000, 0x000000008aa00000|100%|HS|  |TAMS 0x000000008aa00000, 0x000000008aa00000| Complete 
|  96|0x000000008aa00000, 0x000000008ab00000, 0x000000008ab00000|100%|HC|  |TAMS 0x000000008ab00000, 0x000000008ab00000| Complete 
|  97|0x000000008ab00000, 0x000000008ac00000, 0x000000008ac00000|100%|HS|  |TAMS 0x000000008ac00000, 0x000000008ac00000| Complete 
|  98|0x000000008ac00000, 0x000000008ad00000, 0x000000008ad00000|100%|HC|  |TAMS 0x000000008ad00000, 0x000000008ad00000| Complete 
|  99|0x000000008ad00000, 0x000000008ae00000, 0x000000008ae00000|100%|HS|  |TAMS 0x000000008ae00000, 0x000000008ae00000| Complete 
| 100|0x000000008ae00000, 0x000000008af00000, 0x000000008af00000|100%|HC|  |TAMS 0x000000008af00000, 0x000000008af00000| Complete 
| 101|0x000000008af00000, 0x000000008b000000, 0x000000008b000000|100%|HS|  |TAMS 0x000000008b000000, 0x000000008b000000| Complete 
| 102|0x000000008b000000, 0x000000008b100000, 0x000000008b100000|100%|HC|  |TAMS 0x000000008b100000, 0x000000008b100000| Complete 
| 103|0x000000008b100000, 0x000000008b200000, 0x000000008b200000|100%|HS|  |TAMS 0x000000008b200000, 0x000000008b200000| Complete 
| 104|0x000000008b200000, 0x000000008b300000, 0x000000008b300000|100%|HC|  |TAMS 0x000000008b300000, 0x000000008b300000| Complete 
| 105|0x000000008b300000, 0x000000008b400000, 0x000000008b400000|100%|HS|  |TAMS 0x000000008b400000, 0x000000008b400000| Complete 
| 106|0x000000008b400000, 0x000000008b500000, 0x000000008b500000|100%|HC|  |TAMS 0x000000008b500000, 0x000000008b500000| Complete 
| 107|0x000000008b500000, 0x000000008b600000, 0x000000008b600000|100%| O|  |TAMS 0x000000008b600000, 0x000000008b600000| Untracked 
| 108|0x000000008b600000, 0x000000008b700000, 0x000000008b700000|100%|HS|  |TAMS 0x000000008b700000, 0x000000008b700000| Complete 
| 109|0x000000008b700000, 0x000000008b800000, 0x000000008b800000|100%|HC|  |TAMS 0x000000008b800000, 0x000000008b800000| Complete 
| 110|0x000000008b800000, 0x000000008b900000, 0x000000008b900000|100%|HS|  |TAMS 0x000000008b900000, 0x000000008b900000| Complete 
| 111|0x000000008b900000, 0x000000008ba00000, 0x000000008ba00000|100%|HC|  |TAMS 0x000000008ba00000, 0x000000008ba00000| Complete 
| 112|0x000000008ba00000, 0x000000008bb00000, 0x000000008bb00000|100%|HS|  |TAMS 0x000000008bb00000, 0x000000008bb00000| Complete 
| 113|0x000000008bb00000, 0x000000008bc00000, 0x000000008bc00000|100%|HC|  |TAMS 0x000000008bc00000, 0x000000008bc00000| Complete 
| 114|0x000000008bc00000, 0x000000008bd00000, 0x000000008bd00000|100%|HS|  |TAMS 0x000000008bd00000, 0x000000008bd00000| Complete 
| 115|0x000000008bd00000, 0x000000008be00000, 0x000000008be00000|100%|HC|  |TAMS 0x000000008be00000, 0x000000008be00000| Complete 
| 116|0x000000008be00000, 0x000000008bf00000, 0x000000008bf00000|100%|HS|  |TAMS 0x000000008bf00000, 0x000000008bf00000| Complete 
| 117|0x000000008bf00000, 0x000000008c000000, 0x000000008c000000|100%|HC|  |TAMS 0x000000008c000000, 0x000000008c000000| Complete 
| 118|0x000000008c000000, 0x000000008c100000, 0x000000008c100000|100%|HS|  |TAMS 0x000000008c100000, 0x000000008c100000| Complete 
| 119|0x000000008c100000, 0x000000008c200000, 0x000000008c200000|100%|HC|  |TAMS 0x000000008c200000, 0x000000008c200000| Complete 
| 120|0x000000008c200000, 0x000000008c2db600, 0x000000008c300000| 85%| O|  |TAMS 0x000000008c2db600, 0x000000008c2db600| Untracked 
| 121|0x000000008c300000, 0x000000008c300000, 0x000000008c400000|  0%| F|  |TAMS 0x000000008c300000, 0x000000008c300000| Untracked 
| 122|0x000000008c400000, 0x000000008c500000, 0x000000008c500000|100%|HS|  |TAMS 0x000000008c500000, 0x000000008c500000| Complete 
| 123|0x000000008c500000, 0x000000008c600000, 0x000000008c600000|100%|HC|  |TAMS 0x000000008c600000, 0x000000008c600000| Complete 
| 124|0x000000008c600000, 0x000000008c700000, 0x000000008c700000|100%|HS|  |TAMS 0x000000008c700000, 0x000000008c700000| Complete 
| 125|0x000000008c700000, 0x000000008c800000, 0x000000008c800000|100%|HC|  |TAMS 0x000000008c800000, 0x000000008c800000| Complete 
| 126|0x000000008c800000, 0x000000008c900000, 0x000000008c900000|100%|HS|  |TAMS 0x000000008c900000, 0x000000008c900000| Complete 
| 127|0x000000008c900000, 0x000000008ca00000, 0x000000008ca00000|100%|HC|  |TAMS 0x000000008ca00000, 0x000000008ca00000| Complete 
| 128|0x000000008ca00000, 0x000000008cb00000, 0x000000008cb00000|100%|HS|  |TAMS 0x000000008cb00000, 0x000000008cb00000| Complete 
| 129|0x000000008cb00000, 0x000000008cc00000, 0x000000008cc00000|100%|HC|  |TAMS 0x000000008cc00000, 0x000000008cc00000| Complete 
| 130|0x000000008cc00000, 0x000000008cd00000, 0x000000008cd00000|100%|HS|  |TAMS 0x000000008cd00000, 0x000000008cd00000| Complete 
| 131|0x000000008cd00000, 0x000000008ce00000, 0x000000008ce00000|100%|HC|  |TAMS 0x000000008ce00000, 0x000000008ce00000| Complete 
| 132|0x000000008ce00000, 0x000000008cf00000, 0x000000008cf00000|100%|HS|  |TAMS 0x000000008cf00000, 0x000000008cf00000| Complete 
| 133|0x000000008cf00000, 0x000000008d000000, 0x000000008d000000|100%|HC|  |TAMS 0x000000008d000000, 0x000000008d000000| Complete 
| 134|0x000000008d000000, 0x000000008d100000, 0x000000008d100000|100%|HS|  |TAMS 0x000000008d100000, 0x000000008d100000| Complete 
| 135|0x000000008d100000, 0x000000008d200000, 0x000000008d200000|100%|HC|  |TAMS 0x000000008d200000, 0x000000008d200000| Complete 
| 136|0x000000008d200000, 0x000000008d300000, 0x000000008d300000|100%|HS|  |TAMS 0x000000008d300000, 0x000000008d300000| Complete 
| 137|0x000000008d300000, 0x000000008d400000, 0x000000008d400000|100%|HC|  |TAMS 0x000000008d400000, 0x000000008d400000| Complete 
| 138|0x000000008d400000, 0x000000008d500000, 0x000000008d500000|100%|HS|  |TAMS 0x000000008d500000, 0x000000008d500000| Complete 
| 139|0x000000008d500000, 0x000000008d600000, 0x000000008d600000|100%|HC|  |TAMS 0x000000008d600000, 0x000000008d600000| Complete 
| 140|0x000000008d600000, 0x000000008d700000, 0x000000008d700000|100%|HS|  |TAMS 0x000000008d700000, 0x000000008d700000| Complete 
| 141|0x000000008d700000, 0x000000008d800000, 0x000000008d800000|100%|HC|  |TAMS 0x000000008d800000, 0x000000008d800000| Complete 
| 142|0x000000008d800000, 0x000000008d900000, 0x000000008d900000|100%|HS|  |TAMS 0x000000008d800000, 0x000000008d900000| Complete 
| 143|0x000000008d900000, 0x000000008da00000, 0x000000008da00000|100%|HC|  |TAMS 0x000000008d900000, 0x000000008da00000| Complete 
| 144|0x000000008da00000, 0x000000008da00000, 0x000000008db00000|  0%| F|  |TAMS 0x000000008da00000, 0x000000008da00000| Untracked 
| 145|0x000000008db00000, 0x000000008db00000, 0x000000008dc00000|  0%| F|  |TAMS 0x000000008db00000, 0x000000008db00000| Untracked 
| 146|0x000000008dc00000, 0x000000008dc00000, 0x000000008dd00000|  0%| F|  |TAMS 0x000000008dc00000, 0x000000008dc00000| Untracked 
| 147|0x000000008dd00000, 0x000000008dd00000, 0x000000008de00000|  0%| F|  |TAMS 0x000000008dd00000, 0x000000008dd00000| Untracked 
| 148|0x000000008de00000, 0x000000008de00000, 0x000000008df00000|  0%| F|  |TAMS 0x000000008de00000, 0x000000008de00000| Untracked 
| 149|0x000000008df00000, 0x000000008df00000, 0x000000008e000000|  0%| F|  |TAMS 0x000000008df00000, 0x000000008df00000| Untracked 
| 150|0x000000008e000000, 0x000000008e000000, 0x000000008e100000|  0%| F|  |TAMS 0x000000008e000000, 0x000000008e000000| Untracked 
| 151|0x000000008e100000, 0x000000008e100000, 0x000000008e200000|  0%| F|  |TAMS 0x000000008e100000, 0x000000008e100000| Untracked 
| 152|0x000000008e200000, 0x000000008e200000, 0x000000008e300000|  0%| F|  |TAMS 0x000000008e200000, 0x000000008e200000| Untracked 
| 153|0x000000008e300000, 0x000000008e300000, 0x000000008e400000|  0%| F|  |TAMS 0x000000008e300000, 0x000000008e300000| Untracked 
| 154|0x000000008e400000, 0x000000008e400000, 0x000000008e500000|  0%| F|  |TAMS 0x000000008e400000, 0x000000008e400000| Untracked 
| 155|0x000000008e500000, 0x000000008e500000, 0x000000008e600000|  0%| F|  |TAMS 0x000000008e500000, 0x000000008e500000| Untracked 
| 156|0x000000008e600000, 0x000000008e600000, 0x000000008e700000|  0%| F|  |TAMS 0x000000008e600000, 0x000000008e600000| Untracked 
| 157|0x000000008e700000, 0x000000008e700000, 0x000000008e800000|  0%| F|  |TAMS 0x000000008e700000, 0x000000008e700000| Untracked 
| 158|0x000000008e800000, 0x000000008e800000, 0x000000008e900000|  0%| F|  |TAMS 0x000000008e800000, 0x000000008e800000| Untracked 
| 159|0x000000008e900000, 0x000000008e900000, 0x000000008ea00000|  0%| F|  |TAMS 0x000000008e900000, 0x000000008e900000| Untracked 
| 160|0x000000008ea00000, 0x000000008ea00000, 0x000000008eb00000|  0%| F|  |TAMS 0x000000008ea00000, 0x000000008ea00000| Untracked 
| 161|0x000000008eb00000, 0x000000008eb00000, 0x000000008ec00000|  0%| F|  |TAMS 0x000000008eb00000, 0x000000008eb00000| Untracked 
| 162|0x000000008ec00000, 0x000000008ec00000, 0x000000008ed00000|  0%| F|  |TAMS 0x000000008ec00000, 0x000000008ec00000| Untracked 
| 163|0x000000008ed00000, 0x000000008ed00000, 0x000000008ee00000|  0%| F|  |TAMS 0x000000008ed00000, 0x000000008ed00000| Untracked 
| 164|0x000000008ee00000, 0x000000008ee00000, 0x000000008ef00000|  0%| F|  |TAMS 0x000000008ee00000, 0x000000008ee00000| Untracked 
| 165|0x000000008ef00000, 0x000000008ef00000, 0x000000008f000000|  0%| F|  |TAMS 0x000000008ef00000, 0x000000008ef00000| Untracked 
| 166|0x000000008f000000, 0x000000008f000000, 0x000000008f100000|  0%| F|  |TAMS 0x000000008f000000, 0x000000008f000000| Untracked 
| 167|0x000000008f100000, 0x000000008f100000, 0x000000008f200000|  0%| F|  |TAMS 0x000000008f100000, 0x000000008f100000| Untracked 
| 168|0x000000008f200000, 0x000000008f200000, 0x000000008f300000|  0%| F|  |TAMS 0x000000008f200000, 0x000000008f200000| Untracked 
| 169|0x000000008f300000, 0x000000008f300000, 0x000000008f400000|  0%| F|  |TAMS 0x000000008f300000, 0x000000008f300000| Untracked 
| 170|0x000000008f400000, 0x000000008f400000, 0x000000008f500000|  0%| F|  |TAMS 0x000000008f400000, 0x000000008f400000| Untracked 
| 171|0x000000008f500000, 0x000000008f500000, 0x000000008f600000|  0%| F|  |TAMS 0x000000008f500000, 0x000000008f500000| Untracked 
| 172|0x000000008f600000, 0x000000008f600000, 0x000000008f700000|  0%| F|  |TAMS 0x000000008f600000, 0x000000008f600000| Untracked 
| 173|0x000000008f700000, 0x000000008f700000, 0x000000008f800000|  0%| F|  |TAMS 0x000000008f700000, 0x000000008f700000| Untracked 
| 174|0x000000008f800000, 0x000000008f800000, 0x000000008f900000|  0%| F|  |TAMS 0x000000008f800000, 0x000000008f800000| Untracked 
| 175|0x000000008f900000, 0x000000008f900000, 0x000000008fa00000|  0%| F|  |TAMS 0x000000008f900000, 0x000000008f900000| Untracked 
| 176|0x000000008fa00000, 0x000000008fa00000, 0x000000008fb00000|  0%| F|  |TAMS 0x000000008fa00000, 0x000000008fa00000| Untracked 
| 177|0x000000008fb00000, 0x000000008fb00000, 0x000000008fc00000|  0%| F|  |TAMS 0x000000008fb00000, 0x000000008fb00000| Untracked 
| 178|0x000000008fc00000, 0x000000008fc00000, 0x000000008fd00000|  0%| F|  |TAMS 0x000000008fc00000, 0x000000008fc00000| Untracked 
| 179|0x000000008fd00000, 0x000000008fd00000, 0x000000008fe00000|  0%| F|  |TAMS 0x000000008fd00000, 0x000000008fd00000| Untracked 
| 180|0x000000008fe00000, 0x000000008fe00000, 0x000000008ff00000|  0%| F|  |TAMS 0x000000008fe00000, 0x000000008fe00000| Untracked 
| 181|0x000000008ff00000, 0x000000008ff00000, 0x0000000090000000|  0%| F|  |TAMS 0x000000008ff00000, 0x000000008ff00000| Untracked 
| 182|0x0000000090000000, 0x0000000090000000, 0x0000000090100000|  0%| F|  |TAMS 0x0000000090000000, 0x0000000090000000| Untracked 
| 183|0x0000000090100000, 0x0000000090100000, 0x0000000090200000|  0%| F|  |TAMS 0x0000000090100000, 0x0000000090100000| Untracked 
| 184|0x0000000090200000, 0x0000000090200000, 0x0000000090300000|  0%| F|  |TAMS 0x0000000090200000, 0x0000000090200000| Untracked 
| 185|0x0000000090300000, 0x0000000090300000, 0x0000000090400000|  0%| F|  |TAMS 0x0000000090300000, 0x0000000090300000| Untracked 
| 186|0x0000000090400000, 0x0000000090400000, 0x0000000090500000|  0%| F|  |TAMS 0x0000000090400000, 0x0000000090400000| Untracked 
| 187|0x0000000090500000, 0x0000000090500000, 0x0000000090600000|  0%| F|  |TAMS 0x0000000090500000, 0x0000000090500000| Untracked 
| 188|0x0000000090600000, 0x0000000090600000, 0x0000000090700000|  0%| F|  |TAMS 0x0000000090600000, 0x0000000090600000| Untracked 
| 189|0x0000000090700000, 0x0000000090700000, 0x0000000090800000|  0%| F|  |TAMS 0x0000000090700000, 0x0000000090700000| Untracked 
| 190|0x0000000090800000, 0x0000000090800000, 0x0000000090900000|  0%| F|  |TAMS 0x0000000090800000, 0x0000000090800000| Untracked 
| 191|0x0000000090900000, 0x0000000090900000, 0x0000000090a00000|  0%| F|  |TAMS 0x0000000090900000, 0x0000000090900000| Untracked 
| 192|0x0000000090a00000, 0x0000000090a00000, 0x0000000090b00000|  0%| F|  |TAMS 0x0000000090a00000, 0x0000000090a00000| Untracked 
| 193|0x0000000090b00000, 0x0000000090b00000, 0x0000000090c00000|  0%| F|  |TAMS 0x0000000090b00000, 0x0000000090b00000| Untracked 
| 194|0x0000000090c00000, 0x0000000090c00000, 0x0000000090d00000|  0%| F|  |TAMS 0x0000000090c00000, 0x0000000090c00000| Untracked 
| 195|0x0000000090d00000, 0x0000000090d00000, 0x0000000090e00000|  0%| F|  |TAMS 0x0000000090d00000, 0x0000000090d00000| Untracked 
| 196|0x0000000090e00000, 0x0000000090e00000, 0x0000000090f00000|  0%| F|  |TAMS 0x0000000090e00000, 0x0000000090e00000| Untracked 
| 197|0x0000000090f00000, 0x0000000090f00000, 0x0000000091000000|  0%| F|  |TAMS 0x0000000090f00000, 0x0000000090f00000| Untracked 
| 198|0x0000000091000000, 0x0000000091000000, 0x0000000091100000|  0%| F|  |TAMS 0x0000000091000000, 0x0000000091000000| Untracked 
| 199|0x0000000091100000, 0x0000000091100000, 0x0000000091200000|  0%| F|  |TAMS 0x0000000091100000, 0x0000000091100000| Untracked 
| 200|0x0000000091200000, 0x0000000091200000, 0x0000000091300000|  0%| F|  |TAMS 0x0000000091200000, 0x0000000091200000| Untracked 
| 201|0x0000000091300000, 0x0000000091300000, 0x0000000091400000|  0%| F|  |TAMS 0x0000000091300000, 0x0000000091300000| Untracked 
| 202|0x0000000091400000, 0x0000000091400000, 0x0000000091500000|  0%| F|  |TAMS 0x0000000091400000, 0x0000000091400000| Untracked 
| 203|0x0000000091500000, 0x0000000091500000, 0x0000000091600000|  0%| F|  |TAMS 0x0000000091500000, 0x0000000091500000| Untracked 
| 204|0x0000000091600000, 0x0000000091600000, 0x0000000091700000|  0%| F|  |TAMS 0x0000000091600000, 0x0000000091600000| Untracked 
| 205|0x0000000091700000, 0x0000000091700000, 0x0000000091800000|  0%| F|  |TAMS 0x0000000091700000, 0x0000000091700000| Untracked 
| 206|0x0000000091800000, 0x0000000091800000, 0x0000000091900000|  0%| F|  |TAMS 0x0000000091800000, 0x0000000091800000| Untracked 
| 207|0x0000000091900000, 0x0000000091900000, 0x0000000091a00000|  0%| F|  |TAMS 0x0000000091900000, 0x0000000091900000| Untracked 
| 208|0x0000000091a00000, 0x0000000091a00000, 0x0000000091b00000|  0%| F|  |TAMS 0x0000000091a00000, 0x0000000091a00000| Untracked 
| 209|0x0000000091b00000, 0x0000000091b00000, 0x0000000091c00000|  0%| F|  |TAMS 0x0000000091b00000, 0x0000000091b00000| Untracked 
| 210|0x0000000091c00000, 0x0000000091c00000, 0x0000000091d00000|  0%| F|  |TAMS 0x0000000091c00000, 0x0000000091c00000| Untracked 
| 211|0x0000000091d00000, 0x0000000091d00000, 0x0000000091e00000|  0%| F|  |TAMS 0x0000000091d00000, 0x0000000091d00000| Untracked 
| 212|0x0000000091e00000, 0x0000000091e00000, 0x0000000091f00000|  0%| F|  |TAMS 0x0000000091e00000, 0x0000000091e00000| Untracked 
| 213|0x0000000091f00000, 0x0000000091f00000, 0x0000000092000000|  0%| F|  |TAMS 0x0000000091f00000, 0x0000000091f00000| Untracked 
| 214|0x0000000092000000, 0x0000000092000000, 0x0000000092100000|  0%| F|  |TAMS 0x0000000092000000, 0x0000000092000000| Untracked 
| 215|0x0000000092100000, 0x0000000092100000, 0x0000000092200000|  0%| F|  |TAMS 0x0000000092100000, 0x0000000092100000| Untracked 
| 216|0x0000000092200000, 0x0000000092200000, 0x0000000092300000|  0%| F|  |TAMS 0x0000000092200000, 0x0000000092200000| Untracked 
| 217|0x0000000092300000, 0x0000000092300000, 0x0000000092400000|  0%| F|  |TAMS 0x0000000092300000, 0x0000000092300000| Untracked 
| 218|0x0000000092400000, 0x0000000092400000, 0x0000000092500000|  0%| F|  |TAMS 0x0000000092400000, 0x0000000092400000| Untracked 
| 219|0x0000000092500000, 0x0000000092500000, 0x0000000092600000|  0%| F|  |TAMS 0x0000000092500000, 0x0000000092500000| Untracked 
| 220|0x0000000092600000, 0x0000000092600000, 0x0000000092700000|  0%| F|  |TAMS 0x0000000092600000, 0x0000000092600000| Untracked 
| 221|0x0000000092700000, 0x0000000092700000, 0x0000000092800000|  0%| F|  |TAMS 0x0000000092700000, 0x0000000092700000| Untracked 
| 222|0x0000000092800000, 0x0000000092800000, 0x0000000092900000|  0%| F|  |TAMS 0x0000000092800000, 0x0000000092800000| Untracked 
| 223|0x0000000092900000, 0x0000000092900000, 0x0000000092a00000|  0%| F|  |TAMS 0x0000000092900000, 0x0000000092900000| Untracked 
| 224|0x0000000092a00000, 0x0000000092a00000, 0x0000000092b00000|  0%| F|  |TAMS 0x0000000092a00000, 0x0000000092a00000| Untracked 
| 225|0x0000000092b00000, 0x0000000092b00000, 0x0000000092c00000|  0%| F|  |TAMS 0x0000000092b00000, 0x0000000092b00000| Untracked 
| 226|0x0000000092c00000, 0x0000000092c00000, 0x0000000092d00000|  0%| F|  |TAMS 0x0000000092c00000, 0x0000000092c00000| Untracked 
| 227|0x0000000092d00000, 0x0000000092d00000, 0x0000000092e00000|  0%| F|  |TAMS 0x0000000092d00000, 0x0000000092d00000| Untracked 
| 228|0x0000000092e00000, 0x0000000092e00000, 0x0000000092f00000|  0%| F|  |TAMS 0x0000000092e00000, 0x0000000092e00000| Untracked 
| 229|0x0000000092f00000, 0x0000000092f00000, 0x0000000093000000|  0%| F|  |TAMS 0x0000000092f00000, 0x0000000092f00000| Untracked 
| 230|0x0000000093000000, 0x0000000093000000, 0x0000000093100000|  0%| F|  |TAMS 0x0000000093000000, 0x0000000093000000| Untracked 
| 231|0x0000000093100000, 0x0000000093100000, 0x0000000093200000|  0%| F|  |TAMS 0x0000000093100000, 0x0000000093100000| Untracked 
| 232|0x0000000093200000, 0x0000000093200000, 0x0000000093300000|  0%| F|  |TAMS 0x0000000093200000, 0x0000000093200000| Untracked 
| 233|0x0000000093300000, 0x0000000093300000, 0x0000000093400000|  0%| F|  |TAMS 0x0000000093300000, 0x0000000093300000| Untracked 
| 234|0x0000000093400000, 0x0000000093400000, 0x0000000093500000|  0%| F|  |TAMS 0x0000000093400000, 0x0000000093400000| Untracked 
| 235|0x0000000093500000, 0x0000000093500000, 0x0000000093600000|  0%| F|  |TAMS 0x0000000093500000, 0x0000000093500000| Untracked 
| 236|0x0000000093600000, 0x0000000093600000, 0x0000000093700000|  0%| F|  |TAMS 0x0000000093600000, 0x0000000093600000| Untracked 
| 237|0x0000000093700000, 0x0000000093700000, 0x0000000093800000|  0%| F|  |TAMS 0x0000000093700000, 0x0000000093700000| Untracked 
| 238|0x0000000093800000, 0x0000000093800000, 0x0000000093900000|  0%| F|  |TAMS 0x0000000093800000, 0x0000000093800000| Untracked 
| 239|0x0000000093900000, 0x0000000093980760, 0x0000000093a00000| 50%| S|CS|TAMS 0x0000000093900000, 0x0000000093900000| Complete 

Card table byte_map: [0x000001f37ba70000,0x000001f37be50000] _byte_map_base: 0x000001f37b64b000

Marking Bits (Prev, Next): (CMBitMap*) 0x000001f362a14850, (CMBitMap*) 0x000001f362a14890
 Prev Bits: [0x000001f37c230000, 0x000001f37e108000)
 Next Bits: [0x000001f37e110000, 0x000001f37ffe8000)

Polling page: 0x000001f3626c0000

Metaspace:

Usage:
  Non-class:     13.28 MB used.
      Class:      1.98 MB used.
       Both:     15.26 MB used.

Virtual space:
  Non-class space:       16.00 MB reserved,      13.38 MB ( 84%) committed,  2 nodes.
      Class space:        1.00 GB reserved,       2.12 MB ( <1%) committed,  1 nodes.
             Both:        1.02 GB reserved,      15.50 MB (  1%) committed. 

Chunk freelists:
   Non-Class:  2.56 MB
       Class:  1.86 MB
        Both:  4.42 MB

MaxMetaspaceSize: unlimited
CompressedClassSpaceSize: 1.00 GB
Initial GC threshold: 21.00 MB
Current GC threshold: 25.88 MB
CDS: on
MetaspaceReclaimPolicy: balanced
 - commit_granule_bytes: 65536.
 - commit_granule_words: 8192.
 - virtual_space_node_default_size: 1048576.
 - enlarge_chunks_in_place: 1.
 - new_chunks_are_fully_committed: 0.
 - uncommit_free_chunks: 1.
 - use_allocation_guard: 0.
 - handle_deallocations: 1.


Internal statistics:

num_allocs_failed_limit: 0.
num_arena_births: 238.
num_arena_deaths: 0.
num_vsnodes_births: 3.
num_vsnodes_deaths: 0.
num_space_committed: 248.
num_space_uncommitted: 0.
num_chunks_returned_to_freelist: 0.
num_chunks_taken_from_freelist: 726.
num_chunk_merges: 0.
num_chunk_splits: 519.
num_chunks_enlarged: 399.
num_purges: 0.
num_inconsistent_stats: 0.

CodeHeap 'non-profiled nmethods': size=120000Kb used=897Kb max_used=897Kb free=119102Kb
 bounds [0x000001f3734e0000, 0x000001f373750000, 0x000001f37aa10000]
CodeHeap 'profiled nmethods': size=120000Kb used=4131Kb max_used=4131Kb free=115869Kb
 bounds [0x000001f36ba10000, 0x000001f36be20000, 0x000001f372f40000]
CodeHeap 'non-nmethods': size=5760Kb used=1371Kb max_used=1394Kb free=4389Kb
 bounds [0x000001f372f40000, 0x000001f3731b0000, 0x000001f3734e0000]
 total_blobs=2974 nmethods=2267 adapters=619
 compilation: enabled
              stopped_count=0, restarted_count=0
 full_count=0

Compilation events (20 events):
Event: 2.200 Thread 0x000001f302cf0200 2258       3       java.lang.Character::isLetterOrDigit (19 bytes)
Event: 2.200 Thread 0x000001f302cf0200 nmethod 2258 0x000001f36be13910 code [0x000001f36be13ac0, 0x000001f36be13d78]
Event: 2.204 Thread 0x000001f302cf0200 2259       3       com.sun.javafx.collections.VetoableListDecorator::size (10 bytes)
Event: 2.204 Thread 0x000001f302cf0200 nmethod 2259 0x000001f36be13e90 code [0x000001f36be14040, 0x000001f36be14208]
Event: 2.204 Thread 0x000001f302cf0200 2260       3       com.sun.javafx.binding.ExpressionHelper::<init> (10 bytes)
Event: 2.204 Thread 0x000001f302cf0200 nmethod 2260 0x000001f36be14310 code [0x000001f36be144c0, 0x000001f36be146d8]
Event: 2.205 Thread 0x000001f302cf0200 2261       3       javafx.scene.Node::layoutBoundsChanged (47 bytes)
Event: 2.205 Thread 0x000001f302cf0200 nmethod 2261 0x000001f36be14810 code [0x000001f36be14a20, 0x000001f36be15208]
Event: 2.205 Thread 0x000001f302cf0200 2263       3       java.util.regex.CharPredicates$$Lambda$20/0x800000029::is (5 bytes)
Event: 2.205 Thread 0x000001f302cf0200 nmethod 2263 0x000001f36be15410 code [0x000001f36be155c0, 0x000001f36be15898]
Event: 2.205 Thread 0x000001f302cf0200 2262       3       javafx.collections.ListChangeBuilder::finalizeSubChange (44 bytes)
Event: 2.206 Thread 0x000001f302cf0200 nmethod 2262 0x000001f36be15990 code [0x000001f36be15b60, 0x000001f36be15ea8]
Event: 2.206 Thread 0x000001f302cf0200 2264       3       sun.nio.fs.NativeBuffers::getNativeBufferFromCache (51 bytes)
Event: 2.206 Thread 0x000001f302cf0200 nmethod 2264 0x000001f36be15f90 code [0x000001f36be16180, 0x000001f36be167c8]
Event: 2.206 Thread 0x000001f302cf0200 2266       3       sun.nio.fs.NativeBuffers::releaseNativeBuffer (97 bytes)
Event: 2.207 Thread 0x000001f302cf0200 nmethod 2266 0x000001f36be16990 code [0x000001f36be16c80, 0x000001f36be17fb8]
Event: 2.207 Thread 0x000001f302cf0200 2265       3       sun.nio.fs.NativeBuffer::release (5 bytes)
Event: 2.207 Thread 0x000001f302cf0200 nmethod 2265 0x000001f36be18510 code [0x000001f36be186a0, 0x000001f36be187c8]
Event: 2.207 Thread 0x000001f302cf0200 2267       3       javafx.beans.property.BooleanPropertyBase::invalidated (1 bytes)
Event: 2.207 Thread 0x000001f302cf0200 nmethod 2267 0x000001f36be18890 code [0x000001f36be18a20, 0x000001f36be18b38]

GC Heap History (20 events):
Event: 2.122 GC heap after
{Heap after GC invocations=5 (full 0):
 garbage-first heap   total 126976K, used 110720K [0x0000000084a00000, 0x0000000100000000)
  region size 1024K, 2 young (2048K), 2 survivors (2048K)
 Metaspace       used 15578K, committed 15872K, reserved 1064960K
  class space    used 2021K, committed 2176K, reserved 1048576K
}
Event: 2.142 GC heap before
{Heap before GC invocations=5 (full 0):
 garbage-first heap   total 126976K, used 120960K [0x0000000084a00000, 0x0000000100000000)
  region size 1024K, 3 young (3072K), 2 survivors (2048K)
 Metaspace       used 15593K, committed 15872K, reserved 1064960K
  class space    used 2023K, committed 2176K, reserved 1048576K
}
Event: 2.145 GC heap after
{Heap after GC invocations=6 (full 0):
 garbage-first heap   total 126976K, used 121216K [0x0000000084a00000, 0x0000000100000000)
  region size 1024K, 1 young (1024K), 1 survivors (1024K)
 Metaspace       used 15593K, committed 15872K, reserved 1064960K
  class space    used 2023K, committed 2176K, reserved 1048576K
}
Event: 2.147 GC heap before
{Heap before GC invocations=6 (full 0):
 garbage-first heap   total 126976K, used 123264K [0x0000000084a00000, 0x0000000100000000)
  region size 1024K, 2 young (2048K), 1 survivors (1024K)
 Metaspace       used 15593K, committed 15872K, reserved 1064960K
  class space    used 2023K, committed 2176K, reserved 1048576K
}
Event: 2.148 GC heap after
{Heap after GC invocations=7 (full 0):
 garbage-first heap   total 126976K, used 122841K [0x0000000084a00000, 0x0000000100000000)
  region size 1024K, 1 young (1024K), 1 survivors (1024K)
 Metaspace       used 15593K, committed 15872K, reserved 1064960K
  class space    used 2023K, committed 2176K, reserved 1048576K
}
Event: 2.148 GC heap before
{Heap before GC invocations=7 (full 0):
 garbage-first heap   total 126976K, used 124889K [0x0000000084a00000, 0x0000000100000000)
  region size 1024K, 1 young (1024K), 1 survivors (1024K)
 Metaspace       used 15593K, committed 15872K, reserved 1064960K
  class space    used 2023K, committed 2176K, reserved 1048576K
}
Event: 2.148 GC heap after
{Heap after GC invocations=8 (full 0):
 garbage-first heap   total 126976K, used 124883K [0x0000000084a00000, 0x0000000100000000)
  region size 1024K, 1 young (1024K), 1 survivors (1024K)
 Metaspace       used 15593K, committed 15872K, reserved 1064960K
  class space    used 2023K, committed 2176K, reserved 1048576K
}
Event: 2.159 GC heap before
{Heap before GC invocations=9 (full 0):
 garbage-first heap   total 215040K, used 126931K [0x0000000084a00000, 0x0000000100000000)
  region size 1024K, 2 young (2048K), 1 survivors (1024K)
 Metaspace       used 15602K, committed 15872K, reserved 1064960K
  class space    used 2023K, committed 2176K, reserved 1048576K
}
Event: 2.160 GC heap after
{Heap after GC invocations=10 (full 0):
 garbage-first heap   total 215040K, used 127227K [0x0000000084a00000, 0x0000000100000000)
  region size 1024K, 1 young (1024K), 1 survivors (1024K)
 Metaspace       used 15602K, committed 15872K, reserved 1064960K
  class space    used 2023K, committed 2176K, reserved 1048576K
}
Event: 2.167 GC heap before
{Heap before GC invocations=11 (full 0):
 garbage-first heap   total 222208K, used 131323K [0x0000000084a00000, 0x0000000100000000)
  region size 1024K, 2 young (2048K), 1 survivors (1024K)
 Metaspace       used 15602K, committed 15872K, reserved 1064960K
  class space    used 2023K, committed 2176K, reserved 1048576K
}
Event: 2.167 GC heap after
{Heap after GC invocations=12 (full 0):
 garbage-first heap   total 222208K, used 131066K [0x0000000084a00000, 0x0000000100000000)
  region size 1024K, 1 young (1024K), 1 survivors (1024K)
 Metaspace       used 15602K, committed 15872K, reserved 1064960K
  class space    used 2023K, committed 2176K, reserved 1048576K
}
Event: 2.176 GC heap before
{Heap before GC invocations=13 (full 0):
 garbage-first heap   total 225280K, used 133114K [0x0000000084a00000, 0x0000000100000000)
  region size 1024K, 2 young (2048K), 1 survivors (1024K)
 Metaspace       used 15602K, committed 15872K, reserved 1064960K
  class space    used 2023K, committed 2176K, reserved 1048576K
}
Event: 2.176 GC heap after
{Heap after GC invocations=14 (full 0):
 garbage-first heap   total 225280K, used 133407K [0x0000000084a00000, 0x0000000100000000)
  region size 1024K, 1 young (1024K), 1 survivors (1024K)
 Metaspace       used 15602K, committed 15872K, reserved 1064960K
  class space    used 2023K, committed 2176K, reserved 1048576K
}
Event: 2.183 GC heap before
{Heap before GC invocations=15 (full 0):
 garbage-first heap   total 232448K, used 137503K [0x0000000084a00000, 0x0000000100000000)
  region size 1024K, 2 young (2048K), 1 survivors (1024K)
 Metaspace       used 15608K, committed 15872K, reserved 1064960K
  class space    used 2023K, committed 2176K, reserved 1048576K
}
Event: 2.184 GC heap after
{Heap after GC invocations=16 (full 0):
 garbage-first heap   total 232448K, used 137250K [0x0000000084a00000, 0x0000000100000000)
  region size 1024K, 1 young (1024K), 1 survivors (1024K)
 Metaspace       used 15608K, committed 15872K, reserved 1064960K
  class space    used 2023K, committed 2176K, reserved 1048576K
}
Event: 2.192 GC heap before
{Heap before GC invocations=17 (full 0):
 garbage-first heap   total 235520K, used 139298K [0x0000000084a00000, 0x0000000100000000)
  region size 1024K, 2 young (2048K), 1 survivors (1024K)
 Metaspace       used 15617K, committed 15872K, reserved 1064960K
  class space    used 2023K, committed 2176K, reserved 1048576K
}
Event: 2.193 GC heap after
{Heap after GC invocations=18 (full 0):
 garbage-first heap   total 235520K, used 139590K [0x0000000084a00000, 0x0000000100000000)
  region size 1024K, 1 young (1024K), 1 survivors (1024K)
 Metaspace       used 15617K, committed 15872K, reserved 1064960K
  class space    used 2023K, committed 2176K, reserved 1048576K
}
Event: 2.200 GC heap before
{Heap before GC invocations=19 (full 0):
 garbage-first heap   total 242688K, used 143686K [0x0000000084a00000, 0x0000000100000000)
  region size 1024K, 2 young (2048K), 1 survivors (1024K)
 Metaspace       used 15617K, committed 15872K, reserved 1064960K
  class space    used 2023K, committed 2176K, reserved 1048576K
}
Event: 2.201 GC heap after
{Heap after GC invocations=20 (full 0):
 garbage-first heap   total 242688K, used 143438K [0x0000000084a00000, 0x0000000100000000)
  region size 1024K, 1 young (1024K), 1 survivors (1024K)
 Metaspace       used 15617K, committed 15872K, reserved 1064960K
  class space    used 2023K, committed 2176K, reserved 1048576K
}
Event: 2.208 GC heap before
{Heap before GC invocations=21 (full 0):
 garbage-first heap   total 245760K, used 145486K [0x0000000084a00000, 0x0000000100000000)
  region size 1024K, 2 young (2048K), 1 survivors (1024K)
 Metaspace       used 15624K, committed 15872K, reserved 1064960K
  class space    used 2023K, committed 2176K, reserved 1048576K
}

Deoptimization events (20 events):
Event: 1.177 Thread 0x000001f3040f5770 DEOPT PACKING pc=0x000001f3734f36b8 sp=0x00000010456fb860
Event: 1.177 Thread 0x000001f3040f5770 DEOPT UNPACKING pc=0x000001f372f95ba3 sp=0x00000010456fb7f0 mode 2
Event: 1.705 Thread 0x000001f3040f5770 Uncommon trap: trap_request=0xffffff45 fr.pc=0x000001f3735306a4 relative=0x0000000000000324
Event: 1.705 Thread 0x000001f3040f5770 Uncommon trap: reason=unstable_if action=reinterpret pc=0x000001f3735306a4 method=java.lang.StringUTF16.compress([CI[BII)I @ 20 c2
Event: 1.705 Thread 0x000001f3040f5770 DEOPT PACKING pc=0x000001f3735306a4 sp=0x00000010456fad40
Event: 1.705 Thread 0x000001f3040f5770 DEOPT UNPACKING pc=0x000001f372f95ba3 sp=0x00000010456facc0 mode 2
Event: 1.921 Thread 0x000001f3040f5770 DEOPT PACKING pc=0x000001f36bd55ad6 sp=0x00000010456fad00
Event: 1.921 Thread 0x000001f3040f5770 DEOPT UNPACKING pc=0x000001f372f966e3 sp=0x00000010456fa188 mode 0
Event: 2.036 Thread 0x000001f3040f5770 Uncommon trap: trap_request=0xffffff45 fr.pc=0x000001f373583880 relative=0x00000000000001c0
Event: 2.036 Thread 0x000001f3040f5770 Uncommon trap: reason=unstable_if action=reinterpret pc=0x000001f373583880 method=java.io.WinNTFileSystem.normalize(Ljava/lang/String;)Ljava/lang/String; @ 128 c2
Event: 2.036 Thread 0x000001f3040f5770 DEOPT PACKING pc=0x000001f373583880 sp=0x00000010456fd4d0
Event: 2.036 Thread 0x000001f3040f5770 DEOPT UNPACKING pc=0x000001f372f95ba3 sp=0x00000010456fd458 mode 2
Event: 2.049 Thread 0x000001f3040f5770 Uncommon trap: trap_request=0xffffffde fr.pc=0x000001f3734fdaa4 relative=0x0000000000000b24
Event: 2.049 Thread 0x000001f3040f5770 Uncommon trap: reason=class_check action=maybe_recompile pc=0x000001f3734fdaa4 method=java.util.HashMap.putVal(ILjava/lang/Object;Ljava/lang/Object;ZZ)Ljava/lang/Object; @ 91 c2
Event: 2.049 Thread 0x000001f3040f5770 DEOPT PACKING pc=0x000001f3734fdaa4 sp=0x00000010456f9e90
Event: 2.049 Thread 0x000001f3040f5770 DEOPT UNPACKING pc=0x000001f372f95ba3 sp=0x00000010456f9e30 mode 2
Event: 2.070 Thread 0x000001f3040f5770 Uncommon trap: trap_request=0xffffffde fr.pc=0x000001f3734fdaa4 relative=0x0000000000000b24
Event: 2.070 Thread 0x000001f3040f5770 Uncommon trap: reason=class_check action=maybe_recompile pc=0x000001f3734fdaa4 method=java.util.HashMap.putVal(ILjava/lang/Object;Ljava/lang/Object;ZZ)Ljava/lang/Object; @ 91 c2
Event: 2.070 Thread 0x000001f3040f5770 DEOPT PACKING pc=0x000001f3734fdaa4 sp=0x00000010456f9e90
Event: 2.070 Thread 0x000001f3040f5770 DEOPT UNPACKING pc=0x000001f372f95ba3 sp=0x00000010456f9e30 mode 2

Classes unloaded (0 events):
No events

Classes redefined (0 events):
No events

Internal exceptions (20 events):
Event: 2.081 Thread 0x000001f3040f5770 Exception <a 'sun/nio/fs/WindowsException'{0x000000008badefa0}> (0x000000008badefa0) 
thrown [s\open\src\hotspot\share\prims\jni.cpp, line 516]
Event: 2.082 Thread 0x000001f3040f5770 Exception <a 'sun/nio/fs/WindowsException'{0x000000008bae0158}> (0x000000008bae0158) 
thrown [s\open\src\hotspot\share\prims\jni.cpp, line 516]
Event: 2.092 Thread 0x000001f3040f5770 Exception <a 'sun/nio/fs/WindowsException'{0x000000008b981a58}> (0x000000008b981a58) 
thrown [s\open\src\hotspot\share\prims\jni.cpp, line 516]
Event: 2.093 Thread 0x000001f3040f5770 Exception <a 'sun/nio/fs/WindowsException'{0x000000008b982c10}> (0x000000008b982c10) 
thrown [s\open\src\hotspot\share\prims\jni.cpp, line 516]
Event: 2.104 Thread 0x000001f3040f5770 Exception <a 'sun/nio/fs/WindowsException'{0x000000008b9e4518}> (0x000000008b9e4518) 
thrown [s\open\src\hotspot\share\prims\jni.cpp, line 516]
Event: 2.104 Thread 0x000001f3040f5770 Exception <a 'sun/nio/fs/WindowsException'{0x000000008b9e56d0}> (0x000000008b9e56d0) 
thrown [s\open\src\hotspot\share\prims\jni.cpp, line 516]
Event: 2.116 Thread 0x000001f3040f5770 Exception <a 'sun/nio/fs/WindowsException'{0x000000008b847998}> (0x000000008b847998) 
thrown [s\open\src\hotspot\share\prims\jni.cpp, line 516]
Event: 2.116 Thread 0x000001f3040f5770 Exception <a 'sun/nio/fs/WindowsException'{0x000000008b848b50}> (0x000000008b848b50) 
thrown [s\open\src\hotspot\share\prims\jni.cpp, line 516]
Event: 2.129 Thread 0x000001f3040f5770 Exception <a 'sun/nio/fs/WindowsException'{0x000000008c5198f0}> (0x000000008c5198f0) 
thrown [s\open\src\hotspot\share\prims\jni.cpp, line 516]
Event: 2.129 Thread 0x000001f3040f5770 Exception <a 'sun/nio/fs/WindowsException'{0x000000008c51aaa8}> (0x000000008c51aaa8) 
thrown [s\open\src\hotspot\share\prims\jni.cpp, line 516]
Event: 2.140 Thread 0x000001f3040f5770 Exception <a 'sun/nio/fs/WindowsException'{0x000000008c5830b8}> (0x000000008c5830b8) 
thrown [s\open\src\hotspot\share\prims\jni.cpp, line 516]
Event: 2.141 Thread 0x000001f3040f5770 Exception <a 'sun/nio/fs/WindowsException'{0x000000008c584270}> (0x000000008c584270) 
thrown [s\open\src\hotspot\share\prims\jni.cpp, line 516]
Event: 2.157 Thread 0x000001f3040f5770 Exception <a 'sun/nio/fs/WindowsException'{0x000000008c312bc0}> (0x000000008c312bc0) 
thrown [s\open\src\hotspot\share\prims\jni.cpp, line 516]
Event: 2.158 Thread 0x000001f3040f5770 Exception <a 'sun/nio/fs/WindowsException'{0x000000008c313d78}> (0x000000008c313d78) 
thrown [s\open\src\hotspot\share\prims\jni.cpp, line 516]
Event: 2.173 Thread 0x000001f3040f5770 Exception <a 'sun/nio/fs/WindowsException'{0x000000009210a6e8}> (0x000000009210a6e8) 
thrown [s\open\src\hotspot\share\prims\jni.cpp, line 516]
Event: 2.174 Thread 0x000001f3040f5770 Exception <a 'sun/nio/fs/WindowsException'{0x000000009210b8a0}> (0x000000009210b8a0) 
thrown [s\open\src\hotspot\share\prims\jni.cpp, line 516]
Event: 2.189 Thread 0x000001f3040f5770 Exception <a 'sun/nio/fs/WindowsException'{0x0000000092b0a6f8}> (0x0000000092b0a6f8) 
thrown [s\open\src\hotspot\share\prims\jni.cpp, line 516]
Event: 2.190 Thread 0x000001f3040f5770 Exception <a 'sun/nio/fs/WindowsException'{0x0000000092b0b8b0}> (0x0000000092b0b8b0) 
thrown [s\open\src\hotspot\share\prims\jni.cpp, line 516]
Event: 2.206 Thread 0x000001f3040f5770 Exception <a 'sun/nio/fs/WindowsException'{0x000000009350a908}> (0x000000009350a908) 
thrown [s\open\src\hotspot\share\prims\jni.cpp, line 516]
Event: 2.206 Thread 0x000001f3040f5770 Exception <a 'sun/nio/fs/WindowsException'{0x000000009350bac0}> (0x000000009350bac0) 
thrown [s\open\src\hotspot\share\prims\jni.cpp, line 516]

VM Operations (20 events):
Event: 2.182 Executing VM operation: G1Concurrent done
Event: 2.183 Executing VM operation: G1TryInitiateConcMark
Event: 2.184 Executing VM operation: G1TryInitiateConcMark done
Event: 2.187 Executing VM operation: G1Concurrent
Event: 2.188 Executing VM operation: G1Concurrent done
Event: 2.190 Executing VM operation: G1Concurrent
Event: 2.190 Executing VM operation: G1Concurrent done
Event: 2.192 Executing VM operation: G1TryInitiateConcMark
Event: 2.193 Executing VM operation: G1TryInitiateConcMark done
Event: 2.196 Executing VM operation: G1Concurrent
Event: 2.197 Executing VM operation: G1Concurrent done
Event: 2.199 Executing VM operation: G1Concurrent
Event: 2.199 Executing VM operation: G1Concurrent done
Event: 2.200 Executing VM operation: G1TryInitiateConcMark
Event: 2.201 Executing VM operation: G1TryInitiateConcMark done
Event: 2.204 Executing VM operation: G1Concurrent
Event: 2.205 Executing VM operation: G1Concurrent done
Event: 2.206 Executing VM operation: G1Concurrent
Event: 2.206 Executing VM operation: G1Concurrent done
Event: 2.208 Executing VM operation: G1TryInitiateConcMark

Events (20 events):
Event: 2.026 loading class java/util/Formatter$FixedString
Event: 2.026 loading class java/util/Formatter$FixedString done
Event: 2.032 loading class java/lang/StringIndexOutOfBoundsException
Event: 2.032 loading class java/lang/StringIndexOutOfBoundsException done
Event: 2.036 loading class java/nio/channels/OverlappingFileLockException
Event: 2.037 loading class java/nio/channels/OverlappingFileLockException done
Event: 2.038 loading class java/nio/file/attribute/PosixFilePermissions
Event: 2.038 loading class java/nio/file/attribute/PosixFilePermissions done
Event: 2.038 loading class java/nio/file/attribute/PosixFilePermission
Event: 2.038 loading class java/nio/file/attribute/PosixFilePermission done
Event: 2.038 loading class java/util/RegularEnumSet$EnumSetIterator
Event: 2.039 loading class java/util/RegularEnumSet$EnumSetIterator done
Event: 2.039 loading class java/nio/file/attribute/PosixFilePermissions$1
Event: 2.039 loading class java/nio/file/attribute/PosixFilePermissions$1 done
Event: 2.039 loading class java/nio/file/FileAlreadyExistsException
Event: 2.039 loading class java/nio/file/FileAlreadyExistsException done
Event: 2.039 loading class java/nio/file/Path$1
Event: 2.040 loading class java/nio/file/Path$1 done
Event: 2.040 loading class sun/nio/fs/WindowsPath$1
Event: 2.040 loading class sun/nio/fs/WindowsPath$1 done


Dynamic libraries:
0x00007ff628130000 - 0x00007ff628140000 	C:\Program Files\Java\jdk-17\bin\java.exe
0x00007ffb14890000 - 0x00007ffb14a88000 	C:\Windows\SYSTEM32\ntdll.dll
0x00007ffb134d0000 - 0x00007ffb1358d000 	C:\Windows\System32\KERNEL32.DLL
0x00007ffb12260000 - 0x00007ffb12556000 	C:\Windows\System32\KERNELBASE.dll
0x00007ffb12560000 - 0x00007ffb12660000 	C:\Windows\System32\ucrtbase.dll
0x00007ffb07090000 - 0x00007ffb070ab000 	C:\Program Files\Java\jdk-17\bin\VCRUNTIME140.dll
0x00007ffafea60000 - 0x00007ffafea78000 	C:\Program Files\Java\jdk-17\bin\jli.dll
0x00007ffb144b0000 - 0x00007ffb14563000 	C:\Windows\System32\ADVAPI32.dll
0x00007ffb140a0000 - 0x00007ffb1413e000 	C:\Windows\System32\msvcrt.dll
0x00007ffb12b80000 - 0x00007ffb12c1f000 	C:\Windows\System32\sechost.dll
0x00007ffb12a00000 - 0x00007ffb12b26000 	C:\Windows\System32\RPCRT4.dll
0x00007ffb12660000 - 0x00007ffb12687000 	C:\Windows\System32\bcrypt.dll
0x00007ffb14220000 - 0x00007ffb143be000 	C:\Windows\System32\USER32.dll
0x00007ffb12690000 - 0x00007ffb126b2000 	C:\Windows\System32\win32u.dll
0x00007ffb12b50000 - 0x00007ffb12b7b000 	C:\Windows\System32\GDI32.dll
0x00007ffae3aa0000 - 0x00007ffae3d3a000 	C:\Windows\WinSxS\amd64_microsoft.windows.common-controls_6595b64144ccf1df_6.0.19041.3636_none_60b6a03d71f818d5\COMCTL32.dll
0x00007ffb12140000 - 0x00007ffb12257000 	C:\Windows\System32\gdi32full.dll
0x00007ffb12830000 - 0x00007ffb128cd000 	C:\Windows\System32\msvcp_win.dll
0x00007ffb08a60000 - 0x00007ffb08a6a000 	C:\Windows\SYSTEM32\VERSION.dll
0x00007ffb13640000 - 0x00007ffb13672000 	C:\Windows\System32\IMM32.DLL
0x00007ffb0cca0000 - 0x00007ffb0ccac000 	C:\Program Files\Java\jdk-17\bin\vcruntime140_1.dll
0x00007ffad62a0000 - 0x00007ffad632e000 	C:\Program Files\Java\jdk-17\bin\msvcp140.dll
0x00007ffab5b90000 - 0x00007ffab6767000 	C:\Program Files\Java\jdk-17\bin\server\jvm.dll
0x00007ffb14570000 - 0x00007ffb14578000 	C:\Windows\System32\PSAPI.DLL
0x00007ffafcea0000 - 0x00007ffafcea9000 	C:\Windows\SYSTEM32\WSOCK32.dll
0x00007ffb02680000 - 0x00007ffb026a7000 	C:\Windows\SYSTEM32\WINMM.dll
0x00007ffb12c20000 - 0x00007ffb12c8b000 	C:\Windows\System32\WS2_32.dll
0x00007ffb107c0000 - 0x00007ffb107d2000 	C:\Windows\SYSTEM32\kernel.appcore.dll
0x00007ffb0aed0000 - 0x00007ffb0aeda000 	C:\Program Files\Java\jdk-17\bin\jimage.dll
0x00007ffb0fbc0000 - 0x00007ffb0fda4000 	C:\Windows\SYSTEM32\DBGHELP.DLL
0x00007ffb04c90000 - 0x00007ffb04cc4000 	C:\Windows\SYSTEM32\dbgcore.DLL
0x00007ffb120b0000 - 0x00007ffb12132000 	C:\Windows\System32\bcryptPrimitives.dll
0x00007ffafe9c0000 - 0x00007ffafe9e5000 	C:\Program Files\Java\jdk-17\bin\java.dll
0x00007ffac43e0000 - 0x00007ffac44b7000 	C:\Program Files\Java\jdk-17\bin\jsvml.dll
0x00007ffb13860000 - 0x00007ffb13fa5000 	C:\Windows\System32\SHELL32.dll
0x00007ffb0ffe0000 - 0x00007ffb1077c000 	C:\Windows\SYSTEM32\windows.storage.dll
0x00007ffb13170000 - 0x00007ffb134c4000 	C:\Windows\System32\combase.dll
0x00007ffb11980000 - 0x00007ffb119ae000 	C:\Windows\SYSTEM32\Wldp.dll
0x00007ffb12930000 - 0x00007ffb129fd000 	C:\Windows\System32\OLEAUT32.dll
0x00007ffb13680000 - 0x00007ffb1372d000 	C:\Windows\System32\SHCORE.dll
0x00007ffb141c0000 - 0x00007ffb14215000 	C:\Windows\System32\shlwapi.dll
0x00007ffb11e80000 - 0x00007ffb11ea5000 	C:\Windows\SYSTEM32\profapi.dll
0x00007ffafaf70000 - 0x00007ffafaf89000 	C:\Program Files\Java\jdk-17\bin\net.dll
0x00007ffb06610000 - 0x00007ffb0671a000 	C:\Windows\SYSTEM32\WINHTTP.dll
0x00007ffb116e0000 - 0x00007ffb1174a000 	C:\Windows\system32\mswsock.dll
0x00007ffadec10000 - 0x00007ffadec26000 	C:\Program Files\Java\jdk-17\bin\nio.dll
0x00007ffadebf0000 - 0x00007ffadec08000 	C:\Program Files\Java\jdk-17\bin\zip.dll
0x000001f302e60000 - 0x000001f302e63000 	C:\Users\WIKI\.openjfx\cache\21.0.2+5\amd64\api-ms-win-core-console-l1-1-0.dll
0x000001f302e70000 - 0x000001f302e73000 	C:\Users\WIKI\.openjfx\cache\21.0.2+5\amd64\api-ms-win-core-console-l1-2-0.dll
0x000001f302e80000 - 0x000001f302e83000 	C:\Users\WIKI\.openjfx\cache\21.0.2+5\amd64\api-ms-win-core-datetime-l1-1-0.dll
0x000001f302e90000 - 0x000001f302e93000 	C:\Users\WIKI\.openjfx\cache\21.0.2+5\amd64\api-ms-win-core-debug-l1-1-0.dll
0x000001f302ea0000 - 0x000001f302ea3000 	C:\Users\WIKI\.openjfx\cache\21.0.2+5\amd64\api-ms-win-core-errorhandling-l1-1-0.dll
0x000001f302eb0000 - 0x000001f302eb4000 	C:\Users\WIKI\.openjfx\cache\21.0.2+5\amd64\api-ms-win-core-file-l1-1-0.dll
0x000001f302ec0000 - 0x000001f302ec3000 	C:\Users\WIKI\.openjfx\cache\21.0.2+5\amd64\api-ms-win-core-file-l1-2-0.dll
0x000001f302ed0000 - 0x000001f302ed3000 	C:\Users\WIKI\.openjfx\cache\21.0.2+5\amd64\api-ms-win-core-file-l2-1-0.dll
0x000001f302ee0000 - 0x000001f302ee3000 	C:\Users\WIKI\.openjfx\cache\21.0.2+5\amd64\api-ms-win-core-handle-l1-1-0.dll
0x000001f302ef0000 - 0x000001f302ef3000 	C:\Users\WIKI\.openjfx\cache\21.0.2+5\amd64\api-ms-win-core-heap-l1-1-0.dll
0x000001f302f00000 - 0x000001f302f03000 	C:\Users\WIKI\.openjfx\cache\21.0.2+5\amd64\api-ms-win-core-interlocked-l1-1-0.dll
0x000001f302f10000 - 0x000001f302f13000 	C:\Users\WIKI\.openjfx\cache\21.0.2+5\amd64\api-ms-win-core-libraryloader-l1-1-0.dll
0x000001f302f20000 - 0x000001f302f23000 	C:\Users\WIKI\.openjfx\cache\21.0.2+5\amd64\api-ms-win-core-localization-l1-2-0.dll
0x000001f302f30000 - 0x000001f302f33000 	C:\Users\WIKI\.openjfx\cache\21.0.2+5\amd64\api-ms-win-core-memory-l1-1-0.dll
0x000001f302f40000 - 0x000001f302f43000 	C:\Users\WIKI\.openjfx\cache\21.0.2+5\amd64\api-ms-win-core-namedpipe-l1-1-0.dll
0x000001f302f50000 - 0x000001f302f53000 	C:\Users\WIKI\.openjfx\cache\21.0.2+5\amd64\api-ms-win-core-processenvironment-l1-1-0.dll
0x000001f302f60000 - 0x000001f302f63000 	C:\Users\WIKI\.openjfx\cache\21.0.2+5\amd64\api-ms-win-core-processthreads-l1-1-0.dll
0x000001f302f70000 - 0x000001f302f73000 	C:\Users\WIKI\.openjfx\cache\21.0.2+5\amd64\api-ms-win-core-processthreads-l1-1-1.dll
0x000001f302f80000 - 0x000001f302f83000 	C:\Users\WIKI\.openjfx\cache\21.0.2+5\amd64\api-ms-win-core-profile-l1-1-0.dll
0x000001f302f90000 - 0x000001f302f93000 	C:\Users\WIKI\.openjfx\cache\21.0.2+5\amd64\api-ms-win-core-rtlsupport-l1-1-0.dll
0x000001f302fa0000 - 0x000001f302fa3000 	C:\Users\WIKI\.openjfx\cache\21.0.2+5\amd64\api-ms-win-core-string-l1-1-0.dll
0x000001f302fb0000 - 0x000001f302fb3000 	C:\Users\WIKI\.openjfx\cache\21.0.2+5\amd64\api-ms-win-core-synch-l1-1-0.dll
0x000001f302fc0000 - 0x000001f302fc3000 	C:\Users\WIKI\.openjfx\cache\21.0.2+5\amd64\api-ms-win-core-synch-l1-2-0.dll
0x000001f302fd0000 - 0x000001f302fd3000 	C:\Users\WIKI\.openjfx\cache\21.0.2+5\amd64\api-ms-win-core-sysinfo-l1-1-0.dll
0x000001f302fe0000 - 0x000001f302fe3000 	C:\Users\WIKI\.openjfx\cache\21.0.2+5\amd64\api-ms-win-core-timezone-l1-1-0.dll
0x000001f302ff0000 - 0x000001f302ff3000 	C:\Users\WIKI\.openjfx\cache\21.0.2+5\amd64\api-ms-win-core-util-l1-1-0.dll
0x000001f304400000 - 0x000001f304403000 	C:\Users\WIKI\.openjfx\cache\21.0.2+5\amd64\api-ms-win-crt-conio-l1-1-0.dll
0x000001f304410000 - 0x000001f304414000 	C:\Users\WIKI\.openjfx\cache\21.0.2+5\amd64\api-ms-win-crt-convert-l1-1-0.dll
0x000001f304420000 - 0x000001f304423000 	C:\Users\WIKI\.openjfx\cache\21.0.2+5\amd64\api-ms-win-crt-environment-l1-1-0.dll
0x000001f304430000 - 0x000001f304433000 	C:\Users\WIKI\.openjfx\cache\21.0.2+5\amd64\api-ms-win-crt-filesystem-l1-1-0.dll
0x000001f304440000 - 0x000001f304443000 	C:\Users\WIKI\.openjfx\cache\21.0.2+5\amd64\api-ms-win-crt-heap-l1-1-0.dll
0x000001f304450000 - 0x000001f304453000 	C:\Users\WIKI\.openjfx\cache\21.0.2+5\amd64\api-ms-win-crt-locale-l1-1-0.dll
0x000001f304460000 - 0x000001f304465000 	C:\Users\WIKI\.openjfx\cache\21.0.2+5\amd64\api-ms-win-crt-math-l1-1-0.dll
0x000001f304470000 - 0x000001f304475000 	C:\Users\WIKI\.openjfx\cache\21.0.2+5\amd64\api-ms-win-crt-multibyte-l1-1-0.dll
0x000001f304480000 - 0x000001f304490000 	C:\Users\WIKI\.openjfx\cache\21.0.2+5\amd64\api-ms-win-crt-private-l1-1-0.dll
0x000001f304490000 - 0x000001f304493000 	C:\Users\WIKI\.openjfx\cache\21.0.2+5\amd64\api-ms-win-crt-process-l1-1-0.dll
0x000001f3044a0000 - 0x000001f3044a4000 	C:\Users\WIKI\.openjfx\cache\21.0.2+5\amd64\api-ms-win-crt-runtime-l1-1-0.dll
0x000001f3044b0000 - 0x000001f3044b4000 	C:\Users\WIKI\.openjfx\cache\21.0.2+5\amd64\api-ms-win-crt-stdio-l1-1-0.dll
0x000001f3044c0000 - 0x000001f3044c4000 	C:\Users\WIKI\.openjfx\cache\21.0.2+5\amd64\api-ms-win-crt-string-l1-1-0.dll
0x000001f3044d0000 - 0x000001f3044d3000 	C:\Users\WIKI\.openjfx\cache\21.0.2+5\amd64\api-ms-win-crt-time-l1-1-0.dll
0x000001f3044e0000 - 0x000001f3044e3000 	C:\Users\WIKI\.openjfx\cache\21.0.2+5\amd64\api-ms-win-crt-utility-l1-1-0.dll
0x00007ffac02e0000 - 0x00007ffac03dc000 	C:\Users\WIKI\.openjfx\cache\21.0.2+5\amd64\ucrtbase.dll
0x00007ffadc0e0000 - 0x00007ffadc0fb000 	C:\Users\WIKI\.openjfx\cache\21.0.2+5\amd64\vcruntime140.dll
0x00007ffae5030000 - 0x00007ffae503c000 	C:\Users\WIKI\.openjfx\cache\21.0.2+5\amd64\vcruntime140_1.dll
0x00007ffac0250000 - 0x00007ffac02de000 	C:\Users\WIKI\.openjfx\cache\21.0.2+5\amd64\msvcp140.dll
0x00007ffae43e0000 - 0x00007ffae43e9000 	C:\Users\WIKI\.openjfx\cache\21.0.2+5\amd64\msvcp140_1.dll
0x00007ffad3730000 - 0x00007ffad3771000 	C:\Users\WIKI\.openjfx\cache\21.0.2+5\amd64\msvcp140_2.dll
0x00007ffadbce0000 - 0x00007ffadbd10000 	C:\Users\WIKI\.openjfx\cache\21.0.2+5\amd64\prism_d3d.dll
0x00007ffae45f0000 - 0x00007ffae47bd000 	C:\Windows\system32\d3d9.dll
0x00007ffb0f6a0000 - 0x00007ffb0f6cf000 	C:\Windows\SYSTEM32\dwmapi.dll
0x00007ffb0f390000 - 0x00007ffb0f42e000 	C:\Windows\system32\uxtheme.dll
0x00007ffac7df0000 - 0x00007ffac804c000 	C:\Windows\System32\DriverStore\FileRepository\iigd_dch.inf_amd64_e913f9cc84fc282c\igdumdim64.dll
0x00007ffb13730000 - 0x00007ffb1385b000 	C:\Windows\System32\ole32.dll
0x00007ffac6a80000 - 0x00007ffac7de1000 	C:\Windows\System32\DriverStore\FileRepository\iigd_dch.inf_amd64_e913f9cc84fc282c\igd9dxva64.dll
0x00007ffb12d00000 - 0x00007ffb1316e000 	C:\Windows\System32\SETUPAPI.dll
0x00007ffb126c0000 - 0x00007ffb1270e000 	C:\Windows\System32\cfgmgr32.dll
0x00007ffac4d50000 - 0x00007ffac6a79000 	C:\Windows\System32\DriverStore\FileRepository\iigd_dch.inf_amd64_e913f9cc84fc282c\media_bin_64.dll
0x00007ffb00420000 - 0x00007ffb0085c000 	C:\Windows\System32\DriverStore\FileRepository\iigd_dch.inf_amd64_e913f9cc84fc282c\igdgmm64.dll
0x00007ffac9380000 - 0x00007ffac93c2000 	C:\Users\WIKI\.openjfx\cache\21.0.2+5\amd64\glass.dll
0x00007ffb13fb0000 - 0x00007ffb1408a000 	C:\Windows\System32\COMDLG32.dll
0x00007ffb14580000 - 0x00007ffb14694000 	C:\Windows\System32\MSCTF.dll
0x00007ffac4b10000 - 0x00007ffac4b37000 	C:\Windows\System32\DriverStore\FileRepository\iigd_dch.inf_amd64_e913f9cc84fc282c\igdinfo64.dll
0x00007ffaf4490000 - 0x00007ffaf84f6000 	C:\Windows\System32\DriverStore\FileRepository\iigd_dch.inf_amd64_e913f9cc84fc282c\igc64.dll
0x00007ffb05de0000 - 0x00007ffb05e1b000 	C:\Windows\SYSTEM32\dxcore.dll
0x00007ffb113d0000 - 0x00007ffb1149b000 	C:\Windows\SYSTEM32\DNSAPI.dll
0x00007ffb11380000 - 0x00007ffb113bb000 	C:\Windows\SYSTEM32\IPHLPAPI.DLL
0x00007ffb12cf0000 - 0x00007ffb12cf8000 	C:\Windows\System32\NSI.dll
0x00007ffb07b00000 - 0x00007ffb07b0a000 	C:\Windows\System32\rasadhlp.dll
0x00007ffb020c0000 - 0x00007ffb02140000 	C:\Windows\System32\fwpuclnt.dll
0x00007ffad6170000 - 0x00007ffad6184000 	C:\Users\WIKI\.openjfx\cache\21.0.2+5\amd64\javafx_font.dll
0x00007ffae51b0000 - 0x00007ffae542f000 	C:\Windows\SYSTEM32\dwrite.dll
0x00007ffa628d0000 - 0x00007ffa66db6000 	C:\Users\WIKI\.openjfx\cache\21.0.2+5\amd64\jfxwebkit.dll
0x00007ffb118e0000 - 0x00007ffb118f8000 	C:\Windows\SYSTEM32\CRYPTSP.dll
0x00007ffb10fa0000 - 0x00007ffb10fd4000 	C:\Windows\system32\rsaenh.dll
0x00007ffb118d0000 - 0x00007ffb118dc000 	C:\Windows\SYSTEM32\CRYPTBASE.dll

dbghelp: loaded successfully - version: 4.0.5 - missing functions: none
symbol engine: initialized successfully - sym options: 0x614 - pdb path: .;C:\Program Files\Java\jdk-17\bin;C:\Windows\SYSTEM32;C:\Windows\WinSxS\amd64_microsoft.windows.common-controls_6595b64144ccf1df_6.0.19041.3636_none_60b6a03d71f818d5;C:\Program Files\Java\jdk-17\bin\server;C:\Users\WIKI\.openjfx\cache\21.0.2+5\amd64;C:\Windows\System32\DriverStore\FileRepository\iigd_dch.inf_amd64_e913f9cc84fc282c

VM Arguments:
jvm_args: --module-path=C:\Users\WIKI\.m2\repository\org\openjfx\javafx-base\21.0.2\javafx-base-21.0.2-win.jar;C:\Users\WIKI\.m2\repository\org\openjfx\javafx-base\21.0.2\javafx-base-21.0.2.jar;C:\Users\WIKI\.m2\repository\org\openjfx\javafx-controls\20.0.2\javafx-controls-20.0.2-win.jar;C:\Users\WIKI\.m2\repository\org\openjfx\javafx-controls\20.0.2\javafx-controls-20.0.2.jar;C:\Users\WIKI\.m2\repository\org\openjfx\javafx-fxml\20.0.2\javafx-fxml-20.0.2-win.jar;C:\Users\WIKI\.m2\repository\org\openjfx\javafx-fxml\20.0.2\javafx-fxml-20.0.2.jar;C:\Users\WIKI\.m2\repository\org\openjfx\javafx-graphics\21.0.2\javafx-graphics-21.0.2-win.jar;C:\Users\WIKI\.m2\repository\org\openjfx\javafx-graphics\21.0.2\javafx-graphics-21.0.2.jar;C:\Users\WIKI\.m2\repository\org\openjfx\javafx-media\20.0.2\javafx-media-20.0.2-win.jar;C:\Users\WIKI\.m2\repository\org\openjfx\javafx-media\20.0.2\javafx-media-20.0.2.jar;C:\Users\WIKI\.m2\repository\org\openjfx\javafx-swing\21.0.2\javafx-swing-21.0.2-win.jar;C:\Users\WIKI\.m2\repository\org\openjfx\javafx-swing\21.0.2\javafx-swing-21.0.2.jar;C:\Users\WIKI\.m2\repository\org\openjfx\javafx-web\20.0.2\javafx-web-20.0.2-win.jar;C:\Users\WIKI\.m2\repository\org\openjfx\javafx-web\20.0.2\javafx-web-20.0.2.jar --add-modules=javafx.base,javafx.controls,javafx.fxml,javafx.graphics,javafx.media,javafx.swing,javafx.web 
java_command: test.MainFX
java_class_path (initial): C:\Users\WIKI\Desktop\Workshop-JDBC-JavaFX-masterValidation - Integ CSP\target\classes;C:\Users\WIKI\.m2\repository\com\beust\jcommander\1.78\jcommander-1.78.jar;C:\Users\WIKI\.m2\repository\com\fasterxml\jackson\core\jackson-annotations\2.12.5\jackson-annotations-2.12.5.jar;C:\Users\WIKI\.m2\repository\com\fasterxml\jackson\core\jackson-core\2.12.5\jackson-core-2.12.5.jar;C:\Users\WIKI\.m2\repository\com\fasterxml\jackson\core\jackson-databind\2.12.5\jackson-databind-2.12.5.jar;C:\Users\WIKI\.m2\repository\com\fasterxml\jackson\dataformat\jackson-dataformat-xml\2.12.5\jackson-dataformat-xml-2.12.5.jar;C:\Users\WIKI\.m2\repository\com\fasterxml\jackson\datatype\jackson-datatype-jsr310\2.12.5\jackson-datatype-jsr310-2.12.5.jar;C:\Users\WIKI\.m2\repository\com\fasterxml\jackson\module\jackson-module-jaxb-annotations\2.12.5\jackson-module-jaxb-annotations-2.12.5.jar;C:\Users\WIKI\.m2\repository\com\fasterxml\woodstox\woodstox-core\6.2.4\woodstox-core-6.2.4.jar;C:\Users\WIKI\.m2\repository\com\github\jai-imageio\jai-imageio-core\1.4.0\jai-imageio-core-1.4.0.jar;C:\Users\WIKI\.m2\repository\com\gluonhq\maps\2.0.0-ea+6\maps-2.0.0-ea+6.jar;C:\Users\WIKI\.m2\repository\com\gluonhq\attach\storage\4.0.11\storage-4.0.11.jar;C:\Users\WIKI\.m2\repository\com\gluonhq\attach\util\4.0.11\util-4.0.11.jar;C:\Users\WIKI\.m2\repository\com\google\protobuf\protobuf-java\3.21.9\protobuf-java-3.21.9.jar;C:\Users\WIKI\.m2\repository\com\google\zxing\core\3.4.1\core-3.4.1.jar;C:\Users\WIKI\.m2\repository\com\google\zxing\javase\3.4.1\javase-3.4.1.jar;C:\Users\WIKI\.m2\repository\com\jfoenix\jfoenix\9.0.10\jfoenix-9.0.10.jar;C:\Users\WIKI\.m2\repository\com\mysql\mysql-connector-j\8.0.33\mysql-connector-j-8.0.33.jar;C:\Users\WIKI\.m2\repository\com\sun\mail\javax.mail\1.6.2\javax.mail-1.6.2.jar;C:\Users\WIKI\.m2\repository\com\twilio\sdk\twilio\8.23.0\twilio-8.23.0.jar;C:\Users\WIKI\.m2\repository\commons-codec\commons-codec\1.15\commons-codec-1.15.jar;C:\Users\W
Launcher Type: SUN_STANDARD

[Global flags]
     intx CICompilerCount                          = 4                                         {product} {ergonomic}
     uint ConcGCThreads                            = 3                                         {product} {ergonomic}
     uint G1ConcRefinementThreads                  = 10                                        {product} {ergonomic}
   size_t G1HeapRegionSize                         = 1048576                                   {product} {ergonomic}
    uintx GCDrainStackTargetSize                   = 64                                        {product} {ergonomic}
   size_t InitialHeapSize                          = 130023424                                 {product} {ergonomic}
   size_t MarkStackSize                            = 4194304                                   {product} {ergonomic}
   size_t MaxHeapSize                              = 2069889024                                {product} {ergonomic}
   size_t MaxNewSize                               = 1241513984                                {product} {ergonomic}
   size_t MinHeapDeltaBytes                        = 1048576                                   {product} {ergonomic}
   size_t MinHeapSize                              = 8388608                                   {product} {ergonomic}
    uintx NonNMethodCodeHeapSize                   = 5839372                                {pd product} {ergonomic}
    uintx NonProfiledCodeHeapSize                  = 122909434                              {pd product} {ergonomic}
    uintx ProfiledCodeHeapSize                     = 122909434                              {pd product} {ergonomic}
    uintx ReservedCodeCacheSize                    = 251658240                              {pd product} {ergonomic}
     bool SegmentedCodeCache                       = true                                      {product} {ergonomic}
   size_t SoftMaxHeapSize                          = 2069889024                             {manageable} {ergonomic}
     bool UseCompressedClassPointers               = true                           {product lp64_product} {ergonomic}
     bool UseCompressedOops                        = true                           {product lp64_product} {ergonomic}
     bool UseG1GC                                  = true                                      {product} {ergonomic}
     bool UseLargePagesIndividualAllocation        = false                                  {pd product} {ergonomic}

Logging:
Log output configuration:
 #0: stdout all=warning uptime,level,tags
 #1: stderr all=off uptime,level,tags

Environment Variables:
JAVA_HOME=C:\Program Files\Java\jdk-17
PATH=C:\oraclexe\app\oracle\product\11.2.0\server\bin;;C:\Program Files\Common Files\Oracle\Java\javapath;C:\Windows\system32;C:\Windows;C:\Windows\System32\Wbem;C:\Windows\System32\WindowsPowerShell\v1.0\;C:\Windows\System32\OpenSSH\;C:\Program Files (x86)\NVIDIA Corporation\PhysX\Common;C:\Program Files\NVIDIA Corporation\NVIDIA NvDLISR;C:\Program Files\Java\jdk-17\bin;C:\Program Files\Git\cmd;C:\xampp\php;C:\ProgramData\ComposerSetup\bin;C:\Users\WIKI\scoop\shims;C:\Users\WIKI\AppData\Local\Programs\Python\Python310\Scripts\;C:\Users\WIKI\AppData\Local\Programs\Python\Python310\;C:\Users\WIKI\AppData\Local\Microsoft\WindowsApps;C:\Program Files\JetBrains\PyCharm Community Edition 2022.3.2\bin;;C:\Users\WIKI\AppData\Local\Programs\Microsoft VS Code\bin;C:\Users\WIKI\AppData\Roaming\Composer\vendor\bin;C:\xampp\php;C:\Users\WIKI\AppData\Local\GitHubDesktop\bin
USERNAME=WIKI
OS=Windows_NT
PROCESSOR_IDENTIFIER=Intel64 Family 6 Model 141 Stepping 1, GenuineIntel



---------------  S Y S T E M  ---------------

OS:
 Windows 10 , 64 bit Build 19041 (10.0.19041.3636)
OS uptime: 16 days 2:30 hours

CPU: total 12 (initial active 12) (6 cores per cpu, 2 threads per core) family 6 model 141 stepping 1 microcode 0x26, cx8, cmov, fxsr, ht, mmx, 3dnowpref, sse, sse2, sse3, ssse3, sse4.1, sse4.2, popcnt, lzcnt, tsc, tscinvbit, avx, avx2, aes, erms, clmul, bmi1, bmi2, adx, avx512f, avx512dq, avx512cd, avx512bw, avx512vl, sha, fma, vzeroupper, avx512_vpopcntdq, avx512_vpclmulqdq, avx512_vaes, avx512_vnni, clflush, clflushopt, clwb, avx512_vbmi2, avx512_vbmi

Memory: 4k page, system-wide physical 7893M (375M free)
TotalPageFile size 27932M (AvailPageFile size 8M)
current process WorkingSet (physical memory assigned to process): 240M, peak: 240M
current process commit charge ("private bytes"): 650M, peak: 654M

vm_info: Java HotSpot(TM) 64-Bit Server VM (17.0.6+9-LTS-190) for windows-amd64 JRE (17.0.6+9-LTS-190), built on Dec  6 2022 15:53:54 by "mach5one" with MS VC++ 17.1 (VS2022)

END.
