#
# There is insufficient memory for the Java Runtime Environment to continue.
# Native memory allocation (malloc) failed to allocate 963264 bytes for Chunk::new
# Possible reasons:
#   The system is out of physical RAM or swap space
#   The process is running with CompressedOops enabled, and the Java Heap may be blocking the growth of the native heap
# Possible solutions:
#   Reduce memory load on the system
#   Increase physical memory or swap space
#   Check if swap backing store is full
#   Decrease Java heap size (-Xmx/-Xms)
#   Decrease number of Java threads
#   Decrease Java thread stack sizes (-Xss)
#   Set larger code cache with -XX:ReservedCodeCacheSize=
#   JVM is running with Unscaled Compressed Oops mode in which the Java heap is
#     placed in the first 4GB address space. The Java Heap base address is the
#     maximum limit for the native heap growth. Please use -XX:HeapBaseMinAddress
#     to set the Java Heap base and to place the Java Heap above 4GB virtual address.
# This output file may be truncated or incomplete.
#
#  Out of Memory Error (arena.cpp:189), pid=23760, tid=20612
#
# JRE version: Java(TM) SE Runtime Environment (17.0.6+9) (build 17.0.6+9-LTS-190)
# Java VM: Java HotSpot(TM) 64-Bit Server VM (17.0.6+9-LTS-190, mixed mode, sharing, tiered, compressed oops, compressed class ptrs, g1 gc, windows-amd64)
# No core dump will be written. Minidumps are not enabled by default on client versions of Windows
#

---------------  S U M M A R Y ------------

Command Line: -Dmaven.multiModuleProjectDirectory=C:\Users\WIKI\IdeaProjects\PidevProject -Djansi.passthrough=true -Dmaven.home=C:\Program Files\JetBrains\IntelliJ IDEA 2023.2.1\plugins\maven\lib\maven3 -Dclassworlds.conf=C:\Program Files\JetBrains\IntelliJ IDEA 2023.2.1\plugins\maven\lib\maven3\bin\m2.conf -Dmaven.ext.class.path=C:\Program Files\JetBrains\IntelliJ IDEA 2023.2.1\plugins\maven\lib\maven-event-listener.jar -javaagent:C:\Program Files\JetBrains\IntelliJ IDEA 2023.2.1\lib\idea_rt.jar=57847:C:\Program Files\JetBrains\IntelliJ IDEA 2023.2.1\bin -Dfile.encoding=UTF-8 org.codehaus.classworlds.Launcher -Didea.version=2023.2.1 org.openjfx:javafx-maven-plugin:0.0.8:run

Host: 11th Gen Intel(R) Core(TM) i5-11400H @ 2.70GHz, 12 cores, 7G,  Windows 10 , 64 bit Build 19041 (10.0.19041.3636)
Time: Sun Feb 25 11:57:01 2024 Afr. centrale Ouest elapsed time: 5.085375 seconds (0d 0h 0m 5s)

---------------  T H R E A D  ---------------

Current thread (0x0000027267f99c90):  JavaThread "C2 CompilerThread0" daemon [_thread_in_native, id=20612, stack(0x0000009d9a700000,0x0000009d9a800000)]


Current CompileTask:
C2:   5085 6624   !   4       java.lang.reflect.Field::declaredAnnotations (82 bytes)

Stack: [0x0000009d9a700000,0x0000009d9a800000]
Native frames: (J=compiled Java code, j=interpreted, Vv=VM code, C=native code)
V  [jvm.dll+0x6734ea]
V  [jvm.dll+0x7d18f4]
V  [jvm.dll+0x7d309e]
V  [jvm.dll+0x7d3703]
V  [jvm.dll+0x2433c5]
V  [jvm.dll+0xaa46b]
V  [jvm.dll+0xaaa0c]
V  [jvm.dll+0x35eb2e]
V  [jvm.dll+0x329401]
V  [jvm.dll+0x32889a]
V  [jvm.dll+0x215ddf]
V  [jvm.dll+0x215211]
V  [jvm.dll+0x1a1730]
V  [jvm.dll+0x224b6e]
V  [jvm.dll+0x222f15]
V  [jvm.dll+0x78753c]
V  [jvm.dll+0x781a7a]
V  [jvm.dll+0x672375]
C  [ucrtbase.dll+0x21bb2]
C  [KERNEL32.DLL+0x17344]
C  [ntdll.dll+0x526b1]


---------------  P R O C E S S  ---------------

Threads class SMR info:
_java_thread_list=0x000002726a4168d0, length=13, elements={
0x0000027249c36710, 0x0000027267f832b0, 0x0000027267f83b70, 0x0000027267f95650,
0x0000027267f95f10, 0x0000027267f987e0, 0x0000027267f990a0, 0x0000027267f99c90,
0x0000027267f9ade0, 0x0000027267f9be80, 0x0000027267f67f90, 0x0000027268db9be0,
0x0000027268daae30
}

Java Threads: ( => current thread )
  0x0000027249c36710 JavaThread "main" [_thread_in_vm, id=22800, stack(0x0000009d99a00000,0x0000009d99b00000)]
  0x0000027267f832b0 JavaThread "Reference Handler" daemon [_thread_blocked, id=7212, stack(0x0000009d9a100000,0x0000009d9a200000)]
  0x0000027267f83b70 JavaThread "Finalizer" daemon [_thread_blocked, id=12064, stack(0x0000009d9a200000,0x0000009d9a300000)]
  0x0000027267f95650 JavaThread "Signal Dispatcher" daemon [_thread_blocked, id=27432, stack(0x0000009d9a300000,0x0000009d9a400000)]
  0x0000027267f95f10 JavaThread "Attach Listener" daemon [_thread_blocked, id=14780, stack(0x0000009d9a400000,0x0000009d9a500000)]
  0x0000027267f987e0 JavaThread "Service Thread" daemon [_thread_blocked, id=6276, stack(0x0000009d9a500000,0x0000009d9a600000)]
  0x0000027267f990a0 JavaThread "Monitor Deflation Thread" daemon [_thread_blocked, id=10652, stack(0x0000009d9a600000,0x0000009d9a700000)]
=>0x0000027267f99c90 JavaThread "C2 CompilerThread0" daemon [_thread_in_native, id=20612, stack(0x0000009d9a700000,0x0000009d9a800000)]
  0x0000027267f9ade0 JavaThread "C1 CompilerThread0" daemon [_thread_blocked, id=10352, stack(0x0000009d9a800000,0x0000009d9a900000)]
  0x0000027267f9be80 JavaThread "Sweeper thread" daemon [_thread_blocked, id=16880, stack(0x0000009d9a900000,0x0000009d9aa00000)]
  0x0000027267f67f90 JavaThread "Common-Cleaner" daemon [_thread_blocked, id=23900, stack(0x0000009d9aa00000,0x0000009d9ab00000)]
  0x0000027268db9be0 JavaThread "Monitor Ctrl-Break" daemon [_thread_in_native, id=1892, stack(0x0000009d9ab00000,0x0000009d9ac00000)]
  0x0000027268daae30 JavaThread "Notification Thread" daemon [_thread_blocked, id=4136, stack(0x0000009d9ac00000,0x0000009d9ad00000)]

Other Threads:
  0x0000027267f79980 VMThread "VM Thread" [stack: 0x0000009d9a000000,0x0000009d9a100000] [id=19624]
  0x0000027268db0ba0 WatcherThread [stack: 0x0000009d9ad00000,0x0000009d9ae00000] [id=18580]
  0x0000027249c907d0 GCTaskThread "GC Thread#0" [stack: 0x0000009d99b00000,0x0000009d99c00000] [id=24252]
  0x00000272691689b0 GCTaskThread "GC Thread#1" [stack: 0x0000009d9ae00000,0x0000009d9af00000] [id=27444]
  0x000002726987dd50 GCTaskThread "GC Thread#2" [stack: 0x0000009d9af00000,0x0000009d9b000000] [id=12540]
  0x0000027269992880 GCTaskThread "GC Thread#3" [stack: 0x0000009d9b000000,0x0000009d9b100000] [id=4224]
  0x0000027269992b30 GCTaskThread "GC Thread#4" [stack: 0x0000009d9b100000,0x0000009d9b200000] [id=14432]
  0x00000272699935f0 GCTaskThread "GC Thread#5" [stack: 0x0000009d9b200000,0x0000009d9b300000] [id=23968]
  0x0000027269993eb0 GCTaskThread "GC Thread#6" [stack: 0x0000009d9b300000,0x0000009d9b400000] [id=4268]
  0x0000027269997130 GCTaskThread "GC Thread#7" [stack: 0x0000009d9b400000,0x0000009d9b500000] [id=11228]
  0x00000272699986b0 GCTaskThread "GC Thread#8" [stack: 0x0000009d9b500000,0x0000009d9b600000] [id=7496]
  0x0000027269997690 GCTaskThread "GC Thread#9" [stack: 0x0000009d9b600000,0x0000009d9b700000] [id=3500]
  0x0000027249ca1cf0 ConcurrentGCThread "G1 Main Marker" [stack: 0x0000009d99c00000,0x0000009d99d00000] [id=27580]
  0x0000027249ca2610 ConcurrentGCThread "G1 Conc#0" [stack: 0x0000009d99d00000,0x0000009d99e00000] [id=17328]
  0x0000027269996e80 ConcurrentGCThread "G1 Conc#1" [stack: 0x0000009d9b700000,0x0000009d9b800000] [id=20356]
  0x0000027269997ea0 ConcurrentGCThread "G1 Conc#2" [stack: 0x0000009d9b800000,0x0000009d9b900000] [id=9028]
  0x0000027249d0ea50 ConcurrentGCThread "G1 Refine#0" [stack: 0x0000009d99e00000,0x0000009d99f00000] [id=9092]
  0x0000027267e244a0 ConcurrentGCThread "G1 Service" [stack: 0x0000009d99f00000,0x0000009d9a000000] [id=26620]

Threads with active compile tasks:
C2 CompilerThread0     5135 6624   !   4       java.lang.reflect.Field::declaredAnnotations (82 bytes)

VM state: not at safepoint (normal execution)

VM Mutex/Monitor currently owned by a thread: None

Heap address: 0x0000000084a00000, size: 1974 MB, Compressed Oops mode: 32-bit

CDS archive(s) mapped at: [0x0000000800000000-0x0000000800bd0000-0x0000000800bd0000), size 12386304, SharedBaseAddress: 0x0000000800000000, ArchiveRelocationMode: 0.
Compressed class space mapped at: 0x0000000800c00000-0x0000000840c00000, reserved size: 1073741824
Narrow klass base: 0x0000000800000000, Narrow klass shift: 0, Narrow klass range: 0x100000000

GC Precious Log:
 CPUs: 12 total, 12 available
 Memory: 7893M
 Large Page Support: Disabled
 NUMA Support: Disabled
 Compressed Oops: Enabled (32-bit)
 Heap Region Size: 1M
 Heap Min Capacity: 8M
 Heap Initial Capacity: 124M
 Heap Max Capacity: 1974M
 Pre-touch: Disabled
 Parallel Workers: 10
 Concurrent Workers: 3
 Concurrent Refinement Workers: 10
 Periodic GC: Disabled

Heap:
 garbage-first heap   total 102400K, used 35460K [0x0000000084a00000, 0x0000000100000000)
  region size 1024K, 9 young (9216K), 4 survivors (4096K)
 Metaspace       used 29305K, committed 29696K, reserved 1081344K
  class space    used 3403K, committed 3584K, reserved 1048576K

Heap Regions: E=young(eden), S=young(survivor), O=old, HS=humongous(starts), HC=humongous(continues), CS=collection set, F=free, OA=open archive, CA=closed archive, TAMS=top-at-mark-start (previous, next)
|   0|0x0000000084a00000, 0x0000000084b00000, 0x0000000084b00000|100%| O|  |TAMS 0x0000000084b00000, 0x0000000084b00000| Untracked 
|   1|0x0000000084b00000, 0x0000000084c00000, 0x0000000084c00000|100%| O|  |TAMS 0x0000000084c00000, 0x0000000084c00000| Untracked 
|   2|0x0000000084c00000, 0x0000000084d00000, 0x0000000084d00000|100%| O|  |TAMS 0x0000000084d00000, 0x0000000084d00000| Untracked 
|   3|0x0000000084d00000, 0x0000000084d00000, 0x0000000084e00000|  0%| F|  |TAMS 0x0000000084d00000, 0x0000000084d00000| Untracked 
|   4|0x0000000084e00000, 0x0000000084f00000, 0x0000000084f00000|100%| O|  |TAMS 0x0000000084e00000, 0x0000000084f00000| Untracked 
|   5|0x0000000084f00000, 0x0000000085000000, 0x0000000085000000|100%| O|  |TAMS 0x0000000084f00000, 0x0000000085000000| Untracked 
|   6|0x0000000085000000, 0x0000000085100000, 0x0000000085100000|100%| O|  |TAMS 0x0000000085000000, 0x0000000085100000| Untracked 
|   7|0x0000000085100000, 0x0000000085200000, 0x0000000085200000|100%| O|  |TAMS 0x0000000085100000, 0x0000000085200000| Untracked 
|   8|0x0000000085200000, 0x0000000085300000, 0x0000000085300000|100%| O|  |TAMS 0x0000000085200000, 0x0000000085300000| Untracked 
|   9|0x0000000085300000, 0x0000000085400000, 0x0000000085400000|100%| O|  |TAMS 0x0000000085300000, 0x0000000085400000| Untracked 
|  10|0x0000000085400000, 0x0000000085500000, 0x0000000085500000|100%| O|  |TAMS 0x0000000085400000, 0x0000000085500000| Untracked 
|  11|0x0000000085500000, 0x0000000085600000, 0x0000000085600000|100%| O|  |TAMS 0x0000000085500000, 0x0000000085600000| Untracked 
|  12|0x0000000085600000, 0x0000000085700000, 0x0000000085700000|100%| O|  |TAMS 0x0000000085600000, 0x0000000085700000| Untracked 
|  13|0x0000000085700000, 0x0000000085800000, 0x0000000085800000|100%| O|  |TAMS 0x0000000085700000, 0x0000000085800000| Untracked 
|  14|0x0000000085800000, 0x0000000085900000, 0x0000000085900000|100%| O|  |TAMS 0x0000000085800000, 0x0000000085900000| Untracked 
|  15|0x0000000085900000, 0x0000000085a00000, 0x0000000085a00000|100%| O|  |TAMS 0x0000000085900000, 0x0000000085a00000| Untracked 
|  16|0x0000000085a00000, 0x0000000085b00000, 0x0000000085b00000|100%| O|  |TAMS 0x0000000085a00000, 0x0000000085b00000| Untracked 
|  17|0x0000000085b00000, 0x0000000085c00000, 0x0000000085c00000|100%| O|  |TAMS 0x0000000085b00000, 0x0000000085c00000| Untracked 
|  18|0x0000000085c00000, 0x0000000085d00000, 0x0000000085d00000|100%| O|  |TAMS 0x0000000085c00000, 0x0000000085d00000| Untracked 
|  19|0x0000000085d00000, 0x0000000085e00000, 0x0000000085e00000|100%| O|  |TAMS 0x0000000085d00000, 0x0000000085e00000| Untracked 
|  20|0x0000000085e00000, 0x0000000085f00000, 0x0000000085f00000|100%| O|  |TAMS 0x0000000085e00000, 0x0000000085f00000| Untracked 
|  21|0x0000000085f00000, 0x0000000086000000, 0x0000000086000000|100%| O|  |TAMS 0x0000000085f00000, 0x0000000086000000| Untracked 
|  22|0x0000000086000000, 0x0000000086100000, 0x0000000086100000|100%| O|  |TAMS 0x0000000086000000, 0x0000000086100000| Untracked 
|  23|0x0000000086100000, 0x0000000086200000, 0x0000000086200000|100%| O|  |TAMS 0x0000000086100000, 0x000000008617b800| Untracked 
|  24|0x0000000086200000, 0x0000000086300000, 0x0000000086300000|100%| O|  |TAMS 0x0000000086200000, 0x0000000086200000| Untracked 
|  25|0x0000000086300000, 0x0000000086339c00, 0x0000000086400000| 22%| O|  |TAMS 0x0000000086300000, 0x0000000086300000| Untracked 
|  26|0x0000000086400000, 0x0000000086500000, 0x0000000086500000|100%|HS|  |TAMS 0x0000000086400000, 0x0000000086400000| Complete 
|  27|0x0000000086500000, 0x0000000086600000, 0x0000000086600000|100%|HC|  |TAMS 0x0000000086500000, 0x0000000086500000| Complete 
|  28|0x0000000086600000, 0x0000000086600000, 0x0000000086700000|  0%| F|  |TAMS 0x0000000086600000, 0x0000000086600000| Untracked 
|  29|0x0000000086700000, 0x0000000086700000, 0x0000000086800000|  0%| F|  |TAMS 0x0000000086700000, 0x0000000086700000| Untracked 
|  30|0x0000000086800000, 0x0000000086800000, 0x0000000086900000|  0%| F|  |TAMS 0x0000000086800000, 0x0000000086800000| Untracked 
|  31|0x0000000086900000, 0x0000000086900000, 0x0000000086a00000|  0%| F|  |TAMS 0x0000000086900000, 0x0000000086900000| Untracked 
|  32|0x0000000086a00000, 0x0000000086a00000, 0x0000000086b00000|  0%| F|  |TAMS 0x0000000086a00000, 0x0000000086a00000| Untracked 
|  33|0x0000000086b00000, 0x0000000086b00000, 0x0000000086c00000|  0%| F|  |TAMS 0x0000000086b00000, 0x0000000086b00000| Untracked 
|  34|0x0000000086c00000, 0x0000000086c00000, 0x0000000086d00000|  0%| F|  |TAMS 0x0000000086c00000, 0x0000000086c00000| Untracked 
|  35|0x0000000086d00000, 0x0000000086d00000, 0x0000000086e00000|  0%| F|  |TAMS 0x0000000086d00000, 0x0000000086d00000| Untracked 
|  36|0x0000000086e00000, 0x0000000086e00000, 0x0000000086f00000|  0%| F|  |TAMS 0x0000000086e00000, 0x0000000086e00000| Untracked 
|  37|0x0000000086f00000, 0x0000000086f00000, 0x0000000087000000|  0%| F|  |TAMS 0x0000000086f00000, 0x0000000086f00000| Untracked 
|  38|0x0000000087000000, 0x0000000087000000, 0x0000000087100000|  0%| F|  |TAMS 0x0000000087000000, 0x0000000087000000| Untracked 
|  39|0x0000000087100000, 0x0000000087100000, 0x0000000087200000|  0%| F|  |TAMS 0x0000000087100000, 0x0000000087100000| Untracked 
|  40|0x0000000087200000, 0x0000000087200000, 0x0000000087300000|  0%| F|  |TAMS 0x0000000087200000, 0x0000000087200000| Untracked 
|  41|0x0000000087300000, 0x0000000087300000, 0x0000000087400000|  0%| F|  |TAMS 0x0000000087300000, 0x0000000087300000| Untracked 
|  42|0x0000000087400000, 0x0000000087400000, 0x0000000087500000|  0%| F|  |TAMS 0x0000000087400000, 0x0000000087400000| Untracked 
|  43|0x0000000087500000, 0x0000000087500000, 0x0000000087600000|  0%| F|  |TAMS 0x0000000087500000, 0x0000000087500000| Untracked 
|  44|0x0000000087600000, 0x0000000087600000, 0x0000000087700000|  0%| F|  |TAMS 0x0000000087600000, 0x0000000087600000| Untracked 
|  45|0x0000000087700000, 0x0000000087700000, 0x0000000087800000|  0%| F|  |TAMS 0x0000000087700000, 0x0000000087700000| Untracked 
|  46|0x0000000087800000, 0x0000000087800000, 0x0000000087900000|  0%| F|  |TAMS 0x0000000087800000, 0x0000000087800000| Untracked 
|  47|0x0000000087900000, 0x0000000087900000, 0x0000000087a00000|  0%| F|  |TAMS 0x0000000087900000, 0x0000000087900000| Untracked 
|  48|0x0000000087a00000, 0x0000000087a00000, 0x0000000087b00000|  0%| F|  |TAMS 0x0000000087a00000, 0x0000000087a00000| Untracked 
|  49|0x0000000087b00000, 0x0000000087b00000, 0x0000000087c00000|  0%| F|  |TAMS 0x0000000087b00000, 0x0000000087b00000| Untracked 
|  50|0x0000000087c00000, 0x0000000087c676c0, 0x0000000087d00000| 40%| S|CS|TAMS 0x0000000087c00000, 0x0000000087c00000| Complete 
|  51|0x0000000087d00000, 0x0000000087e00000, 0x0000000087e00000|100%| S|CS|TAMS 0x0000000087d00000, 0x0000000087d00000| Complete 
|  52|0x0000000087e00000, 0x0000000087f00000, 0x0000000087f00000|100%| S|CS|TAMS 0x0000000087e00000, 0x0000000087e00000| Complete 
|  53|0x0000000087f00000, 0x0000000088000000, 0x0000000088000000|100%| S|CS|TAMS 0x0000000087f00000, 0x0000000087f00000| Complete 
|  54|0x0000000088000000, 0x0000000088000000, 0x0000000088100000|  0%| F|  |TAMS 0x0000000088000000, 0x0000000088000000| Untracked 
|  55|0x0000000088100000, 0x0000000088100000, 0x0000000088200000|  0%| F|  |TAMS 0x0000000088100000, 0x0000000088100000| Untracked 
|  56|0x0000000088200000, 0x0000000088200000, 0x0000000088300000|  0%| F|  |TAMS 0x0000000088200000, 0x0000000088200000| Untracked 
|  57|0x0000000088300000, 0x0000000088300000, 0x0000000088400000|  0%| F|  |TAMS 0x0000000088300000, 0x0000000088300000| Untracked 
|  58|0x0000000088400000, 0x0000000088400000, 0x0000000088500000|  0%| F|  |TAMS 0x0000000088400000, 0x0000000088400000| Untracked 
|  59|0x0000000088500000, 0x0000000088500000, 0x0000000088600000|  0%| F|  |TAMS 0x0000000088500000, 0x0000000088500000| Untracked 
|  60|0x0000000088600000, 0x0000000088600000, 0x0000000088700000|  0%| F|  |TAMS 0x0000000088600000, 0x0000000088600000| Untracked 
|  61|0x0000000088700000, 0x0000000088700000, 0x0000000088800000|  0%| F|  |TAMS 0x0000000088700000, 0x0000000088700000| Untracked 
|  62|0x0000000088800000, 0x0000000088800000, 0x0000000088900000|  0%| F|  |TAMS 0x0000000088800000, 0x0000000088800000| Untracked 
|  63|0x0000000088900000, 0x0000000088900000, 0x0000000088a00000|  0%| F|  |TAMS 0x0000000088900000, 0x0000000088900000| Untracked 
|  64|0x0000000088a00000, 0x0000000088a00000, 0x0000000088b00000|  0%| F|  |TAMS 0x0000000088a00000, 0x0000000088a00000| Untracked 
|  65|0x0000000088b00000, 0x0000000088b00000, 0x0000000088c00000|  0%| F|  |TAMS 0x0000000088b00000, 0x0000000088b00000| Untracked 
|  66|0x0000000088c00000, 0x0000000088c00000, 0x0000000088d00000|  0%| F|  |TAMS 0x0000000088c00000, 0x0000000088c00000| Untracked 
|  67|0x0000000088d00000, 0x0000000088d00000, 0x0000000088e00000|  0%| F|  |TAMS 0x0000000088d00000, 0x0000000088d00000| Untracked 
|  68|0x0000000088e00000, 0x0000000088e00000, 0x0000000088f00000|  0%| F|  |TAMS 0x0000000088e00000, 0x0000000088e00000| Untracked 
|  69|0x0000000088f00000, 0x0000000088f00000, 0x0000000089000000|  0%| F|  |TAMS 0x0000000088f00000, 0x0000000088f00000| Untracked 
|  70|0x0000000089000000, 0x0000000089000000, 0x0000000089100000|  0%| F|  |TAMS 0x0000000089000000, 0x0000000089000000| Untracked 
|  71|0x0000000089100000, 0x0000000089100000, 0x0000000089200000|  0%| F|  |TAMS 0x0000000089100000, 0x0000000089100000| Untracked 
|  72|0x0000000089200000, 0x0000000089200000, 0x0000000089300000|  0%| F|  |TAMS 0x0000000089200000, 0x0000000089200000| Untracked 
|  73|0x0000000089300000, 0x0000000089300000, 0x0000000089400000|  0%| F|  |TAMS 0x0000000089300000, 0x0000000089300000| Untracked 
|  74|0x0000000089400000, 0x0000000089400000, 0x0000000089500000|  0%| F|  |TAMS 0x0000000089400000, 0x0000000089400000| Untracked 
|  75|0x0000000089500000, 0x0000000089500000, 0x0000000089600000|  0%| F|  |TAMS 0x0000000089500000, 0x0000000089500000| Untracked 
|  76|0x0000000089600000, 0x0000000089600000, 0x0000000089700000|  0%| F|  |TAMS 0x0000000089600000, 0x0000000089600000| Untracked 
|  77|0x0000000089700000, 0x0000000089700000, 0x0000000089800000|  0%| F|  |TAMS 0x0000000089700000, 0x0000000089700000| Untracked 
|  78|0x0000000089800000, 0x0000000089800000, 0x0000000089900000|  0%| F|  |TAMS 0x0000000089800000, 0x0000000089800000| Untracked 
|  79|0x0000000089900000, 0x0000000089900000, 0x0000000089a00000|  0%| F|  |TAMS 0x0000000089900000, 0x0000000089900000| Untracked 
|  80|0x0000000089a00000, 0x0000000089a00000, 0x0000000089b00000|  0%| F|  |TAMS 0x0000000089a00000, 0x0000000089a00000| Untracked 
|  81|0x0000000089b00000, 0x0000000089b00000, 0x0000000089c00000|  0%| F|  |TAMS 0x0000000089b00000, 0x0000000089b00000| Untracked 
|  82|0x0000000089c00000, 0x0000000089c00000, 0x0000000089d00000|  0%| F|  |TAMS 0x0000000089c00000, 0x0000000089c00000| Untracked 
|  83|0x0000000089d00000, 0x0000000089d00000, 0x0000000089e00000|  0%| F|  |TAMS 0x0000000089d00000, 0x0000000089d00000| Untracked 
|  84|0x0000000089e00000, 0x0000000089e00000, 0x0000000089f00000|  0%| F|  |TAMS 0x0000000089e00000, 0x0000000089e00000| Untracked 
|  85|0x0000000089f00000, 0x0000000089f00000, 0x000000008a000000|  0%| F|  |TAMS 0x0000000089f00000, 0x0000000089f00000| Untracked 
|  86|0x000000008a000000, 0x000000008a000000, 0x000000008a100000|  0%| F|  |TAMS 0x000000008a000000, 0x000000008a000000| Untracked 
|  87|0x000000008a100000, 0x000000008a100000, 0x000000008a200000|  0%| F|  |TAMS 0x000000008a100000, 0x000000008a100000| Untracked 
|  88|0x000000008a200000, 0x000000008a200000, 0x000000008a300000|  0%| F|  |TAMS 0x000000008a200000, 0x000000008a200000| Untracked 
|  89|0x000000008a300000, 0x000000008a300000, 0x000000008a400000|  0%| F|  |TAMS 0x000000008a300000, 0x000000008a300000| Untracked 
|  90|0x000000008a400000, 0x000000008a400000, 0x000000008a500000|  0%| F|  |TAMS 0x000000008a400000, 0x000000008a400000| Untracked 
|  91|0x000000008a500000, 0x000000008a500000, 0x000000008a600000|  0%| F|  |TAMS 0x000000008a500000, 0x000000008a500000| Untracked 
|  92|0x000000008a600000, 0x000000008a600000, 0x000000008a700000|  0%| F|  |TAMS 0x000000008a600000, 0x000000008a600000| Untracked 
|  93|0x000000008a700000, 0x000000008a700000, 0x000000008a800000|  0%| F|  |TAMS 0x000000008a700000, 0x000000008a700000| Untracked 
|  94|0x000000008a800000, 0x000000008a883750, 0x000000008a900000| 51%| E|  |TAMS 0x000000008a800000, 0x000000008a800000| Complete 
|  95|0x000000008a900000, 0x000000008aa00000, 0x000000008aa00000|100%| E|CS|TAMS 0x000000008a900000, 0x000000008a900000| Complete 
|  96|0x000000008aa00000, 0x000000008ab00000, 0x000000008ab00000|100%| E|CS|TAMS 0x000000008aa00000, 0x000000008aa00000| Complete 
|  97|0x000000008ab00000, 0x000000008ac00000, 0x000000008ac00000|100%| E|CS|TAMS 0x000000008ab00000, 0x000000008ab00000| Complete 
| 123|0x000000008c500000, 0x000000008c600000, 0x000000008c600000|100%| E|CS|TAMS 0x000000008c500000, 0x000000008c500000| Complete 
|1973|0x00000000fff00000, 0x0000000100000000, 0x0000000100000000|100%| O|  |TAMS 0x00000000fff00000, 0x0000000100000000| Untracked 

Card table byte_map: [0x0000027260df0000,0x00000272611d0000] _byte_map_base: 0x00000272609cb000

Marking Bits (Prev, Next): (CMBitMap*) 0x0000027249c91d40, (CMBitMap*) 0x0000027249c91d00
 Prev Bits: [0x0000027263490000, 0x0000027265368000)
 Next Bits: [0x00000272615b0000, 0x0000027263488000)

Polling page: 0x0000027247ad0000

Metaspace:

Usage:
  Non-class:     25.31 MB used.
      Class:      3.32 MB used.
       Both:     28.64 MB used.

Virtual space:
  Non-class space:       32.00 MB reserved,      25.50 MB ( 80%) committed,  4 nodes.
      Class space:        1.00 GB reserved,       3.50 MB ( <1%) committed,  1 nodes.
             Both:        1.03 GB reserved,      29.00 MB (  3%) committed. 

Chunk freelists:
   Non-Class:  2.16 MB
       Class:  538.00 KB
        Both:  2.68 MB

MaxMetaspaceSize: unlimited
CompressedClassSpaceSize: 1.00 GB
Initial GC threshold: 21.00 MB
Current GC threshold: 35.25 MB
CDS: on
MetaspaceReclaimPolicy: balanced
 - commit_granule_bytes: 65536.
 - commit_granule_words: 8192.
 - virtual_space_node_default_size: 1048576.
 - enlarge_chunks_in_place: 1.
 - new_chunks_are_fully_committed: 0.
 - uncommit_free_chunks: 1.
 - use_allocation_guard: 0.
 - handle_deallocations: 1.


Internal statistics:

num_allocs_failed_limit: 3.
num_arena_births: 182.
num_arena_deaths: 0.
num_vsnodes_births: 5.
num_vsnodes_deaths: 0.
num_space_committed: 464.
num_space_uncommitted: 0.
num_chunks_returned_to_freelist: 3.
num_chunks_taken_from_freelist: 1251.
num_chunk_merges: 3.
num_chunk_splits: 872.
num_chunks_enlarged: 672.
num_purges: 0.
num_inconsistent_stats: 0.

CodeHeap 'non-profiled nmethods': size=120000Kb used=2149Kb max_used=2401Kb free=117850Kb
 bounds [0x0000027258f90000, 0x0000027259200000, 0x00000272604c0000]
CodeHeap 'profiled nmethods': size=120000Kb used=11339Kb max_used=13801Kb free=108660Kb
 bounds [0x00000272514c0000, 0x0000027252240000, 0x00000272589f0000]
CodeHeap 'non-nmethods': size=5760Kb used=1219Kb max_used=1272Kb free=4540Kb
 bounds [0x00000272589f0000, 0x0000027258c60000, 0x0000027258f90000]
 total_blobs=6148 nmethods=5638 adapters=422
 compilation: enabled
              stopped_count=0, restarted_count=0
 full_count=0

Compilation events (20 events):
Event: 4.990 Thread 0x0000027267f9ade0 6722       2       java.lang.ProcessEnvironment$CheckedEntry::getKey (13 bytes)
Event: 4.990 Thread 0x0000027267f9ade0 nmethod 6722 0x0000027251d68890 code [0x0000027251d68a40, 0x0000027251d68ba8]
Event: 4.992 Thread 0x0000027267f99c90 nmethod 6558 0x000002725905fa90 code [0x000002725905fc40, 0x00000272590603b8]
Event: 4.992 Thread 0x0000027267f99c90 6566       4       java.lang.String::replace (42 bytes)
Event: 5.000 Thread 0x0000027267f99c90 nmethod 6566 0x000002725909a690 code [0x000002725909a820, 0x000002725909ae98]
Event: 5.000 Thread 0x0000027267f99c90 6611       4       java.util.TimSort::binarySort (223 bytes)
Event: 5.022 Thread 0x0000027267f99c90 nmethod 6611 0x000002725902ec90 code [0x000002725902eec0, 0x0000027259030568]
Event: 5.022 Thread 0x0000027267f99c90 6477       4       java.util.HashMap$HashIterator::<init> (79 bytes)
Event: 5.027 Thread 0x0000027267f99c90 nmethod 6477 0x0000027258fb4a90 code [0x0000027258fb4c20, 0x0000027258fb4fb8]
Event: 5.027 Thread 0x0000027267f99c90 6684       4       java.lang.String::substring (10 bytes)
Event: 5.031 Thread 0x0000027267f99c90 nmethod 6684 0x0000027258fefc10 code [0x0000027258fefda0, 0x0000027258ff02b8]
Event: 5.031 Thread 0x0000027267f99c90 6538       4       java.util.TreeMap$KeyIterator::next (8 bytes)
Event: 5.033 Thread 0x0000027267f99c90 nmethod 6538 0x0000027259029490 code [0x0000027259029620, 0x0000027259029918]
Event: 5.033 Thread 0x0000027267f99c90 6492       4       java.lang.Boolean::valueOf (14 bytes)
Event: 5.033 Thread 0x0000027267f99c90 nmethod 6492 0x0000027259062b10 code [0x0000027259062c80, 0x0000027259062cf8]
Event: 5.033 Thread 0x0000027267f99c90 6590       4       org.codehaus.plexus.classworlds.realm.Entry::matches (282 bytes)
Event: 5.049 Thread 0x0000027267f99c90 nmethod 6590 0x0000027258fed790 code [0x0000027258fed960, 0x0000027258fee608]
Event: 5.049 Thread 0x0000027267f99c90 6462       4       java.lang.ref.Reference::refersTo (6 bytes)
Event: 5.049 Thread 0x0000027267f99c90 nmethod 6462 0x000002725910d790 code [0x000002725910d900, 0x000002725910d998]
Event: 5.049 Thread 0x0000027267f99c90 6624   !   4       java.lang.reflect.Field::declaredAnnotations (82 bytes)

GC Heap History (20 events):
Event: 0.724 GC heap before
{Heap before GC invocations=0 (full 0):
 garbage-first heap   total 126976K, used 22528K [0x0000000084a00000, 0x0000000100000000)
  region size 1024K, 23 young (23552K), 0 survivors (0K)
 Metaspace       used 5736K, committed 5888K, reserved 1056768K
  class space    used 684K, committed 768K, reserved 1048576K
}
Event: 0.733 GC heap after
{Heap after GC invocations=1 (full 0):
 garbage-first heap   total 126976K, used 3960K [0x0000000084a00000, 0x0000000100000000)
  region size 1024K, 3 young (3072K), 3 survivors (3072K)
 Metaspace       used 5736K, committed 5888K, reserved 1056768K
  class space    used 684K, committed 768K, reserved 1048576K
}
Event: 1.140 GC heap before
{Heap before GC invocations=1 (full 0):
 garbage-first heap   total 126976K, used 34680K [0x0000000084a00000, 0x0000000100000000)
  region size 1024K, 33 young (33792K), 3 survivors (3072K)
 Metaspace       used 9879K, committed 10112K, reserved 1064960K
  class space    used 1193K, committed 1280K, reserved 1048576K
}
Event: 1.147 GC heap after
{Heap after GC invocations=2 (full 0):
 garbage-first heap   total 126976K, used 5744K [0x0000000084a00000, 0x0000000100000000)
  region size 1024K, 2 young (2048K), 2 survivors (2048K)
 Metaspace       used 9879K, committed 10112K, reserved 1064960K
  class space    used 1193K, committed 1280K, reserved 1048576K
}
Event: 2.868 GC heap before
{Heap before GC invocations=2 (full 0):
 garbage-first heap   total 126976K, used 71280K [0x0000000084a00000, 0x0000000100000000)
  region size 1024K, 67 young (68608K), 2 survivors (2048K)
 Metaspace       used 21216K, committed 21504K, reserved 1073152K
  class space    used 2550K, committed 2688K, reserved 1048576K
}
Event: 2.882 GC heap after
{Heap after GC invocations=3 (full 0):
 garbage-first heap   total 126976K, used 10843K [0x0000000084a00000, 0x0000000100000000)
  region size 1024K, 7 young (7168K), 7 survivors (7168K)
 Metaspace       used 21216K, committed 21504K, reserved 1073152K
  class space    used 2550K, committed 2688K, reserved 1048576K
}
Event: 3.330 GC heap before
{Heap before GC invocations=4 (full 0):
 garbage-first heap   total 40960K, used 28251K [0x0000000084a00000, 0x0000000100000000)
  region size 1024K, 24 young (24576K), 7 survivors (7168K)
 Metaspace       used 24998K, committed 25280K, reserved 1073152K
  class space    used 2951K, committed 3072K, reserved 1048576K
}
Event: 3.346 GC heap after
{Heap after GC invocations=5 (full 0):
 garbage-first heap   total 41984K, used 16690K [0x0000000084a00000, 0x0000000100000000)
  region size 1024K, 3 young (3072K), 3 survivors (3072K)
 Metaspace       used 24998K, committed 25280K, reserved 1073152K
  class space    used 2951K, committed 3072K, reserved 1048576K
}
Event: 3.362 GC heap before
{Heap before GC invocations=5 (full 0):
 garbage-first heap   total 41984K, used 17714K [0x0000000084a00000, 0x0000000100000000)
  region size 1024K, 4 young (4096K), 3 survivors (3072K)
 Metaspace       used 25068K, committed 25344K, reserved 1073152K
  class space    used 2962K, committed 3072K, reserved 1048576K
}
Event: 3.370 GC heap after
{Heap after GC invocations=6 (full 0):
 garbage-first heap   total 51200K, used 18091K [0x0000000084a00000, 0x0000000100000000)
  region size 1024K, 1 young (1024K), 1 survivors (1024K)
 Metaspace       used 25068K, committed 25344K, reserved 1073152K
  class space    used 2962K, committed 3072K, reserved 1048576K
}
Event: 3.517 GC heap before
{Heap before GC invocations=6 (full 0):
 garbage-first heap   total 51200K, used 36523K [0x0000000084a00000, 0x0000000100000000)
  region size 1024K, 18 young (18432K), 1 survivors (1024K)
 Metaspace       used 25412K, committed 25664K, reserved 1073152K
  class space    used 2972K, committed 3072K, reserved 1048576K
}
Event: 3.526 GC heap after
{Heap after GC invocations=7 (full 0):
 garbage-first heap   total 51200K, used 22307K [0x0000000084a00000, 0x0000000100000000)
  region size 1024K, 3 young (3072K), 3 survivors (3072K)
 Metaspace       used 25412K, committed 25664K, reserved 1073152K
  class space    used 2972K, committed 3072K, reserved 1048576K
}
Event: 3.719 GC heap before
{Heap before GC invocations=7 (full 0):
 garbage-first heap   total 51200K, used 36643K [0x0000000084a00000, 0x0000000100000000)
  region size 1024K, 17 young (17408K), 3 survivors (3072K)
 Metaspace       used 26809K, committed 27072K, reserved 1073152K
  class space    used 3136K, committed 3264K, reserved 1048576K
}
Event: 3.726 GC heap after
{Heap after GC invocations=8 (full 0):
 garbage-first heap   total 51200K, used 24976K [0x0000000084a00000, 0x0000000100000000)
  region size 1024K, 3 young (3072K), 3 survivors (3072K)
 Metaspace       used 26809K, committed 27072K, reserved 1073152K
  class space    used 3136K, committed 3264K, reserved 1048576K
}
Event: 3.948 GC heap before
{Heap before GC invocations=8 (full 0):
 garbage-first heap   total 51200K, used 38288K [0x0000000084a00000, 0x0000000100000000)
  region size 1024K, 16 young (16384K), 3 survivors (3072K)
 Metaspace       used 27528K, committed 27840K, reserved 1081344K
  class space    used 3184K, committed 3328K, reserved 1048576K
}
Event: 3.956 GC heap after
{Heap after GC invocations=9 (full 0):
 garbage-first heap   total 51200K, used 27016K [0x0000000084a00000, 0x0000000100000000)
  region size 1024K, 2 young (2048K), 2 survivors (2048K)
 Metaspace       used 27528K, committed 27840K, reserved 1081344K
  class space    used 3184K, committed 3328K, reserved 1048576K
}
Event: 3.958 GC heap before
{Heap before GC invocations=9 (full 0):
 garbage-first heap   total 51200K, used 27016K [0x0000000084a00000, 0x0000000100000000)
  region size 1024K, 3 young (3072K), 2 survivors (2048K)
 Metaspace       used 27528K, committed 27840K, reserved 1081344K
  class space    used 3184K, committed 3328K, reserved 1048576K
}
Event: 3.962 GC heap after
{Heap after GC invocations=10 (full 0):
 garbage-first heap   total 102400K, used 27212K [0x0000000084a00000, 0x0000000100000000)
  region size 1024K, 1 young (1024K), 1 survivors (1024K)
 Metaspace       used 27528K, committed 27840K, reserved 1081344K
  class space    used 3184K, committed 3328K, reserved 1048576K
}
Event: 4.922 GC heap before
{Heap before GC invocations=10 (full 0):
 garbage-first heap   total 102400K, used 74316K [0x0000000084a00000, 0x0000000100000000)
  region size 1024K, 45 young (46080K), 1 survivors (1024K)
 Metaspace       used 28863K, committed 29184K, reserved 1081344K
  class space    used 3353K, committed 3520K, reserved 1048576K
}
Event: 4.930 GC heap after
{Heap after GC invocations=11 (full 0):
 garbage-first heap   total 102400K, used 31364K [0x0000000084a00000, 0x0000000100000000)
  region size 1024K, 4 young (4096K), 4 survivors (4096K)
 Metaspace       used 28863K, committed 29184K, reserved 1081344K
  class space    used 3353K, committed 3520K, reserved 1048576K
}

Deoptimization events (20 events):
Event: 4.955 Thread 0x0000027249c36710 DEOPT PACKING pc=0x00000272590b9f50 sp=0x0000009d99afd050
Event: 4.955 Thread 0x0000027249c36710 DEOPT UNPACKING pc=0x0000027258a45ba3 sp=0x0000009d99afce98 mode 2
Event: 4.955 Thread 0x0000027249c36710 Uncommon trap: trap_request=0xffffffc6 fr.pc=0x00000272590b9f50 relative=0x00000000000002f0
Event: 4.955 Thread 0x0000027249c36710 Uncommon trap: reason=bimorphic_or_optimized_type_check action=maybe_recompile pc=0x00000272590b9f50 method=java.util.regex.Pattern$BmpCharPredicate.lambda$union$2(Ljava/util/regex/Pattern$CharPredicate;I)Z @ 2 c2
Event: 4.955 Thread 0x0000027249c36710 DEOPT PACKING pc=0x00000272590b9f50 sp=0x0000009d99afd050
Event: 4.955 Thread 0x0000027249c36710 DEOPT UNPACKING pc=0x0000027258a45ba3 sp=0x0000009d99afce98 mode 2
Event: 4.955 Thread 0x0000027249c36710 Uncommon trap: trap_request=0xffffffc6 fr.pc=0x00000272590b9f50 relative=0x00000000000002f0
Event: 4.955 Thread 0x0000027249c36710 Uncommon trap: reason=bimorphic_or_optimized_type_check action=maybe_recompile pc=0x00000272590b9f50 method=java.util.regex.Pattern$BmpCharPredicate.lambda$union$2(Ljava/util/regex/Pattern$CharPredicate;I)Z @ 2 c2
Event: 4.955 Thread 0x0000027249c36710 DEOPT PACKING pc=0x00000272590b9f50 sp=0x0000009d99afd050
Event: 4.955 Thread 0x0000027249c36710 DEOPT UNPACKING pc=0x0000027258a45ba3 sp=0x0000009d99afce98 mode 2
Event: 4.961 Thread 0x0000027249c36710 Uncommon trap: trap_request=0xffffffec fr.pc=0x00000272590a881c relative=0x000000000000007c
Event: 4.961 Thread 0x0000027249c36710 Uncommon trap: reason=null_assert_or_unreached0 action=make_not_entrant pc=0x00000272590a881c method=java.util.jar.JarFile.maybeInstantiateVerifier()V @ 4 c2
Event: 4.961 Thread 0x0000027249c36710 DEOPT PACKING pc=0x00000272590a881c sp=0x0000009d99afd260
Event: 4.961 Thread 0x0000027249c36710 DEOPT UNPACKING pc=0x0000027258a45ba3 sp=0x0000009d99afd1f0 mode 2
Event: 4.962 Thread 0x0000027249c36710 Uncommon trap: trap_request=0xffffff45 fr.pc=0x00000272590115d8 relative=0x0000000000000058
Event: 4.962 Thread 0x0000027249c36710 Uncommon trap: reason=unstable_if action=reinterpret pc=0x00000272590115d8 method=jdk.internal.module.ModuleReferenceImpl.hashCode()I @ 6 c2
Event: 4.962 Thread 0x0000027249c36710 DEOPT PACKING pc=0x00000272590115d8 sp=0x0000009d99afd290
Event: 4.962 Thread 0x0000027249c36710 DEOPT UNPACKING pc=0x0000027258a45ba3 sp=0x0000009d99afd220 mode 2
Event: 4.971 Thread 0x0000027249c36710 DEOPT PACKING pc=0x00000272517198b4 sp=0x0000009d99afd2c0
Event: 4.971 Thread 0x0000027249c36710 DEOPT UNPACKING pc=0x0000027258a466e3 sp=0x0000009d99afc840 mode 0

Classes unloaded (0 events):
No events

Classes redefined (0 events):
No events

Internal exceptions (20 events):
Event: 3.914 Thread 0x0000027249c36710 Exception <a 'sun/nio/fs/WindowsException'{0x00000000872d2210}> (0x00000000872d2210) 
thrown [s\open\src\hotspot\share\prims\jni.cpp, line 516]
Event: 3.917 Thread 0x0000027249c36710 Exception <a 'sun/nio/fs/WindowsException'{0x00000000872e71d0}> (0x00000000872e71d0) 
thrown [s\open\src\hotspot\share\prims\jni.cpp, line 516]
Event: 3.920 Thread 0x0000027249c36710 Exception <a 'sun/nio/fs/WindowsException'{0x00000000872f0ad8}> (0x00000000872f0ad8) 
thrown [s\open\src\hotspot\share\prims\jni.cpp, line 516]
Event: 3.986 Thread 0x0000027249c36710 Exception <a 'sun/nio/fs/WindowsException'{0x000000008a929ef8}> (0x000000008a929ef8) 
thrown [s\open\src\hotspot\share\prims\jni.cpp, line 516]
Event: 4.943 Thread 0x0000027249c36710 Exception <a 'sun/nio/fs/WindowsException'{0x000000008c57fe50}> (0x000000008c57fe50) 
thrown [s\open\src\hotspot\share\prims\jni.cpp, line 516]
Event: 4.943 Thread 0x0000027249c36710 Exception <a 'sun/nio/fs/WindowsException'{0x000000008c580088}> (0x000000008c580088) 
thrown [s\open\src\hotspot\share\prims\jni.cpp, line 516]
Event: 4.943 Thread 0x0000027249c36710 Exception <a 'sun/nio/fs/WindowsException'{0x000000008c581060}> (0x000000008c581060) 
thrown [s\open\src\hotspot\share\prims\jni.cpp, line 516]
Event: 4.944 Thread 0x0000027249c36710 Exception <a 'sun/nio/fs/WindowsException'{0x000000008c5812a0}> (0x000000008c5812a0) 
thrown [s\open\src\hotspot\share\prims\jni.cpp, line 516]
Event: 4.947 Thread 0x0000027249c36710 Exception <a 'sun/nio/fs/WindowsException'{0x000000008c5a22b0}> (0x000000008c5a22b0) 
thrown [s\open\src\hotspot\share\prims\jni.cpp, line 516]
Event: 4.947 Thread 0x0000027249c36710 Exception <a 'sun/nio/fs/WindowsException'{0x000000008c5a2598}> (0x000000008c5a2598) 
thrown [s\open\src\hotspot\share\prims\jni.cpp, line 516]
Event: 4.949 Thread 0x0000027249c36710 Exception <a 'sun/nio/fs/WindowsException'{0x000000008c5a7f68}> (0x000000008c5a7f68) 
thrown [s\open\src\hotspot\share\prims\jni.cpp, line 516]
Event: 4.949 Thread 0x0000027249c36710 Exception <a 'sun/nio/fs/WindowsException'{0x000000008c5a8250}> (0x000000008c5a8250) 
thrown [s\open\src\hotspot\share\prims\jni.cpp, line 516]
Event: 4.949 Thread 0x0000027249c36710 Exception <a 'sun/nio/fs/WindowsException'{0x000000008c5aa538}> (0x000000008c5aa538) 
thrown [s\open\src\hotspot\share\prims\jni.cpp, line 516]
Event: 4.950 Thread 0x0000027249c36710 Exception <a 'sun/nio/fs/WindowsException'{0x000000008c5ab988}> (0x000000008c5ab988) 
thrown [s\open\src\hotspot\share\prims\jni.cpp, line 516]
Event: 4.950 Thread 0x0000027249c36710 Exception <a 'sun/nio/fs/WindowsException'{0x000000008c5ae1a0}> (0x000000008c5ae1a0) 
thrown [s\open\src\hotspot\share\prims\jni.cpp, line 516]
Event: 5.000 Thread 0x0000027249c36710 Exception <a 'java/lang/NoSuchMethodError'{0x000000008a97a478}: 'void java.lang.invoke.DirectMethodHandle$Holder.invokeStatic(java.lang.Object, long)'> (0x000000008a97a478) 
thrown [s\open\src\hotspot\share\interpreter\linkResolver.cpp, line 759]
Event: 5.001 Thread 0x0000027249c36710 Exception <a 'java/lang/NoSuchMethodError'{0x000000008a97fac8}: 'java.lang.Object java.lang.invoke.DirectMethodHandle$Holder.newInvokeSpecial(java.lang.Object, long)'> (0x000000008a97fac8) 
thrown [s\open\src\hotspot\share\interpreter\linkResolver.cpp, line 759]
Event: 5.006 Thread 0x0000027249c36710 Exception <a 'java/lang/NoSuchMethodError'{0x000000008a98a380}: 'java.lang.Object java.lang.invoke.DirectMethodHandle$Holder.invokeStaticInit(java.lang.Object, java.lang.Object, long, java.lang.Object)'> (0x000000008a98a380) 
thrown [s\open\src\hotspot\share\interpreter\linkResolver.cpp, line 759]
Event: 5.007 Thread 0x0000027249c36710 Exception <a 'java/lang/NoSuchMethodError'{0x000000008a9909c8}: 'java.lang.Object java.lang.invoke.DirectMethodHandle$Holder.newInvokeSpecial(java.lang.Object, java.lang.Object, long)'> (0x000000008a9909c8) 
thrown [s\open\src\hotspot\share\interpreter\linkResolver.cpp, line 759]
Event: 5.008 Thread 0x0000027249c36710 Exception <a 'java/lang/NoSuchMethodError'{0x000000008a9947e0}: 'java.lang.Object java.lang.invoke.Invokers$Holder.linkToTargetMethod(java.lang.Object, long, java.lang.Object)'> (0x000000008a9947e0) 
thrown [s\open\src\hotspot\share\interpreter\linkResolver.cpp, line 759]

VM Operations (20 events):
Event: 4.146 Executing VM operation: ICBufferFull
Event: 4.147 Executing VM operation: ICBufferFull done
Event: 4.805 Executing VM operation: ICBufferFull
Event: 4.805 Executing VM operation: ICBufferFull done
Event: 4.842 Executing VM operation: HandshakeAllThreads
Event: 4.842 Executing VM operation: HandshakeAllThreads done
Event: 4.842 Executing VM operation: HandshakeAllThreads
Event: 4.842 Executing VM operation: HandshakeAllThreads done
Event: 4.868 Executing VM operation: HandshakeAllThreads
Event: 4.868 Executing VM operation: HandshakeAllThreads done
Event: 4.868 Executing VM operation: HandshakeAllThreads
Event: 4.868 Executing VM operation: HandshakeAllThreads done
Event: 4.922 Executing VM operation: G1CollectForAllocation
Event: 4.931 Executing VM operation: G1CollectForAllocation done
Event: 4.945 Executing VM operation: HandshakeAllThreads
Event: 4.946 Executing VM operation: HandshakeAllThreads done
Event: 4.946 Executing VM operation: HandshakeAllThreads
Event: 4.946 Executing VM operation: HandshakeAllThreads done
Event: 5.013 Executing VM operation: HandshakeAllThreads
Event: 5.013 Executing VM operation: HandshakeAllThreads done

Events (20 events):
Event: 5.010 loading class java/util/concurrent/SynchronousQueue$TransferStack done
Event: 5.010 loading class java/util/concurrent/SynchronousQueue$TransferStack$SNode
Event: 5.010 loading class java/util/concurrent/ForkJoinPool$ManagedBlocker
Event: 5.011 loading class java/util/concurrent/ForkJoinPool$ManagedBlocker done
Event: 5.011 loading class java/util/concurrent/SynchronousQueue$TransferStack$SNode done
Event: 5.011 loading class java/lang/ProcessImpl$2
Event: 5.011 loading class java/lang/ProcessImpl$2 done
Event: 5.012 loading class java/lang/Process$PipeInputStream
Event: 5.012 loading class java/lang/Process$PipeInputStream done
Event: 5.013 loading class jdk/internal/event/ProcessStartEvent
Event: 5.014 loading class jdk/internal/event/Event
Event: 5.015 loading class jdk/internal/event/Event done
Event: 5.015 loading class jdk/internal/event/ProcessStartEvent done
Event: 5.016 loading class java/io/PipedOutputStream
Event: 5.017 loading class java/io/PipedOutputStream done
Event: 5.017 Thread 0x000002726927f150 Thread added: 0x000002726927f150
Event: 5.017 Thread 0x000002726ba2c180 Thread added: 0x000002726ba2c180
Event: 5.017 Thread 0x000002726941aa20 Thread added: 0x000002726941aa20
Event: 5.061 Thread 0x000002726927f150 Thread exited: 0x000002726927f150
Event: 5.061 Thread 0x000002726ba2c180 Thread exited: 0x000002726ba2c180


Dynamic libraries:
0x00007ff628130000 - 0x00007ff628140000 	C:\Program Files\Java\jdk-17\bin\java.exe
0x00007ffb14890000 - 0x00007ffb14a88000 	C:\Windows\SYSTEM32\ntdll.dll
0x00007ffb134d0000 - 0x00007ffb1358d000 	C:\Windows\System32\KERNEL32.DLL
0x00007ffb12260000 - 0x00007ffb12556000 	C:\Windows\System32\KERNELBASE.dll
0x00007ffb12560000 - 0x00007ffb12660000 	C:\Windows\System32\ucrtbase.dll
0x00007ffafea60000 - 0x00007ffafea78000 	C:\Program Files\Java\jdk-17\bin\jli.dll
0x00007ffb144b0000 - 0x00007ffb14563000 	C:\Windows\System32\ADVAPI32.dll
0x00007ffb07090000 - 0x00007ffb070ab000 	C:\Program Files\Java\jdk-17\bin\VCRUNTIME140.dll
0x00007ffb140a0000 - 0x00007ffb1413e000 	C:\Windows\System32\msvcrt.dll
0x00007ffb12b80000 - 0x00007ffb12c1f000 	C:\Windows\System32\sechost.dll
0x00007ffb12a00000 - 0x00007ffb12b26000 	C:\Windows\System32\RPCRT4.dll
0x00007ffb12660000 - 0x00007ffb12687000 	C:\Windows\System32\bcrypt.dll
0x00007ffb14220000 - 0x00007ffb143be000 	C:\Windows\System32\USER32.dll
0x00007ffb12690000 - 0x00007ffb126b2000 	C:\Windows\System32\win32u.dll
0x00007ffb12b50000 - 0x00007ffb12b7b000 	C:\Windows\System32\GDI32.dll
0x00007ffb12140000 - 0x00007ffb12257000 	C:\Windows\System32\gdi32full.dll
0x00007ffae3aa0000 - 0x00007ffae3d3a000 	C:\Windows\WinSxS\amd64_microsoft.windows.common-controls_6595b64144ccf1df_6.0.19041.3636_none_60b6a03d71f818d5\COMCTL32.dll
0x00007ffb12830000 - 0x00007ffb128cd000 	C:\Windows\System32\msvcp_win.dll
0x00007ffb08a60000 - 0x00007ffb08a6a000 	C:\Windows\SYSTEM32\VERSION.dll
0x00007ffb13640000 - 0x00007ffb13672000 	C:\Windows\System32\IMM32.DLL
0x00007ffb0cca0000 - 0x00007ffb0ccac000 	C:\Program Files\Java\jdk-17\bin\vcruntime140_1.dll
0x00007ffad62a0000 - 0x00007ffad632e000 	C:\Program Files\Java\jdk-17\bin\msvcp140.dll
0x00007ffab5b90000 - 0x00007ffab6767000 	C:\Program Files\Java\jdk-17\bin\server\jvm.dll
0x00007ffb14570000 - 0x00007ffb14578000 	C:\Windows\System32\PSAPI.DLL
0x00007ffb02680000 - 0x00007ffb026a7000 	C:\Windows\SYSTEM32\WINMM.dll
0x00007ffafcea0000 - 0x00007ffafcea9000 	C:\Windows\SYSTEM32\WSOCK32.dll
0x00007ffb12c20000 - 0x00007ffb12c8b000 	C:\Windows\System32\WS2_32.dll
0x00007ffb107c0000 - 0x00007ffb107d2000 	C:\Windows\SYSTEM32\kernel.appcore.dll
0x00007ffb0aed0000 - 0x00007ffb0aeda000 	C:\Program Files\Java\jdk-17\bin\jimage.dll
0x00007ffb0fbc0000 - 0x00007ffb0fda4000 	C:\Windows\SYSTEM32\DBGHELP.DLL
0x00007ffb04c90000 - 0x00007ffb04cc4000 	C:\Windows\SYSTEM32\dbgcore.DLL
0x00007ffb120b0000 - 0x00007ffb12132000 	C:\Windows\System32\bcryptPrimitives.dll
0x00007ffb0ae30000 - 0x00007ffb0ae3e000 	C:\Program Files\Java\jdk-17\bin\instrument.dll
0x00007ffafe9c0000 - 0x00007ffafe9e5000 	C:\Program Files\Java\jdk-17\bin\java.dll
0x00007ffac43e0000 - 0x00007ffac44b7000 	C:\Program Files\Java\jdk-17\bin\jsvml.dll
0x00007ffb13860000 - 0x00007ffb13fa5000 	C:\Windows\System32\SHELL32.dll
0x00007ffb0ffe0000 - 0x00007ffb1077c000 	C:\Windows\SYSTEM32\windows.storage.dll
0x00007ffb13170000 - 0x00007ffb134c4000 	C:\Windows\System32\combase.dll
0x00007ffb11980000 - 0x00007ffb119ae000 	C:\Windows\SYSTEM32\Wldp.dll
0x00007ffb12930000 - 0x00007ffb129fd000 	C:\Windows\System32\OLEAUT32.dll
0x00007ffb13680000 - 0x00007ffb1372d000 	C:\Windows\System32\SHCORE.dll
0x00007ffb141c0000 - 0x00007ffb14215000 	C:\Windows\System32\shlwapi.dll
0x00007ffb11e80000 - 0x00007ffb11ea5000 	C:\Windows\SYSTEM32\profapi.dll
0x00007ffadebf0000 - 0x00007ffadec08000 	C:\Program Files\Java\jdk-17\bin\zip.dll
0x00007ffafaf70000 - 0x00007ffafaf89000 	C:\Program Files\Java\jdk-17\bin\net.dll
0x00007ffb06610000 - 0x00007ffb0671a000 	C:\Windows\SYSTEM32\WINHTTP.dll
0x00007ffb116e0000 - 0x00007ffb1174a000 	C:\Windows\system32\mswsock.dll
0x00007ffadec10000 - 0x00007ffadec26000 	C:\Program Files\Java\jdk-17\bin\nio.dll
0x00007ffb08e30000 - 0x00007ffb08e4a000 	C:\Program Files\JetBrains\IntelliJ IDEA 2023.2.1\bin\breakgen64.dll
0x0000000069ac0000 - 0x0000000069ae4000 	C:\Users\WIKI\AppData\Local\Temp\jansi-2.4.0-266a7533ed979b65-jansi.dll
0x00007ffb08ee0000 - 0x00007ffb08ef0000 	C:\Program Files\Java\jdk-17\bin\verify.dll
0x00007ffb110c0000 - 0x00007ffb110f3000 	C:\Windows\SYSTEM32\ntmarta.dll

dbghelp: loaded successfully - version: 4.0.5 - missing functions: none
symbol engine: initialized successfully - sym options: 0x614 - pdb path: .;C:\Program Files\Java\jdk-17\bin;C:\Windows\SYSTEM32;C:\Windows\WinSxS\amd64_microsoft.windows.common-controls_6595b64144ccf1df_6.0.19041.3636_none_60b6a03d71f818d5;C:\Program Files\Java\jdk-17\bin\server;C:\Program Files\JetBrains\IntelliJ IDEA 2023.2.1\bin;C:\Users\WIKI\AppData\Local\Temp

VM Arguments:
jvm_args: -Dmaven.multiModuleProjectDirectory=C:\Users\WIKI\IdeaProjects\PidevProject -Djansi.passthrough=true -Dmaven.home=C:\Program Files\JetBrains\IntelliJ IDEA 2023.2.1\plugins\maven\lib\maven3 -Dclassworlds.conf=C:\Program Files\JetBrains\IntelliJ IDEA 2023.2.1\plugins\maven\lib\maven3\bin\m2.conf -Dmaven.ext.class.path=C:\Program Files\JetBrains\IntelliJ IDEA 2023.2.1\plugins\maven\lib\maven-event-listener.jar -javaagent:C:\Program Files\JetBrains\IntelliJ IDEA 2023.2.1\lib\idea_rt.jar=57847:C:\Program Files\JetBrains\IntelliJ IDEA 2023.2.1\bin -Dfile.encoding=UTF-8 
java_command: org.codehaus.classworlds.Launcher -Didea.version=2023.2.1 org.openjfx:javafx-maven-plugin:0.0.8:run
java_class_path (initial): C:\Program Files\JetBrains\IntelliJ IDEA 2023.2.1\plugins\maven\lib\maven3\boot\plexus-classworlds-2.7.0.jar;C:\Program Files\JetBrains\IntelliJ IDEA 2023.2.1\plugins\maven\lib\maven3\boot\plexus-classworlds.license
Launcher Type: SUN_STANDARD

[Global flags]
     intx CICompilerCount                          = 4                                         {product} {ergonomic}
     uint ConcGCThreads                            = 3                                         {product} {ergonomic}
     uint G1ConcRefinementThreads                  = 10                                        {product} {ergonomic}
   size_t G1HeapRegionSize                         = 1048576                                   {product} {ergonomic}
    uintx GCDrainStackTargetSize                   = 64                                        {product} {ergonomic}
   size_t InitialHeapSize                          = 130023424                                 {product} {ergonomic}
   size_t MarkStackSize                            = 4194304                                   {product} {ergonomic}
   size_t MaxHeapSize                              = 2069889024                                {product} {ergonomic}
   size_t MaxNewSize                               = 1241513984                                {product} {ergonomic}
   size_t MinHeapDeltaBytes                        = 1048576                                   {product} {ergonomic}
   size_t MinHeapSize                              = 8388608                                   {product} {ergonomic}
    uintx NonNMethodCodeHeapSize                   = 5839372                                {pd product} {ergonomic}
    uintx NonProfiledCodeHeapSize                  = 122909434                              {pd product} {ergonomic}
    uintx ProfiledCodeHeapSize                     = 122909434                              {pd product} {ergonomic}
    uintx ReservedCodeCacheSize                    = 251658240                              {pd product} {ergonomic}
     bool SegmentedCodeCache                       = true                                      {product} {ergonomic}
   size_t SoftMaxHeapSize                          = 2069889024                             {manageable} {ergonomic}
     bool UseCompressedClassPointers               = true                           {product lp64_product} {ergonomic}
     bool UseCompressedOops                        = true                           {product lp64_product} {ergonomic}
     bool UseG1GC                                  = true                                      {product} {ergonomic}
     bool UseLargePagesIndividualAllocation        = false                                  {pd product} {ergonomic}

Logging:
Log output configuration:
 #0: stdout all=warning uptime,level,tags
 #1: stderr all=off uptime,level,tags

Environment Variables:
JAVA_HOME=C:\Program Files\Java\jdk-17
PATH=C:\oraclexe\app\oracle\product\11.2.0\server\bin;;C:\Program Files\Common Files\Oracle\Java\javapath;C:\Windows\system32;C:\Windows;C:\Windows\System32\Wbem;C:\Windows\System32\WindowsPowerShell\v1.0\;C:\Windows\System32\OpenSSH\;C:\Program Files (x86)\NVIDIA Corporation\PhysX\Common;C:\Program Files\NVIDIA Corporation\NVIDIA NvDLISR;C:\Program Files\Java\jdk-17\bin;C:\Program Files\Git\cmd;C:\xampp\php;C:\ProgramData\ComposerSetup\bin;C:\Users\WIKI\scoop\shims;C:\Users\WIKI\AppData\Local\Programs\Python\Python310\Scripts\;C:\Users\WIKI\AppData\Local\Programs\Python\Python310\;C:\Users\WIKI\AppData\Local\Microsoft\WindowsApps;C:\Program Files\JetBrains\PyCharm Community Edition 2022.3.2\bin;;C:\Users\WIKI\AppData\Local\Programs\Microsoft VS Code\bin;C:\Users\WIKI\AppData\Roaming\Composer\vendor\bin;C:\xampp\php;
USERNAME=WIKI
OS=Windows_NT
PROCESSOR_IDENTIFIER=Intel64 Family 6 Model 141 Stepping 1, GenuineIntel



---------------  S Y S T E M  ---------------

OS:
 Windows 10 , 64 bit Build 19041 (10.0.19041.3636)
OS uptime: 9 days 0:23 hours

CPU: total 12 (initial active 12) (6 cores per cpu, 2 threads per core) family 6 model 141 stepping 1 microcode 0x26, cx8, cmov, fxsr, ht, mmx, 3dnowpref, sse, sse2, sse3, ssse3, sse4.1, sse4.2, popcnt, lzcnt, tsc, tscinvbit, avx, avx2, aes, erms, clmul, bmi1, bmi2, adx, avx512f, avx512dq, avx512cd, avx512bw, avx512vl, sha, fma, vzeroupper, avx512_vpopcntdq, avx512_vpclmulqdq, avx512_vaes, avx512_vnni, clflush, clflushopt, clwb, avx512_vbmi2, avx512_vbmi

Memory: 4k page, system-wide physical 7893M (299M free)
TotalPageFile size 27932M (AvailPageFile size 8M)
current process WorkingSet (physical memory assigned to process): 217M, peak: 221M
current process commit charge ("private bytes"): 264M, peak: 267M

vm_info: Java HotSpot(TM) 64-Bit Server VM (17.0.6+9-LTS-190) for windows-amd64 JRE (17.0.6+9-LTS-190), built on Dec  6 2022 15:53:54 by "mach5one" with MS VC++ 17.1 (VS2022)

END.
