#
# There is insufficient memory for the Java Runtime Environment to continue.
# Native memory allocation (malloc) failed to allocate 233568 bytes for Chunk::new
# Possible reasons:
#   The system is out of physical RAM or swap space
#   The process is running with CompressedOops enabled, and the Java Heap may be blocking the growth of the native heap
# Possible solutions:
#   Reduce memory load on the system
#   Increase physical memory or swap space
#   Check if swap backing store is full
#   Decrease Java heap size (-Xmx/-Xms)
#   Decrease number of Java threads
#   Decrease Java thread stack sizes (-Xss)
#   Set larger code cache with -XX:ReservedCodeCacheSize=
#   JVM is running with Unscaled Compressed Oops mode in which the Java heap is
#     placed in the first 4GB address space. The Java Heap base address is the
#     maximum limit for the native heap growth. Please use -XX:HeapBaseMinAddress
#     to set the Java Heap base and to place the Java Heap above 4GB virtual address.
# This output file may be truncated or incomplete.
#
#  Out of Memory Error (arena.cpp:191), pid=23412, tid=10588
#
# JRE version: OpenJDK Runtime Environment JBR-17.0.9+8-1166.2-nomod (17.0.9+8) (build 17.0.9+8-b1166.2)
# Java VM: OpenJDK 64-Bit Server VM JBR-17.0.9+8-1166.2-nomod (17.0.9+8-b1166.2, mixed mode, tiered, compressed oops, compressed class ptrs, g1 gc, windows-amd64)
# No core dump will be written. Minidumps are not enabled by default on client versions of Windows
#

---------------  S U M M A R Y ------------

Command Line: -Dmaven.multiModuleProjectDirectory=C:\Users\WIKI\Desktop\Workshop-JDBC-JavaFX-masterValidation - Integ CSP -Djansi.passthrough=true -Dmaven.home=C:\Program Files\JetBrains\IntelliJ IDEA 2023.2.1\plugins\maven\lib\maven3 -Dclassworlds.conf=C:\Program Files\JetBrains\IntelliJ IDEA 2023.2.1\plugins\maven\lib\maven3\bin\m2.conf -Dmaven.ext.class.path=C:\Program Files\JetBrains\IntelliJ IDEA 2023.2.1\plugins\maven\lib\maven-event-listener.jar -javaagent:C:\Program Files\JetBrains\IntelliJ IDEA 2023.2.1\lib\idea_rt.jar=57015:C:\Program Files\JetBrains\IntelliJ IDEA 2023.2.1\bin -Dfile.encoding=UTF-8 org.codehaus.classworlds.Launcher -Didea.version=2023.2.1 javafx:run

Host: 11th Gen Intel(R) Core(TM) i5-11400H @ 2.70GHz, 12 cores, 7G,  Windows 10 , 64 bit Build 19041 (10.0.19041.3636)
Time: Sun Mar  3 14:03:44 2024 Afr. centrale Ouest elapsed time: 0.648277 seconds (0d 0h 0m 0s)

---------------  T H R E A D  ---------------

Current thread (0x0000027f78b20260):  JavaThread "C2 CompilerThread0" daemon [_thread_in_native, id=10588, stack(0x0000008c36700000,0x0000008c36800000)]


Current CompileTask:
C2:    648  588       4       java.util.HashMap::putVal (300 bytes)

Stack: [0x0000008c36700000,0x0000008c36800000]
Native frames: (J=compiled Java code, j=interpreted, Vv=VM code, C=native code)
V  [jvm.dll+0x688349]


---------------  P R O C E S S  ---------------

Threads class SMR info:
_java_thread_list=0x0000027f78dcb940, length=13, elements={
0x0000027f5e65eed0, 0x0000027f78ad2170, 0x0000027f78ad2b30, 0x0000027f78318060,
0x0000027f78318a20, 0x0000027f783193e0, 0x0000027f78b16640, 0x0000027f78b20260,
0x0000027f78b20c20, 0x0000027f78b21620, 0x0000027f782bba80, 0x0000027f78da9450,
0x0000027f78da9f40
}

Java Threads: ( => current thread )
  0x0000027f5e65eed0 JavaThread "main" [_thread_in_vm, id=26532, stack(0x0000008c35a00000,0x0000008c35b00000)]
  0x0000027f78ad2170 JavaThread "Reference Handler" daemon [_thread_blocked, id=20508, stack(0x0000008c36100000,0x0000008c36200000)]
  0x0000027f78ad2b30 JavaThread "Finalizer" daemon [_thread_blocked, id=25836, stack(0x0000008c36200000,0x0000008c36300000)]
  0x0000027f78318060 JavaThread "Signal Dispatcher" daemon [_thread_blocked, id=1972, stack(0x0000008c36300000,0x0000008c36400000)]
  0x0000027f78318a20 JavaThread "Attach Listener" daemon [_thread_blocked, id=28224, stack(0x0000008c36400000,0x0000008c36500000)]
  0x0000027f783193e0 JavaThread "Service Thread" daemon [_thread_blocked, id=12916, stack(0x0000008c36500000,0x0000008c36600000)]
  0x0000027f78b16640 JavaThread "Monitor Deflation Thread" daemon [_thread_blocked, id=7936, stack(0x0000008c36600000,0x0000008c36700000)]
=>0x0000027f78b20260 JavaThread "C2 CompilerThread0" daemon [_thread_in_native, id=10588, stack(0x0000008c36700000,0x0000008c36800000)]
  0x0000027f78b20c20 JavaThread "C1 CompilerThread0" daemon [_thread_in_native, id=20512, stack(0x0000008c36800000,0x0000008c36900000)]
  0x0000027f78b21620 JavaThread "Sweeper thread" daemon [_thread_blocked, id=2660, stack(0x0000008c36900000,0x0000008c36a00000)]
  0x0000027f782bba80 JavaThread "Common-Cleaner" daemon [_thread_blocked, id=20608, stack(0x0000008c36a00000,0x0000008c36b00000)]
  0x0000027f78da9450 JavaThread "Monitor Ctrl-Break" daemon [_thread_in_native, id=14640, stack(0x0000008c36c00000,0x0000008c36d00000)]
  0x0000027f78da9f40 JavaThread "Notification Thread" daemon [_thread_blocked, id=11732, stack(0x0000008c36d00000,0x0000008c36e00000)]

Other Threads:
  0x0000027f783165b0 VMThread "VM Thread" [stack: 0x0000008c36000000,0x0000008c36100000] [id=15032]
  0x0000027f78daacb0 WatcherThread [stack: 0x0000008c36e00000,0x0000008c36f00000] [id=19812]
  0x0000027f5e6bb670 GCTaskThread "GC Thread#0" [stack: 0x0000008c35b00000,0x0000008c35c00000] [id=17548]
  0x0000027f5e6cbc80 ConcurrentGCThread "G1 Main Marker" [stack: 0x0000008c35c00000,0x0000008c35d00000] [id=19488]
  0x0000027f5e6cc6a0 ConcurrentGCThread "G1 Conc#0" [stack: 0x0000008c35d00000,0x0000008c35e00000] [id=23440]
  0x0000027f5e71e370 ConcurrentGCThread "G1 Refine#0" [stack: 0x0000008c35e00000,0x0000008c35f00000] [id=25516]
  0x0000027f78173da0 ConcurrentGCThread "G1 Service" [stack: 0x0000008c35f00000,0x0000008c36000000] [id=11852]

Threads with active compile tasks:
C2 CompilerThread0      700  588       4       java.util.HashMap::putVal (300 bytes)
C1 CompilerThread0      700  617       3       java.net.URLStreamHandler::parseURL (1201 bytes)

VM state: not at safepoint (normal execution)

VM Mutex/Monitor currently owned by a thread: None

Heap address: 0x0000000084a00000, size: 1974 MB, Compressed Oops mode: 32-bit

CDS archive(s) not mapped
Compressed class space mapped at: 0x0000000100000000-0x0000000140000000, reserved size: 1073741824
Narrow klass base: 0x0000000000000000, Narrow klass shift: 3, Narrow klass range: 0x140000000

GC Precious Log:
 CPUs: 12 total, 12 available
 Memory: 7893M
 Large Page Support: Disabled
 NUMA Support: Disabled
 Compressed Oops: Enabled (32-bit)
 Heap Region Size: 1M
 Heap Min Capacity: 8M
 Heap Initial Capacity: 124M
 Heap Max Capacity: 1974M
 Pre-touch: Disabled
 Parallel Workers: 10
 Concurrent Workers: 3
 Concurrent Refinement Workers: 10
 Periodic GC: Disabled

Heap:
 garbage-first heap   total 126976K, used 9216K [0x0000000084a00000, 0x0000000100000000)
  region size 1024K, 10 young (10240K), 0 survivors (0K)
 Metaspace       used 10706K, committed 10880K, reserved 1114112K
  class space    used 992K, committed 1088K, reserved 1048576K

Heap Regions: E=young(eden), S=young(survivor), O=old, HS=humongous(starts), HC=humongous(continues), CS=collection set, F=free, OA=open archive, CA=closed archive, TAMS=top-at-mark-start (previous, next)
|   0|0x0000000084a00000, 0x0000000084a00000, 0x0000000084b00000|  0%| F|  |TAMS 0x0000000084a00000, 0x0000000084a00000| Untracked 
|   1|0x0000000084b00000, 0x0000000084b00000, 0x0000000084c00000|  0%| F|  |TAMS 0x0000000084b00000, 0x0000000084b00000| Untracked 
|   2|0x0000000084c00000, 0x0000000084c00000, 0x0000000084d00000|  0%| F|  |TAMS 0x0000000084c00000, 0x0000000084c00000| Untracked 
|   3|0x0000000084d00000, 0x0000000084d00000, 0x0000000084e00000|  0%| F|  |TAMS 0x0000000084d00000, 0x0000000084d00000| Untracked 
|   4|0x0000000084e00000, 0x0000000084e00000, 0x0000000084f00000|  0%| F|  |TAMS 0x0000000084e00000, 0x0000000084e00000| Untracked 
|   5|0x0000000084f00000, 0x0000000084f00000, 0x0000000085000000|  0%| F|  |TAMS 0x0000000084f00000, 0x0000000084f00000| Untracked 
|   6|0x0000000085000000, 0x0000000085000000, 0x0000000085100000|  0%| F|  |TAMS 0x0000000085000000, 0x0000000085000000| Untracked 
|   7|0x0000000085100000, 0x0000000085100000, 0x0000000085200000|  0%| F|  |TAMS 0x0000000085100000, 0x0000000085100000| Untracked 
|   8|0x0000000085200000, 0x0000000085200000, 0x0000000085300000|  0%| F|  |TAMS 0x0000000085200000, 0x0000000085200000| Untracked 
|   9|0x0000000085300000, 0x0000000085300000, 0x0000000085400000|  0%| F|  |TAMS 0x0000000085300000, 0x0000000085300000| Untracked 
|  10|0x0000000085400000, 0x0000000085400000, 0x0000000085500000|  0%| F|  |TAMS 0x0000000085400000, 0x0000000085400000| Untracked 
|  11|0x0000000085500000, 0x0000000085500000, 0x0000000085600000|  0%| F|  |TAMS 0x0000000085500000, 0x0000000085500000| Untracked 
|  12|0x0000000085600000, 0x0000000085600000, 0x0000000085700000|  0%| F|  |TAMS 0x0000000085600000, 0x0000000085600000| Untracked 
|  13|0x0000000085700000, 0x0000000085700000, 0x0000000085800000|  0%| F|  |TAMS 0x0000000085700000, 0x0000000085700000| Untracked 
|  14|0x0000000085800000, 0x0000000085800000, 0x0000000085900000|  0%| F|  |TAMS 0x0000000085800000, 0x0000000085800000| Untracked 
|  15|0x0000000085900000, 0x0000000085900000, 0x0000000085a00000|  0%| F|  |TAMS 0x0000000085900000, 0x0000000085900000| Untracked 
|  16|0x0000000085a00000, 0x0000000085a00000, 0x0000000085b00000|  0%| F|  |TAMS 0x0000000085a00000, 0x0000000085a00000| Untracked 
|  17|0x0000000085b00000, 0x0000000085b00000, 0x0000000085c00000|  0%| F|  |TAMS 0x0000000085b00000, 0x0000000085b00000| Untracked 
|  18|0x0000000085c00000, 0x0000000085c00000, 0x0000000085d00000|  0%| F|  |TAMS 0x0000000085c00000, 0x0000000085c00000| Untracked 
|  19|0x0000000085d00000, 0x0000000085d00000, 0x0000000085e00000|  0%| F|  |TAMS 0x0000000085d00000, 0x0000000085d00000| Untracked 
|  20|0x0000000085e00000, 0x0000000085e00000, 0x0000000085f00000|  0%| F|  |TAMS 0x0000000085e00000, 0x0000000085e00000| Untracked 
|  21|0x0000000085f00000, 0x0000000085f00000, 0x0000000086000000|  0%| F|  |TAMS 0x0000000085f00000, 0x0000000085f00000| Untracked 
|  22|0x0000000086000000, 0x0000000086000000, 0x0000000086100000|  0%| F|  |TAMS 0x0000000086000000, 0x0000000086000000| Untracked 
|  23|0x0000000086100000, 0x0000000086100000, 0x0000000086200000|  0%| F|  |TAMS 0x0000000086100000, 0x0000000086100000| Untracked 
|  24|0x0000000086200000, 0x0000000086200000, 0x0000000086300000|  0%| F|  |TAMS 0x0000000086200000, 0x0000000086200000| Untracked 
|  25|0x0000000086300000, 0x0000000086300000, 0x0000000086400000|  0%| F|  |TAMS 0x0000000086300000, 0x0000000086300000| Untracked 
|  26|0x0000000086400000, 0x0000000086400000, 0x0000000086500000|  0%| F|  |TAMS 0x0000000086400000, 0x0000000086400000| Untracked 
|  27|0x0000000086500000, 0x0000000086500000, 0x0000000086600000|  0%| F|  |TAMS 0x0000000086500000, 0x0000000086500000| Untracked 
|  28|0x0000000086600000, 0x0000000086600000, 0x0000000086700000|  0%| F|  |TAMS 0x0000000086600000, 0x0000000086600000| Untracked 
|  29|0x0000000086700000, 0x0000000086700000, 0x0000000086800000|  0%| F|  |TAMS 0x0000000086700000, 0x0000000086700000| Untracked 
|  30|0x0000000086800000, 0x0000000086800000, 0x0000000086900000|  0%| F|  |TAMS 0x0000000086800000, 0x0000000086800000| Untracked 
|  31|0x0000000086900000, 0x0000000086900000, 0x0000000086a00000|  0%| F|  |TAMS 0x0000000086900000, 0x0000000086900000| Untracked 
|  32|0x0000000086a00000, 0x0000000086a00000, 0x0000000086b00000|  0%| F|  |TAMS 0x0000000086a00000, 0x0000000086a00000| Untracked 
|  33|0x0000000086b00000, 0x0000000086b00000, 0x0000000086c00000|  0%| F|  |TAMS 0x0000000086b00000, 0x0000000086b00000| Untracked 
|  34|0x0000000086c00000, 0x0000000086c00000, 0x0000000086d00000|  0%| F|  |TAMS 0x0000000086c00000, 0x0000000086c00000| Untracked 
|  35|0x0000000086d00000, 0x0000000086d00000, 0x0000000086e00000|  0%| F|  |TAMS 0x0000000086d00000, 0x0000000086d00000| Untracked 
|  36|0x0000000086e00000, 0x0000000086e00000, 0x0000000086f00000|  0%| F|  |TAMS 0x0000000086e00000, 0x0000000086e00000| Untracked 
|  37|0x0000000086f00000, 0x0000000086f00000, 0x0000000087000000|  0%| F|  |TAMS 0x0000000086f00000, 0x0000000086f00000| Untracked 
|  38|0x0000000087000000, 0x0000000087000000, 0x0000000087100000|  0%| F|  |TAMS 0x0000000087000000, 0x0000000087000000| Untracked 
|  39|0x0000000087100000, 0x0000000087100000, 0x0000000087200000|  0%| F|  |TAMS 0x0000000087100000, 0x0000000087100000| Untracked 
|  40|0x0000000087200000, 0x0000000087200000, 0x0000000087300000|  0%| F|  |TAMS 0x0000000087200000, 0x0000000087200000| Untracked 
|  41|0x0000000087300000, 0x0000000087300000, 0x0000000087400000|  0%| F|  |TAMS 0x0000000087300000, 0x0000000087300000| Untracked 
|  42|0x0000000087400000, 0x0000000087400000, 0x0000000087500000|  0%| F|  |TAMS 0x0000000087400000, 0x0000000087400000| Untracked 
|  43|0x0000000087500000, 0x0000000087500000, 0x0000000087600000|  0%| F|  |TAMS 0x0000000087500000, 0x0000000087500000| Untracked 
|  44|0x0000000087600000, 0x0000000087600000, 0x0000000087700000|  0%| F|  |TAMS 0x0000000087600000, 0x0000000087600000| Untracked 
|  45|0x0000000087700000, 0x0000000087700000, 0x0000000087800000|  0%| F|  |TAMS 0x0000000087700000, 0x0000000087700000| Untracked 
|  46|0x0000000087800000, 0x0000000087800000, 0x0000000087900000|  0%| F|  |TAMS 0x0000000087800000, 0x0000000087800000| Untracked 
|  47|0x0000000087900000, 0x0000000087900000, 0x0000000087a00000|  0%| F|  |TAMS 0x0000000087900000, 0x0000000087900000| Untracked 
|  48|0x0000000087a00000, 0x0000000087a00000, 0x0000000087b00000|  0%| F|  |TAMS 0x0000000087a00000, 0x0000000087a00000| Untracked 
|  49|0x0000000087b00000, 0x0000000087b00000, 0x0000000087c00000|  0%| F|  |TAMS 0x0000000087b00000, 0x0000000087b00000| Untracked 
|  50|0x0000000087c00000, 0x0000000087c00000, 0x0000000087d00000|  0%| F|  |TAMS 0x0000000087c00000, 0x0000000087c00000| Untracked 
|  51|0x0000000087d00000, 0x0000000087d00000, 0x0000000087e00000|  0%| F|  |TAMS 0x0000000087d00000, 0x0000000087d00000| Untracked 
|  52|0x0000000087e00000, 0x0000000087e00000, 0x0000000087f00000|  0%| F|  |TAMS 0x0000000087e00000, 0x0000000087e00000| Untracked 
|  53|0x0000000087f00000, 0x0000000087f00000, 0x0000000088000000|  0%| F|  |TAMS 0x0000000087f00000, 0x0000000087f00000| Untracked 
|  54|0x0000000088000000, 0x0000000088000000, 0x0000000088100000|  0%| F|  |TAMS 0x0000000088000000, 0x0000000088000000| Untracked 
|  55|0x0000000088100000, 0x0000000088100000, 0x0000000088200000|  0%| F|  |TAMS 0x0000000088100000, 0x0000000088100000| Untracked 
|  56|0x0000000088200000, 0x0000000088200000, 0x0000000088300000|  0%| F|  |TAMS 0x0000000088200000, 0x0000000088200000| Untracked 
|  57|0x0000000088300000, 0x0000000088300000, 0x0000000088400000|  0%| F|  |TAMS 0x0000000088300000, 0x0000000088300000| Untracked 
|  58|0x0000000088400000, 0x0000000088400000, 0x0000000088500000|  0%| F|  |TAMS 0x0000000088400000, 0x0000000088400000| Untracked 
|  59|0x0000000088500000, 0x0000000088500000, 0x0000000088600000|  0%| F|  |TAMS 0x0000000088500000, 0x0000000088500000| Untracked 
|  60|0x0000000088600000, 0x0000000088600000, 0x0000000088700000|  0%| F|  |TAMS 0x0000000088600000, 0x0000000088600000| Untracked 
|  61|0x0000000088700000, 0x0000000088700000, 0x0000000088800000|  0%| F|  |TAMS 0x0000000088700000, 0x0000000088700000| Untracked 
|  62|0x0000000088800000, 0x0000000088800000, 0x0000000088900000|  0%| F|  |TAMS 0x0000000088800000, 0x0000000088800000| Untracked 
|  63|0x0000000088900000, 0x0000000088900000, 0x0000000088a00000|  0%| F|  |TAMS 0x0000000088900000, 0x0000000088900000| Untracked 
|  64|0x0000000088a00000, 0x0000000088a00000, 0x0000000088b00000|  0%| F|  |TAMS 0x0000000088a00000, 0x0000000088a00000| Untracked 
|  65|0x0000000088b00000, 0x0000000088b00000, 0x0000000088c00000|  0%| F|  |TAMS 0x0000000088b00000, 0x0000000088b00000| Untracked 
|  66|0x0000000088c00000, 0x0000000088c00000, 0x0000000088d00000|  0%| F|  |TAMS 0x0000000088c00000, 0x0000000088c00000| Untracked 
|  67|0x0000000088d00000, 0x0000000088d00000, 0x0000000088e00000|  0%| F|  |TAMS 0x0000000088d00000, 0x0000000088d00000| Untracked 
|  68|0x0000000088e00000, 0x0000000088e00000, 0x0000000088f00000|  0%| F|  |TAMS 0x0000000088e00000, 0x0000000088e00000| Untracked 
|  69|0x0000000088f00000, 0x0000000088f00000, 0x0000000089000000|  0%| F|  |TAMS 0x0000000088f00000, 0x0000000088f00000| Untracked 
|  70|0x0000000089000000, 0x0000000089000000, 0x0000000089100000|  0%| F|  |TAMS 0x0000000089000000, 0x0000000089000000| Untracked 
|  71|0x0000000089100000, 0x0000000089100000, 0x0000000089200000|  0%| F|  |TAMS 0x0000000089100000, 0x0000000089100000| Untracked 
|  72|0x0000000089200000, 0x0000000089200000, 0x0000000089300000|  0%| F|  |TAMS 0x0000000089200000, 0x0000000089200000| Untracked 
|  73|0x0000000089300000, 0x0000000089300000, 0x0000000089400000|  0%| F|  |TAMS 0x0000000089300000, 0x0000000089300000| Untracked 
|  74|0x0000000089400000, 0x0000000089400000, 0x0000000089500000|  0%| F|  |TAMS 0x0000000089400000, 0x0000000089400000| Untracked 
|  75|0x0000000089500000, 0x0000000089500000, 0x0000000089600000|  0%| F|  |TAMS 0x0000000089500000, 0x0000000089500000| Untracked 
|  76|0x0000000089600000, 0x0000000089600000, 0x0000000089700000|  0%| F|  |TAMS 0x0000000089600000, 0x0000000089600000| Untracked 
|  77|0x0000000089700000, 0x0000000089700000, 0x0000000089800000|  0%| F|  |TAMS 0x0000000089700000, 0x0000000089700000| Untracked 
|  78|0x0000000089800000, 0x0000000089800000, 0x0000000089900000|  0%| F|  |TAMS 0x0000000089800000, 0x0000000089800000| Untracked 
|  79|0x0000000089900000, 0x0000000089900000, 0x0000000089a00000|  0%| F|  |TAMS 0x0000000089900000, 0x0000000089900000| Untracked 
|  80|0x0000000089a00000, 0x0000000089a00000, 0x0000000089b00000|  0%| F|  |TAMS 0x0000000089a00000, 0x0000000089a00000| Untracked 
|  81|0x0000000089b00000, 0x0000000089b00000, 0x0000000089c00000|  0%| F|  |TAMS 0x0000000089b00000, 0x0000000089b00000| Untracked 
|  82|0x0000000089c00000, 0x0000000089c00000, 0x0000000089d00000|  0%| F|  |TAMS 0x0000000089c00000, 0x0000000089c00000| Untracked 
|  83|0x0000000089d00000, 0x0000000089d00000, 0x0000000089e00000|  0%| F|  |TAMS 0x0000000089d00000, 0x0000000089d00000| Untracked 
|  84|0x0000000089e00000, 0x0000000089e00000, 0x0000000089f00000|  0%| F|  |TAMS 0x0000000089e00000, 0x0000000089e00000| Untracked 
|  85|0x0000000089f00000, 0x0000000089f00000, 0x000000008a000000|  0%| F|  |TAMS 0x0000000089f00000, 0x0000000089f00000| Untracked 
|  86|0x000000008a000000, 0x000000008a000000, 0x000000008a100000|  0%| F|  |TAMS 0x000000008a000000, 0x000000008a000000| Untracked 
|  87|0x000000008a100000, 0x000000008a100000, 0x000000008a200000|  0%| F|  |TAMS 0x000000008a100000, 0x000000008a100000| Untracked 
|  88|0x000000008a200000, 0x000000008a200000, 0x000000008a300000|  0%| F|  |TAMS 0x000000008a200000, 0x000000008a200000| Untracked 
|  89|0x000000008a300000, 0x000000008a300000, 0x000000008a400000|  0%| F|  |TAMS 0x000000008a300000, 0x000000008a300000| Untracked 
|  90|0x000000008a400000, 0x000000008a400000, 0x000000008a500000|  0%| F|  |TAMS 0x000000008a400000, 0x000000008a400000| Untracked 
|  91|0x000000008a500000, 0x000000008a500000, 0x000000008a600000|  0%| F|  |TAMS 0x000000008a500000, 0x000000008a500000| Untracked 
|  92|0x000000008a600000, 0x000000008a600000, 0x000000008a700000|  0%| F|  |TAMS 0x000000008a600000, 0x000000008a600000| Untracked 
|  93|0x000000008a700000, 0x000000008a700000, 0x000000008a800000|  0%| F|  |TAMS 0x000000008a700000, 0x000000008a700000| Untracked 
|  94|0x000000008a800000, 0x000000008a800000, 0x000000008a900000|  0%| F|  |TAMS 0x000000008a800000, 0x000000008a800000| Untracked 
|  95|0x000000008a900000, 0x000000008a900000, 0x000000008aa00000|  0%| F|  |TAMS 0x000000008a900000, 0x000000008a900000| Untracked 
|  96|0x000000008aa00000, 0x000000008aa00000, 0x000000008ab00000|  0%| F|  |TAMS 0x000000008aa00000, 0x000000008aa00000| Untracked 
|  97|0x000000008ab00000, 0x000000008ab00000, 0x000000008ac00000|  0%| F|  |TAMS 0x000000008ab00000, 0x000000008ab00000| Untracked 
|  98|0x000000008ac00000, 0x000000008ac00000, 0x000000008ad00000|  0%| F|  |TAMS 0x000000008ac00000, 0x000000008ac00000| Untracked 
|  99|0x000000008ad00000, 0x000000008ad00000, 0x000000008ae00000|  0%| F|  |TAMS 0x000000008ad00000, 0x000000008ad00000| Untracked 
| 100|0x000000008ae00000, 0x000000008ae00000, 0x000000008af00000|  0%| F|  |TAMS 0x000000008ae00000, 0x000000008ae00000| Untracked 
| 101|0x000000008af00000, 0x000000008af00000, 0x000000008b000000|  0%| F|  |TAMS 0x000000008af00000, 0x000000008af00000| Untracked 
| 102|0x000000008b000000, 0x000000008b000000, 0x000000008b100000|  0%| F|  |TAMS 0x000000008b000000, 0x000000008b000000| Untracked 
| 103|0x000000008b100000, 0x000000008b100000, 0x000000008b200000|  0%| F|  |TAMS 0x000000008b100000, 0x000000008b100000| Untracked 
| 104|0x000000008b200000, 0x000000008b200000, 0x000000008b300000|  0%| F|  |TAMS 0x000000008b200000, 0x000000008b200000| Untracked 
| 105|0x000000008b300000, 0x000000008b300000, 0x000000008b400000|  0%| F|  |TAMS 0x000000008b300000, 0x000000008b300000| Untracked 
| 106|0x000000008b400000, 0x000000008b400000, 0x000000008b500000|  0%| F|  |TAMS 0x000000008b400000, 0x000000008b400000| Untracked 
| 107|0x000000008b500000, 0x000000008b500000, 0x000000008b600000|  0%| F|  |TAMS 0x000000008b500000, 0x000000008b500000| Untracked 
| 108|0x000000008b600000, 0x000000008b600000, 0x000000008b700000|  0%| F|  |TAMS 0x000000008b600000, 0x000000008b600000| Untracked 
| 109|0x000000008b700000, 0x000000008b700000, 0x000000008b800000|  0%| F|  |TAMS 0x000000008b700000, 0x000000008b700000| Untracked 
| 110|0x000000008b800000, 0x000000008b800000, 0x000000008b900000|  0%| F|  |TAMS 0x000000008b800000, 0x000000008b800000| Untracked 
| 111|0x000000008b900000, 0x000000008b900000, 0x000000008ba00000|  0%| F|  |TAMS 0x000000008b900000, 0x000000008b900000| Untracked 
| 112|0x000000008ba00000, 0x000000008ba00000, 0x000000008bb00000|  0%| F|  |TAMS 0x000000008ba00000, 0x000000008ba00000| Untracked 
| 113|0x000000008bb00000, 0x000000008bb00800, 0x000000008bc00000|  0%| E|  |TAMS 0x000000008bb00000, 0x000000008bb00000| Complete 
| 114|0x000000008bc00000, 0x000000008bd00000, 0x000000008bd00000|100%| E|CS|TAMS 0x000000008bc00000, 0x000000008bc00000| Complete 
| 115|0x000000008bd00000, 0x000000008be00000, 0x000000008be00000|100%| E|CS|TAMS 0x000000008bd00000, 0x000000008bd00000| Complete 
| 116|0x000000008be00000, 0x000000008bf00000, 0x000000008bf00000|100%| E|CS|TAMS 0x000000008be00000, 0x000000008be00000| Complete 
| 117|0x000000008bf00000, 0x000000008c000000, 0x000000008c000000|100%| E|CS|TAMS 0x000000008bf00000, 0x000000008bf00000| Complete 
| 118|0x000000008c000000, 0x000000008c100000, 0x000000008c100000|100%| E|CS|TAMS 0x000000008c000000, 0x000000008c000000| Complete 
| 119|0x000000008c100000, 0x000000008c200000, 0x000000008c200000|100%| E|CS|TAMS 0x000000008c100000, 0x000000008c100000| Complete 
| 120|0x000000008c200000, 0x000000008c300000, 0x000000008c300000|100%| E|CS|TAMS 0x000000008c200000, 0x000000008c200000| Complete 
| 121|0x000000008c300000, 0x000000008c400000, 0x000000008c400000|100%| E|CS|TAMS 0x000000008c300000, 0x000000008c300000| Complete 
| 122|0x000000008c400000, 0x000000008c500000, 0x000000008c500000|100%| E|CS|TAMS 0x000000008c400000, 0x000000008c400000| Complete 
| 123|0x000000008c500000, 0x000000008c600000, 0x000000008c600000|100%| E|CS|TAMS 0x000000008c500000, 0x000000008c500000| Complete 

Card table byte_map: [0x0000027f71760000,0x0000027f71b40000] _byte_map_base: 0x0000027f7133b000

Marking Bits (Prev, Next): (CMBitMap*) 0x0000027f5e6bbc90, (CMBitMap*) 0x0000027f5e6bbcd0
 Prev Bits: [0x0000027f71f20000, 0x0000027f73df8000)
 Next Bits: [0x0000027f73e00000, 0x0000027f75cd8000)

Polling page: 0x0000027f5c660000

Metaspace:

Usage:
  Non-class:      9.54 MB used.
      Class:    997.16 KB used.
       Both:     10.51 MB used.

Virtual space:
  Non-class space:       64.00 MB reserved,       9.62 MB ( 15%) committed,  1 nodes.
      Class space:        1.00 GB reserved,       1.06 MB ( <1%) committed,  1 nodes.
             Both:        1.06 GB reserved,      10.69 MB ( <1%) committed. 

Chunk freelists:
   Non-Class:  6.23 MB
       Class:  14.98 MB
        Both:  21.21 MB

MaxMetaspaceSize: unlimited
CompressedClassSpaceSize: 1.00 GB
Initial GC threshold: 21.00 MB
Current GC threshold: 21.00 MB
CDS: off
MetaspaceReclaimPolicy: balanced
 - commit_granule_bytes: 65536.
 - commit_granule_words: 8192.
 - virtual_space_node_default_size: 8388608.
 - enlarge_chunks_in_place: 1.
 - new_chunks_are_fully_committed: 0.
 - uncommit_free_chunks: 1.
 - use_allocation_guard: 0.
 - handle_deallocations: 1.


Internal statistics:

num_allocs_failed_limit: 0.
num_arena_births: 24.
num_arena_deaths: 0.
num_vsnodes_births: 2.
num_vsnodes_deaths: 0.
num_space_committed: 171.
num_space_uncommitted: 0.
num_chunks_returned_to_freelist: 0.
num_chunks_taken_from_freelist: 111.
num_chunk_merges: 0.
num_chunk_splits: 62.
num_chunks_enlarged: 41.
num_inconsistent_stats: 0.

CodeHeap 'non-profiled nmethods': size=120000Kb used=174Kb max_used=174Kb free=119825Kb
 bounds [0x0000027f69900000, 0x0000027f69b70000, 0x0000027f70e30000]
CodeHeap 'profiled nmethods': size=120000Kb used=978Kb max_used=978Kb free=119021Kb
 bounds [0x0000027f61e30000, 0x0000027f620a0000, 0x0000027f69360000]
CodeHeap 'non-nmethods': size=5760Kb used=1150Kb max_used=1160Kb free=4609Kb
 bounds [0x0000027f69360000, 0x0000027f695d0000, 0x0000027f69900000]
 total_blobs=1038 nmethods=612 adapters=339
 compilation: enabled
              stopped_count=0, restarted_count=0
 full_count=0

Compilation events (20 events):
Event: 0.639 Thread 0x0000027f78b20c20  600       3       java.lang.invoke.LambdaForm::argument (27 bytes)
Event: 0.639 Thread 0x0000027f78b20c20 nmethod 600 0x0000027f61f19690 code [0x0000027f61f19840, 0x0000027f61f19aa8]
Event: 0.639 Thread 0x0000027f78b20c20  601       3       java.lang.reflect.Modifier::isStatic (13 bytes)
Event: 0.639 Thread 0x0000027f78b20c20 nmethod 601 0x0000027f61f19c10 code [0x0000027f61f19da0, 0x0000027f61f19ef8]
Event: 0.639 Thread 0x0000027f78b20c20  602       3       jdk.internal.org.objectweb.asm.ByteVector::putInt (74 bytes)
Event: 0.639 Thread 0x0000027f78b20c20 nmethod 602 0x0000027f61f19f90 code [0x0000027f61f1a140, 0x0000027f61f1a3a8]
Event: 0.642 Thread 0x0000027f78b20c20  603       3       java.lang.Exception::<init> (7 bytes)
Event: 0.643 Thread 0x0000027f78b20c20 nmethod 603 0x0000027f61f1a510 code [0x0000027f61f1a6a0, 0x0000027f61f1a7e8]
Event: 0.643 Thread 0x0000027f78b20c20  604       3       java.lang.Throwable::<init> (39 bytes)
Event: 0.643 Thread 0x0000027f78b20c20 nmethod 604 0x0000027f61f1a890 code [0x0000027f61f1aa60, 0x0000027f61f1ae88]
Event: 0.643 Thread 0x0000027f78b20c20  605  s    3       java.io.ByteArrayOutputStream::write (43 bytes)
Event: 0.643 Thread 0x0000027f78b20c20 nmethod 605 0x0000027f61f1af90 code [0x0000027f61f1b160, 0x0000027f61f1b608]
Event: 0.643 Thread 0x0000027f78b20c20  606       3       java.io.ByteArrayOutputStream::ensureCapacity (32 bytes)
Event: 0.643 Thread 0x0000027f78b20c20 nmethod 606 0x0000027f61f1b810 code [0x0000027f61f1b9e0, 0x0000027f61f1bd98]
Event: 0.644 Thread 0x0000027f78b20c20  607   !   3       sun.net.www.ParseUtil::decode (317 bytes)
Event: 0.645 Thread 0x0000027f78b20c20 nmethod 607 0x0000027f61f1bf10 code [0x0000027f61f1c4c0, 0x0000027f61f1f298]
Event: 0.645 Thread 0x0000027f78b20c20  608       3       java.lang.ReflectiveOperationException::<init> (7 bytes)
Event: 0.645 Thread 0x0000027f78b20c20 nmethod 608 0x0000027f61f20510 code [0x0000027f61f206c0, 0x0000027f61f20848]
Event: 0.645 Thread 0x0000027f78b20c20  609       3       java.util.ArrayDeque::poll (5 bytes)
Event: 0.645 Thread 0x0000027f78b20c20 nmethod 609 0x0000027f61f20910 code [0x0000027f61f20ac0, 0x0000027f61f20c08]

GC Heap History (0 events):
No events

Dll operation events (4 events):
Event: 0.007 Loaded shared library C:\Users\WIKI\.jdks\jbr-17.0.9\bin\java.dll
Event: 0.102 Loaded shared library C:\Users\WIKI\.jdks\jbr-17.0.9\bin\jsvml.dll
Event: 0.228 Loaded shared library C:\Users\WIKI\.jdks\jbr-17.0.9\bin\zip.dll
Event: 0.579 Loaded shared library C:\Users\WIKI\.jdks\jbr-17.0.9\bin\verify.dll

Deoptimization events (20 events):
Event: 0.287 Thread 0x0000027f5e65eed0 DEOPT PACKING pc=0x0000027f6990c274 sp=0x0000008c35afec90
Event: 0.287 Thread 0x0000027f5e65eed0 DEOPT UNPACKING pc=0x0000027f693ba1a3 sp=0x0000008c35afebd0 mode 2
Event: 0.610 Thread 0x0000027f5e65eed0 Uncommon trap: trap_request=0xffffffde fr.pc=0x0000027f6991ae28 relative=0x0000000000000448
Event: 0.610 Thread 0x0000027f5e65eed0 Uncommon trap: reason=class_check action=maybe_recompile pc=0x0000027f6991ae28 method=java.util.HashMap.putVal(ILjava/lang/Object;Ljava/lang/Object;ZZ)Ljava/lang/Object; @ 253 c2
Event: 0.610 Thread 0x0000027f5e65eed0 DEOPT PACKING pc=0x0000027f6991ae28 sp=0x0000008c35afe050
Event: 0.610 Thread 0x0000027f5e65eed0 DEOPT UNPACKING pc=0x0000027f693ba1a3 sp=0x0000008c35afdff0 mode 2
Event: 0.617 Thread 0x0000027f5e65eed0 Uncommon trap: trap_request=0xffffffde fr.pc=0x0000027f6991ae28 relative=0x0000000000000448
Event: 0.617 Thread 0x0000027f5e65eed0 Uncommon trap: reason=class_check action=maybe_recompile pc=0x0000027f6991ae28 method=java.util.HashMap.putVal(ILjava/lang/Object;Ljava/lang/Object;ZZ)Ljava/lang/Object; @ 253 c2
Event: 0.617 Thread 0x0000027f5e65eed0 DEOPT PACKING pc=0x0000027f6991ae28 sp=0x0000008c35afe180
Event: 0.617 Thread 0x0000027f5e65eed0 DEOPT UNPACKING pc=0x0000027f693ba1a3 sp=0x0000008c35afe120 mode 2
Event: 0.618 Thread 0x0000027f5e65eed0 DEOPT PACKING pc=0x0000027f61ea6765 sp=0x0000008c35afb400
Event: 0.618 Thread 0x0000027f5e65eed0 DEOPT UNPACKING pc=0x0000027f693bace3 sp=0x0000008c35afa850 mode 0
Event: 0.619 Thread 0x0000027f5e65eed0 Uncommon trap: trap_request=0xffffffde fr.pc=0x0000027f6991ae28 relative=0x0000000000000448
Event: 0.619 Thread 0x0000027f5e65eed0 Uncommon trap: reason=class_check action=maybe_recompile pc=0x0000027f6991ae28 method=java.util.HashMap.putVal(ILjava/lang/Object;Ljava/lang/Object;ZZ)Ljava/lang/Object; @ 253 c2
Event: 0.619 Thread 0x0000027f5e65eed0 DEOPT PACKING pc=0x0000027f6991ae28 sp=0x0000008c35afdfa0
Event: 0.619 Thread 0x0000027f5e65eed0 DEOPT UNPACKING pc=0x0000027f693ba1a3 sp=0x0000008c35afdf40 mode 2
Event: 0.624 Thread 0x0000027f5e65eed0 Uncommon trap: trap_request=0xffffffde fr.pc=0x0000027f6991ae28 relative=0x0000000000000448
Event: 0.624 Thread 0x0000027f5e65eed0 Uncommon trap: reason=class_check action=maybe_recompile pc=0x0000027f6991ae28 method=java.util.HashMap.putVal(ILjava/lang/Object;Ljava/lang/Object;ZZ)Ljava/lang/Object; @ 253 c2
Event: 0.624 Thread 0x0000027f5e65eed0 DEOPT PACKING pc=0x0000027f6991ae28 sp=0x0000008c35afe140
Event: 0.624 Thread 0x0000027f5e65eed0 DEOPT UNPACKING pc=0x0000027f693ba1a3 sp=0x0000008c35afe0e0 mode 2

Classes unloaded (0 events):
No events

Classes redefined (0 events):
No events

Internal exceptions (12 events):
Event: 0.293 Thread 0x0000027f78da9450 Exception <a 'java/lang/NoSuchMethodError'{0x000000008c4f0790}: 'java.lang.Object java.lang.invoke.DirectMethodHandle$Holder.invokeStaticInit(java.lang.Object)'> (0x000000008c4f0790) 
thrown [s\src\hotspot\share\interpreter\linkResolver.cpp, line 771]
Event: 0.302 Thread 0x0000027f78da9450 Exception <a 'java/lang/NoSuchMethodError'{0x000000008c4fd838}: 'void java.lang.invoke.DirectMethodHandle$Holder.invokeStatic(java.lang.Object, java.lang.Object)'> (0x000000008c4fd838) 
thrown [s\src\hotspot\share\interpreter\linkResolver.cpp, line 771]
Event: 0.311 Thread 0x0000027f5e65eed0 Exception <a 'java/lang/NoSuchMethodError'{0x000000008c361668}: 'int java.lang.invoke.DirectMethodHandle$Holder.invokeSpecial(java.lang.Object, java.lang.Object, java.lang.Object)'> (0x000000008c361668) 
thrown [s\src\hotspot\share\interpreter\linkResolver.cpp, line 771]
Event: 0.412 Thread 0x0000027f5e65eed0 Exception <a 'java/lang/NullPointerException'{0x000000008c02fa18}> (0x000000008c02fa18) 
thrown [s\src\hotspot\share\interpreter\linkResolver.cpp, line 1362]
Event: 0.578 Thread 0x0000027f5e65eed0 Exception <a 'sun/nio/fs/WindowsException'{0x000000008c0b85c8}> (0x000000008c0b85c8) 
thrown [s\src\hotspot\share\prims\jni.cpp, line 517]
Event: 0.578 Thread 0x0000027f5e65eed0 Exception <a 'sun/nio/fs/WindowsException'{0x000000008c0b8c70}> (0x000000008c0b8c70) 
thrown [s\src\hotspot\share\prims\jni.cpp, line 517]
Event: 0.578 Thread 0x0000027f5e65eed0 Exception <a 'sun/nio/fs/WindowsException'{0x000000008c0b91d0}> (0x000000008c0b91d0) 
thrown [s\src\hotspot\share\prims\jni.cpp, line 517]
Event: 0.578 Thread 0x0000027f5e65eed0 Exception <a 'sun/nio/fs/WindowsException'{0x000000008c0b96e0}> (0x000000008c0b96e0) 
thrown [s\src\hotspot\share\prims\jni.cpp, line 517]
Event: 0.578 Thread 0x0000027f5e65eed0 Exception <a 'sun/nio/fs/WindowsException'{0x000000008c0b9ba8}> (0x000000008c0b9ba8) 
thrown [s\src\hotspot\share\prims\jni.cpp, line 517]
Event: 0.590 Thread 0x0000027f5e65eed0 Exception <a 'java/lang/NoSuchMethodError'{0x000000008bf38f78}: 'void java.lang.invoke.DirectMethodHandle$Holder.invokeStatic(java.lang.Object, java.lang.Object, java.lang.Object)'> (0x000000008bf38f78) 
thrown [s\src\hotspot\share\interpreter\linkResolver.cpp, line 771]
Event: 0.597 Thread 0x0000027f5e65eed0 Exception <a 'java/lang/NoSuchMethodError'{0x000000008bf96978}: 'int java.lang.invoke.DirectMethodHandle$Holder.invokeStatic(java.lang.Object, java.lang.Object, int)'> (0x000000008bf96978) 
thrown [s\src\hotspot\share\interpreter\linkResolver.cpp, line 771]
Event: 0.639 Thread 0x0000027f5e65eed0 Exception <a 'java/lang/NoSuchMethodError'{0x000000008bd10a00}: 'java.lang.Object java.lang.invoke.DirectMethodHandle$Holder.invokeSpecialIFC(java.lang.Object, java.lang.Object, java.lang.Object, java.lang.Object)'> (0x000000008bd10a00) 
thrown [s\src\hotspot\share\interpreter\linkResolver.cpp, line 771]

VM Operations (8 events):
Event: 0.219 Executing VM operation: HandshakeAllThreads
Event: 0.219 Executing VM operation: HandshakeAllThreads done
Event: 0.290 Executing VM operation: HandshakeAllThreads
Event: 0.291 Executing VM operation: HandshakeAllThreads done
Event: 0.411 Executing VM operation: HandshakeAllThreads
Event: 0.411 Executing VM operation: HandshakeAllThreads done
Event: 0.418 Executing VM operation: HandshakeAllThreads
Event: 0.418 Executing VM operation: HandshakeAllThreads done

Events (20 events):
Event: 0.626 loading class java/util/regex/Pattern$BnM
Event: 0.626 loading class java/util/regex/Pattern$BnM done
Event: 0.626 loading class java/util/regex/Pattern$SliceS
Event: 0.626 loading class java/util/regex/Pattern$SliceS done
Event: 0.627 loading class java/text/MessageFormat
Event: 0.627 loading class java/text/MessageFormat done
Event: 0.627 loading class java/util/regex/ASCII
Event: 0.627 loading class java/util/regex/ASCII done
Event: 0.629 loading class java/io/EOFException
Event: 0.629 loading class java/io/EOFException done
Event: 0.631 loading class java/io/StringWriter
Event: 0.631 loading class java/io/StringWriter done
Event: 0.633 loading class java/util/ArrayList$ListItr
Event: 0.634 loading class java/util/ArrayList$ListItr done
Event: 0.637 loading class java/util/HashMap$KeySpliterator
Event: 0.637 loading class java/util/HashMap$HashMapSpliterator
Event: 0.637 loading class java/util/HashMap$HashMapSpliterator done
Event: 0.637 loading class java/util/HashMap$KeySpliterator done
Event: 0.638 loading class sun/invoke/util/VerifyAccess$1
Event: 0.638 loading class sun/invoke/util/VerifyAccess$1 done


Dynamic libraries:
0x00007ff6fa5e0000 - 0x00007ff6fa5ea000 	C:\Users\WIKI\.jdks\jbr-17.0.9\bin\java.exe
0x00007ffb14890000 - 0x00007ffb14a88000 	C:\Windows\SYSTEM32\ntdll.dll
0x00007ffb134d0000 - 0x00007ffb1358d000 	C:\Windows\System32\KERNEL32.DLL
0x00007ffb12260000 - 0x00007ffb12556000 	C:\Windows\System32\KERNELBASE.dll
0x00007ffb12560000 - 0x00007ffb12660000 	C:\Windows\System32\ucrtbase.dll
0x00007ffb08330000 - 0x00007ffb0834b000 	C:\Users\WIKI\.jdks\jbr-17.0.9\bin\VCRUNTIME140.dll
0x00007ffb08350000 - 0x00007ffb08367000 	C:\Users\WIKI\.jdks\jbr-17.0.9\bin\jli.dll
0x00007ffb14220000 - 0x00007ffb143be000 	C:\Windows\System32\USER32.dll
0x00007ffb12690000 - 0x00007ffb126b2000 	C:\Windows\System32\win32u.dll
0x00007ffb12b50000 - 0x00007ffb12b7b000 	C:\Windows\System32\GDI32.dll
0x00007ffae3aa0000 - 0x00007ffae3d3a000 	C:\Windows\WinSxS\amd64_microsoft.windows.common-controls_6595b64144ccf1df_6.0.19041.3636_none_60b6a03d71f818d5\COMCTL32.dll
0x00007ffb12140000 - 0x00007ffb12257000 	C:\Windows\System32\gdi32full.dll
0x00007ffb140a0000 - 0x00007ffb1413e000 	C:\Windows\System32\msvcrt.dll
0x00007ffb12830000 - 0x00007ffb128cd000 	C:\Windows\System32\msvcp_win.dll
0x00007ffb13640000 - 0x00007ffb13672000 	C:\Windows\System32\IMM32.DLL
0x00007ffb08e40000 - 0x00007ffb08e4c000 	C:\Users\WIKI\.jdks\jbr-17.0.9\bin\vcruntime140_1.dll
0x00007ffad3cb0000 - 0x00007ffad3d3d000 	C:\Users\WIKI\.jdks\jbr-17.0.9\bin\msvcp140.dll
0x00007ffa914e0000 - 0x00007ffa92162000 	C:\Users\WIKI\.jdks\jbr-17.0.9\bin\server\jvm.dll
0x00007ffb144b0000 - 0x00007ffb14563000 	C:\Windows\System32\ADVAPI32.dll
0x00007ffb12b80000 - 0x00007ffb12c1f000 	C:\Windows\System32\sechost.dll
0x00007ffb12a00000 - 0x00007ffb12b26000 	C:\Windows\System32\RPCRT4.dll
0x00007ffb12660000 - 0x00007ffb12687000 	C:\Windows\System32\bcrypt.dll
0x00007ffb114f0000 - 0x00007ffb1153b000 	C:\Windows\SYSTEM32\POWRPROF.dll
0x00007ffb08a60000 - 0x00007ffb08a6a000 	C:\Windows\SYSTEM32\VERSION.dll
0x00007ffb02680000 - 0x00007ffb026a7000 	C:\Windows\SYSTEM32\WINMM.dll
0x00007ffafcea0000 - 0x00007ffafcea9000 	C:\Windows\SYSTEM32\WSOCK32.dll
0x00007ffb12c20000 - 0x00007ffb12c8b000 	C:\Windows\System32\WS2_32.dll
0x00007ffb11360000 - 0x00007ffb11372000 	C:\Windows\SYSTEM32\UMPDC.dll
0x00007ffb107c0000 - 0x00007ffb107d2000 	C:\Windows\SYSTEM32\kernel.appcore.dll
0x00007ffb08320000 - 0x00007ffb0832a000 	C:\Users\WIKI\.jdks\jbr-17.0.9\bin\jimage.dll
0x00007ffb0fbc0000 - 0x00007ffb0fda4000 	C:\Windows\SYSTEM32\DBGHELP.DLL
0x00007ffb04c90000 - 0x00007ffb04cc4000 	C:\Windows\SYSTEM32\dbgcore.DLL
0x00007ffb120b0000 - 0x00007ffb12132000 	C:\Windows\System32\bcryptPrimitives.dll
0x00007ffb08310000 - 0x00007ffb0831e000 	C:\Users\WIKI\.jdks\jbr-17.0.9\bin\instrument.dll
0x00007ffaddcd0000 - 0x00007ffaddcf5000 	C:\Users\WIKI\.jdks\jbr-17.0.9\bin\java.dll
0x00007ffaddcb0000 - 0x00007ffaddcc8000 	C:\Users\WIKI\.jdks\jbr-17.0.9\bin\zip.dll
0x00007ffad3730000 - 0x00007ffad3807000 	C:\Users\WIKI\.jdks\jbr-17.0.9\bin\jsvml.dll
0x00007ffb13860000 - 0x00007ffb13fa5000 	C:\Windows\System32\SHELL32.dll
0x00007ffb0ffe0000 - 0x00007ffb1077c000 	C:\Windows\SYSTEM32\windows.storage.dll
0x00007ffb13170000 - 0x00007ffb134c4000 	C:\Windows\System32\combase.dll
0x00007ffb11980000 - 0x00007ffb119ae000 	C:\Windows\SYSTEM32\Wldp.dll
0x00007ffb12930000 - 0x00007ffb129fd000 	C:\Windows\System32\OLEAUT32.dll
0x00007ffb13680000 - 0x00007ffb1372d000 	C:\Windows\System32\SHCORE.dll
0x00007ffb141c0000 - 0x00007ffb14215000 	C:\Windows\System32\shlwapi.dll
0x00007ffb11e80000 - 0x00007ffb11ea5000 	C:\Windows\SYSTEM32\profapi.dll
0x00007ffadcf50000 - 0x00007ffadcf69000 	C:\Users\WIKI\.jdks\jbr-17.0.9\bin\net.dll
0x00007ffb06610000 - 0x00007ffb0671a000 	C:\Windows\SYSTEM32\WINHTTP.dll
0x00007ffb116e0000 - 0x00007ffb1174a000 	C:\Windows\system32\mswsock.dll
0x00007ffadcb60000 - 0x00007ffadcb76000 	C:\Users\WIKI\.jdks\jbr-17.0.9\bin\nio.dll
0x00007ffb08df0000 - 0x00007ffb08e0a000 	C:\Program Files\JetBrains\IntelliJ IDEA 2023.2.1\bin\breakgen64.dll
0x0000000069ac0000 - 0x0000000069ae4000 	C:\Users\WIKI\AppData\Local\Temp\jansi-2.4.0-5ae70a4b58902ebf-jansi.dll
0x00007ffafb790000 - 0x00007ffafb7a0000 	C:\Users\WIKI\.jdks\jbr-17.0.9\bin\verify.dll

dbghelp: loaded successfully - version: 4.0.5 - missing functions: none
symbol engine: initialized successfully - sym options: 0x614 - pdb path: .;C:\Users\WIKI\.jdks\jbr-17.0.9\bin;C:\Windows\SYSTEM32;C:\Windows\WinSxS\amd64_microsoft.windows.common-controls_6595b64144ccf1df_6.0.19041.3636_none_60b6a03d71f818d5;C:\Users\WIKI\.jdks\jbr-17.0.9\bin\server;C:\Program Files\JetBrains\IntelliJ IDEA 2023.2.1\bin;C:\Users\WIKI\AppData\Local\Temp

VM Arguments:
jvm_args: -Dmaven.multiModuleProjectDirectory=C:\Users\WIKI\Desktop\Workshop-JDBC-JavaFX-masterValidation - Integ CSP -Djansi.passthrough=true -Dmaven.home=C:\Program Files\JetBrains\IntelliJ IDEA 2023.2.1\plugins\maven\lib\maven3 -Dclassworlds.conf=C:\Program Files\JetBrains\IntelliJ IDEA 2023.2.1\plugins\maven\lib\maven3\bin\m2.conf -Dmaven.ext.class.path=C:\Program Files\JetBrains\IntelliJ IDEA 2023.2.1\plugins\maven\lib\maven-event-listener.jar -javaagent:C:\Program Files\JetBrains\IntelliJ IDEA 2023.2.1\lib\idea_rt.jar=57015:C:\Program Files\JetBrains\IntelliJ IDEA 2023.2.1\bin -Dfile.encoding=UTF-8 
java_command: org.codehaus.classworlds.Launcher -Didea.version=2023.2.1 javafx:run
java_class_path (initial): C:\Program Files\JetBrains\IntelliJ IDEA 2023.2.1\plugins\maven\lib\maven3\boot\plexus-classworlds-2.7.0.jar;C:\Program Files\JetBrains\IntelliJ IDEA 2023.2.1\plugins\maven\lib\maven3\boot\plexus-classworlds.license
Launcher Type: SUN_STANDARD

[Global flags]
     intx CICompilerCount                          = 4                                         {product} {ergonomic}
     uint ConcGCThreads                            = 3                                         {product} {ergonomic}
     uint G1ConcRefinementThreads                  = 10                                        {product} {ergonomic}
   size_t G1HeapRegionSize                         = 1048576                                   {product} {ergonomic}
    uintx GCDrainStackTargetSize                   = 64                                        {product} {ergonomic}
   size_t InitialHeapSize                          = 130023424                                 {product} {ergonomic}
   size_t MarkStackSize                            = 4194304                                   {product} {ergonomic}
   size_t MaxHeapSize                              = 2069889024                                {product} {ergonomic}
   size_t MaxNewSize                               = 1241513984                                {product} {ergonomic}
   size_t MinHeapDeltaBytes                        = 1048576                                   {product} {ergonomic}
   size_t MinHeapSize                              = 8388608                                   {product} {ergonomic}
    uintx NonNMethodCodeHeapSize                   = 5839372                                {pd product} {ergonomic}
    uintx NonProfiledCodeHeapSize                  = 122909434                              {pd product} {ergonomic}
    uintx ProfiledCodeHeapSize                     = 122909434                              {pd product} {ergonomic}
    uintx ReservedCodeCacheSize                    = 251658240                              {pd product} {ergonomic}
     bool SegmentedCodeCache                       = true                                      {product} {ergonomic}
   size_t SoftMaxHeapSize                          = 2069889024                             {manageable} {ergonomic}
     bool UseCompressedClassPointers               = true                           {product lp64_product} {ergonomic}
     bool UseCompressedOops                        = true                           {product lp64_product} {ergonomic}
     bool UseG1GC                                  = true                                      {product} {ergonomic}
     bool UseLargePagesIndividualAllocation        = false                                  {pd product} {ergonomic}

Logging:
Log output configuration:
 #0: stdout all=warning uptime,level,tags
 #1: stderr all=off uptime,level,tags

Environment Variables:
JAVA_HOME=C:\Program Files\Java\jdk-17
PATH=C:\oraclexe\app\oracle\product\11.2.0\server\bin;;C:\Program Files\Common Files\Oracle\Java\javapath;C:\Windows\system32;C:\Windows;C:\Windows\System32\Wbem;C:\Windows\System32\WindowsPowerShell\v1.0\;C:\Windows\System32\OpenSSH\;C:\Program Files (x86)\NVIDIA Corporation\PhysX\Common;C:\Program Files\NVIDIA Corporation\NVIDIA NvDLISR;C:\Program Files\Java\jdk-17\bin;C:\Program Files\Git\cmd;C:\xampp\php;C:\ProgramData\ComposerSetup\bin;C:\Users\WIKI\scoop\shims;C:\Users\WIKI\AppData\Local\Programs\Python\Python310\Scripts\;C:\Users\WIKI\AppData\Local\Programs\Python\Python310\;C:\Users\WIKI\AppData\Local\Microsoft\WindowsApps;C:\Program Files\JetBrains\PyCharm Community Edition 2022.3.2\bin;;C:\Users\WIKI\AppData\Local\Programs\Microsoft VS Code\bin;C:\Users\WIKI\AppData\Roaming\Composer\vendor\bin;C:\xampp\php;C:\Users\WIKI\AppData\Local\GitHubDesktop\bin
USERNAME=WIKI
OS=Windows_NT
PROCESSOR_IDENTIFIER=Intel64 Family 6 Model 141 Stepping 1, GenuineIntel
TMP=C:\Users\WIKI\AppData\Local\Temp
TEMP=C:\Users\WIKI\AppData\Local\Temp



Periodic native trim disabled

JNI global refs:
JNI global refs: 14, weak refs: 1

JNI global refs memory usage: 843, weak refs: 841

OOME stack traces (most recent first):
Classloader memory used:
Loader bootstrap                                                                       : 1209K
Loader org.codehaus.plexus.classworlds.realm.ClassRealm                                : 135K
Loader jdk.internal.loader.ClassLoaders$AppClassLoader                                 : 12597B
Loader jdk.internal.loader.ClassLoaders$PlatformClassLoader                            : 335B


---------------  S Y S T E M  ---------------

OS:
 Windows 10 , 64 bit Build 19041 (10.0.19041.3636)
OS uptime: 16 days 2:29 hours

CPU: total 12 (initial active 12) (6 cores per cpu, 2 threads per core) family 6 model 141 stepping 1 microcode 0x26, cx8, cmov, fxsr, ht, mmx, 3dnowpref, sse, sse2, sse3, ssse3, sse4.1, sse4.2, popcnt, lzcnt, tsc, tscinvbit, avx, avx2, aes, erms, clmul, bmi1, bmi2, adx, avx512f, avx512dq, avx512cd, avx512bw, avx512vl, sha, fma, vzeroupper, avx512_vpopcntdq, avx512_vpclmulqdq, avx512_vaes, avx512_vnni, clflush, clflushopt, clwb, avx512_vbmi2, avx512_vbmi
Processor Information for all 12 processors :
  Max Mhz: 2688, Current Mhz: 2688, Mhz Limit: 2688

Memory: 4k page, system-wide physical 7893M (449M free)
TotalPageFile size 27932M (AvailPageFile size 1M)
current process WorkingSet (physical memory assigned to process): 58M, peak: 58M
current process commit charge ("private bytes"): 220M, peak: 221M

vm_info: OpenJDK 64-Bit Server VM (17.0.9+8-b1166.2) for windows-amd64 JRE (17.0.9+8-b1166.2), built on 2024-01-13 by "builduser" with MS VC++ 16.10 / 16.11 (VS2019)

END.
