#
# There is insufficient memory for the Java Runtime Environment to continue.
# Native memory allocation (mmap) failed to map 301989888 bytes for G1 virtual space
# Possible reasons:
#   The system is out of physical RAM or swap space
#   The process is running with CompressedOops enabled, and the Java Heap may be blocking the growth of the native heap
# Possible solutions:
#   Reduce memory load on the system
#   Increase physical memory or swap space
#   Check if swap backing store is full
#   Decrease Java heap size (-Xmx/-Xms)
#   Decrease number of Java threads
#   Decrease Java thread stack sizes (-Xss)
#   Set larger code cache with -XX:ReservedCodeCacheSize=
#   JVM is running with Unscaled Compressed Oops mode in which the Java heap is
#     placed in the first 4GB address space. The Java Heap base address is the
#     maximum limit for the native heap growth. Please use -XX:HeapBaseMinAddress
#     to set the Java Heap base and to place the Java Heap above 4GB virtual address.
# This output file may be truncated or incomplete.
#
#  Out of Memory Error (os_windows.cpp:3550), pid=3672, tid=9336
#
# JRE version: Java(TM) SE Runtime Environment (17.0.6+9) (build 17.0.6+9-LTS-190)
# Java VM: Java HotSpot(TM) 64-Bit Server VM (17.0.6+9-LTS-190, mixed mode, sharing, tiered, compressed oops, compressed class ptrs, g1 gc, windows-amd64)
# No core dump will be written. Minidumps are not enabled by default on client versions of Windows
#

---------------  S U M M A R Y ------------

Command Line: --module-path=C:\Users\WIKI\.m2\repository\org\openjfx\javafx-base\21.0.2\javafx-base-21.0.2-win.jar;C:\Users\WIKI\.m2\repository\org\openjfx\javafx-base\21.0.2\javafx-base-21.0.2.jar;C:\Users\WIKI\.m2\repository\org\openjfx\javafx-controls\20.0.2\javafx-controls-20.0.2-win.jar;C:\Users\WIKI\.m2\repository\org\openjfx\javafx-controls\20.0.2\javafx-controls-20.0.2.jar;C:\Users\WIKI\.m2\repository\org\openjfx\javafx-fxml\20.0.2\javafx-fxml-20.0.2-win.jar;C:\Users\WIKI\.m2\repository\org\openjfx\javafx-fxml\20.0.2\javafx-fxml-20.0.2.jar;C:\Users\WIKI\.m2\repository\org\openjfx\javafx-graphics\21.0.2\javafx-graphics-21.0.2-win.jar;C:\Users\WIKI\.m2\repository\org\openjfx\javafx-graphics\21.0.2\javafx-graphics-21.0.2.jar;C:\Users\WIKI\.m2\repository\org\openjfx\javafx-media\20.0.2\javafx-media-20.0.2-win.jar;C:\Users\WIKI\.m2\repository\org\openjfx\javafx-media\20.0.2\javafx-media-20.0.2.jar;C:\Users\WIKI\.m2\repository\org\openjfx\javafx-swing\21.0.2\javafx-swing-21.0.2-win.jar;C:\Users\WIKI\.m2\repository\org\openjfx\javafx-swing\21.0.2\javafx-swing-21.0.2.jar;C:\Users\WIKI\.m2\repository\org\openjfx\javafx-web\20.0.2\javafx-web-20.0.2-win.jar;C:\Users\WIKI\.m2\repository\org\openjfx\javafx-web\20.0.2\javafx-web-20.0.2.jar --add-modules=javafx.base,javafx.controls,javafx.fxml,javafx.graphics,javafx.media,javafx.swing,javafx.web test.MainFX

Host: 11th Gen Intel(R) Core(TM) i5-11400H @ 2.70GHz, 12 cores, 7G,  Windows 10 , 64 bit Build 19041 (10.0.19041.3636)
Time: Sun Mar  3 14:29:31 2024 Afr. centrale Ouest elapsed time: 2.097074 seconds (0d 0h 0m 2s)

---------------  T H R E A D  ---------------

Current thread (0x00000253df4a3a50):  VMThread "VM Thread" [stack: 0x000000822f400000,0x000000822f500000] [id=9336]

Stack: [0x000000822f400000,0x000000822f500000]
Native frames: (J=compiled Java code, j=interpreted, Vv=VM code, C=native code)
V  [jvm.dll+0x6734ea]
V  [jvm.dll+0x7d18f4]
V  [jvm.dll+0x7d309e]
V  [jvm.dll+0x7d3703]
V  [jvm.dll+0x2433c5]
V  [jvm.dll+0x6703f9]
V  [jvm.dll+0x664d32]
V  [jvm.dll+0x300086]
V  [jvm.dll+0x307606]
V  [jvm.dll+0x356c1e]
V  [jvm.dll+0x356e4f]
V  [jvm.dll+0x2d72e8]
V  [jvm.dll+0x2d57e5]
V  [jvm.dll+0x2d4dec]
V  [jvm.dll+0x3186a1]
V  [jvm.dll+0x7d7f0b]
V  [jvm.dll+0x7d8c44]
V  [jvm.dll+0x7d915d]
V  [jvm.dll+0x7d9534]
V  [jvm.dll+0x7d9600]
V  [jvm.dll+0x781a7a]
V  [jvm.dll+0x672375]
C  [ucrtbase.dll+0x21bb2]
C  [KERNEL32.DLL+0x17344]
C  [ntdll.dll+0x526b1]

VM_Operation (0x00000082304fc828): G1TryInitiateConcMark, mode: safepoint, requested by thread 0x00000253e08d46a0


---------------  P R O C E S S  ---------------

Threads class SMR info:
_java_thread_list=0x00000253e7f53330, length=20, elements={
0x00000253c115b030, 0x00000253df4ae330, 0x00000253df4aebf0, 0x00000253df4c1b10,
0x00000253df4c23d0, 0x00000253df4c4ca0, 0x00000253df4c5560, 0x00000253df4c6200,
0x00000253df4c6bb0, 0x00000253df4d29c0, 0x00000253df490aa0, 0x00000253e02fa2e0,
0x00000253e036cab0, 0x00000253e089dd40, 0x00000253e08d46a0, 0x00000253e0b43770,
0x00000253e5c2fa80, 0x00000253e61c4300, 0x00000253e7c5d580, 0x00000253e7c5f730
}

Java Threads: ( => current thread )
  0x00000253c115b030 JavaThread "main" [_thread_blocked, id=15216, stack(0x000000822ee00000,0x000000822ef00000)]
  0x00000253df4ae330 JavaThread "Reference Handler" daemon [_thread_blocked, id=25668, stack(0x000000822f500000,0x000000822f600000)]
  0x00000253df4aebf0 JavaThread "Finalizer" daemon [_thread_blocked, id=23268, stack(0x000000822f600000,0x000000822f700000)]
  0x00000253df4c1b10 JavaThread "Signal Dispatcher" daemon [_thread_blocked, id=14168, stack(0x000000822f700000,0x000000822f800000)]
  0x00000253df4c23d0 JavaThread "Attach Listener" daemon [_thread_blocked, id=10000, stack(0x000000822f800000,0x000000822f900000)]
  0x00000253df4c4ca0 JavaThread "Service Thread" daemon [_thread_blocked, id=18624, stack(0x000000822f900000,0x000000822fa00000)]
  0x00000253df4c5560 JavaThread "Monitor Deflation Thread" daemon [_thread_blocked, id=20212, stack(0x000000822fa00000,0x000000822fb00000)]
  0x00000253df4c6200 JavaThread "C2 CompilerThread0" daemon [_thread_blocked, id=16424, stack(0x000000822fb00000,0x000000822fc00000)]
  0x00000253df4c6bb0 JavaThread "C1 CompilerThread0" daemon [_thread_blocked, id=3572, stack(0x000000822fc00000,0x000000822fd00000)]
  0x00000253df4d29c0 JavaThread "Sweeper thread" daemon [_thread_blocked, id=20936, stack(0x000000822fd00000,0x000000822fe00000)]
  0x00000253df490aa0 JavaThread "Common-Cleaner" daemon [_thread_blocked, id=6032, stack(0x000000822fe00000,0x000000822ff00000)]
  0x00000253e02fa2e0 JavaThread "Notification Thread" daemon [_thread_blocked, id=24928, stack(0x0000008230000000,0x0000008230100000)]
  0x00000253e036cab0 JavaThread "QuantumRenderer-0" daemon [_thread_blocked, id=22848, stack(0x0000008230200000,0x0000008230300000)]
  0x00000253e089dd40 JavaThread "InvokeLaterDispatcher" daemon [_thread_blocked, id=26416, stack(0x0000008230300000,0x0000008230400000)]
  0x00000253e08d46a0 JavaThread "JavaFX Application Thread" [_thread_blocked, id=11752, stack(0x0000008230400000,0x0000008230500000)]
  0x00000253e0b43770 JavaThread "JavaFX-Launcher" [_thread_blocked, id=10744, stack(0x0000008230800000,0x0000008230900000)]
  0x00000253e5c2fa80 JavaThread "Thread-2" daemon [_thread_blocked, id=22824, stack(0x000000822ff00000,0x0000008230000000)]
  0x00000253e61c4300 JavaThread "mysql-cj-abandoned-connection-cleanup" daemon [_thread_blocked, id=23604, stack(0x0000008230f00000,0x0000008231000000)]
  0x00000253e7c5d580 JavaThread "Prism Font Disposer" daemon [_thread_blocked, id=19620, stack(0x0000008231000000,0x0000008231100000)]
  0x00000253e7c5f730 JavaThread "Disposer" daemon [_thread_blocked, id=15972, stack(0x0000008231700000,0x0000008231800000)]

Other Threads:
=>0x00000253df4a3a50 VMThread "VM Thread" [stack: 0x000000822f400000,0x000000822f500000] [id=9336]
  0x00000253e01828f0 WatcherThread [stack: 0x0000008230100000,0x0000008230200000] [id=25976]
  0x00000253c11b45c0 GCTaskThread "GC Thread#0" [stack: 0x000000822ef00000,0x000000822f000000] [id=25000]
  0x00000253e5c29f90 GCTaskThread "GC Thread#1" [stack: 0x0000008230a00000,0x0000008230b00000] [id=20100]
  0x00000253e0be9070 GCTaskThread "GC Thread#2" [stack: 0x0000008230b00000,0x0000008230c00000] [id=2944]
  0x00000253e0ba8040 GCTaskThread "GC Thread#3" [stack: 0x0000008230c00000,0x0000008230d00000] [id=23592]
  0x00000253e0b46880 GCTaskThread "GC Thread#4" [stack: 0x0000008230d00000,0x0000008230e00000] [id=28592]
  0x00000253e0b13890 GCTaskThread "GC Thread#5" [stack: 0x0000008230e00000,0x0000008230f00000] [id=7060]
  0x00000253e668ffe0 GCTaskThread "GC Thread#6" [stack: 0x0000008231100000,0x0000008231200000] [id=3196]
  0x00000253e66dfdd0 GCTaskThread "GC Thread#7" [stack: 0x0000008231200000,0x0000008231300000] [id=25752]
  0x00000253e62b6a30 GCTaskThread "GC Thread#8" [stack: 0x0000008231300000,0x0000008231400000] [id=784]
  0x00000253e816ef30 GCTaskThread "GC Thread#9" [stack: 0x0000008231400000,0x0000008231500000] [id=18372]
  0x00000253c11c5ae0 ConcurrentGCThread "G1 Main Marker" [stack: 0x000000822f000000,0x000000822f100000] [id=6848]
  0x00000253c11c6ba0 ConcurrentGCThread "G1 Conc#0" [stack: 0x000000822f100000,0x000000822f200000] [id=17844]
  0x00000253e816e720 ConcurrentGCThread "G1 Conc#1" [stack: 0x0000008231500000,0x0000008231600000] [id=8312]
  0x00000253e816ec80 ConcurrentGCThread "G1 Conc#2" [stack: 0x0000008231600000,0x0000008231700000] [id=13860]
  0x00000253c1227980 ConcurrentGCThread "G1 Refine#0" [stack: 0x000000822f200000,0x000000822f300000] [id=28248]
  0x00000253df350490 ConcurrentGCThread "G1 Service" [stack: 0x000000822f300000,0x000000822f400000] [id=23796]

Threads with active compile tasks:
C2 CompilerThread0     2110 2259       4       java.io.DataInputStream::readFully (59 bytes)

VM state: at safepoint (normal execution)

VM Mutex/Monitor currently owned by a thread:  ([mutex/lock_event])
[0x00000253c1156bb0] Threads_lock - owner thread: 0x00000253df4a3a50
[0x00000253c1158620] Heap_lock - owner thread: 0x00000253e08d46a0

Heap address: 0x0000000084a00000, size: 1974 MB, Compressed Oops mode: 32-bit

CDS archive(s) mapped at: [0x0000000800000000-0x0000000800bd0000-0x0000000800bd0000), size 12386304, SharedBaseAddress: 0x0000000800000000, ArchiveRelocationMode: 0.
Compressed class space mapped at: 0x0000000800c00000-0x0000000840c00000, reserved size: 1073741824
Narrow klass base: 0x0000000800000000, Narrow klass shift: 0, Narrow klass range: 0x100000000

GC Precious Log:
 CPUs: 12 total, 12 available
 Memory: 7893M
 Large Page Support: Disabled
 NUMA Support: Disabled
 Compressed Oops: Enabled (32-bit)
 Heap Region Size: 1M
 Heap Min Capacity: 8M
 Heap Initial Capacity: 124M
 Heap Max Capacity: 1974M
 Pre-touch: Disabled
 Parallel Workers: 10
 Concurrent Workers: 3
 Concurrent Refinement Workers: 10
 Periodic GC: Disabled

Heap:
 garbage-first heap   total 294912K, used 168272K [0x0000000084a00000, 0x0000000100000000)
  region size 1024K, 1 young (1024K), 1 survivors (1024K)
 Metaspace       used 15566K, committed 15872K, reserved 1064960K
  class space    used 2012K, committed 2176K, reserved 1048576K

Heap Regions: E=young(eden), S=young(survivor), O=old, HS=humongous(starts), HC=humongous(continues), CS=collection set, F=free, OA=open archive, CA=closed archive, TAMS=top-at-mark-start (previous, next)
|   0|0x0000000084a00000, 0x0000000084b00000, 0x0000000084b00000|100%| O|  |TAMS 0x0000000084b00000, 0x0000000084b00000| Untracked 
|   1|0x0000000084b00000, 0x0000000084c00000, 0x0000000084c00000|100%|HS|  |TAMS 0x0000000084c00000, 0x0000000084c00000| Complete 
|   2|0x0000000084c00000, 0x0000000084d00000, 0x0000000084d00000|100%|HC|  |TAMS 0x0000000084d00000, 0x0000000084d00000| Complete 
|   3|0x0000000084d00000, 0x0000000084e00000, 0x0000000084e00000|100%|HC|  |TAMS 0x0000000084e00000, 0x0000000084e00000| Complete 
|   4|0x0000000084e00000, 0x0000000084f00000, 0x0000000084f00000|100%|HC|  |TAMS 0x0000000084f00000, 0x0000000084f00000| Complete 
|   5|0x0000000084f00000, 0x0000000085000000, 0x0000000085000000|100%|HC|  |TAMS 0x0000000085000000, 0x0000000085000000| Complete 
|   6|0x0000000085000000, 0x0000000085100000, 0x0000000085100000|100%|HC|  |TAMS 0x0000000085100000, 0x0000000085100000| Complete 
|   7|0x0000000085100000, 0x0000000085200000, 0x0000000085200000|100%|HC|  |TAMS 0x0000000085200000, 0x0000000085200000| Complete 
|   8|0x0000000085200000, 0x0000000085300000, 0x0000000085300000|100%|HC|  |TAMS 0x0000000085300000, 0x0000000085300000| Complete 
|   9|0x0000000085300000, 0x0000000085400000, 0x0000000085400000|100%|HC|  |TAMS 0x0000000085400000, 0x0000000085400000| Complete 
|  10|0x0000000085400000, 0x0000000085500000, 0x0000000085500000|100%|HS|  |TAMS 0x0000000085500000, 0x0000000085500000| Complete 
|  11|0x0000000085500000, 0x0000000085600000, 0x0000000085600000|100%|HC|  |TAMS 0x0000000085600000, 0x0000000085600000| Complete 
|  12|0x0000000085600000, 0x0000000085700000, 0x0000000085700000|100%|HS|  |TAMS 0x0000000085700000, 0x0000000085700000| Complete 
|  13|0x0000000085700000, 0x0000000085800000, 0x0000000085800000|100%|HC|  |TAMS 0x0000000085800000, 0x0000000085800000| Complete 
|  14|0x0000000085800000, 0x0000000085900000, 0x0000000085900000|100%|HC|  |TAMS 0x0000000085900000, 0x0000000085900000| Complete 
|  15|0x0000000085900000, 0x0000000085a00000, 0x0000000085a00000|100%|HC|  |TAMS 0x0000000085a00000, 0x0000000085a00000| Complete 
|  16|0x0000000085a00000, 0x0000000085b00000, 0x0000000085b00000|100%|HC|  |TAMS 0x0000000085b00000, 0x0000000085b00000| Complete 
|  17|0x0000000085b00000, 0x0000000085c00000, 0x0000000085c00000|100%|HC|  |TAMS 0x0000000085c00000, 0x0000000085c00000| Complete 
|  18|0x0000000085c00000, 0x0000000085d00000, 0x0000000085d00000|100%|HC|  |TAMS 0x0000000085d00000, 0x0000000085d00000| Complete 
|  19|0x0000000085d00000, 0x0000000085e00000, 0x0000000085e00000|100%|HC|  |TAMS 0x0000000085e00000, 0x0000000085e00000| Complete 
|  20|0x0000000085e00000, 0x0000000085f00000, 0x0000000085f00000|100%|HC|  |TAMS 0x0000000085f00000, 0x0000000085f00000| Complete 
|  21|0x0000000085f00000, 0x0000000086000000, 0x0000000086000000|100%|HS|  |TAMS 0x0000000086000000, 0x0000000086000000| Complete 
|  22|0x0000000086000000, 0x0000000086100000, 0x0000000086100000|100%|HC|  |TAMS 0x0000000086100000, 0x0000000086100000| Complete 
|  23|0x0000000086100000, 0x0000000086200000, 0x0000000086200000|100%|HC|  |TAMS 0x0000000086200000, 0x0000000086200000| Complete 
|  24|0x0000000086200000, 0x0000000086300000, 0x0000000086300000|100%|HC|  |TAMS 0x0000000086300000, 0x0000000086300000| Complete 
|  25|0x0000000086300000, 0x0000000086400000, 0x0000000086400000|100%|HC|  |TAMS 0x0000000086400000, 0x0000000086400000| Complete 
|  26|0x0000000086400000, 0x0000000086500000, 0x0000000086500000|100%|HC|  |TAMS 0x0000000086500000, 0x0000000086500000| Complete 
|  27|0x0000000086500000, 0x0000000086600000, 0x0000000086600000|100%|HC|  |TAMS 0x0000000086600000, 0x0000000086600000| Complete 
|  28|0x0000000086600000, 0x0000000086700000, 0x0000000086700000|100%|HC|  |TAMS 0x0000000086700000, 0x0000000086700000| Complete 
|  29|0x0000000086700000, 0x0000000086800000, 0x0000000086800000|100%|HC|  |TAMS 0x0000000086800000, 0x0000000086800000| Complete 
|  30|0x0000000086800000, 0x0000000086900000, 0x0000000086900000|100%|HS|  |TAMS 0x0000000086900000, 0x0000000086900000| Complete 
|  31|0x0000000086900000, 0x0000000086a00000, 0x0000000086a00000|100%|HC|  |TAMS 0x0000000086a00000, 0x0000000086a00000| Complete 
|  32|0x0000000086a00000, 0x0000000086b00000, 0x0000000086b00000|100%|HS|  |TAMS 0x0000000086b00000, 0x0000000086b00000| Complete 
|  33|0x0000000086b00000, 0x0000000086c00000, 0x0000000086c00000|100%|HC|  |TAMS 0x0000000086c00000, 0x0000000086c00000| Complete 
|  34|0x0000000086c00000, 0x0000000086d00000, 0x0000000086d00000|100%|HS|  |TAMS 0x0000000086d00000, 0x0000000086d00000| Complete 
|  35|0x0000000086d00000, 0x0000000086e00000, 0x0000000086e00000|100%|HC|  |TAMS 0x0000000086e00000, 0x0000000086e00000| Complete 
|  36|0x0000000086e00000, 0x0000000086f00000, 0x0000000086f00000|100%|HS|  |TAMS 0x0000000086f00000, 0x0000000086f00000| Complete 
|  37|0x0000000086f00000, 0x0000000087000000, 0x0000000087000000|100%|HC|  |TAMS 0x0000000087000000, 0x0000000087000000| Complete 
|  38|0x0000000087000000, 0x0000000087100000, 0x0000000087100000|100%|HS|  |TAMS 0x0000000087100000, 0x0000000087100000| Complete 
|  39|0x0000000087100000, 0x0000000087200000, 0x0000000087200000|100%|HC|  |TAMS 0x0000000087200000, 0x0000000087200000| Complete 
|  40|0x0000000087200000, 0x0000000087300000, 0x0000000087300000|100%|HS|  |TAMS 0x0000000087300000, 0x0000000087300000| Complete 
|  41|0x0000000087300000, 0x0000000087400000, 0x0000000087400000|100%|HC|  |TAMS 0x0000000087400000, 0x0000000087400000| Complete 
|  42|0x0000000087400000, 0x0000000087500000, 0x0000000087500000|100%| O|  |TAMS 0x0000000087500000, 0x0000000087500000| Untracked 
|  43|0x0000000087500000, 0x0000000087600000, 0x0000000087600000|100%| O|  |TAMS 0x0000000087600000, 0x0000000087600000| Untracked 
|  44|0x0000000087600000, 0x0000000087700000, 0x0000000087700000|100%| O|  |TAMS 0x0000000087700000, 0x0000000087700000| Untracked 
|  45|0x0000000087700000, 0x0000000087800000, 0x0000000087800000|100%|HS|  |TAMS 0x0000000087800000, 0x0000000087800000| Complete 
|  46|0x0000000087800000, 0x0000000087900000, 0x0000000087900000|100%|HC|  |TAMS 0x0000000087900000, 0x0000000087900000| Complete 
|  47|0x0000000087900000, 0x0000000087a00000, 0x0000000087a00000|100%|HS|  |TAMS 0x0000000087a00000, 0x0000000087a00000| Complete 
|  48|0x0000000087a00000, 0x0000000087b00000, 0x0000000087b00000|100%|HC|  |TAMS 0x0000000087b00000, 0x0000000087b00000| Complete 
|  49|0x0000000087b00000, 0x0000000087c00000, 0x0000000087c00000|100%|HS|  |TAMS 0x0000000087c00000, 0x0000000087c00000| Complete 
|  50|0x0000000087c00000, 0x0000000087d00000, 0x0000000087d00000|100%|HC|  |TAMS 0x0000000087d00000, 0x0000000087d00000| Complete 
|  51|0x0000000087d00000, 0x0000000087e00000, 0x0000000087e00000|100%|HS|  |TAMS 0x0000000087e00000, 0x0000000087e00000| Complete 
|  52|0x0000000087e00000, 0x0000000087f00000, 0x0000000087f00000|100%|HC|  |TAMS 0x0000000087f00000, 0x0000000087f00000| Complete 
|  53|0x0000000087f00000, 0x0000000088000000, 0x0000000088000000|100%|HS|  |TAMS 0x0000000088000000, 0x0000000088000000| Complete 
|  54|0x0000000088000000, 0x0000000088100000, 0x0000000088100000|100%|HC|  |TAMS 0x0000000088100000, 0x0000000088100000| Complete 
|  55|0x0000000088100000, 0x0000000088200000, 0x0000000088200000|100%| O|  |TAMS 0x0000000088200000, 0x0000000088200000| Untracked 
|  56|0x0000000088200000, 0x0000000088300000, 0x0000000088300000|100%| O|  |TAMS 0x0000000088300000, 0x0000000088300000| Untracked 
|  57|0x0000000088300000, 0x0000000088400000, 0x0000000088400000|100%| O|  |TAMS 0x0000000088400000, 0x0000000088400000| Untracked 
|  58|0x0000000088400000, 0x0000000088500000, 0x0000000088500000|100%| O|  |TAMS 0x0000000088500000, 0x0000000088500000| Untracked 
|  59|0x0000000088500000, 0x0000000088600000, 0x0000000088600000|100%| O|  |TAMS 0x0000000088600000, 0x0000000088600000| Untracked 
|  60|0x0000000088600000, 0x0000000088700000, 0x0000000088700000|100%|HS|  |TAMS 0x0000000088700000, 0x0000000088700000| Complete 
|  61|0x0000000088700000, 0x0000000088800000, 0x0000000088800000|100%|HC|  |TAMS 0x0000000088800000, 0x0000000088800000| Complete 
|  62|0x0000000088800000, 0x0000000088900000, 0x0000000088900000|100%|HS|  |TAMS 0x0000000088900000, 0x0000000088900000| Complete 
|  63|0x0000000088900000, 0x0000000088a00000, 0x0000000088a00000|100%|HC|  |TAMS 0x0000000088a00000, 0x0000000088a00000| Complete 
|  64|0x0000000088a00000, 0x0000000088b00000, 0x0000000088b00000|100%|HS|  |TAMS 0x0000000088b00000, 0x0000000088b00000| Complete 
|  65|0x0000000088b00000, 0x0000000088c00000, 0x0000000088c00000|100%|HC|  |TAMS 0x0000000088c00000, 0x0000000088c00000| Complete 
|  66|0x0000000088c00000, 0x0000000088d00000, 0x0000000088d00000|100%|HS|  |TAMS 0x0000000088d00000, 0x0000000088d00000| Complete 
|  67|0x0000000088d00000, 0x0000000088e00000, 0x0000000088e00000|100%|HC|  |TAMS 0x0000000088e00000, 0x0000000088e00000| Complete 
|  68|0x0000000088e00000, 0x0000000088f00000, 0x0000000088f00000|100%|HS|  |TAMS 0x0000000088f00000, 0x0000000088f00000| Complete 
|  69|0x0000000088f00000, 0x0000000089000000, 0x0000000089000000|100%|HC|  |TAMS 0x0000000089000000, 0x0000000089000000| Complete 
|  70|0x0000000089000000, 0x0000000089100000, 0x0000000089100000|100%|HS|  |TAMS 0x0000000089100000, 0x0000000089100000| Complete 
|  71|0x0000000089100000, 0x0000000089200000, 0x0000000089200000|100%|HC|  |TAMS 0x0000000089200000, 0x0000000089200000| Complete 
|  72|0x0000000089200000, 0x0000000089300000, 0x0000000089300000|100%|HS|  |TAMS 0x0000000089300000, 0x0000000089300000| Complete 
|  73|0x0000000089300000, 0x0000000089400000, 0x0000000089400000|100%|HC|  |TAMS 0x0000000089400000, 0x0000000089400000| Complete 
|  74|0x0000000089400000, 0x0000000089500000, 0x0000000089500000|100%|HS|  |TAMS 0x0000000089500000, 0x0000000089500000| Complete 
|  75|0x0000000089500000, 0x0000000089600000, 0x0000000089600000|100%|HC|  |TAMS 0x0000000089600000, 0x0000000089600000| Complete 
|  76|0x0000000089600000, 0x0000000089700000, 0x0000000089700000|100%|HS|  |TAMS 0x0000000089700000, 0x0000000089700000| Complete 
|  77|0x0000000089700000, 0x0000000089800000, 0x0000000089800000|100%|HC|  |TAMS 0x0000000089800000, 0x0000000089800000| Complete 
|  78|0x0000000089800000, 0x0000000089900000, 0x0000000089900000|100%|HS|  |TAMS 0x0000000089900000, 0x0000000089900000| Complete 
|  79|0x0000000089900000, 0x0000000089a00000, 0x0000000089a00000|100%|HC|  |TAMS 0x0000000089a00000, 0x0000000089a00000| Complete 
|  80|0x0000000089a00000, 0x0000000089b00000, 0x0000000089b00000|100%|HS|  |TAMS 0x0000000089b00000, 0x0000000089b00000| Complete 
|  81|0x0000000089b00000, 0x0000000089c00000, 0x0000000089c00000|100%|HC|  |TAMS 0x0000000089c00000, 0x0000000089c00000| Complete 
|  82|0x0000000089c00000, 0x0000000089d00000, 0x0000000089d00000|100%|HS|  |TAMS 0x0000000089d00000, 0x0000000089d00000| Complete 
|  83|0x0000000089d00000, 0x0000000089e00000, 0x0000000089e00000|100%|HC|  |TAMS 0x0000000089e00000, 0x0000000089e00000| Complete 
|  84|0x0000000089e00000, 0x0000000089f00000, 0x0000000089f00000|100%|HS|  |TAMS 0x0000000089f00000, 0x0000000089f00000| Complete 
|  85|0x0000000089f00000, 0x000000008a000000, 0x000000008a000000|100%|HC|  |TAMS 0x000000008a000000, 0x000000008a000000| Complete 
|  86|0x000000008a000000, 0x000000008a100000, 0x000000008a100000|100%|HS|  |TAMS 0x000000008a100000, 0x000000008a100000| Complete 
|  87|0x000000008a100000, 0x000000008a200000, 0x000000008a200000|100%|HC|  |TAMS 0x000000008a200000, 0x000000008a200000| Complete 
|  88|0x000000008a200000, 0x000000008a300000, 0x000000008a300000|100%|HS|  |TAMS 0x000000008a300000, 0x000000008a300000| Complete 
|  89|0x000000008a300000, 0x000000008a400000, 0x000000008a400000|100%|HC|  |TAMS 0x000000008a400000, 0x000000008a400000| Complete 
|  90|0x000000008a400000, 0x000000008a500000, 0x000000008a500000|100%|HS|  |TAMS 0x000000008a500000, 0x000000008a500000| Complete 
|  91|0x000000008a500000, 0x000000008a600000, 0x000000008a600000|100%|HC|  |TAMS 0x000000008a600000, 0x000000008a600000| Complete 
|  92|0x000000008a600000, 0x000000008a700000, 0x000000008a700000|100%|HS|  |TAMS 0x000000008a700000, 0x000000008a700000| Complete 
|  93|0x000000008a700000, 0x000000008a800000, 0x000000008a800000|100%|HC|  |TAMS 0x000000008a800000, 0x000000008a800000| Complete 
|  94|0x000000008a800000, 0x000000008a900000, 0x000000008a900000|100%|HS|  |TAMS 0x000000008a900000, 0x000000008a900000| Complete 
|  95|0x000000008a900000, 0x000000008aa00000, 0x000000008aa00000|100%|HC|  |TAMS 0x000000008aa00000, 0x000000008aa00000| Complete 
|  96|0x000000008aa00000, 0x000000008ab00000, 0x000000008ab00000|100%|HS|  |TAMS 0x000000008ab00000, 0x000000008ab00000| Complete 
|  97|0x000000008ab00000, 0x000000008ac00000, 0x000000008ac00000|100%|HC|  |TAMS 0x000000008ac00000, 0x000000008ac00000| Complete 
|  98|0x000000008ac00000, 0x000000008ad00000, 0x000000008ad00000|100%|HS|  |TAMS 0x000000008ad00000, 0x000000008ad00000| Complete 
|  99|0x000000008ad00000, 0x000000008ae00000, 0x000000008ae00000|100%|HC|  |TAMS 0x000000008ae00000, 0x000000008ae00000| Complete 
| 100|0x000000008ae00000, 0x000000008af00000, 0x000000008af00000|100%|HS|  |TAMS 0x000000008af00000, 0x000000008af00000| Complete 
| 101|0x000000008af00000, 0x000000008b000000, 0x000000008b000000|100%|HC|  |TAMS 0x000000008b000000, 0x000000008b000000| Complete 
| 102|0x000000008b000000, 0x000000008b100000, 0x000000008b100000|100%|HS|  |TAMS 0x000000008b100000, 0x000000008b100000| Complete 
| 103|0x000000008b100000, 0x000000008b200000, 0x000000008b200000|100%|HC|  |TAMS 0x000000008b200000, 0x000000008b200000| Complete 
| 104|0x000000008b200000, 0x000000008b300000, 0x000000008b300000|100%|HS|  |TAMS 0x000000008b300000, 0x000000008b300000| Complete 
| 105|0x000000008b300000, 0x000000008b400000, 0x000000008b400000|100%|HC|  |TAMS 0x000000008b400000, 0x000000008b400000| Complete 
| 106|0x000000008b400000, 0x000000008b500000, 0x000000008b500000|100%|HS|  |TAMS 0x000000008b500000, 0x000000008b500000| Complete 
| 107|0x000000008b500000, 0x000000008b600000, 0x000000008b600000|100%|HC|  |TAMS 0x000000008b600000, 0x000000008b600000| Complete 
| 108|0x000000008b600000, 0x000000008b700000, 0x000000008b700000|100%|HS|  |TAMS 0x000000008b700000, 0x000000008b700000| Complete 
| 109|0x000000008b700000, 0x000000008b800000, 0x000000008b800000|100%|HC|  |TAMS 0x000000008b800000, 0x000000008b800000| Complete 
| 110|0x000000008b800000, 0x000000008b900000, 0x000000008b900000|100%|HS|  |TAMS 0x000000008b900000, 0x000000008b900000| Complete 
| 111|0x000000008b900000, 0x000000008ba00000, 0x000000008ba00000|100%|HC|  |TAMS 0x000000008ba00000, 0x000000008ba00000| Complete 
| 112|0x000000008ba00000, 0x000000008bb00000, 0x000000008bb00000|100%|HS|  |TAMS 0x000000008bb00000, 0x000000008bb00000| Complete 
| 113|0x000000008bb00000, 0x000000008bc00000, 0x000000008bc00000|100%|HC|  |TAMS 0x000000008bc00000, 0x000000008bc00000| Complete 
| 114|0x000000008bc00000, 0x000000008bd00000, 0x000000008bd00000|100%|HS|  |TAMS 0x000000008bd00000, 0x000000008bd00000| Complete 
| 115|0x000000008bd00000, 0x000000008be00000, 0x000000008be00000|100%|HC|  |TAMS 0x000000008be00000, 0x000000008be00000| Complete 
| 116|0x000000008be00000, 0x000000008bf00000, 0x000000008bf00000|100%|HS|  |TAMS 0x000000008bf00000, 0x000000008bf00000| Complete 
| 117|0x000000008bf00000, 0x000000008c000000, 0x000000008c000000|100%|HC|  |TAMS 0x000000008c000000, 0x000000008c000000| Complete 
| 118|0x000000008c000000, 0x000000008c100000, 0x000000008c100000|100%|HS|  |TAMS 0x000000008c100000, 0x000000008c100000| Complete 
| 119|0x000000008c100000, 0x000000008c200000, 0x000000008c200000|100%|HC|  |TAMS 0x000000008c200000, 0x000000008c200000| Complete 
| 120|0x000000008c200000, 0x000000008c300000, 0x000000008c300000|100%|HS|  |TAMS 0x000000008c300000, 0x000000008c300000| Complete 
| 121|0x000000008c300000, 0x000000008c400000, 0x000000008c400000|100%|HC|  |TAMS 0x000000008c400000, 0x000000008c400000| Complete 
| 122|0x000000008c400000, 0x000000008c500000, 0x000000008c500000|100%|HS|  |TAMS 0x000000008c500000, 0x000000008c500000| Complete 
| 123|0x000000008c500000, 0x000000008c600000, 0x000000008c600000|100%|HC|  |TAMS 0x000000008c600000, 0x000000008c600000| Complete 
| 124|0x000000008c600000, 0x000000008c700000, 0x000000008c700000|100%|HS|  |TAMS 0x000000008c700000, 0x000000008c700000| Complete 
| 125|0x000000008c700000, 0x000000008c800000, 0x000000008c800000|100%|HC|  |TAMS 0x000000008c800000, 0x000000008c800000| Complete 
| 126|0x000000008c800000, 0x000000008c900000, 0x000000008c900000|100%|HS|  |TAMS 0x000000008c900000, 0x000000008c900000| Complete 
| 127|0x000000008c900000, 0x000000008ca00000, 0x000000008ca00000|100%|HC|  |TAMS 0x000000008ca00000, 0x000000008ca00000| Complete 
| 128|0x000000008ca00000, 0x000000008cb00000, 0x000000008cb00000|100%|HS|  |TAMS 0x000000008cb00000, 0x000000008cb00000| Complete 
| 129|0x000000008cb00000, 0x000000008cc00000, 0x000000008cc00000|100%|HC|  |TAMS 0x000000008cc00000, 0x000000008cc00000| Complete 
| 130|0x000000008cc00000, 0x000000008cd00000, 0x000000008cd00000|100%|HS|  |TAMS 0x000000008cd00000, 0x000000008cd00000| Complete 
| 131|0x000000008cd00000, 0x000000008ce00000, 0x000000008ce00000|100%|HC|  |TAMS 0x000000008ce00000, 0x000000008ce00000| Complete 
| 132|0x000000008ce00000, 0x000000008cf00000, 0x000000008cf00000|100%|HS|  |TAMS 0x000000008cf00000, 0x000000008cf00000| Complete 
| 133|0x000000008cf00000, 0x000000008d000000, 0x000000008d000000|100%|HC|  |TAMS 0x000000008d000000, 0x000000008d000000| Complete 
| 134|0x000000008d000000, 0x000000008d100000, 0x000000008d100000|100%|HS|  |TAMS 0x000000008d100000, 0x000000008d100000| Complete 
| 135|0x000000008d100000, 0x000000008d200000, 0x000000008d200000|100%|HC|  |TAMS 0x000000008d200000, 0x000000008d200000| Complete 
| 136|0x000000008d200000, 0x000000008d300000, 0x000000008d300000|100%|HS|  |TAMS 0x000000008d300000, 0x000000008d300000| Complete 
| 137|0x000000008d300000, 0x000000008d400000, 0x000000008d400000|100%|HC|  |TAMS 0x000000008d400000, 0x000000008d400000| Complete 
| 138|0x000000008d400000, 0x000000008d500000, 0x000000008d500000|100%|HS|  |TAMS 0x000000008d500000, 0x000000008d500000| Complete 
| 139|0x000000008d500000, 0x000000008d600000, 0x000000008d600000|100%|HC|  |TAMS 0x000000008d600000, 0x000000008d600000| Complete 
| 140|0x000000008d600000, 0x000000008d700000, 0x000000008d700000|100%|HS|  |TAMS 0x000000008d700000, 0x000000008d700000| Complete 
| 141|0x000000008d700000, 0x000000008d800000, 0x000000008d800000|100%|HC|  |TAMS 0x000000008d800000, 0x000000008d800000| Complete 
| 142|0x000000008d800000, 0x000000008d900000, 0x000000008d900000|100%|HS|  |TAMS 0x000000008d900000, 0x000000008d900000| Complete 
| 143|0x000000008d900000, 0x000000008da00000, 0x000000008da00000|100%|HC|  |TAMS 0x000000008da00000, 0x000000008da00000| Complete 
| 144|0x000000008da00000, 0x000000008db00000, 0x000000008db00000|100%|HS|  |TAMS 0x000000008db00000, 0x000000008db00000| Complete 
| 145|0x000000008db00000, 0x000000008dc00000, 0x000000008dc00000|100%|HC|  |TAMS 0x000000008dc00000, 0x000000008dc00000| Complete 
| 146|0x000000008dc00000, 0x000000008dd00000, 0x000000008dd00000|100%|HS|  |TAMS 0x000000008dd00000, 0x000000008dd00000| Complete 
| 147|0x000000008dd00000, 0x000000008de00000, 0x000000008de00000|100%|HC|  |TAMS 0x000000008de00000, 0x000000008de00000| Complete 
| 148|0x000000008de00000, 0x000000008df00000, 0x000000008df00000|100%|HS|  |TAMS 0x000000008df00000, 0x000000008df00000| Complete 
| 149|0x000000008df00000, 0x000000008e000000, 0x000000008e000000|100%|HC|  |TAMS 0x000000008e000000, 0x000000008e000000| Complete 
| 150|0x000000008e000000, 0x000000008e100000, 0x000000008e100000|100%| O|  |TAMS 0x000000008e100000, 0x000000008e100000| Untracked 
| 151|0x000000008e100000, 0x000000008e1d2000, 0x000000008e200000| 82%| O|  |TAMS 0x000000008e1c4e00, 0x000000008e1c9600| Untracked 
| 152|0x000000008e200000, 0x000000008e300000, 0x000000008e300000|100%|HS|  |TAMS 0x000000008e300000, 0x000000008e300000| Complete 
| 153|0x000000008e300000, 0x000000008e400000, 0x000000008e400000|100%|HC|  |TAMS 0x000000008e400000, 0x000000008e400000| Complete 
| 154|0x000000008e400000, 0x000000008e500000, 0x000000008e500000|100%|HS|  |TAMS 0x000000008e500000, 0x000000008e500000| Complete 
| 155|0x000000008e500000, 0x000000008e600000, 0x000000008e600000|100%|HC|  |TAMS 0x000000008e600000, 0x000000008e600000| Complete 
| 156|0x000000008e600000, 0x000000008e700000, 0x000000008e700000|100%|HS|  |TAMS 0x000000008e700000, 0x000000008e700000| Complete 
| 157|0x000000008e700000, 0x000000008e800000, 0x000000008e800000|100%|HC|  |TAMS 0x000000008e800000, 0x000000008e800000| Complete 
| 158|0x000000008e800000, 0x000000008e900000, 0x000000008e900000|100%|HS|  |TAMS 0x000000008e900000, 0x000000008e900000| Complete 
| 159|0x000000008e900000, 0x000000008ea00000, 0x000000008ea00000|100%|HC|  |TAMS 0x000000008ea00000, 0x000000008ea00000| Complete 
| 160|0x000000008ea00000, 0x000000008eb00000, 0x000000008eb00000|100%|HS|  |TAMS 0x000000008ea00000, 0x000000008eb00000| Complete 
| 161|0x000000008eb00000, 0x000000008ec00000, 0x000000008ec00000|100%|HC|  |TAMS 0x000000008eb00000, 0x000000008ec00000| Complete 
| 162|0x000000008ec00000, 0x000000008ed00000, 0x000000008ed00000|100%|HS|  |TAMS 0x000000008ec00000, 0x000000008ed00000| Complete 
| 163|0x000000008ed00000, 0x000000008ee00000, 0x000000008ee00000|100%|HC|  |TAMS 0x000000008ed00000, 0x000000008ee00000| Complete 
| 164|0x000000008ee00000, 0x000000008ee00000, 0x000000008ef00000|  0%| F|  |TAMS 0x000000008ee00000, 0x000000008ee00000| Untracked 
| 165|0x000000008ef00000, 0x000000008ef00000, 0x000000008f000000|  0%| F|  |TAMS 0x000000008ef00000, 0x000000008ef00000| Untracked 
| 166|0x000000008f000000, 0x000000008f000000, 0x000000008f100000|  0%| F|  |TAMS 0x000000008f000000, 0x000000008f000000| Untracked 
| 167|0x000000008f100000, 0x000000008f100000, 0x000000008f200000|  0%| F|  |TAMS 0x000000008f100000, 0x000000008f100000| Untracked 
| 168|0x000000008f200000, 0x000000008f200000, 0x000000008f300000|  0%| F|  |TAMS 0x000000008f200000, 0x000000008f200000| Untracked 
| 169|0x000000008f300000, 0x000000008f300000, 0x000000008f400000|  0%| F|  |TAMS 0x000000008f300000, 0x000000008f300000| Untracked 
| 170|0x000000008f400000, 0x000000008f400000, 0x000000008f500000|  0%| F|  |TAMS 0x000000008f400000, 0x000000008f400000| Untracked 
| 171|0x000000008f500000, 0x000000008f500000, 0x000000008f600000|  0%| F|  |TAMS 0x000000008f500000, 0x000000008f500000| Untracked 
| 172|0x000000008f600000, 0x000000008f600000, 0x000000008f700000|  0%| F|  |TAMS 0x000000008f600000, 0x000000008f600000| Untracked 
| 173|0x000000008f700000, 0x000000008f700000, 0x000000008f800000|  0%| F|  |TAMS 0x000000008f700000, 0x000000008f700000| Untracked 
| 174|0x000000008f800000, 0x000000008f800000, 0x000000008f900000|  0%| F|  |TAMS 0x000000008f800000, 0x000000008f800000| Untracked 
| 175|0x000000008f900000, 0x000000008f900000, 0x000000008fa00000|  0%| F|  |TAMS 0x000000008f900000, 0x000000008f900000| Untracked 
| 176|0x000000008fa00000, 0x000000008fa00000, 0x000000008fb00000|  0%| F|  |TAMS 0x000000008fa00000, 0x000000008fa00000| Untracked 
| 177|0x000000008fb00000, 0x000000008fb00000, 0x000000008fc00000|  0%| F|  |TAMS 0x000000008fb00000, 0x000000008fb00000| Untracked 
| 178|0x000000008fc00000, 0x000000008fc00000, 0x000000008fd00000|  0%| F|  |TAMS 0x000000008fc00000, 0x000000008fc00000| Untracked 
| 179|0x000000008fd00000, 0x000000008fd00000, 0x000000008fe00000|  0%| F|  |TAMS 0x000000008fd00000, 0x000000008fd00000| Untracked 
| 180|0x000000008fe00000, 0x000000008fe00000, 0x000000008ff00000|  0%| F|  |TAMS 0x000000008fe00000, 0x000000008fe00000| Untracked 
| 181|0x000000008ff00000, 0x000000008ff00000, 0x0000000090000000|  0%| F|  |TAMS 0x000000008ff00000, 0x000000008ff00000| Untracked 
| 182|0x0000000090000000, 0x0000000090000000, 0x0000000090100000|  0%| F|  |TAMS 0x0000000090000000, 0x0000000090000000| Untracked 
| 183|0x0000000090100000, 0x0000000090100000, 0x0000000090200000|  0%| F|  |TAMS 0x0000000090100000, 0x0000000090100000| Untracked 
| 184|0x0000000090200000, 0x0000000090200000, 0x0000000090300000|  0%| F|  |TAMS 0x0000000090200000, 0x0000000090200000| Untracked 
| 185|0x0000000090300000, 0x0000000090300000, 0x0000000090400000|  0%| F|  |TAMS 0x0000000090300000, 0x0000000090300000| Untracked 
| 186|0x0000000090400000, 0x0000000090400000, 0x0000000090500000|  0%| F|  |TAMS 0x0000000090400000, 0x0000000090400000| Untracked 
| 187|0x0000000090500000, 0x0000000090500000, 0x0000000090600000|  0%| F|  |TAMS 0x0000000090500000, 0x0000000090500000| Untracked 
| 188|0x0000000090600000, 0x0000000090600000, 0x0000000090700000|  0%| F|  |TAMS 0x0000000090600000, 0x0000000090600000| Untracked 
| 189|0x0000000090700000, 0x0000000090700000, 0x0000000090800000|  0%| F|  |TAMS 0x0000000090700000, 0x0000000090700000| Untracked 
| 190|0x0000000090800000, 0x0000000090800000, 0x0000000090900000|  0%| F|  |TAMS 0x0000000090800000, 0x0000000090800000| Untracked 
| 191|0x0000000090900000, 0x0000000090900000, 0x0000000090a00000|  0%| F|  |TAMS 0x0000000090900000, 0x0000000090900000| Untracked 
| 192|0x0000000090a00000, 0x0000000090a00000, 0x0000000090b00000|  0%| F|  |TAMS 0x0000000090a00000, 0x0000000090a00000| Untracked 
| 193|0x0000000090b00000, 0x0000000090b00000, 0x0000000090c00000|  0%| F|  |TAMS 0x0000000090b00000, 0x0000000090b00000| Untracked 
| 194|0x0000000090c00000, 0x0000000090c00000, 0x0000000090d00000|  0%| F|  |TAMS 0x0000000090c00000, 0x0000000090c00000| Untracked 
| 195|0x0000000090d00000, 0x0000000090d00000, 0x0000000090e00000|  0%| F|  |TAMS 0x0000000090d00000, 0x0000000090d00000| Untracked 
| 196|0x0000000090e00000, 0x0000000090e00000, 0x0000000090f00000|  0%| F|  |TAMS 0x0000000090e00000, 0x0000000090e00000| Untracked 
| 197|0x0000000090f00000, 0x0000000090f00000, 0x0000000091000000|  0%| F|  |TAMS 0x0000000090f00000, 0x0000000090f00000| Untracked 
| 198|0x0000000091000000, 0x0000000091000000, 0x0000000091100000|  0%| F|  |TAMS 0x0000000091000000, 0x0000000091000000| Untracked 
| 199|0x0000000091100000, 0x0000000091100000, 0x0000000091200000|  0%| F|  |TAMS 0x0000000091100000, 0x0000000091100000| Untracked 
| 200|0x0000000091200000, 0x0000000091200000, 0x0000000091300000|  0%| F|  |TAMS 0x0000000091200000, 0x0000000091200000| Untracked 
| 201|0x0000000091300000, 0x0000000091300000, 0x0000000091400000|  0%| F|  |TAMS 0x0000000091300000, 0x0000000091300000| Untracked 
| 202|0x0000000091400000, 0x0000000091400000, 0x0000000091500000|  0%| F|  |TAMS 0x0000000091400000, 0x0000000091400000| Untracked 
| 203|0x0000000091500000, 0x0000000091500000, 0x0000000091600000|  0%| F|  |TAMS 0x0000000091500000, 0x0000000091500000| Untracked 
| 204|0x0000000091600000, 0x0000000091600000, 0x0000000091700000|  0%| F|  |TAMS 0x0000000091600000, 0x0000000091600000| Untracked 
| 205|0x0000000091700000, 0x0000000091700000, 0x0000000091800000|  0%| F|  |TAMS 0x0000000091700000, 0x0000000091700000| Untracked 
| 206|0x0000000091800000, 0x0000000091800000, 0x0000000091900000|  0%| F|  |TAMS 0x0000000091800000, 0x0000000091800000| Untracked 
| 207|0x0000000091900000, 0x0000000091900000, 0x0000000091a00000|  0%| F|  |TAMS 0x0000000091900000, 0x0000000091900000| Untracked 
| 208|0x0000000091a00000, 0x0000000091a00000, 0x0000000091b00000|  0%| F|  |TAMS 0x0000000091a00000, 0x0000000091a00000| Untracked 
| 209|0x0000000091b00000, 0x0000000091b00000, 0x0000000091c00000|  0%| F|  |TAMS 0x0000000091b00000, 0x0000000091b00000| Untracked 
| 210|0x0000000091c00000, 0x0000000091c00000, 0x0000000091d00000|  0%| F|  |TAMS 0x0000000091c00000, 0x0000000091c00000| Untracked 
| 211|0x0000000091d00000, 0x0000000091d00000, 0x0000000091e00000|  0%| F|  |TAMS 0x0000000091d00000, 0x0000000091d00000| Untracked 
| 212|0x0000000091e00000, 0x0000000091e00000, 0x0000000091f00000|  0%| F|  |TAMS 0x0000000091e00000, 0x0000000091e00000| Untracked 
| 213|0x0000000091f00000, 0x0000000091f00000, 0x0000000092000000|  0%| F|  |TAMS 0x0000000091f00000, 0x0000000091f00000| Untracked 
| 214|0x0000000092000000, 0x0000000092000000, 0x0000000092100000|  0%| F|  |TAMS 0x0000000092000000, 0x0000000092000000| Untracked 
| 215|0x0000000092100000, 0x0000000092100000, 0x0000000092200000|  0%| F|  |TAMS 0x0000000092100000, 0x0000000092100000| Untracked 
| 216|0x0000000092200000, 0x0000000092200000, 0x0000000092300000|  0%| F|  |TAMS 0x0000000092200000, 0x0000000092200000| Untracked 
| 217|0x0000000092300000, 0x0000000092300000, 0x0000000092400000|  0%| F|  |TAMS 0x0000000092300000, 0x0000000092300000| Untracked 
| 218|0x0000000092400000, 0x0000000092400000, 0x0000000092500000|  0%| F|  |TAMS 0x0000000092400000, 0x0000000092400000| Untracked 
| 219|0x0000000092500000, 0x0000000092500000, 0x0000000092600000|  0%| F|  |TAMS 0x0000000092500000, 0x0000000092500000| Untracked 
| 220|0x0000000092600000, 0x0000000092600000, 0x0000000092700000|  0%| F|  |TAMS 0x0000000092600000, 0x0000000092600000| Untracked 
| 221|0x0000000092700000, 0x0000000092700000, 0x0000000092800000|  0%| F|  |TAMS 0x0000000092700000, 0x0000000092700000| Untracked 
| 222|0x0000000092800000, 0x0000000092800000, 0x0000000092900000|  0%| F|  |TAMS 0x0000000092800000, 0x0000000092800000| Untracked 
| 223|0x0000000092900000, 0x0000000092900000, 0x0000000092a00000|  0%| F|  |TAMS 0x0000000092900000, 0x0000000092900000| Untracked 
| 224|0x0000000092a00000, 0x0000000092a00000, 0x0000000092b00000|  0%| F|  |TAMS 0x0000000092a00000, 0x0000000092a00000| Untracked 
| 225|0x0000000092b00000, 0x0000000092b00000, 0x0000000092c00000|  0%| F|  |TAMS 0x0000000092b00000, 0x0000000092b00000| Untracked 
| 226|0x0000000092c00000, 0x0000000092c00000, 0x0000000092d00000|  0%| F|  |TAMS 0x0000000092c00000, 0x0000000092c00000| Untracked 
| 227|0x0000000092d00000, 0x0000000092d00000, 0x0000000092e00000|  0%| F|  |TAMS 0x0000000092d00000, 0x0000000092d00000| Untracked 
| 228|0x0000000092e00000, 0x0000000092e00000, 0x0000000092f00000|  0%| F|  |TAMS 0x0000000092e00000, 0x0000000092e00000| Untracked 
| 229|0x0000000092f00000, 0x0000000092f00000, 0x0000000093000000|  0%| F|  |TAMS 0x0000000092f00000, 0x0000000092f00000| Untracked 
| 230|0x0000000093000000, 0x0000000093000000, 0x0000000093100000|  0%| F|  |TAMS 0x0000000093000000, 0x0000000093000000| Untracked 
| 231|0x0000000093100000, 0x0000000093100000, 0x0000000093200000|  0%| F|  |TAMS 0x0000000093100000, 0x0000000093100000| Untracked 
| 232|0x0000000093200000, 0x0000000093200000, 0x0000000093300000|  0%| F|  |TAMS 0x0000000093200000, 0x0000000093200000| Untracked 
| 233|0x0000000093300000, 0x0000000093300000, 0x0000000093400000|  0%| F|  |TAMS 0x0000000093300000, 0x0000000093300000| Untracked 
| 234|0x0000000093400000, 0x0000000093400000, 0x0000000093500000|  0%| F|  |TAMS 0x0000000093400000, 0x0000000093400000| Untracked 
| 235|0x0000000093500000, 0x0000000093500000, 0x0000000093600000|  0%| F|  |TAMS 0x0000000093500000, 0x0000000093500000| Untracked 
| 236|0x0000000093600000, 0x0000000093600000, 0x0000000093700000|  0%| F|  |TAMS 0x0000000093600000, 0x0000000093600000| Untracked 
| 237|0x0000000093700000, 0x0000000093700000, 0x0000000093800000|  0%| F|  |TAMS 0x0000000093700000, 0x0000000093700000| Untracked 
| 238|0x0000000093800000, 0x0000000093800000, 0x0000000093900000|  0%| F|  |TAMS 0x0000000093800000, 0x0000000093800000| Untracked 
| 239|0x0000000093900000, 0x0000000093900000, 0x0000000093a00000|  0%| F|  |TAMS 0x0000000093900000, 0x0000000093900000| Untracked 
| 240|0x0000000093a00000, 0x0000000093a00000, 0x0000000093b00000|  0%| F|  |TAMS 0x0000000093a00000, 0x0000000093a00000| Untracked 
| 241|0x0000000093b00000, 0x0000000093b00000, 0x0000000093c00000|  0%| F|  |TAMS 0x0000000093b00000, 0x0000000093b00000| Untracked 
| 242|0x0000000093c00000, 0x0000000093c00000, 0x0000000093d00000|  0%| F|  |TAMS 0x0000000093c00000, 0x0000000093c00000| Untracked 
| 243|0x0000000093d00000, 0x0000000093d00000, 0x0000000093e00000|  0%| F|  |TAMS 0x0000000093d00000, 0x0000000093d00000| Untracked 
| 244|0x0000000093e00000, 0x0000000093e00000, 0x0000000093f00000|  0%| F|  |TAMS 0x0000000093e00000, 0x0000000093e00000| Untracked 
| 245|0x0000000093f00000, 0x0000000093f00000, 0x0000000094000000|  0%| F|  |TAMS 0x0000000093f00000, 0x0000000093f00000| Untracked 
| 246|0x0000000094000000, 0x0000000094000000, 0x0000000094100000|  0%| F|  |TAMS 0x0000000094000000, 0x0000000094000000| Untracked 
| 247|0x0000000094100000, 0x0000000094100000, 0x0000000094200000|  0%| F|  |TAMS 0x0000000094100000, 0x0000000094100000| Untracked 
| 248|0x0000000094200000, 0x0000000094200000, 0x0000000094300000|  0%| F|  |TAMS 0x0000000094200000, 0x0000000094200000| Untracked 
| 249|0x0000000094300000, 0x0000000094300000, 0x0000000094400000|  0%| F|  |TAMS 0x0000000094300000, 0x0000000094300000| Untracked 
| 250|0x0000000094400000, 0x0000000094400000, 0x0000000094500000|  0%| F|  |TAMS 0x0000000094400000, 0x0000000094400000| Untracked 
| 251|0x0000000094500000, 0x0000000094500000, 0x0000000094600000|  0%| F|  |TAMS 0x0000000094500000, 0x0000000094500000| Untracked 
| 252|0x0000000094600000, 0x0000000094600000, 0x0000000094700000|  0%| F|  |TAMS 0x0000000094600000, 0x0000000094600000| Untracked 
| 253|0x0000000094700000, 0x0000000094700000, 0x0000000094800000|  0%| F|  |TAMS 0x0000000094700000, 0x0000000094700000| Untracked 
| 254|0x0000000094800000, 0x0000000094800000, 0x0000000094900000|  0%| F|  |TAMS 0x0000000094800000, 0x0000000094800000| Untracked 
| 255|0x0000000094900000, 0x0000000094900000, 0x0000000094a00000|  0%| F|  |TAMS 0x0000000094900000, 0x0000000094900000| Untracked 
| 256|0x0000000094a00000, 0x0000000094a00000, 0x0000000094b00000|  0%| F|  |TAMS 0x0000000094a00000, 0x0000000094a00000| Untracked 
| 257|0x0000000094b00000, 0x0000000094b00000, 0x0000000094c00000|  0%| F|  |TAMS 0x0000000094b00000, 0x0000000094b00000| Untracked 
| 258|0x0000000094c00000, 0x0000000094c00000, 0x0000000094d00000|  0%| F|  |TAMS 0x0000000094c00000, 0x0000000094c00000| Untracked 
| 259|0x0000000094d00000, 0x0000000094d00000, 0x0000000094e00000|  0%| F|  |TAMS 0x0000000094d00000, 0x0000000094d00000| Untracked 
| 260|0x0000000094e00000, 0x0000000094e00000, 0x0000000094f00000|  0%| F|  |TAMS 0x0000000094e00000, 0x0000000094e00000| Untracked 
| 261|0x0000000094f00000, 0x0000000094f00000, 0x0000000095000000|  0%| F|  |TAMS 0x0000000094f00000, 0x0000000094f00000| Untracked 
| 262|0x0000000095000000, 0x0000000095000000, 0x0000000095100000|  0%| F|  |TAMS 0x0000000095000000, 0x0000000095000000| Untracked 
| 263|0x0000000095100000, 0x0000000095100000, 0x0000000095200000|  0%| F|  |TAMS 0x0000000095100000, 0x0000000095100000| Untracked 
| 264|0x0000000095200000, 0x0000000095200000, 0x0000000095300000|  0%| F|  |TAMS 0x0000000095200000, 0x0000000095200000| Untracked 
| 265|0x0000000095300000, 0x0000000095300000, 0x0000000095400000|  0%| F|  |TAMS 0x0000000095300000, 0x0000000095300000| Untracked 
| 266|0x0000000095400000, 0x0000000095400000, 0x0000000095500000|  0%| F|  |TAMS 0x0000000095400000, 0x0000000095400000| Untracked 
| 267|0x0000000095500000, 0x0000000095500000, 0x0000000095600000|  0%| F|  |TAMS 0x0000000095500000, 0x0000000095500000| Untracked 
| 268|0x0000000095600000, 0x0000000095600000, 0x0000000095700000|  0%| F|  |TAMS 0x0000000095600000, 0x0000000095600000| Untracked 
| 269|0x0000000095700000, 0x0000000095700000, 0x0000000095800000|  0%| F|  |TAMS 0x0000000095700000, 0x0000000095700000| Untracked 
| 270|0x0000000095800000, 0x0000000095800000, 0x0000000095900000|  0%| F|  |TAMS 0x0000000095800000, 0x0000000095800000| Untracked 
| 271|0x0000000095900000, 0x0000000095900000, 0x0000000095a00000|  0%| F|  |TAMS 0x0000000095900000, 0x0000000095900000| Untracked 
| 272|0x0000000095a00000, 0x0000000095a00000, 0x0000000095b00000|  0%| F|  |TAMS 0x0000000095a00000, 0x0000000095a00000| Untracked 
| 273|0x0000000095b00000, 0x0000000095b00000, 0x0000000095c00000|  0%| F|  |TAMS 0x0000000095b00000, 0x0000000095b00000| Untracked 
| 274|0x0000000095c00000, 0x0000000095c00000, 0x0000000095d00000|  0%| F|  |TAMS 0x0000000095c00000, 0x0000000095c00000| Untracked 
| 275|0x0000000095d00000, 0x0000000095d00000, 0x0000000095e00000|  0%| F|  |TAMS 0x0000000095d00000, 0x0000000095d00000| Untracked 
| 276|0x0000000095e00000, 0x0000000095e00000, 0x0000000095f00000|  0%| F|  |TAMS 0x0000000095e00000, 0x0000000095e00000| Untracked 
| 277|0x0000000095f00000, 0x0000000095f00000, 0x0000000096000000|  0%| F|  |TAMS 0x0000000095f00000, 0x0000000095f00000| Untracked 
| 278|0x0000000096000000, 0x0000000096000000, 0x0000000096100000|  0%| F|  |TAMS 0x0000000096000000, 0x0000000096000000| Untracked 
| 279|0x0000000096100000, 0x0000000096100000, 0x0000000096200000|  0%| F|  |TAMS 0x0000000096100000, 0x0000000096100000| Untracked 
| 280|0x0000000096200000, 0x0000000096200000, 0x0000000096300000|  0%| F|  |TAMS 0x0000000096200000, 0x0000000096200000| Untracked 
| 281|0x0000000096300000, 0x0000000096300000, 0x0000000096400000|  0%| F|  |TAMS 0x0000000096300000, 0x0000000096300000| Untracked 
| 282|0x0000000096400000, 0x0000000096400000, 0x0000000096500000|  0%| F|  |TAMS 0x0000000096400000, 0x0000000096400000| Untracked 
| 283|0x0000000096500000, 0x0000000096500000, 0x0000000096600000|  0%| F|  |TAMS 0x0000000096500000, 0x0000000096500000| Untracked 
| 284|0x0000000096600000, 0x0000000096600000, 0x0000000096700000|  0%| F|  |TAMS 0x0000000096600000, 0x0000000096600000| Untracked 
| 285|0x0000000096700000, 0x0000000096782008, 0x0000000096800000| 50%| S|CS|TAMS 0x0000000096700000, 0x0000000096700000| Complete 
| 286|0x0000000096800000, 0x0000000096800000, 0x0000000096900000|  0%| F|  |TAMS 0x0000000096800000, 0x0000000096800000| Untracked 
| 287|0x0000000096900000, 0x0000000096900000, 0x0000000096a00000|  0%| F|  |TAMS 0x0000000096900000, 0x0000000096900000| Untracked 

Card table byte_map: [0x00000253d8310000,0x00000253d86f0000] _byte_map_base: 0x00000253d7eeb000

Marking Bits (Prev, Next): (CMBitMap*) 0x00000253c11b5b30, (CMBitMap*) 0x00000253c11b5af0
 Prev Bits: [0x00000253da9b0000, 0x00000253dc888000)
 Next Bits: [0x00000253d8ad0000, 0x00000253da9a8000)

Polling page: 0x00000253beeb0000

Metaspace:

Usage:
  Non-class:     13.24 MB used.
      Class:      1.97 MB used.
       Both:     15.20 MB used.

Virtual space:
  Non-class space:       16.00 MB reserved,      13.38 MB ( 84%) committed,  2 nodes.
      Class space:        1.00 GB reserved,       2.12 MB ( <1%) committed,  1 nodes.
             Both:        1.02 GB reserved,      15.50 MB (  1%) committed. 

Chunk freelists:
   Non-Class:  2.55 MB
       Class:  1.86 MB
        Both:  4.41 MB

MaxMetaspaceSize: unlimited
CompressedClassSpaceSize: 1.00 GB
Initial GC threshold: 21.00 MB
Current GC threshold: 25.62 MB
CDS: on
MetaspaceReclaimPolicy: balanced
 - commit_granule_bytes: 65536.
 - commit_granule_words: 8192.
 - virtual_space_node_default_size: 1048576.
 - enlarge_chunks_in_place: 1.
 - new_chunks_are_fully_committed: 0.
 - uncommit_free_chunks: 1.
 - use_allocation_guard: 0.
 - handle_deallocations: 1.


Internal statistics:

num_allocs_failed_limit: 0.
num_arena_births: 238.
num_arena_deaths: 0.
num_vsnodes_births: 3.
num_vsnodes_deaths: 0.
num_space_committed: 248.
num_space_uncommitted: 0.
num_chunks_returned_to_freelist: 0.
num_chunks_taken_from_freelist: 727.
num_chunk_merges: 0.
num_chunk_splits: 518.
num_chunks_enlarged: 399.
num_purges: 0.
num_inconsistent_stats: 0.

CodeHeap 'non-profiled nmethods': size=120000Kb used=944Kb max_used=944Kb free=119055Kb
 bounds [0x00000253d04b0000, 0x00000253d0720000, 0x00000253d79e0000]
CodeHeap 'profiled nmethods': size=120000Kb used=4124Kb max_used=4124Kb free=115875Kb
 bounds [0x00000253c89e0000, 0x00000253c8df0000, 0x00000253cff10000]
CodeHeap 'non-nmethods': size=5760Kb used=1371Kb max_used=1394Kb free=4388Kb
 bounds [0x00000253cff10000, 0x00000253d0180000, 0x00000253d04b0000]
 total_blobs=2965 nmethods=2258 adapters=619
 compilation: enabled
              stopped_count=0, restarted_count=0
 full_count=0

Compilation events (20 events):
Event: 2.081 Thread 0x00000253df4c6bb0 nmethod 2249 0x00000253d059bc10 code [0x00000253d059bda0, 0x00000253d059be78]
Event: 2.081 Thread 0x00000253df4c6bb0 2251       3       javafx.scene.Node::nodeResolvedOrientationInvalidated (64 bytes)
Event: 2.081 Thread 0x00000253df4c6bb0 nmethod 2251 0x00000253c8de1a90 code [0x00000253c8de1cc0, 0x00000253c8de24b8]
Event: 2.081 Thread 0x00000253df4c6bb0 2252       3       javafx.beans.property.ReadOnlyObjectWrapper$ReadOnlyPropertyImpl::<init> (10 bytes)
Event: 2.081 Thread 0x00000253df4c6bb0 nmethod 2252 0x00000253c8de2710 code [0x00000253c8de28c0, 0x00000253c8de2b98]
Event: 2.081 Thread 0x00000253df4c6bb0 2250       1       javafx.scene.image.Image$DoublePropertyImpl::store (6 bytes)
Event: 2.081 Thread 0x00000253df4c6bb0 nmethod 2250 0x00000253d059bf10 code [0x00000253d059c0a0, 0x00000253d059c178]
Event: 2.082 Thread 0x00000253df4c6bb0 2253       3       java.lang.Integer::parseInt (300 bytes)
Event: 2.083 Thread 0x00000253df4c6bb0 nmethod 2253 0x00000253c8de2d10 code [0x00000253c8de3120, 0x00000253c8de4a38]
Event: 2.083 Thread 0x00000253df4c6bb0 2254       3       java.nio.file.attribute.PosixFilePermissions::isSet (25 bytes)
Event: 2.083 Thread 0x00000253df4c6bb0 nmethod 2254 0x00000253c8de5290 code [0x00000253c8de5440, 0x00000253c8de56a8]
Event: 2.084 Thread 0x00000253df4c6bb0 2255       3       sun.util.logging.internal.LoggingProviderImpl$JULWrapper::toJUL (40 bytes)
Event: 2.084 Thread 0x00000253df4c6bb0 nmethod 2255 0x00000253c8de5790 code [0x00000253c8de5940, 0x00000253c8de5af8]
Event: 2.084 Thread 0x00000253df4c6bb0 2256       3       java.util.logging.Logger::isLoggable (27 bytes)
Event: 2.084 Thread 0x00000253df4c6bb0 nmethod 2256 0x00000253c8de5c10 code [0x00000253c8de5dc0, 0x00000253c8de5f98]
Event: 2.084 Thread 0x00000253df4c6bb0 2257       3       com.sun.javafx.binding.ExpressionHelper::addListener (45 bytes)
Event: 2.084 Thread 0x00000253df4c6bb0 nmethod 2257 0x00000253c8de6090 code [0x00000253c8de62a0, 0x00000253c8de6988]
Event: 2.093 Thread 0x00000253df4c6bb0 2258       3       javafx.beans.property.DoublePropertyBase::<init> (25 bytes)
Event: 2.093 Thread 0x00000253df4c6bb0 nmethod 2258 0x00000253c8de6b90 code [0x00000253c8de6d40, 0x00000253c8de70b8]
Event: 2.094 Thread 0x00000253df4c6200 2259       4       java.io.DataInputStream::readFully (59 bytes)

GC Heap History (20 events):
Event: 1.997 GC heap after
{Heap after GC invocations=30 (full 0):
 garbage-first heap   total 294912K, used 135178K [0x0000000084a00000, 0x0000000100000000)
  region size 1024K, 3 young (3072K), 3 survivors (3072K)
 Metaspace       used 15497K, committed 15808K, reserved 1064960K
  class space    used 2012K, committed 2176K, reserved 1048576K
}
Event: 2.011 GC heap before
{Heap before GC invocations=31 (full 0):
 garbage-first heap   total 294912K, used 139274K [0x0000000084a00000, 0x0000000100000000)
  region size 1024K, 4 young (4096K), 3 survivors (3072K)
 Metaspace       used 15511K, committed 15808K, reserved 1064960K
  class space    used 2012K, committed 2176K, reserved 1048576K
}
Event: 2.012 GC heap after
{Heap after GC invocations=32 (full 0):
 garbage-first heap   total 294912K, used 139644K [0x0000000084a00000, 0x0000000100000000)
  region size 1024K, 3 young (3072K), 3 survivors (3072K)
 Metaspace       used 15511K, committed 15808K, reserved 1064960K
  class space    used 2012K, committed 2176K, reserved 1048576K
}
Event: 2.020 GC heap before
{Heap before GC invocations=33 (full 0):
 garbage-first heap   total 294912K, used 143740K [0x0000000084a00000, 0x0000000100000000)
  region size 1024K, 4 young (4096K), 3 survivors (3072K)
 Metaspace       used 15512K, committed 15808K, reserved 1064960K
  class space    used 2012K, committed 2176K, reserved 1048576K
}
Event: 2.021 GC heap after
{Heap after GC invocations=34 (full 0):
 garbage-first heap   total 294912K, used 143437K [0x0000000084a00000, 0x0000000100000000)
  region size 1024K, 3 young (3072K), 3 survivors (3072K)
 Metaspace       used 15512K, committed 15808K, reserved 1064960K
  class space    used 2012K, committed 2176K, reserved 1048576K
}
Event: 2.030 GC heap before
{Heap before GC invocations=35 (full 0):
 garbage-first heap   total 294912K, used 145485K [0x0000000084a00000, 0x0000000100000000)
  region size 1024K, 4 young (4096K), 3 survivors (3072K)
 Metaspace       used 15515K, committed 15808K, reserved 1064960K
  class space    used 2012K, committed 2176K, reserved 1048576K
}
Event: 2.031 GC heap after
{Heap after GC invocations=36 (full 0):
 garbage-first heap   total 294912K, used 145819K [0x0000000084a00000, 0x0000000100000000)
  region size 1024K, 3 young (3072K), 3 survivors (3072K)
 Metaspace       used 15515K, committed 15808K, reserved 1064960K
  class space    used 2012K, committed 2176K, reserved 1048576K
}
Event: 2.039 GC heap before
{Heap before GC invocations=37 (full 0):
 garbage-first heap   total 294912K, used 149915K [0x0000000084a00000, 0x0000000100000000)
  region size 1024K, 4 young (4096K), 3 survivors (3072K)
 Metaspace       used 15515K, committed 15808K, reserved 1064960K
  class space    used 2012K, committed 2176K, reserved 1048576K
}
Event: 2.040 GC heap after
{Heap after GC invocations=38 (full 0):
 garbage-first heap   total 294912K, used 149709K [0x0000000084a00000, 0x0000000100000000)
  region size 1024K, 3 young (3072K), 3 survivors (3072K)
 Metaspace       used 15515K, committed 15808K, reserved 1064960K
  class space    used 2012K, committed 2176K, reserved 1048576K
}
Event: 2.049 GC heap before
{Heap before GC invocations=39 (full 0):
 garbage-first heap   total 294912K, used 151757K [0x0000000084a00000, 0x0000000100000000)
  region size 1024K, 4 young (4096K), 3 survivors (3072K)
 Metaspace       used 15530K, committed 15808K, reserved 1064960K
  class space    used 2012K, committed 2176K, reserved 1048576K
}
Event: 2.050 GC heap after
{Heap after GC invocations=40 (full 0):
 garbage-first heap   total 294912K, used 152019K [0x0000000084a00000, 0x0000000100000000)
  region size 1024K, 3 young (3072K), 3 survivors (3072K)
 Metaspace       used 15530K, committed 15808K, reserved 1064960K
  class space    used 2012K, committed 2176K, reserved 1048576K
}
Event: 2.058 GC heap before
{Heap before GC invocations=41 (full 0):
 garbage-first heap   total 294912K, used 156115K [0x0000000084a00000, 0x0000000100000000)
  region size 1024K, 4 young (4096K), 3 survivors (3072K)
 Metaspace       used 15534K, committed 15808K, reserved 1064960K
  class space    used 2012K, committed 2176K, reserved 1048576K
}
Event: 2.060 GC heap after
{Heap after GC invocations=42 (full 0):
 garbage-first heap   total 294912K, used 155839K [0x0000000084a00000, 0x0000000100000000)
  region size 1024K, 1 young (1024K), 1 survivors (1024K)
 Metaspace       used 15534K, committed 15808K, reserved 1064960K
  class space    used 2012K, committed 2176K, reserved 1048576K
}
Event: 2.068 GC heap before
{Heap before GC invocations=43 (full 0):
 garbage-first heap   total 294912K, used 157887K [0x0000000084a00000, 0x0000000100000000)
  region size 1024K, 2 young (2048K), 1 survivors (1024K)
 Metaspace       used 15542K, committed 15872K, reserved 1064960K
  class space    used 2012K, committed 2176K, reserved 1048576K
}
Event: 2.068 GC heap after
{Heap after GC invocations=44 (full 0):
 garbage-first heap   total 294912K, used 158211K [0x0000000084a00000, 0x0000000100000000)
  region size 1024K, 1 young (1024K), 1 survivors (1024K)
 Metaspace       used 15542K, committed 15872K, reserved 1064960K
  class space    used 2012K, committed 2176K, reserved 1048576K
}
Event: 2.077 GC heap before
{Heap before GC invocations=45 (full 0):
 garbage-first heap   total 294912K, used 162307K [0x0000000084a00000, 0x0000000100000000)
  region size 1024K, 2 young (2048K), 1 survivors (1024K)
 Metaspace       used 15558K, committed 15872K, reserved 1064960K
  class space    used 2012K, committed 2176K, reserved 1048576K
}
Event: 2.077 GC heap after
{Heap after GC invocations=46 (full 0):
 garbage-first heap   total 294912K, used 162054K [0x0000000084a00000, 0x0000000100000000)
  region size 1024K, 1 young (1024K), 1 survivors (1024K)
 Metaspace       used 15558K, committed 15872K, reserved 1064960K
  class space    used 2012K, committed 2176K, reserved 1048576K
}
Event: 2.085 GC heap before
{Heap before GC invocations=47 (full 0):
 garbage-first heap   total 294912K, used 164102K [0x0000000084a00000, 0x0000000100000000)
  region size 1024K, 2 young (2048K), 1 survivors (1024K)
 Metaspace       used 15566K, committed 15872K, reserved 1064960K
  class space    used 2012K, committed 2176K, reserved 1048576K
}
Event: 2.086 GC heap after
{Heap after GC invocations=48 (full 0):
 garbage-first heap   total 294912K, used 164431K [0x0000000084a00000, 0x0000000100000000)
  region size 1024K, 1 young (1024K), 1 survivors (1024K)
 Metaspace       used 15566K, committed 15872K, reserved 1064960K
  class space    used 2012K, committed 2176K, reserved 1048576K
}
Event: 2.094 GC heap before
{Heap before GC invocations=49 (full 0):
 garbage-first heap   total 294912K, used 168527K [0x0000000084a00000, 0x0000000100000000)
  region size 1024K, 2 young (2048K), 1 survivors (1024K)
 Metaspace       used 15566K, committed 15872K, reserved 1064960K
  class space    used 2012K, committed 2176K, reserved 1048576K
}

Deoptimization events (20 events):
Event: 1.019 Thread 0x00000253e08d46a0 DEOPT PACKING pc=0x00000253d04c3738 sp=0x00000082304fb8f0
Event: 1.019 Thread 0x00000253e08d46a0 DEOPT UNPACKING pc=0x00000253cff65ba3 sp=0x00000082304fb880 mode 2
Event: 1.570 Thread 0x00000253e08d46a0 Uncommon trap: trap_request=0xffffff45 fr.pc=0x00000253d0502824 relative=0x0000000000000324
Event: 1.570 Thread 0x00000253e08d46a0 Uncommon trap: reason=unstable_if action=reinterpret pc=0x00000253d0502824 method=java.lang.StringUTF16.compress([CI[BII)I @ 20 c2
Event: 1.570 Thread 0x00000253e08d46a0 DEOPT PACKING pc=0x00000253d0502824 sp=0x00000082304fadd0
Event: 1.570 Thread 0x00000253e08d46a0 DEOPT UNPACKING pc=0x00000253cff65ba3 sp=0x00000082304fad50 mode 2
Event: 1.762 Thread 0x00000253e08d46a0 DEOPT PACKING pc=0x00000253c8d18256 sp=0x00000082304fad90
Event: 1.762 Thread 0x00000253e08d46a0 DEOPT UNPACKING pc=0x00000253cff666e3 sp=0x00000082304fa218 mode 0
Event: 1.831 Thread 0x00000253e08d46a0 Uncommon trap: trap_request=0xffffff45 fr.pc=0x00000253d0571600 relative=0x00000000000001c0
Event: 1.831 Thread 0x00000253e08d46a0 Uncommon trap: reason=unstable_if action=reinterpret pc=0x00000253d0571600 method=java.io.WinNTFileSystem.normalize(Ljava/lang/String;)Ljava/lang/String; @ 128 c2
Event: 1.831 Thread 0x00000253e08d46a0 DEOPT PACKING pc=0x00000253d0571600 sp=0x00000082304fd560
Event: 1.831 Thread 0x00000253e08d46a0 DEOPT UNPACKING pc=0x00000253cff65ba3 sp=0x00000082304fd4e8 mode 2
Event: 1.844 Thread 0x00000253e08d46a0 Uncommon trap: trap_request=0xffffffde fr.pc=0x00000253d04cf47c relative=0x0000000000000b7c
Event: 1.844 Thread 0x00000253e08d46a0 Uncommon trap: reason=class_check action=maybe_recompile pc=0x00000253d04cf47c method=java.util.HashMap.putVal(ILjava/lang/Object;Ljava/lang/Object;ZZ)Ljava/lang/Object; @ 91 c2
Event: 1.844 Thread 0x00000253e08d46a0 DEOPT PACKING pc=0x00000253d04cf47c sp=0x00000082304f9f20
Event: 1.844 Thread 0x00000253e08d46a0 DEOPT UNPACKING pc=0x00000253cff65ba3 sp=0x00000082304f9ec0 mode 2
Event: 1.869 Thread 0x00000253e08d46a0 Uncommon trap: trap_request=0xffffffde fr.pc=0x00000253d04cf47c relative=0x0000000000000b7c
Event: 1.869 Thread 0x00000253e08d46a0 Uncommon trap: reason=class_check action=maybe_recompile pc=0x00000253d04cf47c method=java.util.HashMap.putVal(ILjava/lang/Object;Ljava/lang/Object;ZZ)Ljava/lang/Object; @ 91 c2
Event: 1.869 Thread 0x00000253e08d46a0 DEOPT PACKING pc=0x00000253d04cf47c sp=0x00000082304f9f20
Event: 1.869 Thread 0x00000253e08d46a0 DEOPT UNPACKING pc=0x00000253cff65ba3 sp=0x00000082304f9ec0 mode 2

Classes unloaded (0 events):
No events

Classes redefined (0 events):
No events

Internal exceptions (20 events):
Event: 1.935 Thread 0x00000253e08d46a0 Exception <a 'sun/nio/fs/WindowsException'{0x0000000096917690}> (0x0000000096917690) 
thrown [s\open\src\hotspot\share\prims\jni.cpp, line 516]
Event: 1.936 Thread 0x00000253e08d46a0 Exception <a 'sun/nio/fs/WindowsException'{0x0000000096918848}> (0x0000000096918848) 
thrown [s\open\src\hotspot\share\prims\jni.cpp, line 516]
Event: 1.948 Thread 0x00000253e08d46a0 Exception <a 'sun/nio/fs/WindowsException'{0x0000000096979d88}> (0x0000000096979d88) 
thrown [s\open\src\hotspot\share\prims\jni.cpp, line 516]
Event: 1.948 Thread 0x00000253e08d46a0 Exception <a 'sun/nio/fs/WindowsException'{0x000000009697af40}> (0x000000009697af40) 
thrown [s\open\src\hotspot\share\prims\jni.cpp, line 516]
Event: 1.962 Thread 0x00000253e08d46a0 Exception <a 'sun/nio/fs/WindowsException'{0x00000000969dcd28}> (0x00000000969dcd28) 
thrown [s\open\src\hotspot\share\prims\jni.cpp, line 516]
Event: 1.963 Thread 0x00000253e08d46a0 Exception <a 'sun/nio/fs/WindowsException'{0x00000000969ddee0}> (0x00000000969ddee0) 
thrown [s\open\src\hotspot\share\prims\jni.cpp, line 516]
Event: 1.977 Thread 0x00000253e08d46a0 Exception <a 'sun/nio/fs/WindowsException'{0x00000000969ff418}> (0x00000000969ff418) 
thrown [s\open\src\hotspot\share\prims\jni.cpp, line 516]
Event: 1.978 Thread 0x00000253e08d46a0 Exception <a 'sun/nio/fs/WindowsException'{0x0000000096841048}> (0x0000000096841048) 
thrown [s\open\src\hotspot\share\prims\jni.cpp, line 516]
Event: 1.990 Thread 0x00000253e08d46a0 Exception <a 'sun/nio/fs/WindowsException'{0x00000000968a2550}> (0x00000000968a2550) 
thrown [s\open\src\hotspot\share\prims\jni.cpp, line 516]
Event: 1.991 Thread 0x00000253e08d46a0 Exception <a 'sun/nio/fs/WindowsException'{0x00000000968a3708}> (0x00000000968a3708) 
thrown [s\open\src\hotspot\share\prims\jni.cpp, line 516]
Event: 2.009 Thread 0x00000253e08d46a0 Exception <a 'sun/nio/fs/WindowsException'{0x0000000096912938}> (0x0000000096912938) 
thrown [s\open\src\hotspot\share\prims\jni.cpp, line 516]
Event: 2.009 Thread 0x00000253e08d46a0 Exception <a 'sun/nio/fs/WindowsException'{0x0000000096913af0}> (0x0000000096913af0) 
thrown [s\open\src\hotspot\share\prims\jni.cpp, line 516]
Event: 2.027 Thread 0x00000253e08d46a0 Exception <a 'sun/nio/fs/WindowsException'{0x000000009690a908}> (0x000000009690a908) 
thrown [s\open\src\hotspot\share\prims\jni.cpp, line 516]
Event: 2.028 Thread 0x00000253e08d46a0 Exception <a 'sun/nio/fs/WindowsException'{0x000000009690bac0}> (0x000000009690bac0) 
thrown [s\open\src\hotspot\share\prims\jni.cpp, line 516]
Event: 2.047 Thread 0x00000253e08d46a0 Exception <a 'sun/nio/fs/WindowsException'{0x000000009690a7c8}> (0x000000009690a7c8) 
thrown [s\open\src\hotspot\share\prims\jni.cpp, line 516]
Event: 2.048 Thread 0x00000253e08d46a0 Exception <a 'sun/nio/fs/WindowsException'{0x000000009690b980}> (0x000000009690b980) 
thrown [s\open\src\hotspot\share\prims\jni.cpp, line 516]
Event: 2.065 Thread 0x00000253e08d46a0 Exception <a 'sun/nio/fs/WindowsException'{0x000000009690a7a0}> (0x000000009690a7a0) 
thrown [s\open\src\hotspot\share\prims\jni.cpp, line 516]
Event: 2.066 Thread 0x00000253e08d46a0 Exception <a 'sun/nio/fs/WindowsException'{0x000000009690b958}> (0x000000009690b958) 
thrown [s\open\src\hotspot\share\prims\jni.cpp, line 516]
Event: 2.083 Thread 0x00000253e08d46a0 Exception <a 'sun/nio/fs/WindowsException'{0x000000009690a720}> (0x000000009690a720) 
thrown [s\open\src\hotspot\share\prims\jni.cpp, line 516]
Event: 2.083 Thread 0x00000253e08d46a0 Exception <a 'sun/nio/fs/WindowsException'{0x000000009690b8d8}> (0x000000009690b8d8) 
thrown [s\open\src\hotspot\share\prims\jni.cpp, line 516]

VM Operations (20 events):
Event: 2.065 Executing VM operation: G1Concurrent done
Event: 2.068 Executing VM operation: G1TryInitiateConcMark
Event: 2.068 Executing VM operation: G1TryInitiateConcMark done
Event: 2.072 Executing VM operation: G1Concurrent
Event: 2.073 Executing VM operation: G1Concurrent done
Event: 2.075 Executing VM operation: G1Concurrent
Event: 2.075 Executing VM operation: G1Concurrent done
Event: 2.077 Executing VM operation: G1TryInitiateConcMark
Event: 2.077 Executing VM operation: G1TryInitiateConcMark done
Event: 2.081 Executing VM operation: G1Concurrent
Event: 2.082 Executing VM operation: G1Concurrent done
Event: 2.084 Executing VM operation: G1Concurrent
Event: 2.084 Executing VM operation: G1Concurrent done
Event: 2.085 Executing VM operation: G1TryInitiateConcMark
Event: 2.086 Executing VM operation: G1TryInitiateConcMark done
Event: 2.089 Executing VM operation: G1Concurrent
Event: 2.090 Executing VM operation: G1Concurrent done
Event: 2.091 Executing VM operation: G1Concurrent
Event: 2.092 Executing VM operation: G1Concurrent done
Event: 2.094 Executing VM operation: G1TryInitiateConcMark

Events (20 events):
Event: 1.837 loading class java/nio/channels/InterruptibleChannel done
Event: 1.837 loading class java/nio/channels/spi/AbstractInterruptibleChannel done
Event: 1.837 loading class java/nio/channels/FileChannel done
Event: 1.837 loading class sun/nio/ch/FileChannelImpl done
Event: 1.838 loading class sun/nio/ch/NativeThreadSet
Event: 1.838 loading class sun/nio/ch/NativeThreadSet done
Event: 1.838 loading class sun/nio/ch/FileDispatcherImpl
Event: 1.838 loading class sun/nio/ch/FileDispatcher
Event: 1.838 loading class sun/nio/ch/FileDispatcher done
Event: 1.838 loading class sun/nio/ch/FileDispatcherImpl done
Event: 1.838 loading class sun/nio/ch/FileLockImpl
Event: 1.838 loading class java/nio/channels/FileLock
Event: 1.838 loading class java/nio/channels/FileLock done
Event: 1.838 loading class sun/nio/ch/FileLockImpl done
Event: 1.838 loading class sun/nio/ch/FileLockTable
Event: 1.838 loading class sun/nio/ch/FileLockTable done
Event: 1.838 loading class sun/nio/ch/FileKey
Event: 1.838 loading class sun/nio/ch/FileKey done
Event: 1.838 loading class sun/nio/ch/FileLockTable$FileLockReference
Event: 1.838 loading class sun/nio/ch/FileLockTable$FileLockReference done


Dynamic libraries:
0x00007ff628130000 - 0x00007ff628140000 	C:\Program Files\Java\jdk-17\bin\java.exe
0x00007ffb14890000 - 0x00007ffb14a88000 	C:\Windows\SYSTEM32\ntdll.dll
0x00007ffb134d0000 - 0x00007ffb1358d000 	C:\Windows\System32\KERNEL32.DLL
0x00007ffb12260000 - 0x00007ffb12556000 	C:\Windows\System32\KERNELBASE.dll
0x00007ffb12560000 - 0x00007ffb12660000 	C:\Windows\System32\ucrtbase.dll
0x00007ffafea60000 - 0x00007ffafea78000 	C:\Program Files\Java\jdk-17\bin\jli.dll
0x00007ffb07090000 - 0x00007ffb070ab000 	C:\Program Files\Java\jdk-17\bin\VCRUNTIME140.dll
0x00007ffb144b0000 - 0x00007ffb14563000 	C:\Windows\System32\ADVAPI32.dll
0x00007ffb140a0000 - 0x00007ffb1413e000 	C:\Windows\System32\msvcrt.dll
0x00007ffb12b80000 - 0x00007ffb12c1f000 	C:\Windows\System32\sechost.dll
0x00007ffb12a00000 - 0x00007ffb12b26000 	C:\Windows\System32\RPCRT4.dll
0x00007ffb12660000 - 0x00007ffb12687000 	C:\Windows\System32\bcrypt.dll
0x00007ffb14220000 - 0x00007ffb143be000 	C:\Windows\System32\USER32.dll
0x00007ffae3aa0000 - 0x00007ffae3d3a000 	C:\Windows\WinSxS\amd64_microsoft.windows.common-controls_6595b64144ccf1df_6.0.19041.3636_none_60b6a03d71f818d5\COMCTL32.dll
0x00007ffb12690000 - 0x00007ffb126b2000 	C:\Windows\System32\win32u.dll
0x00007ffb12b50000 - 0x00007ffb12b7b000 	C:\Windows\System32\GDI32.dll
0x00007ffb12140000 - 0x00007ffb12257000 	C:\Windows\System32\gdi32full.dll
0x00007ffb12830000 - 0x00007ffb128cd000 	C:\Windows\System32\msvcp_win.dll
0x00007ffb08a60000 - 0x00007ffb08a6a000 	C:\Windows\SYSTEM32\VERSION.dll
0x00007ffb13640000 - 0x00007ffb13672000 	C:\Windows\System32\IMM32.DLL
0x00007ffb0cca0000 - 0x00007ffb0ccac000 	C:\Program Files\Java\jdk-17\bin\vcruntime140_1.dll
0x00007ffad62a0000 - 0x00007ffad632e000 	C:\Program Files\Java\jdk-17\bin\msvcp140.dll
0x00007ffab5b90000 - 0x00007ffab6767000 	C:\Program Files\Java\jdk-17\bin\server\jvm.dll
0x00007ffb14570000 - 0x00007ffb14578000 	C:\Windows\System32\PSAPI.DLL
0x00007ffafcea0000 - 0x00007ffafcea9000 	C:\Windows\SYSTEM32\WSOCK32.dll
0x00007ffb02680000 - 0x00007ffb026a7000 	C:\Windows\SYSTEM32\WINMM.dll
0x00007ffb12c20000 - 0x00007ffb12c8b000 	C:\Windows\System32\WS2_32.dll
0x00007ffb107c0000 - 0x00007ffb107d2000 	C:\Windows\SYSTEM32\kernel.appcore.dll
0x00007ffb0aed0000 - 0x00007ffb0aeda000 	C:\Program Files\Java\jdk-17\bin\jimage.dll
0x00007ffb0fbc0000 - 0x00007ffb0fda4000 	C:\Windows\SYSTEM32\DBGHELP.DLL
0x00007ffb04c90000 - 0x00007ffb04cc4000 	C:\Windows\SYSTEM32\dbgcore.DLL
0x00007ffb120b0000 - 0x00007ffb12132000 	C:\Windows\System32\bcryptPrimitives.dll
0x00007ffafe9c0000 - 0x00007ffafe9e5000 	C:\Program Files\Java\jdk-17\bin\java.dll
0x00007ffac43e0000 - 0x00007ffac44b7000 	C:\Program Files\Java\jdk-17\bin\jsvml.dll
0x00007ffb13860000 - 0x00007ffb13fa5000 	C:\Windows\System32\SHELL32.dll
0x00007ffb0ffe0000 - 0x00007ffb1077c000 	C:\Windows\SYSTEM32\windows.storage.dll
0x00007ffb13170000 - 0x00007ffb134c4000 	C:\Windows\System32\combase.dll
0x00007ffb11980000 - 0x00007ffb119ae000 	C:\Windows\SYSTEM32\Wldp.dll
0x00007ffb12930000 - 0x00007ffb129fd000 	C:\Windows\System32\OLEAUT32.dll
0x00007ffb13680000 - 0x00007ffb1372d000 	C:\Windows\System32\SHCORE.dll
0x00007ffb141c0000 - 0x00007ffb14215000 	C:\Windows\System32\shlwapi.dll
0x00007ffb11e80000 - 0x00007ffb11ea5000 	C:\Windows\SYSTEM32\profapi.dll
0x00007ffafaf70000 - 0x00007ffafaf89000 	C:\Program Files\Java\jdk-17\bin\net.dll
0x00007ffb06610000 - 0x00007ffb0671a000 	C:\Windows\SYSTEM32\WINHTTP.dll
0x00007ffb116e0000 - 0x00007ffb1174a000 	C:\Windows\system32\mswsock.dll
0x00007ffadec10000 - 0x00007ffadec26000 	C:\Program Files\Java\jdk-17\bin\nio.dll
0x00007ffadebf0000 - 0x00007ffadec08000 	C:\Program Files\Java\jdk-17\bin\zip.dll
0x00000253c1100000 - 0x00000253c1103000 	C:\Users\WIKI\.openjfx\cache\21.0.2+5\amd64\api-ms-win-core-console-l1-1-0.dll
0x00000253c1110000 - 0x00000253c1113000 	C:\Users\WIKI\.openjfx\cache\21.0.2+5\amd64\api-ms-win-core-console-l1-2-0.dll
0x00000253c1120000 - 0x00000253c1123000 	C:\Users\WIKI\.openjfx\cache\21.0.2+5\amd64\api-ms-win-core-datetime-l1-1-0.dll
0x00000253df660000 - 0x00000253df663000 	C:\Users\WIKI\.openjfx\cache\21.0.2+5\amd64\api-ms-win-core-debug-l1-1-0.dll
0x00000253df670000 - 0x00000253df673000 	C:\Users\WIKI\.openjfx\cache\21.0.2+5\amd64\api-ms-win-core-errorhandling-l1-1-0.dll
0x00000253df680000 - 0x00000253df684000 	C:\Users\WIKI\.openjfx\cache\21.0.2+5\amd64\api-ms-win-core-file-l1-1-0.dll
0x00000253df690000 - 0x00000253df693000 	C:\Users\WIKI\.openjfx\cache\21.0.2+5\amd64\api-ms-win-core-file-l1-2-0.dll
0x00000253df6a0000 - 0x00000253df6a3000 	C:\Users\WIKI\.openjfx\cache\21.0.2+5\amd64\api-ms-win-core-file-l2-1-0.dll
0x00000253df6b0000 - 0x00000253df6b3000 	C:\Users\WIKI\.openjfx\cache\21.0.2+5\amd64\api-ms-win-core-handle-l1-1-0.dll
0x00000253df6c0000 - 0x00000253df6c3000 	C:\Users\WIKI\.openjfx\cache\21.0.2+5\amd64\api-ms-win-core-heap-l1-1-0.dll
0x00000253df6d0000 - 0x00000253df6d3000 	C:\Users\WIKI\.openjfx\cache\21.0.2+5\amd64\api-ms-win-core-interlocked-l1-1-0.dll
0x00000253df6e0000 - 0x00000253df6e3000 	C:\Users\WIKI\.openjfx\cache\21.0.2+5\amd64\api-ms-win-core-libraryloader-l1-1-0.dll
0x00000253df6f0000 - 0x00000253df6f3000 	C:\Users\WIKI\.openjfx\cache\21.0.2+5\amd64\api-ms-win-core-localization-l1-2-0.dll
0x00000253df700000 - 0x00000253df703000 	C:\Users\WIKI\.openjfx\cache\21.0.2+5\amd64\api-ms-win-core-memory-l1-1-0.dll
0x00000253df710000 - 0x00000253df713000 	C:\Users\WIKI\.openjfx\cache\21.0.2+5\amd64\api-ms-win-core-namedpipe-l1-1-0.dll
0x00000253df720000 - 0x00000253df723000 	C:\Users\WIKI\.openjfx\cache\21.0.2+5\amd64\api-ms-win-core-processenvironment-l1-1-0.dll
0x00000253df730000 - 0x00000253df733000 	C:\Users\WIKI\.openjfx\cache\21.0.2+5\amd64\api-ms-win-core-processthreads-l1-1-0.dll
0x00000253df740000 - 0x00000253df743000 	C:\Users\WIKI\.openjfx\cache\21.0.2+5\amd64\api-ms-win-core-processthreads-l1-1-1.dll
0x00000253df750000 - 0x00000253df753000 	C:\Users\WIKI\.openjfx\cache\21.0.2+5\amd64\api-ms-win-core-profile-l1-1-0.dll
0x00000253df760000 - 0x00000253df763000 	C:\Users\WIKI\.openjfx\cache\21.0.2+5\amd64\api-ms-win-core-rtlsupport-l1-1-0.dll
0x00000253df770000 - 0x00000253df773000 	C:\Users\WIKI\.openjfx\cache\21.0.2+5\amd64\api-ms-win-core-string-l1-1-0.dll
0x00000253df780000 - 0x00000253df783000 	C:\Users\WIKI\.openjfx\cache\21.0.2+5\amd64\api-ms-win-core-synch-l1-1-0.dll
0x00000253df790000 - 0x00000253df793000 	C:\Users\WIKI\.openjfx\cache\21.0.2+5\amd64\api-ms-win-core-synch-l1-2-0.dll
0x00000253df7a0000 - 0x00000253df7a3000 	C:\Users\WIKI\.openjfx\cache\21.0.2+5\amd64\api-ms-win-core-sysinfo-l1-1-0.dll
0x00000253df7b0000 - 0x00000253df7b3000 	C:\Users\WIKI\.openjfx\cache\21.0.2+5\amd64\api-ms-win-core-timezone-l1-1-0.dll
0x00000253df7c0000 - 0x00000253df7c3000 	C:\Users\WIKI\.openjfx\cache\21.0.2+5\amd64\api-ms-win-core-util-l1-1-0.dll
0x00000253df7d0000 - 0x00000253df7d3000 	C:\Users\WIKI\.openjfx\cache\21.0.2+5\amd64\api-ms-win-crt-conio-l1-1-0.dll
0x00000253df7e0000 - 0x00000253df7e4000 	C:\Users\WIKI\.openjfx\cache\21.0.2+5\amd64\api-ms-win-crt-convert-l1-1-0.dll
0x00000253df7f0000 - 0x00000253df7f3000 	C:\Users\WIKI\.openjfx\cache\21.0.2+5\amd64\api-ms-win-crt-environment-l1-1-0.dll
0x00000253e0c00000 - 0x00000253e0c03000 	C:\Users\WIKI\.openjfx\cache\21.0.2+5\amd64\api-ms-win-crt-filesystem-l1-1-0.dll
0x00000253e0c10000 - 0x00000253e0c13000 	C:\Users\WIKI\.openjfx\cache\21.0.2+5\amd64\api-ms-win-crt-heap-l1-1-0.dll
0x00000253e0c20000 - 0x00000253e0c23000 	C:\Users\WIKI\.openjfx\cache\21.0.2+5\amd64\api-ms-win-crt-locale-l1-1-0.dll
0x00000253e0c30000 - 0x00000253e0c35000 	C:\Users\WIKI\.openjfx\cache\21.0.2+5\amd64\api-ms-win-crt-math-l1-1-0.dll
0x00000253e0c40000 - 0x00000253e0c45000 	C:\Users\WIKI\.openjfx\cache\21.0.2+5\amd64\api-ms-win-crt-multibyte-l1-1-0.dll
0x00000253e0c50000 - 0x00000253e0c60000 	C:\Users\WIKI\.openjfx\cache\21.0.2+5\amd64\api-ms-win-crt-private-l1-1-0.dll
0x00000253e0c60000 - 0x00000253e0c63000 	C:\Users\WIKI\.openjfx\cache\21.0.2+5\amd64\api-ms-win-crt-process-l1-1-0.dll
0x00000253e0c70000 - 0x00000253e0c74000 	C:\Users\WIKI\.openjfx\cache\21.0.2+5\amd64\api-ms-win-crt-runtime-l1-1-0.dll
0x00000253e0c80000 - 0x00000253e0c84000 	C:\Users\WIKI\.openjfx\cache\21.0.2+5\amd64\api-ms-win-crt-stdio-l1-1-0.dll
0x00000253e0c90000 - 0x00000253e0c94000 	C:\Users\WIKI\.openjfx\cache\21.0.2+5\amd64\api-ms-win-crt-string-l1-1-0.dll
0x00000253e0ca0000 - 0x00000253e0ca3000 	C:\Users\WIKI\.openjfx\cache\21.0.2+5\amd64\api-ms-win-crt-time-l1-1-0.dll
0x00000253e0cb0000 - 0x00000253e0cb3000 	C:\Users\WIKI\.openjfx\cache\21.0.2+5\amd64\api-ms-win-crt-utility-l1-1-0.dll
0x00007ffabd240000 - 0x00007ffabd33c000 	C:\Users\WIKI\.openjfx\cache\21.0.2+5\amd64\ucrtbase.dll
0x00007ffad6100000 - 0x00007ffad611b000 	C:\Users\WIKI\.openjfx\cache\21.0.2+5\amd64\vcruntime140.dll
0x00007ffafb790000 - 0x00007ffafb79c000 	C:\Users\WIKI\.openjfx\cache\21.0.2+5\amd64\vcruntime140_1.dll
0x00007ffabd0e0000 - 0x00007ffabd16e000 	C:\Users\WIKI\.openjfx\cache\21.0.2+5\amd64\msvcp140.dll
0x00007ffae5030000 - 0x00007ffae5039000 	C:\Users\WIKI\.openjfx\cache\21.0.2+5\amd64\msvcp140_1.dll
0x00007ffac44f0000 - 0x00007ffac4531000 	C:\Users\WIKI\.openjfx\cache\21.0.2+5\amd64\msvcp140_2.dll
0x00007ffac4720000 - 0x00007ffac4750000 	C:\Users\WIKI\.openjfx\cache\21.0.2+5\amd64\prism_d3d.dll
0x00007ffae45f0000 - 0x00007ffae47bd000 	C:\Windows\system32\d3d9.dll
0x00007ffb0f6a0000 - 0x00007ffb0f6cf000 	C:\Windows\SYSTEM32\dwmapi.dll
0x00007ffb0f390000 - 0x00007ffb0f42e000 	C:\Windows\system32\uxtheme.dll
0x00007ffac7df0000 - 0x00007ffac804c000 	C:\Windows\System32\DriverStore\FileRepository\iigd_dch.inf_amd64_e913f9cc84fc282c\igdumdim64.dll
0x00007ffb13730000 - 0x00007ffb1385b000 	C:\Windows\System32\ole32.dll
0x00007ffac6a80000 - 0x00007ffac7de1000 	C:\Windows\System32\DriverStore\FileRepository\iigd_dch.inf_amd64_e913f9cc84fc282c\igd9dxva64.dll
0x00007ffb12d00000 - 0x00007ffb1316e000 	C:\Windows\System32\SETUPAPI.dll
0x00007ffb126c0000 - 0x00007ffb1270e000 	C:\Windows\System32\cfgmgr32.dll
0x00007ffac4d50000 - 0x00007ffac6a79000 	C:\Windows\System32\DriverStore\FileRepository\iigd_dch.inf_amd64_e913f9cc84fc282c\media_bin_64.dll
0x00007ffb00420000 - 0x00007ffb0085c000 	C:\Windows\System32\DriverStore\FileRepository\iigd_dch.inf_amd64_e913f9cc84fc282c\igdgmm64.dll
0x00007ffabeac0000 - 0x00007ffabeb02000 	C:\Users\WIKI\.openjfx\cache\21.0.2+5\amd64\glass.dll
0x00007ffb13fb0000 - 0x00007ffb1408a000 	C:\Windows\System32\COMDLG32.dll
0x00007ffb14580000 - 0x00007ffb14694000 	C:\Windows\System32\MSCTF.dll
0x00007ffac4b10000 - 0x00007ffac4b37000 	C:\Windows\System32\DriverStore\FileRepository\iigd_dch.inf_amd64_e913f9cc84fc282c\igdinfo64.dll
0x00007ffaf4490000 - 0x00007ffaf84f6000 	C:\Windows\System32\DriverStore\FileRepository\iigd_dch.inf_amd64_e913f9cc84fc282c\igc64.dll
0x00007ffb05de0000 - 0x00007ffb05e1b000 	C:\Windows\SYSTEM32\dxcore.dll
0x00007ffb113d0000 - 0x00007ffb1149b000 	C:\Windows\SYSTEM32\DNSAPI.dll
0x00007ffb11380000 - 0x00007ffb113bb000 	C:\Windows\SYSTEM32\IPHLPAPI.DLL
0x00007ffb12cf0000 - 0x00007ffb12cf8000 	C:\Windows\System32\NSI.dll
0x00007ffb07b00000 - 0x00007ffb07b0a000 	C:\Windows\System32\rasadhlp.dll
0x00007ffb020c0000 - 0x00007ffb02140000 	C:\Windows\System32\fwpuclnt.dll
0x00007ffad4080000 - 0x00007ffad4094000 	C:\Users\WIKI\.openjfx\cache\21.0.2+5\amd64\javafx_font.dll
0x00007ffae51b0000 - 0x00007ffae542f000 	C:\Windows\SYSTEM32\dwrite.dll
0x00007ffa628d0000 - 0x00007ffa66db6000 	C:\Users\WIKI\.openjfx\cache\21.0.2+5\amd64\jfxwebkit.dll
0x00007ffb118e0000 - 0x00007ffb118f8000 	C:\Windows\SYSTEM32\CRYPTSP.dll
0x00007ffb10fa0000 - 0x00007ffb10fd4000 	C:\Windows\system32\rsaenh.dll
0x00007ffb118d0000 - 0x00007ffb118dc000 	C:\Windows\SYSTEM32\CRYPTBASE.dll

dbghelp: loaded successfully - version: 4.0.5 - missing functions: none
symbol engine: initialized successfully - sym options: 0x614 - pdb path: .;C:\Program Files\Java\jdk-17\bin;C:\Windows\SYSTEM32;C:\Windows\WinSxS\amd64_microsoft.windows.common-controls_6595b64144ccf1df_6.0.19041.3636_none_60b6a03d71f818d5;C:\Program Files\Java\jdk-17\bin\server;C:\Users\WIKI\.openjfx\cache\21.0.2+5\amd64;C:\Windows\System32\DriverStore\FileRepository\iigd_dch.inf_amd64_e913f9cc84fc282c

VM Arguments:
jvm_args: --module-path=C:\Users\WIKI\.m2\repository\org\openjfx\javafx-base\21.0.2\javafx-base-21.0.2-win.jar;C:\Users\WIKI\.m2\repository\org\openjfx\javafx-base\21.0.2\javafx-base-21.0.2.jar;C:\Users\WIKI\.m2\repository\org\openjfx\javafx-controls\20.0.2\javafx-controls-20.0.2-win.jar;C:\Users\WIKI\.m2\repository\org\openjfx\javafx-controls\20.0.2\javafx-controls-20.0.2.jar;C:\Users\WIKI\.m2\repository\org\openjfx\javafx-fxml\20.0.2\javafx-fxml-20.0.2-win.jar;C:\Users\WIKI\.m2\repository\org\openjfx\javafx-fxml\20.0.2\javafx-fxml-20.0.2.jar;C:\Users\WIKI\.m2\repository\org\openjfx\javafx-graphics\21.0.2\javafx-graphics-21.0.2-win.jar;C:\Users\WIKI\.m2\repository\org\openjfx\javafx-graphics\21.0.2\javafx-graphics-21.0.2.jar;C:\Users\WIKI\.m2\repository\org\openjfx\javafx-media\20.0.2\javafx-media-20.0.2-win.jar;C:\Users\WIKI\.m2\repository\org\openjfx\javafx-media\20.0.2\javafx-media-20.0.2.jar;C:\Users\WIKI\.m2\repository\org\openjfx\javafx-swing\21.0.2\javafx-swing-21.0.2-win.jar;C:\Users\WIKI\.m2\repository\org\openjfx\javafx-swing\21.0.2\javafx-swing-21.0.2.jar;C:\Users\WIKI\.m2\repository\org\openjfx\javafx-web\20.0.2\javafx-web-20.0.2-win.jar;C:\Users\WIKI\.m2\repository\org\openjfx\javafx-web\20.0.2\javafx-web-20.0.2.jar --add-modules=javafx.base,javafx.controls,javafx.fxml,javafx.graphics,javafx.media,javafx.swing,javafx.web 
java_command: test.MainFX
java_class_path (initial): C:\Users\WIKI\Desktop\Workshop-JDBC-JavaFX-masterValidation - Integ CSP\target\classes;C:\Users\WIKI\.m2\repository\com\beust\jcommander\1.78\jcommander-1.78.jar;C:\Users\WIKI\.m2\repository\com\fasterxml\jackson\core\jackson-annotations\2.12.5\jackson-annotations-2.12.5.jar;C:\Users\WIKI\.m2\repository\com\fasterxml\jackson\core\jackson-core\2.12.5\jackson-core-2.12.5.jar;C:\Users\WIKI\.m2\repository\com\fasterxml\jackson\core\jackson-databind\2.12.5\jackson-databind-2.12.5.jar;C:\Users\WIKI\.m2\repository\com\fasterxml\jackson\dataformat\jackson-dataformat-xml\2.12.5\jackson-dataformat-xml-2.12.5.jar;C:\Users\WIKI\.m2\repository\com\fasterxml\jackson\datatype\jackson-datatype-jsr310\2.12.5\jackson-datatype-jsr310-2.12.5.jar;C:\Users\WIKI\.m2\repository\com\fasterxml\jackson\module\jackson-module-jaxb-annotations\2.12.5\jackson-module-jaxb-annotations-2.12.5.jar;C:\Users\WIKI\.m2\repository\com\fasterxml\woodstox\woodstox-core\6.2.4\woodstox-core-6.2.4.jar;C:\Users\WIKI\.m2\repository\com\github\jai-imageio\jai-imageio-core\1.4.0\jai-imageio-core-1.4.0.jar;C:\Users\WIKI\.m2\repository\com\gluonhq\maps\2.0.0-ea+6\maps-2.0.0-ea+6.jar;C:\Users\WIKI\.m2\repository\com\gluonhq\attach\storage\4.0.11\storage-4.0.11.jar;C:\Users\WIKI\.m2\repository\com\gluonhq\attach\util\4.0.11\util-4.0.11.jar;C:\Users\WIKI\.m2\repository\com\google\protobuf\protobuf-java\3.21.9\protobuf-java-3.21.9.jar;C:\Users\WIKI\.m2\repository\com\google\zxing\core\3.4.1\core-3.4.1.jar;C:\Users\WIKI\.m2\repository\com\google\zxing\javase\3.4.1\javase-3.4.1.jar;C:\Users\WIKI\.m2\repository\com\jfoenix\jfoenix\9.0.10\jfoenix-9.0.10.jar;C:\Users\WIKI\.m2\repository\com\mysql\mysql-connector-j\8.0.33\mysql-connector-j-8.0.33.jar;C:\Users\WIKI\.m2\repository\com\sun\mail\javax.mail\1.6.2\javax.mail-1.6.2.jar;C:\Users\WIKI\.m2\repository\com\twilio\sdk\twilio\8.23.0\twilio-8.23.0.jar;C:\Users\WIKI\.m2\repository\commons-codec\commons-codec\1.15\commons-codec-1.15.jar;C:\Users\W
Launcher Type: SUN_STANDARD

[Global flags]
     intx CICompilerCount                          = 4                                         {product} {ergonomic}
     uint ConcGCThreads                            = 3                                         {product} {ergonomic}
     uint G1ConcRefinementThreads                  = 10                                        {product} {ergonomic}
   size_t G1HeapRegionSize                         = 1048576                                   {product} {ergonomic}
    uintx GCDrainStackTargetSize                   = 64                                        {product} {ergonomic}
   size_t InitialHeapSize                          = 130023424                                 {product} {ergonomic}
   size_t MarkStackSize                            = 4194304                                   {product} {ergonomic}
   size_t MaxHeapSize                              = 2069889024                                {product} {ergonomic}
   size_t MaxNewSize                               = 1241513984                                {product} {ergonomic}
   size_t MinHeapDeltaBytes                        = 1048576                                   {product} {ergonomic}
   size_t MinHeapSize                              = 8388608                                   {product} {ergonomic}
    uintx NonNMethodCodeHeapSize                   = 5839372                                {pd product} {ergonomic}
    uintx NonProfiledCodeHeapSize                  = 122909434                              {pd product} {ergonomic}
    uintx ProfiledCodeHeapSize                     = 122909434                              {pd product} {ergonomic}
    uintx ReservedCodeCacheSize                    = 251658240                              {pd product} {ergonomic}
     bool SegmentedCodeCache                       = true                                      {product} {ergonomic}
   size_t SoftMaxHeapSize                          = 2069889024                             {manageable} {ergonomic}
     bool UseCompressedClassPointers               = true                           {product lp64_product} {ergonomic}
     bool UseCompressedOops                        = true                           {product lp64_product} {ergonomic}
     bool UseG1GC                                  = true                                      {product} {ergonomic}
     bool UseLargePagesIndividualAllocation        = false                                  {pd product} {ergonomic}

Logging:
Log output configuration:
 #0: stdout all=warning uptime,level,tags
 #1: stderr all=off uptime,level,tags

Environment Variables:
JAVA_HOME=C:\Program Files\Java\jdk-17
PATH=C:\oraclexe\app\oracle\product\11.2.0\server\bin;;C:\Program Files\Common Files\Oracle\Java\javapath;C:\Windows\system32;C:\Windows;C:\Windows\System32\Wbem;C:\Windows\System32\WindowsPowerShell\v1.0\;C:\Windows\System32\OpenSSH\;C:\Program Files (x86)\NVIDIA Corporation\PhysX\Common;C:\Program Files\NVIDIA Corporation\NVIDIA NvDLISR;C:\Program Files\Java\jdk-17\bin;C:\Program Files\Git\cmd;C:\xampp\php;C:\ProgramData\ComposerSetup\bin;C:\Users\WIKI\scoop\shims;C:\Users\WIKI\AppData\Local\Programs\Python\Python310\Scripts\;C:\Users\WIKI\AppData\Local\Programs\Python\Python310\;C:\Users\WIKI\AppData\Local\Microsoft\WindowsApps;C:\Program Files\JetBrains\PyCharm Community Edition 2022.3.2\bin;;C:\Users\WIKI\AppData\Local\Programs\Microsoft VS Code\bin;C:\Users\WIKI\AppData\Roaming\Composer\vendor\bin;C:\xampp\php;C:\Users\WIKI\AppData\Local\GitHubDesktop\bin
USERNAME=WIKI
OS=Windows_NT
PROCESSOR_IDENTIFIER=Intel64 Family 6 Model 141 Stepping 1, GenuineIntel



---------------  S Y S T E M  ---------------

OS:
 Windows 10 , 64 bit Build 19041 (10.0.19041.3636)
OS uptime: 16 days 2:55 hours

CPU: total 12 (initial active 12) (6 cores per cpu, 2 threads per core) family 6 model 141 stepping 1 microcode 0x26, cx8, cmov, fxsr, ht, mmx, 3dnowpref, sse, sse2, sse3, ssse3, sse4.1, sse4.2, popcnt, lzcnt, tsc, tscinvbit, avx, avx2, aes, erms, clmul, bmi1, bmi2, adx, avx512f, avx512dq, avx512cd, avx512bw, avx512vl, sha, fma, vzeroupper, avx512_vpopcntdq, avx512_vpclmulqdq, avx512_vaes, avx512_vnni, clflush, clflushopt, clwb, avx512_vbmi2, avx512_vbmi

Memory: 4k page, system-wide physical 7893M (419M free)
TotalPageFile size 27932M (AvailPageFile size 126M)
current process WorkingSet (physical memory assigned to process): 274M, peak: 274M
current process commit charge ("private bytes"): 472M, peak: 760M

vm_info: Java HotSpot(TM) 64-Bit Server VM (17.0.6+9-LTS-190) for windows-amd64 JRE (17.0.6+9-LTS-190), built on Dec  6 2022 15:53:54 by "mach5one" with MS VC++ 17.1 (VS2022)

END.
